[2025-10-07T17:59:49.470+0000] {local_task_job_runner.py:120} INFO - ::group::Pre task execution logs
[2025-10-07T17:59:49.521+0000] {taskinstance.py:2076} INFO - Dependencies all met for dep_context=non-requeueable deps ti=<TaskInstance: minio_to_snowflake.load_snowflake scheduled__2025-10-07T10:13:00+00:00 [queued]>
[2025-10-07T17:59:49.535+0000] {taskinstance.py:2076} INFO - Dependencies all met for dep_context=requeueable deps ti=<TaskInstance: minio_to_snowflake.load_snowflake scheduled__2025-10-07T10:13:00+00:00 [queued]>
[2025-10-07T17:59:49.536+0000] {taskinstance.py:2306} INFO - Starting attempt 2 of 2
[2025-10-07T17:59:49.562+0000] {taskinstance.py:2330} INFO - Executing <Task(PythonOperator): load_snowflake> on 2025-10-07 10:13:00+00:00
[2025-10-07T17:59:49.580+0000] {logging_mixin.py:188} WARNING - /home/***/.local/lib/python3.12/site-packages/***/task/task_runner/standard_task_runner.py:62 DeprecationWarning: This process (pid=4726) is multi-threaded, use of fork() may lead to deadlocks in the child.
[2025-10-07T17:59:49.576+0000] {standard_task_runner.py:90} INFO - Running: ['***', 'tasks', 'run', 'minio_to_snowflake', 'load_snowflake', 'scheduled__2025-10-07T10:13:00+00:00', '--job-id', '9', '--raw', '--subdir', 'DAGS_FOLDER/minio_to_snowflake.py', '--cfg-path', '/tmp/tmpeusepjf1']
[2025-10-07T17:59:49.581+0000] {standard_task_runner.py:64} INFO - Started process 4736 to run task
[2025-10-07T17:59:49.582+0000] {standard_task_runner.py:91} INFO - Job 9: Subtask load_snowflake
[2025-10-07T17:59:49.694+0000] {task_command.py:426} INFO - Running <TaskInstance: minio_to_snowflake.load_snowflake scheduled__2025-10-07T10:13:00+00:00 [running]> on host 1a1020fea0b2
[2025-10-07T17:59:49.806+0000] {taskinstance.py:2648} INFO - Exporting env vars: AIRFLOW_CTX_DAG_OWNER='***' AIRFLOW_CTX_DAG_ID='minio_to_snowflake' AIRFLOW_CTX_TASK_ID='load_snowflake' AIRFLOW_CTX_EXECUTION_DATE='2025-10-07T10:13:00+00:00' AIRFLOW_CTX_TRY_NUMBER='2' AIRFLOW_CTX_DAG_RUN_ID='scheduled__2025-10-07T10:13:00+00:00'
[2025-10-07T17:59:49.808+0000] {taskinstance.py:430} INFO - ::endgroup::
[2025-10-07T17:59:49.841+0000] {connection.py:408} INFO - Snowflake Connector for Python Version: 3.11.0, Python Version: 3.12.4, Platform: Linux-6.6.87.2-microsoft-standard-WSL2-x86_64-with-glibc2.36
[2025-10-07T17:59:49.843+0000] {connection.py:1258} INFO - This connection is in OCSP Fail Open Mode. TLS Certificates would be checked for validity and revocation status. Any other Certificate Revocation related exceptions or OCSP Responder failures would be disregarded in favor of connectivity.
[2025-10-07T17:59:51.692+0000] {logging_mixin.py:188} INFO - Uploaded /tmp/minio_downloads/1759829917.json to Snowflake stage
[2025-10-07T17:59:52.109+0000] {logging_mixin.py:188} INFO - Uploaded /tmp/minio_downloads/1759829930.json to Snowflake stage
[2025-10-07T17:59:52.541+0000] {logging_mixin.py:188} INFO - Uploaded /tmp/minio_downloads/1759829942.json to Snowflake stage
[2025-10-07T17:59:52.905+0000] {logging_mixin.py:188} INFO - Uploaded /tmp/minio_downloads/1759829955.json to Snowflake stage
[2025-10-07T17:59:53.332+0000] {logging_mixin.py:188} INFO - Uploaded /tmp/minio_downloads/1759829968.json to Snowflake stage
[2025-10-07T17:59:53.847+0000] {logging_mixin.py:188} INFO - Uploaded /tmp/minio_downloads/1759829981.json to Snowflake stage
[2025-10-07T17:59:54.268+0000] {logging_mixin.py:188} INFO - Uploaded /tmp/minio_downloads/1759829994.json to Snowflake stage
[2025-10-07T17:59:54.684+0000] {logging_mixin.py:188} INFO - Uploaded /tmp/minio_downloads/1759830008.json to Snowflake stage
[2025-10-07T17:59:55.078+0000] {logging_mixin.py:188} INFO - Uploaded /tmp/minio_downloads/1759830021.json to Snowflake stage
[2025-10-07T17:59:55.458+0000] {logging_mixin.py:188} INFO - Uploaded /tmp/minio_downloads/1759830034.json to Snowflake stage
[2025-10-07T17:59:55.833+0000] {logging_mixin.py:188} INFO - Uploaded /tmp/minio_downloads/1759830047.json to Snowflake stage
[2025-10-07T17:59:56.204+0000] {logging_mixin.py:188} INFO - Uploaded /tmp/minio_downloads/1759830060.json to Snowflake stage
[2025-10-07T17:59:56.629+0000] {logging_mixin.py:188} INFO - Uploaded /tmp/minio_downloads/1759830072.json to Snowflake stage
[2025-10-07T17:59:57.030+0000] {logging_mixin.py:188} INFO - Uploaded /tmp/minio_downloads/1759830085.json to Snowflake stage
[2025-10-07T17:59:57.410+0000] {logging_mixin.py:188} INFO - Uploaded /tmp/minio_downloads/1759830098.json to Snowflake stage
[2025-10-07T17:59:57.805+0000] {logging_mixin.py:188} INFO - Uploaded /tmp/minio_downloads/1759830112.json to Snowflake stage
[2025-10-07T17:59:58.182+0000] {logging_mixin.py:188} INFO - Uploaded /tmp/minio_downloads/1759830125.json to Snowflake stage
[2025-10-07T17:59:58.603+0000] {logging_mixin.py:188} INFO - Uploaded /tmp/minio_downloads/1759830137.json to Snowflake stage
[2025-10-07T17:59:58.976+0000] {logging_mixin.py:188} INFO - Uploaded /tmp/minio_downloads/1759830150.json to Snowflake stage
[2025-10-07T17:59:59.380+0000] {logging_mixin.py:188} INFO - Uploaded /tmp/minio_downloads/1759830164.json to Snowflake stage
[2025-10-07T17:59:59.868+0000] {logging_mixin.py:188} INFO - Uploaded /tmp/minio_downloads/1759830177.json to Snowflake stage
[2025-10-07T18:00:00.375+0000] {logging_mixin.py:188} INFO - Uploaded /tmp/minio_downloads/1759830191.json to Snowflake stage
[2025-10-07T18:00:00.751+0000] {logging_mixin.py:188} INFO - Uploaded /tmp/minio_downloads/1759830204.json to Snowflake stage
[2025-10-07T18:00:01.128+0000] {logging_mixin.py:188} INFO - Uploaded /tmp/minio_downloads/1759830218.json to Snowflake stage
[2025-10-07T18:00:01.559+0000] {logging_mixin.py:188} INFO - Uploaded /tmp/minio_downloads/1759830233.json to Snowflake stage
[2025-10-07T18:00:02.049+0000] {logging_mixin.py:188} INFO - Uploaded /tmp/minio_downloads/1759830246.json to Snowflake stage
[2025-10-07T18:00:02.524+0000] {logging_mixin.py:188} INFO - Uploaded /tmp/minio_downloads/1759830259.json to Snowflake stage
[2025-10-07T18:00:02.974+0000] {logging_mixin.py:188} INFO - Uploaded /tmp/minio_downloads/1759830273.json to Snowflake stage
[2025-10-07T18:00:03.783+0000] {logging_mixin.py:188} INFO - Uploaded /tmp/minio_downloads/1759830288.json to Snowflake stage
[2025-10-07T18:00:04.261+0000] {logging_mixin.py:188} INFO - Uploaded /tmp/minio_downloads/1759830303.json to Snowflake stage
[2025-10-07T18:00:04.766+0000] {logging_mixin.py:188} INFO - Uploaded /tmp/minio_downloads/1759830317.json to Snowflake stage
[2025-10-07T18:00:05.325+0000] {logging_mixin.py:188} INFO - Uploaded /tmp/minio_downloads/1759830332.json to Snowflake stage
[2025-10-07T18:00:05.831+0000] {logging_mixin.py:188} INFO - Uploaded /tmp/minio_downloads/1759830345.json to Snowflake stage
[2025-10-07T18:00:06.540+0000] {logging_mixin.py:188} INFO - Uploaded /tmp/minio_downloads/1759830358.json to Snowflake stage
[2025-10-07T18:00:07.137+0000] {logging_mixin.py:188} INFO - Uploaded /tmp/minio_downloads/1759830372.json to Snowflake stage
[2025-10-07T18:00:07.647+0000] {logging_mixin.py:188} INFO - Uploaded /tmp/minio_downloads/1759830385.json to Snowflake stage
[2025-10-07T18:00:08.404+0000] {logging_mixin.py:188} INFO - Uploaded /tmp/minio_downloads/1759830398.json to Snowflake stage
[2025-10-07T18:00:09.146+0000] {logging_mixin.py:188} INFO - Uploaded /tmp/minio_downloads/1759830411.json to Snowflake stage
[2025-10-07T18:00:09.814+0000] {logging_mixin.py:188} INFO - Uploaded /tmp/minio_downloads/1759830425.json to Snowflake stage
[2025-10-07T18:00:10.523+0000] {logging_mixin.py:188} INFO - Uploaded /tmp/minio_downloads/1759830439.json to Snowflake stage
[2025-10-07T18:00:11.084+0000] {logging_mixin.py:188} INFO - Uploaded /tmp/minio_downloads/1759830452.json to Snowflake stage
[2025-10-07T18:00:11.694+0000] {logging_mixin.py:188} INFO - Uploaded /tmp/minio_downloads/1759830466.json to Snowflake stage
[2025-10-07T18:00:12.316+0000] {logging_mixin.py:188} INFO - Uploaded /tmp/minio_downloads/1759830480.json to Snowflake stage
[2025-10-07T18:00:13.206+0000] {logging_mixin.py:188} INFO - Uploaded /tmp/minio_downloads/1759830494.json to Snowflake stage
[2025-10-07T18:00:13.797+0000] {logging_mixin.py:188} INFO - Uploaded /tmp/minio_downloads/1759830508.json to Snowflake stage
[2025-10-07T18:00:14.433+0000] {logging_mixin.py:188} INFO - Uploaded /tmp/minio_downloads/1759830524.json to Snowflake stage
[2025-10-07T18:00:14.957+0000] {logging_mixin.py:188} INFO - Uploaded /tmp/minio_downloads/1759830538.json to Snowflake stage
[2025-10-07T18:00:15.558+0000] {logging_mixin.py:188} INFO - Uploaded /tmp/minio_downloads/1759830552.json to Snowflake stage
[2025-10-07T18:00:16.128+0000] {logging_mixin.py:188} INFO - Uploaded /tmp/minio_downloads/1759830566.json to Snowflake stage
[2025-10-07T18:00:16.689+0000] {logging_mixin.py:188} INFO - Uploaded /tmp/minio_downloads/1759830583.json to Snowflake stage
[2025-10-07T18:00:17.188+0000] {logging_mixin.py:188} INFO - Uploaded /tmp/minio_downloads/1759830598.json to Snowflake stage
[2025-10-07T18:00:17.836+0000] {logging_mixin.py:188} INFO - Uploaded /tmp/minio_downloads/1759830610.json to Snowflake stage
[2025-10-07T18:00:18.371+0000] {logging_mixin.py:188} INFO - Uploaded /tmp/minio_downloads/1759830627.json to Snowflake stage
[2025-10-07T18:00:19.032+0000] {logging_mixin.py:188} INFO - Uploaded /tmp/minio_downloads/1759830640.json to Snowflake stage
[2025-10-07T18:00:19.525+0000] {logging_mixin.py:188} INFO - Uploaded /tmp/minio_downloads/1759830661.json to Snowflake stage
[2025-10-07T18:00:20.109+0000] {logging_mixin.py:188} INFO - Uploaded /tmp/minio_downloads/1759830684.json to Snowflake stage
[2025-10-07T18:00:20.680+0000] {logging_mixin.py:188} INFO - Uploaded /tmp/minio_downloads/1759830705.json to Snowflake stage
[2025-10-07T18:00:21.294+0000] {logging_mixin.py:188} INFO - Uploaded /tmp/minio_downloads/1759830722.json to Snowflake stage
[2025-10-07T18:00:21.838+0000] {logging_mixin.py:188} INFO - Uploaded /tmp/minio_downloads/1759830735.json to Snowflake stage
[2025-10-07T18:00:22.779+0000] {logging_mixin.py:188} INFO - Uploaded /tmp/minio_downloads/1759830750.json to Snowflake stage
[2025-10-07T18:00:23.279+0000] {logging_mixin.py:188} INFO - Uploaded /tmp/minio_downloads/1759830767.json to Snowflake stage
[2025-10-07T18:00:23.848+0000] {logging_mixin.py:188} INFO - Uploaded /tmp/minio_downloads/1759830784.json to Snowflake stage
[2025-10-07T18:00:24.478+0000] {logging_mixin.py:188} INFO - Uploaded /tmp/minio_downloads/1759830829.json to Snowflake stage
[2025-10-07T18:00:24.997+0000] {logging_mixin.py:188} INFO - Uploaded /tmp/minio_downloads/1759830843.json to Snowflake stage
[2025-10-07T18:00:25.510+0000] {logging_mixin.py:188} INFO - Uploaded /tmp/minio_downloads/1759830858.json to Snowflake stage
[2025-10-07T18:00:26.050+0000] {logging_mixin.py:188} INFO - Uploaded /tmp/minio_downloads/1759830901.json to Snowflake stage
[2025-10-07T18:00:26.574+0000] {logging_mixin.py:188} INFO - Uploaded /tmp/minio_downloads/1759830914.json to Snowflake stage
[2025-10-07T18:00:27.105+0000] {logging_mixin.py:188} INFO - Uploaded /tmp/minio_downloads/1759830995.json to Snowflake stage
[2025-10-07T18:00:27.657+0000] {logging_mixin.py:188} INFO - Uploaded /tmp/minio_downloads/1759831014.json to Snowflake stage
[2025-10-07T18:00:28.186+0000] {logging_mixin.py:188} INFO - Uploaded /tmp/minio_downloads/1759831054.json to Snowflake stage
[2025-10-07T18:00:28.720+0000] {logging_mixin.py:188} INFO - Uploaded /tmp/minio_downloads/1759831090.json to Snowflake stage
[2025-10-07T18:00:29.237+0000] {logging_mixin.py:188} INFO - Uploaded /tmp/minio_downloads/1759831106.json to Snowflake stage
[2025-10-07T18:00:29.850+0000] {logging_mixin.py:188} INFO - Uploaded /tmp/minio_downloads/1759831120.json to Snowflake stage
[2025-10-07T18:00:30.406+0000] {logging_mixin.py:188} INFO - Uploaded /tmp/minio_downloads/1759831135.json to Snowflake stage
[2025-10-07T18:00:30.931+0000] {logging_mixin.py:188} INFO - Uploaded /tmp/minio_downloads/1759831174.json to Snowflake stage
[2025-10-07T18:00:31.456+0000] {logging_mixin.py:188} INFO - Uploaded /tmp/minio_downloads/1759831209.json to Snowflake stage
[2025-10-07T18:00:32.094+0000] {logging_mixin.py:188} INFO - Uploaded /tmp/minio_downloads/1759831248.json to Snowflake stage
[2025-10-07T18:00:33.571+0000] {logging_mixin.py:188} INFO - Uploaded /tmp/minio_downloads/1759831327.json to Snowflake stage
[2025-10-07T18:00:34.128+0000] {logging_mixin.py:188} INFO - Uploaded /tmp/minio_downloads/1759831463.json to Snowflake stage
[2025-10-07T18:00:34.656+0000] {logging_mixin.py:188} INFO - Uploaded /tmp/minio_downloads/1759831488.json to Snowflake stage
[2025-10-07T18:00:35.284+0000] {logging_mixin.py:188} INFO - Uploaded /tmp/minio_downloads/1759831509.json to Snowflake stage
[2025-10-07T18:00:35.879+0000] {logging_mixin.py:188} INFO - Uploaded /tmp/minio_downloads/1759831536.json to Snowflake stage
[2025-10-07T18:00:36.926+0000] {logging_mixin.py:188} INFO - Uploaded /tmp/minio_downloads/1759831554.json to Snowflake stage
[2025-10-07T18:00:37.477+0000] {logging_mixin.py:188} INFO - Uploaded /tmp/minio_downloads/1759831571.json to Snowflake stage
[2025-10-07T18:00:38.074+0000] {logging_mixin.py:188} INFO - Uploaded /tmp/minio_downloads/1759831597.json to Snowflake stage
[2025-10-07T18:00:38.606+0000] {logging_mixin.py:188} INFO - Uploaded /tmp/minio_downloads/1759831625.json to Snowflake stage
[2025-10-07T18:00:39.167+0000] {logging_mixin.py:188} INFO - Uploaded /tmp/minio_downloads/1759831650.json to Snowflake stage
[2025-10-07T18:00:39.816+0000] {logging_mixin.py:188} INFO - Uploaded /tmp/minio_downloads/1759831693.json to Snowflake stage
[2025-10-07T18:00:40.498+0000] {logging_mixin.py:188} INFO - Uploaded /tmp/minio_downloads/1759829922.json to Snowflake stage
[2025-10-07T18:00:41.200+0000] {logging_mixin.py:188} INFO - Uploaded /tmp/minio_downloads/1759829935.json to Snowflake stage
[2025-10-07T18:00:41.876+0000] {logging_mixin.py:188} INFO - Uploaded /tmp/minio_downloads/1759829948.json to Snowflake stage
[2025-10-07T18:00:42.463+0000] {logging_mixin.py:188} INFO - Uploaded /tmp/minio_downloads/1759829960.json to Snowflake stage
[2025-10-07T18:00:43.028+0000] {logging_mixin.py:188} INFO - Uploaded /tmp/minio_downloads/1759829973.json to Snowflake stage
[2025-10-07T18:00:43.553+0000] {logging_mixin.py:188} INFO - Uploaded /tmp/minio_downloads/1759829986.json to Snowflake stage
[2025-10-07T18:00:44.296+0000] {logging_mixin.py:188} INFO - Uploaded /tmp/minio_downloads/1759830000.json to Snowflake stage
[2025-10-07T18:00:44.900+0000] {logging_mixin.py:188} INFO - Uploaded /tmp/minio_downloads/1759830013.json to Snowflake stage
[2025-10-07T18:00:45.553+0000] {logging_mixin.py:188} INFO - Uploaded /tmp/minio_downloads/1759830026.json to Snowflake stage
[2025-10-07T18:00:46.273+0000] {logging_mixin.py:188} INFO - Uploaded /tmp/minio_downloads/1759830040.json to Snowflake stage
[2025-10-07T18:00:46.821+0000] {logging_mixin.py:188} INFO - Uploaded /tmp/minio_downloads/1759830052.json to Snowflake stage
[2025-10-07T18:00:47.464+0000] {logging_mixin.py:188} INFO - Uploaded /tmp/minio_downloads/1759830065.json to Snowflake stage
[2025-10-07T18:00:48.010+0000] {logging_mixin.py:188} INFO - Uploaded /tmp/minio_downloads/1759830078.json to Snowflake stage
[2025-10-07T18:00:48.585+0000] {logging_mixin.py:188} INFO - Uploaded /tmp/minio_downloads/1759830091.json to Snowflake stage
[2025-10-07T18:00:49.146+0000] {logging_mixin.py:188} INFO - Uploaded /tmp/minio_downloads/1759830105.json to Snowflake stage
[2025-10-07T18:00:49.661+0000] {logging_mixin.py:188} INFO - Uploaded /tmp/minio_downloads/1759830117.json to Snowflake stage
[2025-10-07T18:00:50.364+0000] {logging_mixin.py:188} INFO - Uploaded /tmp/minio_downloads/1759830130.json to Snowflake stage
[2025-10-07T18:00:51.030+0000] {logging_mixin.py:188} INFO - Uploaded /tmp/minio_downloads/1759830143.json to Snowflake stage
[2025-10-07T18:00:51.595+0000] {logging_mixin.py:188} INFO - Uploaded /tmp/minio_downloads/1759830156.json to Snowflake stage
[2025-10-07T18:00:52.245+0000] {logging_mixin.py:188} INFO - Uploaded /tmp/minio_downloads/1759830169.json to Snowflake stage
[2025-10-07T18:00:52.792+0000] {logging_mixin.py:188} INFO - Uploaded /tmp/minio_downloads/1759830183.json to Snowflake stage
[2025-10-07T18:00:53.393+0000] {logging_mixin.py:188} INFO - Uploaded /tmp/minio_downloads/1759830196.json to Snowflake stage
[2025-10-07T18:00:54.424+0000] {logging_mixin.py:188} INFO - Uploaded /tmp/minio_downloads/1759830210.json to Snowflake stage
[2025-10-07T18:00:54.902+0000] {logging_mixin.py:188} INFO - Uploaded /tmp/minio_downloads/1759830225.json to Snowflake stage
[2025-10-07T18:00:55.387+0000] {logging_mixin.py:188} INFO - Uploaded /tmp/minio_downloads/1759830239.json to Snowflake stage
[2025-10-07T18:00:55.943+0000] {logging_mixin.py:188} INFO - Uploaded /tmp/minio_downloads/1759830252.json to Snowflake stage
[2025-10-07T18:00:56.435+0000] {logging_mixin.py:188} INFO - Uploaded /tmp/minio_downloads/1759830265.json to Snowflake stage
[2025-10-07T18:00:57.055+0000] {logging_mixin.py:188} INFO - Uploaded /tmp/minio_downloads/1759830281.json to Snowflake stage
[2025-10-07T18:00:57.654+0000] {logging_mixin.py:188} INFO - Uploaded /tmp/minio_downloads/1759830295.json to Snowflake stage
[2025-10-07T18:00:58.155+0000] {logging_mixin.py:188} INFO - Uploaded /tmp/minio_downloads/1759830310.json to Snowflake stage
[2025-10-07T18:00:58.745+0000] {logging_mixin.py:188} INFO - Uploaded /tmp/minio_downloads/1759830324.json to Snowflake stage
[2025-10-07T18:00:59.290+0000] {logging_mixin.py:188} INFO - Uploaded /tmp/minio_downloads/1759830337.json to Snowflake stage
[2025-10-07T18:00:59.903+0000] {logging_mixin.py:188} INFO - Uploaded /tmp/minio_downloads/1759830351.json to Snowflake stage
[2025-10-07T18:01:00.597+0000] {logging_mixin.py:188} INFO - Uploaded /tmp/minio_downloads/1759830364.json to Snowflake stage
[2025-10-07T18:01:01.113+0000] {logging_mixin.py:188} INFO - Uploaded /tmp/minio_downloads/1759830378.json to Snowflake stage
[2025-10-07T18:01:01.629+0000] {logging_mixin.py:188} INFO - Uploaded /tmp/minio_downloads/1759830391.json to Snowflake stage
[2025-10-07T18:01:02.140+0000] {logging_mixin.py:188} INFO - Uploaded /tmp/minio_downloads/1759830404.json to Snowflake stage
[2025-10-07T18:01:02.701+0000] {logging_mixin.py:188} INFO - Uploaded /tmp/minio_downloads/1759830418.json to Snowflake stage
[2025-10-07T18:01:03.229+0000] {logging_mixin.py:188} INFO - Uploaded /tmp/minio_downloads/1759830431.json to Snowflake stage
[2025-10-07T18:01:03.789+0000] {logging_mixin.py:188} INFO - Uploaded /tmp/minio_downloads/1759830445.json to Snowflake stage
[2025-10-07T18:01:04.391+0000] {logging_mixin.py:188} INFO - Uploaded /tmp/minio_downloads/1759830458.json to Snowflake stage
[2025-10-07T18:01:04.958+0000] {logging_mixin.py:188} INFO - Uploaded /tmp/minio_downloads/1759830472.json to Snowflake stage
[2025-10-07T18:01:05.426+0000] {logging_mixin.py:188} INFO - Uploaded /tmp/minio_downloads/1759830486.json to Snowflake stage
[2025-10-07T18:01:05.940+0000] {logging_mixin.py:188} INFO - Uploaded /tmp/minio_downloads/1759830500.json to Snowflake stage
[2025-10-07T18:01:06.474+0000] {logging_mixin.py:188} INFO - Uploaded /tmp/minio_downloads/1759830517.json to Snowflake stage
[2025-10-07T18:01:06.989+0000] {logging_mixin.py:188} INFO - Uploaded /tmp/minio_downloads/1759830531.json to Snowflake stage
[2025-10-07T18:01:07.483+0000] {logging_mixin.py:188} INFO - Uploaded /tmp/minio_downloads/1759830544.json to Snowflake stage
[2025-10-07T18:01:07.994+0000] {logging_mixin.py:188} INFO - Uploaded /tmp/minio_downloads/1759830558.json to Snowflake stage
[2025-10-07T18:01:08.602+0000] {logging_mixin.py:188} INFO - Uploaded /tmp/minio_downloads/1759830574.json to Snowflake stage
[2025-10-07T18:01:09.071+0000] {logging_mixin.py:188} INFO - Uploaded /tmp/minio_downloads/1759830589.json to Snowflake stage
[2025-10-07T18:01:09.583+0000] {logging_mixin.py:188} INFO - Uploaded /tmp/minio_downloads/1759830603.json to Snowflake stage
[2025-10-07T18:01:10.071+0000] {logging_mixin.py:188} INFO - Uploaded /tmp/minio_downloads/1759830617.json to Snowflake stage
[2025-10-07T18:01:10.559+0000] {logging_mixin.py:188} INFO - Uploaded /tmp/minio_downloads/1759830632.json to Snowflake stage
[2025-10-07T18:01:11.060+0000] {logging_mixin.py:188} INFO - Uploaded /tmp/minio_downloads/1759830645.json to Snowflake stage
[2025-10-07T18:01:11.652+0000] {logging_mixin.py:188} INFO - Uploaded /tmp/minio_downloads/1759830674.json to Snowflake stage
[2025-10-07T18:01:12.496+0000] {logging_mixin.py:188} INFO - Uploaded /tmp/minio_downloads/1759830694.json to Snowflake stage
[2025-10-07T18:01:12.981+0000] {logging_mixin.py:188} INFO - Uploaded /tmp/minio_downloads/1759830714.json to Snowflake stage
[2025-10-07T18:01:13.447+0000] {logging_mixin.py:188} INFO - Uploaded /tmp/minio_downloads/1759830728.json to Snowflake stage
[2025-10-07T18:01:13.970+0000] {logging_mixin.py:188} INFO - Uploaded /tmp/minio_downloads/1759830743.json to Snowflake stage
[2025-10-07T18:01:14.459+0000] {logging_mixin.py:188} INFO - Uploaded /tmp/minio_downloads/1759830759.json to Snowflake stage
[2025-10-07T18:01:14.966+0000] {logging_mixin.py:188} INFO - Uploaded /tmp/minio_downloads/1759830776.json to Snowflake stage
[2025-10-07T18:01:15.501+0000] {logging_mixin.py:188} INFO - Uploaded /tmp/minio_downloads/1759830792.json to Snowflake stage
[2025-10-07T18:01:16.011+0000] {logging_mixin.py:188} INFO - Uploaded /tmp/minio_downloads/1759830822.json to Snowflake stage
[2025-10-07T18:01:16.495+0000] {logging_mixin.py:188} INFO - Uploaded /tmp/minio_downloads/1759830835.json to Snowflake stage
[2025-10-07T18:01:16.983+0000] {logging_mixin.py:188} INFO - Uploaded /tmp/minio_downloads/1759830850.json to Snowflake stage
[2025-10-07T18:01:17.492+0000] {logging_mixin.py:188} INFO - Uploaded /tmp/minio_downloads/1759830889.json to Snowflake stage
[2025-10-07T18:01:18.015+0000] {logging_mixin.py:188} INFO - Uploaded /tmp/minio_downloads/1759830906.json to Snowflake stage
[2025-10-07T18:01:18.510+0000] {logging_mixin.py:188} INFO - Uploaded /tmp/minio_downloads/1759830920.json to Snowflake stage
[2025-10-07T18:01:19.015+0000] {logging_mixin.py:188} INFO - Uploaded /tmp/minio_downloads/1759830988.json to Snowflake stage
[2025-10-07T18:01:19.494+0000] {logging_mixin.py:188} INFO - Uploaded /tmp/minio_downloads/1759831000.json to Snowflake stage
[2025-10-07T18:01:20.030+0000] {logging_mixin.py:188} INFO - Uploaded /tmp/minio_downloads/1759831033.json to Snowflake stage
[2025-10-07T18:01:20.525+0000] {logging_mixin.py:188} INFO - Uploaded /tmp/minio_downloads/1759831082.json to Snowflake stage
[2025-10-07T18:01:21.010+0000] {logging_mixin.py:188} INFO - Uploaded /tmp/minio_downloads/1759831096.json to Snowflake stage
[2025-10-07T18:01:21.506+0000] {logging_mixin.py:188} INFO - Uploaded /tmp/minio_downloads/1759831112.json to Snowflake stage
[2025-10-07T18:01:22.009+0000] {logging_mixin.py:188} INFO - Uploaded /tmp/minio_downloads/1759831128.json to Snowflake stage
[2025-10-07T18:01:22.495+0000] {logging_mixin.py:188} INFO - Uploaded /tmp/minio_downloads/1759831201.json to Snowflake stage
[2025-10-07T18:01:23.123+0000] {logging_mixin.py:188} INFO - Uploaded /tmp/minio_downloads/1759831239.json to Snowflake stage
[2025-10-07T18:01:23.657+0000] {logging_mixin.py:188} INFO - Uploaded /tmp/minio_downloads/1759831390.json to Snowflake stage
[2025-10-07T18:01:24.262+0000] {logging_mixin.py:188} INFO - Uploaded /tmp/minio_downloads/1759831452.json to Snowflake stage
[2025-10-07T18:01:24.823+0000] {logging_mixin.py:188} INFO - Uploaded /tmp/minio_downloads/1759831479.json to Snowflake stage
[2025-10-07T18:01:25.302+0000] {logging_mixin.py:188} INFO - Uploaded /tmp/minio_downloads/1759831500.json to Snowflake stage
[2025-10-07T18:01:26.123+0000] {logging_mixin.py:188} INFO - Uploaded /tmp/minio_downloads/1759831528.json to Snowflake stage
[2025-10-07T18:01:26.654+0000] {logging_mixin.py:188} INFO - Uploaded /tmp/minio_downloads/1759831545.json to Snowflake stage
[2025-10-07T18:01:27.147+0000] {logging_mixin.py:188} INFO - Uploaded /tmp/minio_downloads/1759831563.json to Snowflake stage
[2025-10-07T18:01:27.666+0000] {logging_mixin.py:188} INFO - Uploaded /tmp/minio_downloads/1759831578.json to Snowflake stage
[2025-10-07T18:01:28.264+0000] {logging_mixin.py:188} INFO - Uploaded /tmp/minio_downloads/1759831617.json to Snowflake stage
[2025-10-07T18:01:28.776+0000] {logging_mixin.py:188} INFO - Uploaded /tmp/minio_downloads/1759831636.json to Snowflake stage
[2025-10-07T18:01:29.253+0000] {logging_mixin.py:188} INFO - Uploaded /tmp/minio_downloads/1759831683.json to Snowflake stage
[2025-10-07T18:01:29.805+0000] {logging_mixin.py:188} INFO - Uploaded /tmp/minio_downloads/1759829921.json to Snowflake stage
[2025-10-07T18:01:30.620+0000] {logging_mixin.py:188} INFO - Uploaded /tmp/minio_downloads/1759829934.json to Snowflake stage
[2025-10-07T18:01:31.197+0000] {logging_mixin.py:188} INFO - Uploaded /tmp/minio_downloads/1759829946.json to Snowflake stage
[2025-10-07T18:01:31.779+0000] {logging_mixin.py:188} INFO - Uploaded /tmp/minio_downloads/1759829959.json to Snowflake stage
[2025-10-07T18:01:32.356+0000] {logging_mixin.py:188} INFO - Uploaded /tmp/minio_downloads/1759829972.json to Snowflake stage
[2025-10-07T18:01:32.978+0000] {logging_mixin.py:188} INFO - Uploaded /tmp/minio_downloads/1759829985.json to Snowflake stage
[2025-10-07T18:01:33.462+0000] {logging_mixin.py:188} INFO - Uploaded /tmp/minio_downloads/1759829999.json to Snowflake stage
[2025-10-07T18:01:34.034+0000] {logging_mixin.py:188} INFO - Uploaded /tmp/minio_downloads/1759830012.json to Snowflake stage
[2025-10-07T18:01:34.590+0000] {logging_mixin.py:188} INFO - Uploaded /tmp/minio_downloads/1759830025.json to Snowflake stage
[2025-10-07T18:01:35.052+0000] {logging_mixin.py:188} INFO - Uploaded /tmp/minio_downloads/1759830038.json to Snowflake stage
[2025-10-07T18:01:35.951+0000] {logging_mixin.py:188} INFO - Uploaded /tmp/minio_downloads/1759830051.json to Snowflake stage
[2025-10-07T18:01:36.466+0000] {logging_mixin.py:188} INFO - Uploaded /tmp/minio_downloads/1759830064.json to Snowflake stage
[2025-10-07T18:01:36.966+0000] {logging_mixin.py:188} INFO - Uploaded /tmp/minio_downloads/1759830076.json to Snowflake stage
[2025-10-07T18:01:37.439+0000] {logging_mixin.py:188} INFO - Uploaded /tmp/minio_downloads/1759830090.json to Snowflake stage
[2025-10-07T18:01:37.955+0000] {logging_mixin.py:188} INFO - Uploaded /tmp/minio_downloads/1759830103.json to Snowflake stage
[2025-10-07T18:01:38.515+0000] {logging_mixin.py:188} INFO - Uploaded /tmp/minio_downloads/1759830116.json to Snowflake stage
[2025-10-07T18:01:39.082+0000] {logging_mixin.py:188} INFO - Uploaded /tmp/minio_downloads/1759830128.json to Snowflake stage
[2025-10-07T18:01:39.561+0000] {logging_mixin.py:188} INFO - Uploaded /tmp/minio_downloads/1759830141.json to Snowflake stage
[2025-10-07T18:01:40.105+0000] {logging_mixin.py:188} INFO - Uploaded /tmp/minio_downloads/1759830154.json to Snowflake stage
[2025-10-07T18:01:40.634+0000] {logging_mixin.py:188} INFO - Uploaded /tmp/minio_downloads/1759830168.json to Snowflake stage
[2025-10-07T18:01:41.241+0000] {logging_mixin.py:188} INFO - Uploaded /tmp/minio_downloads/1759830182.json to Snowflake stage
[2025-10-07T18:01:41.763+0000] {logging_mixin.py:188} INFO - Uploaded /tmp/minio_downloads/1759830195.json to Snowflake stage
[2025-10-07T18:01:42.360+0000] {logging_mixin.py:188} INFO - Uploaded /tmp/minio_downloads/1759830209.json to Snowflake stage
[2025-10-07T18:01:42.926+0000] {logging_mixin.py:188} INFO - Uploaded /tmp/minio_downloads/1759830224.json to Snowflake stage
[2025-10-07T18:01:43.476+0000] {logging_mixin.py:188} INFO - Uploaded /tmp/minio_downloads/1759830237.json to Snowflake stage
[2025-10-07T18:01:43.965+0000] {logging_mixin.py:188} INFO - Uploaded /tmp/minio_downloads/1759830250.json to Snowflake stage
[2025-10-07T18:01:44.482+0000] {logging_mixin.py:188} INFO - Uploaded /tmp/minio_downloads/1759830264.json to Snowflake stage
[2025-10-07T18:01:44.994+0000] {logging_mixin.py:188} INFO - Uploaded /tmp/minio_downloads/1759830279.json to Snowflake stage
[2025-10-07T18:01:45.551+0000] {logging_mixin.py:188} INFO - Uploaded /tmp/minio_downloads/1759830294.json to Snowflake stage
[2025-10-07T18:01:46.040+0000] {logging_mixin.py:188} INFO - Uploaded /tmp/minio_downloads/1759830308.json to Snowflake stage
[2025-10-07T18:01:46.612+0000] {logging_mixin.py:188} INFO - Uploaded /tmp/minio_downloads/1759830322.json to Snowflake stage
[2025-10-07T18:01:47.102+0000] {logging_mixin.py:188} INFO - Uploaded /tmp/minio_downloads/1759830336.json to Snowflake stage
[2025-10-07T18:01:47.593+0000] {logging_mixin.py:188} INFO - Uploaded /tmp/minio_downloads/1759830349.json to Snowflake stage
[2025-10-07T18:01:48.086+0000] {logging_mixin.py:188} INFO - Uploaded /tmp/minio_downloads/1759830363.json to Snowflake stage
[2025-10-07T18:01:49.005+0000] {logging_mixin.py:188} INFO - Uploaded /tmp/minio_downloads/1759830376.json to Snowflake stage
[2025-10-07T18:01:49.717+0000] {logging_mixin.py:188} INFO - Uploaded /tmp/minio_downloads/1759830389.json to Snowflake stage
[2025-10-07T18:01:50.393+0000] {logging_mixin.py:188} INFO - Uploaded /tmp/minio_downloads/1759830403.json to Snowflake stage
[2025-10-07T18:01:51.014+0000] {logging_mixin.py:188} INFO - Uploaded /tmp/minio_downloads/1759830416.json to Snowflake stage
[2025-10-07T18:01:51.604+0000] {logging_mixin.py:188} INFO - Uploaded /tmp/minio_downloads/1759830430.json to Snowflake stage
[2025-10-07T18:01:52.205+0000] {logging_mixin.py:188} INFO - Uploaded /tmp/minio_downloads/1759830443.json to Snowflake stage
[2025-10-07T18:01:52.780+0000] {logging_mixin.py:188} INFO - Uploaded /tmp/minio_downloads/1759830456.json to Snowflake stage
[2025-10-07T18:01:53.403+0000] {logging_mixin.py:188} INFO - Uploaded /tmp/minio_downloads/1759830470.json to Snowflake stage
[2025-10-07T18:01:54.087+0000] {logging_mixin.py:188} INFO - Uploaded /tmp/minio_downloads/1759830485.json to Snowflake stage
[2025-10-07T18:01:54.729+0000] {logging_mixin.py:188} INFO - Uploaded /tmp/minio_downloads/1759830499.json to Snowflake stage
[2025-10-07T18:01:55.270+0000] {logging_mixin.py:188} INFO - Uploaded /tmp/minio_downloads/1759830515.json to Snowflake stage
[2025-10-07T18:01:55.815+0000] {logging_mixin.py:188} INFO - Uploaded /tmp/minio_downloads/1759830529.json to Snowflake stage
[2025-10-07T18:01:56.721+0000] {logging_mixin.py:188} INFO - Uploaded /tmp/minio_downloads/1759830543.json to Snowflake stage
[2025-10-07T18:01:57.256+0000] {logging_mixin.py:188} INFO - Uploaded /tmp/minio_downloads/1759830557.json to Snowflake stage
[2025-10-07T18:01:57.816+0000] {logging_mixin.py:188} INFO - Uploaded /tmp/minio_downloads/1759830573.json to Snowflake stage
[2025-10-07T18:01:58.357+0000] {logging_mixin.py:188} INFO - Uploaded /tmp/minio_downloads/1759830588.json to Snowflake stage
[2025-10-07T18:01:58.957+0000] {logging_mixin.py:188} INFO - Uploaded /tmp/minio_downloads/1759830602.json to Snowflake stage
[2025-10-07T18:01:59.512+0000] {logging_mixin.py:188} INFO - Uploaded /tmp/minio_downloads/1759830615.json to Snowflake stage
[2025-10-07T18:02:00.122+0000] {logging_mixin.py:188} INFO - Uploaded /tmp/minio_downloads/1759830631.json to Snowflake stage
[2025-10-07T18:02:00.679+0000] {logging_mixin.py:188} INFO - Uploaded /tmp/minio_downloads/1759830643.json to Snowflake stage
[2025-10-07T18:02:01.260+0000] {logging_mixin.py:188} INFO - Uploaded /tmp/minio_downloads/1759830671.json to Snowflake stage
[2025-10-07T18:02:01.824+0000] {logging_mixin.py:188} INFO - Uploaded /tmp/minio_downloads/1759830692.json to Snowflake stage
[2025-10-07T18:02:02.397+0000] {logging_mixin.py:188} INFO - Uploaded /tmp/minio_downloads/1759830709.json to Snowflake stage
[2025-10-07T18:02:03.160+0000] {logging_mixin.py:188} INFO - Uploaded /tmp/minio_downloads/1759830726.json to Snowflake stage
[2025-10-07T18:02:03.747+0000] {logging_mixin.py:188} INFO - Uploaded /tmp/minio_downloads/1759830740.json to Snowflake stage
[2025-10-07T18:02:04.269+0000] {logging_mixin.py:188} INFO - Uploaded /tmp/minio_downloads/1759830757.json to Snowflake stage
[2025-10-07T18:02:04.931+0000] {logging_mixin.py:188} INFO - Uploaded /tmp/minio_downloads/1759830774.json to Snowflake stage
[2025-10-07T18:02:05.440+0000] {logging_mixin.py:188} INFO - Uploaded /tmp/minio_downloads/1759830790.json to Snowflake stage
[2025-10-07T18:02:06.207+0000] {logging_mixin.py:188} INFO - Uploaded /tmp/minio_downloads/1759830820.json to Snowflake stage
[2025-10-07T18:02:06.722+0000] {logging_mixin.py:188} INFO - Uploaded /tmp/minio_downloads/1759830833.json to Snowflake stage
[2025-10-07T18:02:07.287+0000] {logging_mixin.py:188} INFO - Uploaded /tmp/minio_downloads/1759830848.json to Snowflake stage
[2025-10-07T18:02:07.987+0000] {logging_mixin.py:188} INFO - Uploaded /tmp/minio_downloads/1759830887.json to Snowflake stage
[2025-10-07T18:02:08.701+0000] {logging_mixin.py:188} INFO - Uploaded /tmp/minio_downloads/1759830905.json to Snowflake stage
[2025-10-07T18:02:09.668+0000] {logging_mixin.py:188} INFO - Uploaded /tmp/minio_downloads/1759830918.json to Snowflake stage
[2025-10-07T18:02:10.351+0000] {logging_mixin.py:188} INFO - Uploaded /tmp/minio_downloads/1759830987.json to Snowflake stage
[2025-10-07T18:02:10.996+0000] {logging_mixin.py:188} INFO - Uploaded /tmp/minio_downloads/1759830999.json to Snowflake stage
[2025-10-07T18:02:11.542+0000] {logging_mixin.py:188} INFO - Uploaded /tmp/minio_downloads/1759831025.json to Snowflake stage
[2025-10-07T18:02:12.144+0000] {logging_mixin.py:188} INFO - Uploaded /tmp/minio_downloads/1759831080.json to Snowflake stage
[2025-10-07T18:02:12.676+0000] {logging_mixin.py:188} INFO - Uploaded /tmp/minio_downloads/1759831095.json to Snowflake stage
[2025-10-07T18:02:13.199+0000] {logging_mixin.py:188} INFO - Uploaded /tmp/minio_downloads/1759831111.json to Snowflake stage
[2025-10-07T18:02:13.720+0000] {logging_mixin.py:188} INFO - Uploaded /tmp/minio_downloads/1759831126.json to Snowflake stage
[2025-10-07T18:02:14.432+0000] {logging_mixin.py:188} INFO - Uploaded /tmp/minio_downloads/1759831142.json to Snowflake stage
[2025-10-07T18:02:14.960+0000] {logging_mixin.py:188} INFO - Uploaded /tmp/minio_downloads/1759831200.json to Snowflake stage
[2025-10-07T18:02:15.492+0000] {logging_mixin.py:188} INFO - Uploaded /tmp/minio_downloads/1759831379.json to Snowflake stage
[2025-10-07T18:02:16.015+0000] {logging_mixin.py:188} INFO - Uploaded /tmp/minio_downloads/1759831451.json to Snowflake stage
[2025-10-07T18:02:16.546+0000] {logging_mixin.py:188} INFO - Uploaded /tmp/minio_downloads/1759831477.json to Snowflake stage
[2025-10-07T18:02:17.071+0000] {logging_mixin.py:188} INFO - Uploaded /tmp/minio_downloads/1759831497.json to Snowflake stage
[2025-10-07T18:02:17.829+0000] {logging_mixin.py:188} INFO - Uploaded /tmp/minio_downloads/1759831521.json to Snowflake stage
[2025-10-07T18:02:18.370+0000] {logging_mixin.py:188} INFO - Uploaded /tmp/minio_downloads/1759831542.json to Snowflake stage
[2025-10-07T18:02:18.882+0000] {logging_mixin.py:188} INFO - Uploaded /tmp/minio_downloads/1759831561.json to Snowflake stage
[2025-10-07T18:02:19.426+0000] {logging_mixin.py:188} INFO - Uploaded /tmp/minio_downloads/1759831576.json to Snowflake stage
[2025-10-07T18:02:20.030+0000] {logging_mixin.py:188} INFO - Uploaded /tmp/minio_downloads/1759831612.json to Snowflake stage
[2025-10-07T18:02:20.555+0000] {logging_mixin.py:188} INFO - Uploaded /tmp/minio_downloads/1759831633.json to Snowflake stage
[2025-10-07T18:02:21.208+0000] {logging_mixin.py:188} INFO - Uploaded /tmp/minio_downloads/1759831671.json to Snowflake stage
[2025-10-07T18:02:21.778+0000] {logging_mixin.py:188} INFO - Uploaded /tmp/minio_downloads/1759831717.json to Snowflake stage
[2025-10-07T18:02:22.343+0000] {logging_mixin.py:188} INFO - Uploaded /tmp/minio_downloads/1759829918.json to Snowflake stage
[2025-10-07T18:02:22.858+0000] {logging_mixin.py:188} INFO - Uploaded /tmp/minio_downloads/1759829931.json to Snowflake stage
[2025-10-07T18:02:23.568+0000] {logging_mixin.py:188} INFO - Uploaded /tmp/minio_downloads/1759829943.json to Snowflake stage
[2025-10-07T18:02:24.158+0000] {logging_mixin.py:188} INFO - Uploaded /tmp/minio_downloads/1759829956.json to Snowflake stage
[2025-10-07T18:02:24.712+0000] {logging_mixin.py:188} INFO - Uploaded /tmp/minio_downloads/1759829969.json to Snowflake stage
[2025-10-07T18:02:25.335+0000] {logging_mixin.py:188} INFO - Uploaded /tmp/minio_downloads/1759829982.json to Snowflake stage
[2025-10-07T18:02:25.972+0000] {logging_mixin.py:188} INFO - Uploaded /tmp/minio_downloads/1759829996.json to Snowflake stage
[2025-10-07T18:02:26.581+0000] {logging_mixin.py:188} INFO - Uploaded /tmp/minio_downloads/1759830009.json to Snowflake stage
[2025-10-07T18:02:27.196+0000] {logging_mixin.py:188} INFO - Uploaded /tmp/minio_downloads/1759830022.json to Snowflake stage
[2025-10-07T18:02:27.742+0000] {logging_mixin.py:188} INFO - Uploaded /tmp/minio_downloads/1759830035.json to Snowflake stage
[2025-10-07T18:02:28.269+0000] {logging_mixin.py:188} INFO - Uploaded /tmp/minio_downloads/1759830049.json to Snowflake stage
[2025-10-07T18:02:28.886+0000] {logging_mixin.py:188} INFO - Uploaded /tmp/minio_downloads/1759830061.json to Snowflake stage
[2025-10-07T18:02:29.829+0000] {logging_mixin.py:188} INFO - Uploaded /tmp/minio_downloads/1759830074.json to Snowflake stage
[2025-10-07T18:02:30.387+0000] {logging_mixin.py:188} INFO - Uploaded /tmp/minio_downloads/1759830086.json to Snowflake stage
[2025-10-07T18:02:31.149+0000] {logging_mixin.py:188} INFO - Uploaded /tmp/minio_downloads/1759830100.json to Snowflake stage
[2025-10-07T18:02:31.729+0000] {logging_mixin.py:188} INFO - Uploaded /tmp/minio_downloads/1759830113.json to Snowflake stage
[2025-10-07T18:02:32.401+0000] {logging_mixin.py:188} INFO - Uploaded /tmp/minio_downloads/1759830126.json to Snowflake stage
[2025-10-07T18:02:33.097+0000] {logging_mixin.py:188} INFO - Uploaded /tmp/minio_downloads/1759830139.json to Snowflake stage
[2025-10-07T18:02:33.851+0000] {logging_mixin.py:188} INFO - Uploaded /tmp/minio_downloads/1759830152.json to Snowflake stage
[2025-10-07T18:02:34.570+0000] {logging_mixin.py:188} INFO - Uploaded /tmp/minio_downloads/1759830165.json to Snowflake stage
[2025-10-07T18:02:35.170+0000] {logging_mixin.py:188} INFO - Uploaded /tmp/minio_downloads/1759830179.json to Snowflake stage
[2025-10-07T18:02:35.796+0000] {logging_mixin.py:188} INFO - Uploaded /tmp/minio_downloads/1759830192.json to Snowflake stage
[2025-10-07T18:02:36.414+0000] {logging_mixin.py:188} INFO - Uploaded /tmp/minio_downloads/1759830206.json to Snowflake stage
[2025-10-07T18:02:37.030+0000] {logging_mixin.py:188} INFO - Uploaded /tmp/minio_downloads/1759830220.json to Snowflake stage
[2025-10-07T18:02:37.669+0000] {logging_mixin.py:188} INFO - Uploaded /tmp/minio_downloads/1759830234.json to Snowflake stage
[2025-10-07T18:02:38.420+0000] {logging_mixin.py:188} INFO - Uploaded /tmp/minio_downloads/1759830248.json to Snowflake stage
[2025-10-07T18:02:39.078+0000] {logging_mixin.py:188} INFO - Uploaded /tmp/minio_downloads/1759830261.json to Snowflake stage
[2025-10-07T18:02:39.791+0000] {logging_mixin.py:188} INFO - Uploaded /tmp/minio_downloads/1759830275.json to Snowflake stage
[2025-10-07T18:02:40.361+0000] {logging_mixin.py:188} INFO - Uploaded /tmp/minio_downloads/1759830290.json to Snowflake stage
[2025-10-07T18:02:40.916+0000] {logging_mixin.py:188} INFO - Uploaded /tmp/minio_downloads/1759830305.json to Snowflake stage
[2025-10-07T18:02:41.482+0000] {logging_mixin.py:188} INFO - Uploaded /tmp/minio_downloads/1759830319.json to Snowflake stage
[2025-10-07T18:02:42.241+0000] {logging_mixin.py:188} INFO - Uploaded /tmp/minio_downloads/1759830333.json to Snowflake stage
[2025-10-07T18:02:42.896+0000] {logging_mixin.py:188} INFO - Uploaded /tmp/minio_downloads/1759830346.json to Snowflake stage
[2025-10-07T18:02:43.624+0000] {logging_mixin.py:188} INFO - Uploaded /tmp/minio_downloads/1759830360.json to Snowflake stage
[2025-10-07T18:02:44.298+0000] {logging_mixin.py:188} INFO - Uploaded /tmp/minio_downloads/1759830373.json to Snowflake stage
[2025-10-07T18:02:44.953+0000] {logging_mixin.py:188} INFO - Uploaded /tmp/minio_downloads/1759830386.json to Snowflake stage
[2025-10-07T18:02:45.732+0000] {logging_mixin.py:188} INFO - Uploaded /tmp/minio_downloads/1759830400.json to Snowflake stage
[2025-10-07T18:02:46.335+0000] {logging_mixin.py:188} INFO - Uploaded /tmp/minio_downloads/1759830413.json to Snowflake stage
[2025-10-07T18:02:47.064+0000] {logging_mixin.py:188} INFO - Uploaded /tmp/minio_downloads/1759830427.json to Snowflake stage
[2025-10-07T18:02:47.635+0000] {logging_mixin.py:188} INFO - Uploaded /tmp/minio_downloads/1759830440.json to Snowflake stage
[2025-10-07T18:02:48.295+0000] {logging_mixin.py:188} INFO - Uploaded /tmp/minio_downloads/1759830453.json to Snowflake stage
[2025-10-07T18:02:49.023+0000] {logging_mixin.py:188} INFO - Uploaded /tmp/minio_downloads/1759830467.json to Snowflake stage
[2025-10-07T18:02:49.832+0000] {logging_mixin.py:188} INFO - Uploaded /tmp/minio_downloads/1759830481.json to Snowflake stage
[2025-10-07T18:02:50.494+0000] {logging_mixin.py:188} INFO - Uploaded /tmp/minio_downloads/1759830495.json to Snowflake stage
[2025-10-07T18:02:51.116+0000] {logging_mixin.py:188} INFO - Uploaded /tmp/minio_downloads/1759830510.json to Snowflake stage
[2025-10-07T18:02:52.287+0000] {logging_mixin.py:188} INFO - Uploaded /tmp/minio_downloads/1759830526.json to Snowflake stage
[2025-10-07T18:02:52.902+0000] {logging_mixin.py:188} INFO - Uploaded /tmp/minio_downloads/1759830540.json to Snowflake stage
[2025-10-07T18:02:53.682+0000] {logging_mixin.py:188} INFO - Uploaded /tmp/minio_downloads/1759830553.json to Snowflake stage
[2025-10-07T18:02:54.207+0000] {logging_mixin.py:188} INFO - Uploaded /tmp/minio_downloads/1759830567.json to Snowflake stage
[2025-10-07T18:02:54.786+0000] {logging_mixin.py:188} INFO - Uploaded /tmp/minio_downloads/1759830584.json to Snowflake stage
[2025-10-07T18:02:55.337+0000] {logging_mixin.py:188} INFO - Uploaded /tmp/minio_downloads/1759830600.json to Snowflake stage
[2025-10-07T18:02:55.897+0000] {logging_mixin.py:188} INFO - Uploaded /tmp/minio_downloads/1759830611.json to Snowflake stage
[2025-10-07T18:02:56.424+0000] {logging_mixin.py:188} INFO - Uploaded /tmp/minio_downloads/1759830628.json to Snowflake stage
[2025-10-07T18:02:56.954+0000] {logging_mixin.py:188} INFO - Uploaded /tmp/minio_downloads/1759830641.json to Snowflake stage
[2025-10-07T18:02:57.475+0000] {logging_mixin.py:188} INFO - Uploaded /tmp/minio_downloads/1759830666.json to Snowflake stage
[2025-10-07T18:02:58.456+0000] {logging_mixin.py:188} INFO - Uploaded /tmp/minio_downloads/1759830686.json to Snowflake stage
[2025-10-07T18:02:58.973+0000] {logging_mixin.py:188} INFO - Uploaded /tmp/minio_downloads/1759830706.json to Snowflake stage
[2025-10-07T18:02:59.696+0000] {logging_mixin.py:188} INFO - Uploaded /tmp/minio_downloads/1759830723.json to Snowflake stage
[2025-10-07T18:03:00.312+0000] {logging_mixin.py:188} INFO - Uploaded /tmp/minio_downloads/1759830737.json to Snowflake stage
[2025-10-07T18:03:00.924+0000] {logging_mixin.py:188} INFO - Uploaded /tmp/minio_downloads/1759830752.json to Snowflake stage
[2025-10-07T18:03:01.601+0000] {logging_mixin.py:188} INFO - Uploaded /tmp/minio_downloads/1759830770.json to Snowflake stage
[2025-10-07T18:03:02.164+0000] {logging_mixin.py:188} INFO - Uploaded /tmp/minio_downloads/1759830786.json to Snowflake stage
[2025-10-07T18:03:02.675+0000] {logging_mixin.py:188} INFO - Uploaded /tmp/minio_downloads/1759830817.json to Snowflake stage
[2025-10-07T18:03:03.242+0000] {logging_mixin.py:188} INFO - Uploaded /tmp/minio_downloads/1759830830.json to Snowflake stage
[2025-10-07T18:03:03.781+0000] {logging_mixin.py:188} INFO - Uploaded /tmp/minio_downloads/1759830845.json to Snowflake stage
[2025-10-07T18:03:04.417+0000] {logging_mixin.py:188} INFO - Uploaded /tmp/minio_downloads/1759830860.json to Snowflake stage
[2025-10-07T18:03:05.045+0000] {logging_mixin.py:188} INFO - Uploaded /tmp/minio_downloads/1759830902.json to Snowflake stage
[2025-10-07T18:03:05.646+0000] {logging_mixin.py:188} INFO - Uploaded /tmp/minio_downloads/1759830916.json to Snowflake stage
[2025-10-07T18:03:06.416+0000] {logging_mixin.py:188} INFO - Uploaded /tmp/minio_downloads/1759830996.json to Snowflake stage
[2025-10-07T18:03:07.080+0000] {logging_mixin.py:188} INFO - Uploaded /tmp/minio_downloads/1759831016.json to Snowflake stage
[2025-10-07T18:03:07.695+0000] {logging_mixin.py:188} INFO - Uploaded /tmp/minio_downloads/1759831073.json to Snowflake stage
[2025-10-07T18:03:08.259+0000] {logging_mixin.py:188} INFO - Uploaded /tmp/minio_downloads/1759831092.json to Snowflake stage
[2025-10-07T18:03:08.940+0000] {logging_mixin.py:188} INFO - Uploaded /tmp/minio_downloads/1759831108.json to Snowflake stage
[2025-10-07T18:03:09.550+0000] {logging_mixin.py:188} INFO - Uploaded /tmp/minio_downloads/1759831122.json to Snowflake stage
[2025-10-07T18:03:10.179+0000] {logging_mixin.py:188} INFO - Uploaded /tmp/minio_downloads/1759831136.json to Snowflake stage
[2025-10-07T18:03:10.725+0000] {logging_mixin.py:188} INFO - Uploaded /tmp/minio_downloads/1759831178.json to Snowflake stage
[2025-10-07T18:03:11.255+0000] {logging_mixin.py:188} INFO - Uploaded /tmp/minio_downloads/1759831212.json to Snowflake stage
[2025-10-07T18:03:11.882+0000] {logging_mixin.py:188} INFO - Uploaded /tmp/minio_downloads/1759831259.json to Snowflake stage
[2025-10-07T18:03:12.738+0000] {logging_mixin.py:188} INFO - Uploaded /tmp/minio_downloads/1759831352.json to Snowflake stage
[2025-10-07T18:03:13.321+0000] {logging_mixin.py:188} INFO - Uploaded /tmp/minio_downloads/1759831442.json to Snowflake stage
[2025-10-07T18:03:13.931+0000] {logging_mixin.py:188} INFO - Uploaded /tmp/minio_downloads/1759831467.json to Snowflake stage
[2025-10-07T18:03:14.423+0000] {logging_mixin.py:188} INFO - Uploaded /tmp/minio_downloads/1759831493.json to Snowflake stage
[2025-10-07T18:03:14.912+0000] {logging_mixin.py:188} INFO - Uploaded /tmp/minio_downloads/1759831513.json to Snowflake stage
[2025-10-07T18:03:15.402+0000] {logging_mixin.py:188} INFO - Uploaded /tmp/minio_downloads/1759831538.json to Snowflake stage
[2025-10-07T18:03:15.865+0000] {logging_mixin.py:188} INFO - Uploaded /tmp/minio_downloads/1759831556.json to Snowflake stage
[2025-10-07T18:03:16.354+0000] {logging_mixin.py:188} INFO - Uploaded /tmp/minio_downloads/1759831572.json to Snowflake stage
[2025-10-07T18:03:16.841+0000] {logging_mixin.py:188} INFO - Uploaded /tmp/minio_downloads/1759831600.json to Snowflake stage
[2025-10-07T18:03:17.322+0000] {logging_mixin.py:188} INFO - Uploaded /tmp/minio_downloads/1759831629.json to Snowflake stage
[2025-10-07T18:03:17.817+0000] {logging_mixin.py:188} INFO - Uploaded /tmp/minio_downloads/1759831656.json to Snowflake stage
[2025-10-07T18:03:18.367+0000] {logging_mixin.py:188} INFO - Uploaded /tmp/minio_downloads/1759831703.json to Snowflake stage
[2025-10-07T18:03:18.874+0000] {logging_mixin.py:188} INFO - Uploaded /tmp/minio_downloads/1759829920.json to Snowflake stage
[2025-10-07T18:03:19.679+0000] {logging_mixin.py:188} INFO - Uploaded /tmp/minio_downloads/1759829932.json to Snowflake stage
[2025-10-07T18:03:20.191+0000] {logging_mixin.py:188} INFO - Uploaded /tmp/minio_downloads/1759829945.json to Snowflake stage
[2025-10-07T18:03:20.693+0000] {logging_mixin.py:188} INFO - Uploaded /tmp/minio_downloads/1759829958.json to Snowflake stage
[2025-10-07T18:03:21.189+0000] {logging_mixin.py:188} INFO - Uploaded /tmp/minio_downloads/1759829971.json to Snowflake stage
[2025-10-07T18:03:21.832+0000] {logging_mixin.py:188} INFO - Uploaded /tmp/minio_downloads/1759829983.json to Snowflake stage
[2025-10-07T18:03:22.414+0000] {logging_mixin.py:188} INFO - Uploaded /tmp/minio_downloads/1759829997.json to Snowflake stage
[2025-10-07T18:03:22.927+0000] {logging_mixin.py:188} INFO - Uploaded /tmp/minio_downloads/1759830011.json to Snowflake stage
[2025-10-07T18:03:23.468+0000] {logging_mixin.py:188} INFO - Uploaded /tmp/minio_downloads/1759830023.json to Snowflake stage
[2025-10-07T18:03:24.228+0000] {logging_mixin.py:188} INFO - Uploaded /tmp/minio_downloads/1759830037.json to Snowflake stage
[2025-10-07T18:03:24.733+0000] {logging_mixin.py:188} INFO - Uploaded /tmp/minio_downloads/1759830050.json to Snowflake stage
[2025-10-07T18:03:25.257+0000] {logging_mixin.py:188} INFO - Uploaded /tmp/minio_downloads/1759830062.json to Snowflake stage
[2025-10-07T18:03:25.804+0000] {logging_mixin.py:188} INFO - Uploaded /tmp/minio_downloads/1759830075.json to Snowflake stage
[2025-10-07T18:03:26.947+0000] {logging_mixin.py:188} INFO - Uploaded /tmp/minio_downloads/1759830088.json to Snowflake stage
[2025-10-07T18:03:27.446+0000] {logging_mixin.py:188} INFO - Uploaded /tmp/minio_downloads/1759830102.json to Snowflake stage
[2025-10-07T18:03:27.968+0000] {logging_mixin.py:188} INFO - Uploaded /tmp/minio_downloads/1759830114.json to Snowflake stage
[2025-10-07T18:03:28.457+0000] {logging_mixin.py:188} INFO - Uploaded /tmp/minio_downloads/1759830127.json to Snowflake stage
[2025-10-07T18:03:29.015+0000] {logging_mixin.py:188} INFO - Uploaded /tmp/minio_downloads/1759830140.json to Snowflake stage
[2025-10-07T18:03:29.511+0000] {logging_mixin.py:188} INFO - Uploaded /tmp/minio_downloads/1759830153.json to Snowflake stage
[2025-10-07T18:03:30.049+0000] {logging_mixin.py:188} INFO - Uploaded /tmp/minio_downloads/1759830167.json to Snowflake stage
[2025-10-07T18:03:30.550+0000] {logging_mixin.py:188} INFO - Uploaded /tmp/minio_downloads/1759830180.json to Snowflake stage
[2025-10-07T18:03:31.051+0000] {logging_mixin.py:188} INFO - Uploaded /tmp/minio_downloads/1759830193.json to Snowflake stage
[2025-10-07T18:03:31.939+0000] {logging_mixin.py:188} INFO - Uploaded /tmp/minio_downloads/1759830207.json to Snowflake stage
[2025-10-07T18:03:32.564+0000] {logging_mixin.py:188} INFO - Uploaded /tmp/minio_downloads/1759830222.json to Snowflake stage
[2025-10-07T18:03:33.095+0000] {logging_mixin.py:188} INFO - Uploaded /tmp/minio_downloads/1759830236.json to Snowflake stage
[2025-10-07T18:03:33.747+0000] {logging_mixin.py:188} INFO - Uploaded /tmp/minio_downloads/1759830249.json to Snowflake stage
[2025-10-07T18:03:34.353+0000] {logging_mixin.py:188} INFO - Uploaded /tmp/minio_downloads/1759830262.json to Snowflake stage
[2025-10-07T18:03:34.897+0000] {logging_mixin.py:188} INFO - Uploaded /tmp/minio_downloads/1759830277.json to Snowflake stage
[2025-10-07T18:03:35.496+0000] {logging_mixin.py:188} INFO - Uploaded /tmp/minio_downloads/1759830292.json to Snowflake stage
[2025-10-07T18:03:36.058+0000] {logging_mixin.py:188} INFO - Uploaded /tmp/minio_downloads/1759830306.json to Snowflake stage
[2025-10-07T18:03:36.604+0000] {logging_mixin.py:188} INFO - Uploaded /tmp/minio_downloads/1759830321.json to Snowflake stage
[2025-10-07T18:03:37.202+0000] {logging_mixin.py:188} INFO - Uploaded /tmp/minio_downloads/1759830335.json to Snowflake stage
[2025-10-07T18:03:37.752+0000] {logging_mixin.py:188} INFO - Uploaded /tmp/minio_downloads/1759830348.json to Snowflake stage
[2025-10-07T18:03:38.302+0000] {logging_mixin.py:188} INFO - Uploaded /tmp/minio_downloads/1759830361.json to Snowflake stage
[2025-10-07T18:03:38.859+0000] {logging_mixin.py:188} INFO - Uploaded /tmp/minio_downloads/1759830375.json to Snowflake stage
[2025-10-07T18:03:39.529+0000] {logging_mixin.py:188} INFO - Uploaded /tmp/minio_downloads/1759830388.json to Snowflake stage
[2025-10-07T18:03:40.066+0000] {logging_mixin.py:188} INFO - Uploaded /tmp/minio_downloads/1759830401.json to Snowflake stage
[2025-10-07T18:03:40.679+0000] {logging_mixin.py:188} INFO - Uploaded /tmp/minio_downloads/1759830414.json to Snowflake stage
[2025-10-07T18:03:41.260+0000] {logging_mixin.py:188} INFO - Uploaded /tmp/minio_downloads/1759830428.json to Snowflake stage
[2025-10-07T18:03:41.950+0000] {logging_mixin.py:188} INFO - Uploaded /tmp/minio_downloads/1759830442.json to Snowflake stage
[2025-10-07T18:03:42.560+0000] {logging_mixin.py:188} INFO - Uploaded /tmp/minio_downloads/1759830455.json to Snowflake stage
[2025-10-07T18:03:43.177+0000] {logging_mixin.py:188} INFO - Uploaded /tmp/minio_downloads/1759830469.json to Snowflake stage
[2025-10-07T18:03:43.856+0000] {logging_mixin.py:188} INFO - Uploaded /tmp/minio_downloads/1759830483.json to Snowflake stage
[2025-10-07T18:03:44.494+0000] {logging_mixin.py:188} INFO - Uploaded /tmp/minio_downloads/1759830497.json to Snowflake stage
[2025-10-07T18:03:45.012+0000] {logging_mixin.py:188} INFO - Uploaded /tmp/minio_downloads/1759830511.json to Snowflake stage
[2025-10-07T18:03:45.616+0000] {logging_mixin.py:188} INFO - Uploaded /tmp/minio_downloads/1759830528.json to Snowflake stage
[2025-10-07T18:03:46.198+0000] {logging_mixin.py:188} INFO - Uploaded /tmp/minio_downloads/1759830541.json to Snowflake stage
[2025-10-07T18:03:47.222+0000] {logging_mixin.py:188} INFO - Uploaded /tmp/minio_downloads/1759830555.json to Snowflake stage
[2025-10-07T18:03:47.750+0000] {logging_mixin.py:188} INFO - Uploaded /tmp/minio_downloads/1759830570.json to Snowflake stage
[2025-10-07T18:03:48.318+0000] {logging_mixin.py:188} INFO - Uploaded /tmp/minio_downloads/1759830586.json to Snowflake stage
[2025-10-07T18:03:48.808+0000] {logging_mixin.py:188} INFO - Uploaded /tmp/minio_downloads/1759830601.json to Snowflake stage
[2025-10-07T18:03:49.321+0000] {logging_mixin.py:188} INFO - Uploaded /tmp/minio_downloads/1759830613.json to Snowflake stage
[2025-10-07T18:03:49.901+0000] {logging_mixin.py:188} INFO - Uploaded /tmp/minio_downloads/1759830630.json to Snowflake stage
[2025-10-07T18:03:50.419+0000] {logging_mixin.py:188} INFO - Uploaded /tmp/minio_downloads/1759830642.json to Snowflake stage
[2025-10-07T18:03:50.939+0000] {logging_mixin.py:188} INFO - Uploaded /tmp/minio_downloads/1759830668.json to Snowflake stage
[2025-10-07T18:03:51.938+0000] {logging_mixin.py:188} INFO - Uploaded /tmp/minio_downloads/1759830691.json to Snowflake stage
[2025-10-07T18:03:52.702+0000] {logging_mixin.py:188} INFO - Uploaded /tmp/minio_downloads/1759830708.json to Snowflake stage
[2025-10-07T18:03:53.366+0000] {logging_mixin.py:188} INFO - Uploaded /tmp/minio_downloads/1759830725.json to Snowflake stage
[2025-10-07T18:03:54.238+0000] {logging_mixin.py:188} INFO - Uploaded /tmp/minio_downloads/1759830739.json to Snowflake stage
[2025-10-07T18:03:55.060+0000] {logging_mixin.py:188} INFO - Uploaded /tmp/minio_downloads/1759830755.json to Snowflake stage
[2025-10-07T18:03:55.772+0000] {logging_mixin.py:188} INFO - Uploaded /tmp/minio_downloads/1759830772.json to Snowflake stage
[2025-10-07T18:03:56.442+0000] {logging_mixin.py:188} INFO - Uploaded /tmp/minio_downloads/1759830788.json to Snowflake stage
[2025-10-07T18:03:57.322+0000] {logging_mixin.py:188} INFO - Uploaded /tmp/minio_downloads/1759830819.json to Snowflake stage
[2025-10-07T18:03:58.126+0000] {logging_mixin.py:188} INFO - Uploaded /tmp/minio_downloads/1759830832.json to Snowflake stage
[2025-10-07T18:03:58.930+0000] {logging_mixin.py:188} INFO - Uploaded /tmp/minio_downloads/1759830846.json to Snowflake stage
[2025-10-07T18:03:59.663+0000] {logging_mixin.py:188} INFO - Uploaded /tmp/minio_downloads/1759830864.json to Snowflake stage
[2025-10-07T18:04:00.485+0000] {logging_mixin.py:188} INFO - Uploaded /tmp/minio_downloads/1759830903.json to Snowflake stage
[2025-10-07T18:04:01.507+0000] {logging_mixin.py:188} INFO - Uploaded /tmp/minio_downloads/1759830917.json to Snowflake stage
[2025-10-07T18:04:02.136+0000] {logging_mixin.py:188} INFO - Uploaded /tmp/minio_downloads/1759830997.json to Snowflake stage
[2025-10-07T18:04:02.942+0000] {logging_mixin.py:188} INFO - Uploaded /tmp/minio_downloads/1759831024.json to Snowflake stage
[2025-10-07T18:04:03.762+0000] {logging_mixin.py:188} INFO - Uploaded /tmp/minio_downloads/1759831077.json to Snowflake stage
[2025-10-07T18:04:04.682+0000] {logging_mixin.py:188} INFO - Uploaded /tmp/minio_downloads/1759831093.json to Snowflake stage
[2025-10-07T18:04:05.913+0000] {logging_mixin.py:188} INFO - Uploaded /tmp/minio_downloads/1759831109.json to Snowflake stage
[2025-10-07T18:04:06.732+0000] {logging_mixin.py:188} INFO - Uploaded /tmp/minio_downloads/1759831124.json to Snowflake stage
[2025-10-07T18:04:07.548+0000] {logging_mixin.py:188} INFO - Uploaded /tmp/minio_downloads/1759831138.json to Snowflake stage
[2025-10-07T18:04:08.267+0000] {logging_mixin.py:188} INFO - Uploaded /tmp/minio_downloads/1759831190.json to Snowflake stage
[2025-10-07T18:04:08.985+0000] {logging_mixin.py:188} INFO - Uploaded /tmp/minio_downloads/1759831218.json to Snowflake stage
[2025-10-07T18:04:09.804+0000] {logging_mixin.py:188} INFO - Uploaded /tmp/minio_downloads/1759831260.json to Snowflake stage
[2025-10-07T18:04:10.521+0000] {logging_mixin.py:188} INFO - Uploaded /tmp/minio_downloads/1759831447.json to Snowflake stage
[2025-10-07T18:04:11.237+0000] {logging_mixin.py:188} INFO - Uploaded /tmp/minio_downloads/1759831475.json to Snowflake stage
[2025-10-07T18:04:11.957+0000] {logging_mixin.py:188} INFO - Uploaded /tmp/minio_downloads/1759831496.json to Snowflake stage
[2025-10-07T18:04:12.671+0000] {logging_mixin.py:188} INFO - Uploaded /tmp/minio_downloads/1759831517.json to Snowflake stage
[2025-10-07T18:04:13.491+0000] {logging_mixin.py:188} INFO - Uploaded /tmp/minio_downloads/1759831540.json to Snowflake stage
[2025-10-07T18:04:14.208+0000] {logging_mixin.py:188} INFO - Uploaded /tmp/minio_downloads/1759831558.json to Snowflake stage
