[2025-10-07T08:32:34.008+0000] {local_task_job_runner.py:120} INFO - ::group::Pre task execution logs
[2025-10-07T08:32:34.171+0000] {taskinstance.py:2076} INFO - Dependencies all met for dep_context=non-requeueable deps ti=<TaskInstance: minio_to_snowflake.load_snowflake scheduled__2025-10-06T17:34:00+00:00 [queued]>
[2025-10-07T08:32:34.218+0000] {taskinstance.py:2076} INFO - Dependencies all met for dep_context=requeueable deps ti=<TaskInstance: minio_to_snowflake.load_snowflake scheduled__2025-10-06T17:34:00+00:00 [queued]>
[2025-10-07T08:32:34.220+0000] {taskinstance.py:2306} INFO - Starting attempt 2 of 2
[2025-10-07T08:32:34.268+0000] {taskinstance.py:2330} INFO - Executing <Task(PythonOperator): load_snowflake> on 2025-10-06 17:34:00+00:00
[2025-10-07T08:32:34.296+0000] {standard_task_runner.py:90} INFO - Running: ['***', 'tasks', 'run', 'minio_to_snowflake', 'load_snowflake', 'scheduled__2025-10-06T17:34:00+00:00', '--job-id', '39', '--raw', '--subdir', 'DAGS_FOLDER/minio_to_snowflake.py', '--cfg-path', '/tmp/tmpjglb54ao']
[2025-10-07T08:32:34.306+0000] {standard_task_runner.py:91} INFO - Job 39: Subtask load_snowflake
[2025-10-07T08:32:34.308+0000] {logging_mixin.py:188} WARNING - /home/***/.local/lib/python3.12/site-packages/***/task/task_runner/standard_task_runner.py:62 DeprecationWarning: This process (pid=16895) is multi-threaded, use of fork() may lead to deadlocks in the child.
[2025-10-07T08:32:34.310+0000] {standard_task_runner.py:64} INFO - Started process 16905 to run task
[2025-10-07T08:32:34.565+0000] {task_command.py:426} INFO - Running <TaskInstance: minio_to_snowflake.load_snowflake scheduled__2025-10-06T17:34:00+00:00 [running]> on host 24b9f9b681d0
[2025-10-07T08:32:34.899+0000] {taskinstance.py:2648} INFO - Exporting env vars: AIRFLOW_CTX_DAG_OWNER='***' AIRFLOW_CTX_DAG_ID='minio_to_snowflake' AIRFLOW_CTX_TASK_ID='load_snowflake' AIRFLOW_CTX_EXECUTION_DATE='2025-10-06T17:34:00+00:00' AIRFLOW_CTX_TRY_NUMBER='2' AIRFLOW_CTX_DAG_RUN_ID='scheduled__2025-10-06T17:34:00+00:00'
[2025-10-07T08:32:34.904+0000] {taskinstance.py:430} INFO - ::endgroup::
[2025-10-07T08:32:34.960+0000] {connection.py:408} INFO - Snowflake Connector for Python Version: 3.11.0, Python Version: 3.12.4, Platform: Linux-6.6.87.2-microsoft-standard-WSL2-x86_64-with-glibc2.36
[2025-10-07T08:32:34.964+0000] {connection.py:1258} INFO - This connection is in OCSP Fail Open Mode. TLS Certificates would be checked for validity and revocation status. Any other Certificate Revocation related exceptions or OCSP Responder failures would be disregarded in favor of connectivity.
[2025-10-07T08:32:37.805+0000] {logging_mixin.py:188} INFO - Uploaded /tmp/minio_downloads/1759738383.json to Snowflake stage
[2025-10-07T08:32:38.530+0000] {logging_mixin.py:188} INFO - Uploaded /tmp/minio_downloads/1759738397.json to Snowflake stage
[2025-10-07T08:32:39.121+0000] {logging_mixin.py:188} INFO - Uploaded /tmp/minio_downloads/1759738410.json to Snowflake stage
[2025-10-07T08:32:39.925+0000] {logging_mixin.py:188} INFO - Uploaded /tmp/minio_downloads/1759738431.json to Snowflake stage
[2025-10-07T08:32:40.861+0000] {logging_mixin.py:188} INFO - Uploaded /tmp/minio_downloads/1759738457.json to Snowflake stage
[2025-10-07T08:32:42.070+0000] {logging_mixin.py:188} INFO - Uploaded /tmp/minio_downloads/1759738476.json to Snowflake stage
[2025-10-07T08:32:42.780+0000] {logging_mixin.py:188} INFO - Uploaded /tmp/minio_downloads/1759738494.json to Snowflake stage
[2025-10-07T08:32:43.215+0000] {logging_mixin.py:188} INFO - Uploaded /tmp/minio_downloads/1759738512.json to Snowflake stage
[2025-10-07T08:32:44.140+0000] {logging_mixin.py:188} INFO - Uploaded /tmp/minio_downloads/1759738540.json to Snowflake stage
[2025-10-07T08:32:44.803+0000] {logging_mixin.py:188} INFO - Uploaded /tmp/minio_downloads/1759738577.json to Snowflake stage
[2025-10-07T08:32:45.655+0000] {logging_mixin.py:188} INFO - Uploaded /tmp/minio_downloads/1759738618.json to Snowflake stage
[2025-10-07T08:32:46.065+0000] {logging_mixin.py:188} INFO - Uploaded /tmp/minio_downloads/1759738633.json to Snowflake stage
[2025-10-07T08:32:46.588+0000] {logging_mixin.py:188} INFO - Uploaded /tmp/minio_downloads/1759738648.json to Snowflake stage
[2025-10-07T08:32:47.084+0000] {logging_mixin.py:188} INFO - Uploaded /tmp/minio_downloads/1759738662.json to Snowflake stage
[2025-10-07T08:32:47.698+0000] {logging_mixin.py:188} INFO - Uploaded /tmp/minio_downloads/1759738675.json to Snowflake stage
[2025-10-07T08:32:48.135+0000] {logging_mixin.py:188} INFO - Uploaded /tmp/minio_downloads/1759738689.json to Snowflake stage
[2025-10-07T08:32:49.036+0000] {logging_mixin.py:188} INFO - Uploaded /tmp/minio_downloads/1759738703.json to Snowflake stage
[2025-10-07T08:32:49.543+0000] {logging_mixin.py:188} INFO - Uploaded /tmp/minio_downloads/1759738717.json to Snowflake stage
[2025-10-07T08:32:50.157+0000] {logging_mixin.py:188} INFO - Uploaded /tmp/minio_downloads/1759738732.json to Snowflake stage
[2025-10-07T08:32:50.549+0000] {logging_mixin.py:188} INFO - Uploaded /tmp/minio_downloads/1759738747.json to Snowflake stage
[2025-10-07T08:32:51.410+0000] {logging_mixin.py:188} INFO - Uploaded /tmp/minio_downloads/1759738763.json to Snowflake stage
[2025-10-07T08:32:53.800+0000] {logging_mixin.py:188} INFO - Uploaded /tmp/minio_downloads/1759738778.json to Snowflake stage
[2025-10-07T08:32:54.955+0000] {logging_mixin.py:188} INFO - Uploaded /tmp/minio_downloads/1759738807.json to Snowflake stage
[2025-10-07T08:32:55.497+0000] {logging_mixin.py:188} INFO - Uploaded /tmp/minio_downloads/1759738823.json to Snowflake stage
[2025-10-07T08:32:56.106+0000] {logging_mixin.py:188} INFO - Uploaded /tmp/minio_downloads/1759738840.json to Snowflake stage
[2025-10-07T08:32:56.665+0000] {logging_mixin.py:188} INFO - Uploaded /tmp/minio_downloads/1759738860.json to Snowflake stage
[2025-10-07T08:32:57.244+0000] {logging_mixin.py:188} INFO - Uploaded /tmp/minio_downloads/1759738880.json to Snowflake stage
[2025-10-07T08:32:57.710+0000] {logging_mixin.py:188} INFO - Uploaded /tmp/minio_downloads/1759738897.json to Snowflake stage
[2025-10-07T08:32:58.184+0000] {logging_mixin.py:188} INFO - Uploaded /tmp/minio_downloads/1759738916.json to Snowflake stage
[2025-10-07T08:32:58.606+0000] {logging_mixin.py:188} INFO - Uploaded /tmp/minio_downloads/1759738943.json to Snowflake stage
[2025-10-07T08:32:59.115+0000] {logging_mixin.py:188} INFO - Uploaded /tmp/minio_downloads/1759738959.json to Snowflake stage
[2025-10-07T08:32:59.515+0000] {logging_mixin.py:188} INFO - Uploaded /tmp/minio_downloads/1759738973.json to Snowflake stage
[2025-10-07T08:32:59.974+0000] {logging_mixin.py:188} INFO - Uploaded /tmp/minio_downloads/1759738989.json to Snowflake stage
[2025-10-07T08:33:00.424+0000] {logging_mixin.py:188} INFO - Uploaded /tmp/minio_downloads/1759739009.json to Snowflake stage
[2025-10-07T08:33:01.097+0000] {logging_mixin.py:188} INFO - Uploaded /tmp/minio_downloads/1759739029.json to Snowflake stage
[2025-10-07T08:33:01.701+0000] {logging_mixin.py:188} INFO - Uploaded /tmp/minio_downloads/1759739055.json to Snowflake stage
[2025-10-07T08:33:02.297+0000] {logging_mixin.py:188} INFO - Uploaded /tmp/minio_downloads/1759739075.json to Snowflake stage
[2025-10-07T08:33:02.736+0000] {logging_mixin.py:188} INFO - Uploaded /tmp/minio_downloads/1759739097.json to Snowflake stage
[2025-10-07T08:33:03.215+0000] {logging_mixin.py:188} INFO - Uploaded /tmp/minio_downloads/1759739117.json to Snowflake stage
[2025-10-07T08:33:03.775+0000] {logging_mixin.py:188} INFO - Uploaded /tmp/minio_downloads/1759739134.json to Snowflake stage
[2025-10-07T08:33:04.257+0000] {logging_mixin.py:188} INFO - Uploaded /tmp/minio_downloads/1759739151.json to Snowflake stage
[2025-10-07T08:33:04.713+0000] {logging_mixin.py:188} INFO - Uploaded /tmp/minio_downloads/1759739169.json to Snowflake stage
[2025-10-07T08:33:05.209+0000] {logging_mixin.py:188} INFO - Uploaded /tmp/minio_downloads/1759739187.json to Snowflake stage
[2025-10-07T08:33:05.775+0000] {logging_mixin.py:188} INFO - Uploaded /tmp/minio_downloads/1759739204.json to Snowflake stage
[2025-10-07T08:33:06.296+0000] {logging_mixin.py:188} INFO - Uploaded /tmp/minio_downloads/1759739225.json to Snowflake stage
[2025-10-07T08:33:06.733+0000] {logging_mixin.py:188} INFO - Uploaded /tmp/minio_downloads/1759739242.json to Snowflake stage
[2025-10-07T08:33:07.258+0000] {logging_mixin.py:188} INFO - Uploaded /tmp/minio_downloads/1759739260.json to Snowflake stage
[2025-10-07T08:33:07.770+0000] {logging_mixin.py:188} INFO - Uploaded /tmp/minio_downloads/1759739276.json to Snowflake stage
[2025-10-07T08:33:08.283+0000] {logging_mixin.py:188} INFO - Uploaded /tmp/minio_downloads/1759739290.json to Snowflake stage
[2025-10-07T08:33:08.897+0000] {logging_mixin.py:188} INFO - Uploaded /tmp/minio_downloads/1759739304.json to Snowflake stage
[2025-10-07T08:33:10.332+0000] {logging_mixin.py:188} INFO - Uploaded /tmp/minio_downloads/1759739319.json to Snowflake stage
[2025-10-07T08:33:10.868+0000] {logging_mixin.py:188} INFO - Uploaded /tmp/minio_downloads/1759739333.json to Snowflake stage
[2025-10-07T08:33:11.342+0000] {logging_mixin.py:188} INFO - Uploaded /tmp/minio_downloads/1759739346.json to Snowflake stage
[2025-10-07T08:33:11.750+0000] {logging_mixin.py:188} INFO - Uploaded /tmp/minio_downloads/1759739360.json to Snowflake stage
[2025-10-07T08:33:12.377+0000] {logging_mixin.py:188} INFO - Uploaded /tmp/minio_downloads/1759739375.json to Snowflake stage
[2025-10-07T08:33:12.831+0000] {logging_mixin.py:188} INFO - Uploaded /tmp/minio_downloads/1759739391.json to Snowflake stage
[2025-10-07T08:33:13.258+0000] {logging_mixin.py:188} INFO - Uploaded /tmp/minio_downloads/1759739406.json to Snowflake stage
[2025-10-07T08:33:13.814+0000] {logging_mixin.py:188} INFO - Uploaded /tmp/minio_downloads/1759739425.json to Snowflake stage
[2025-10-07T08:33:14.258+0000] {logging_mixin.py:188} INFO - Uploaded /tmp/minio_downloads/1759739439.json to Snowflake stage
[2025-10-07T08:33:14.782+0000] {logging_mixin.py:188} INFO - Uploaded /tmp/minio_downloads/1759739452.json to Snowflake stage
[2025-10-07T08:33:15.248+0000] {logging_mixin.py:188} INFO - Uploaded /tmp/minio_downloads/1759739468.json to Snowflake stage
[2025-10-07T08:33:16.046+0000] {logging_mixin.py:188} INFO - Uploaded /tmp/minio_downloads/1759739481.json to Snowflake stage
[2025-10-07T08:33:16.578+0000] {logging_mixin.py:188} INFO - Uploaded /tmp/minio_downloads/1759739495.json to Snowflake stage
[2025-10-07T08:33:17.091+0000] {logging_mixin.py:188} INFO - Uploaded /tmp/minio_downloads/1759739513.json to Snowflake stage
[2025-10-07T08:33:17.806+0000] {logging_mixin.py:188} INFO - Uploaded /tmp/minio_downloads/1759739528.json to Snowflake stage
[2025-10-07T08:33:18.319+0000] {logging_mixin.py:188} INFO - Uploaded /tmp/minio_downloads/1759739545.json to Snowflake stage
[2025-10-07T08:33:18.829+0000] {logging_mixin.py:188} INFO - Uploaded /tmp/minio_downloads/1759739561.json to Snowflake stage
[2025-10-07T08:33:19.249+0000] {logging_mixin.py:188} INFO - Uploaded /tmp/minio_downloads/1759739589.json to Snowflake stage
[2025-10-07T08:33:19.663+0000] {logging_mixin.py:188} INFO - Uploaded /tmp/minio_downloads/1759739644.json to Snowflake stage
[2025-10-07T08:33:20.369+0000] {logging_mixin.py:188} INFO - Uploaded /tmp/minio_downloads/1759739662.json to Snowflake stage
[2025-10-07T08:33:20.980+0000] {logging_mixin.py:188} INFO - Uploaded /tmp/minio_downloads/1759739678.json to Snowflake stage
[2025-10-07T08:33:21.495+0000] {logging_mixin.py:188} INFO - Uploaded /tmp/minio_downloads/1759739697.json to Snowflake stage
[2025-10-07T08:33:22.095+0000] {logging_mixin.py:188} INFO - Uploaded /tmp/minio_downloads/1759739713.json to Snowflake stage
[2025-10-07T08:33:22.621+0000] {logging_mixin.py:188} INFO - Uploaded /tmp/minio_downloads/1759739732.json to Snowflake stage
[2025-10-07T08:33:23.132+0000] {logging_mixin.py:188} INFO - Uploaded /tmp/minio_downloads/1759739749.json to Snowflake stage
[2025-10-07T08:33:23.543+0000] {logging_mixin.py:188} INFO - Uploaded /tmp/minio_downloads/1759739765.json to Snowflake stage
[2025-10-07T08:33:24.258+0000] {logging_mixin.py:188} INFO - Uploaded /tmp/minio_downloads/1759739782.json to Snowflake stage
[2025-10-07T08:33:25.056+0000] {logging_mixin.py:188} INFO - Uploaded /tmp/minio_downloads/1759739809.json to Snowflake stage
[2025-10-07T08:33:25.617+0000] {logging_mixin.py:188} INFO - Uploaded /tmp/minio_downloads/1759739824.json to Snowflake stage
[2025-10-07T08:33:26.303+0000] {logging_mixin.py:188} INFO - Uploaded /tmp/minio_downloads/1759739841.json to Snowflake stage
[2025-10-07T08:33:26.916+0000] {logging_mixin.py:188} INFO - Uploaded /tmp/minio_downloads/1759739858.json to Snowflake stage
[2025-10-07T08:33:28.320+0000] {logging_mixin.py:188} INFO - Uploaded /tmp/minio_downloads/1759739874.json to Snowflake stage
[2025-10-07T08:33:29.144+0000] {logging_mixin.py:188} INFO - Uploaded /tmp/minio_downloads/1759739892.json to Snowflake stage
[2025-10-07T08:33:29.887+0000] {logging_mixin.py:188} INFO - Uploaded /tmp/minio_downloads/1759739910.json to Snowflake stage
[2025-10-07T08:33:30.655+0000] {logging_mixin.py:188} INFO - Uploaded /tmp/minio_downloads/1759739931.json to Snowflake stage
[2025-10-07T08:33:31.216+0000] {logging_mixin.py:188} INFO - Uploaded /tmp/minio_downloads/1759739943.json to Snowflake stage
[2025-10-07T08:33:32.343+0000] {logging_mixin.py:188} INFO - Uploaded /tmp/minio_downloads/1759739956.json to Snowflake stage
[2025-10-07T08:33:33.394+0000] {logging_mixin.py:188} INFO - Uploaded /tmp/minio_downloads/1759739969.json to Snowflake stage
[2025-10-07T08:33:34.439+0000] {logging_mixin.py:188} INFO - Uploaded /tmp/minio_downloads/1759739982.json to Snowflake stage
[2025-10-07T08:33:35.215+0000] {logging_mixin.py:188} INFO - Uploaded /tmp/minio_downloads/1759739995.json to Snowflake stage
[2025-10-07T08:33:36.030+0000] {logging_mixin.py:188} INFO - Uploaded /tmp/minio_downloads/1759740011.json to Snowflake stage
[2025-10-07T08:33:36.810+0000] {logging_mixin.py:188} INFO - Uploaded /tmp/minio_downloads/1759740024.json to Snowflake stage
[2025-10-07T08:33:37.873+0000] {logging_mixin.py:188} INFO - Uploaded /tmp/minio_downloads/1759740037.json to Snowflake stage
[2025-10-07T08:33:38.535+0000] {logging_mixin.py:188} INFO - Uploaded /tmp/minio_downloads/1759740053.json to Snowflake stage
[2025-10-07T08:33:39.244+0000] {logging_mixin.py:188} INFO - Uploaded /tmp/minio_downloads/1759740066.json to Snowflake stage
[2025-10-07T08:33:39.921+0000] {logging_mixin.py:188} INFO - Uploaded /tmp/minio_downloads/1759740084.json to Snowflake stage
[2025-10-07T08:33:40.707+0000] {logging_mixin.py:188} INFO - Uploaded /tmp/minio_downloads/1759740099.json to Snowflake stage
[2025-10-07T08:33:41.452+0000] {logging_mixin.py:188} INFO - Uploaded /tmp/minio_downloads/1759740118.json to Snowflake stage
[2025-10-07T08:33:42.079+0000] {logging_mixin.py:188} INFO - Uploaded /tmp/minio_downloads/1759740132.json to Snowflake stage
[2025-10-07T08:33:42.898+0000] {logging_mixin.py:188} INFO - Uploaded /tmp/minio_downloads/1759740145.json to Snowflake stage
[2025-10-07T08:33:43.566+0000] {logging_mixin.py:188} INFO - Uploaded /tmp/minio_downloads/1759740161.json to Snowflake stage
[2025-10-07T08:33:44.177+0000] {logging_mixin.py:188} INFO - Uploaded /tmp/minio_downloads/1759740175.json to Snowflake stage
[2025-10-07T08:33:45.042+0000] {logging_mixin.py:188} INFO - Uploaded /tmp/minio_downloads/1759740189.json to Snowflake stage
[2025-10-07T08:33:45.593+0000] {logging_mixin.py:188} INFO - Uploaded /tmp/minio_downloads/1759740208.json to Snowflake stage
[2025-10-07T08:33:46.100+0000] {logging_mixin.py:188} INFO - Uploaded /tmp/minio_downloads/1759738390.json to Snowflake stage
[2025-10-07T08:33:46.615+0000] {logging_mixin.py:188} INFO - Uploaded /tmp/minio_downloads/1759738403.json to Snowflake stage
[2025-10-07T08:33:47.058+0000] {logging_mixin.py:188} INFO - Uploaded /tmp/minio_downloads/1759738420.json to Snowflake stage
[2025-10-07T08:33:47.529+0000] {logging_mixin.py:188} INFO - Uploaded /tmp/minio_downloads/1759738449.json to Snowflake stage
[2025-10-07T08:33:48.013+0000] {logging_mixin.py:188} INFO - Uploaded /tmp/minio_downloads/1759738469.json to Snowflake stage
[2025-10-07T08:33:48.603+0000] {logging_mixin.py:188} INFO - Uploaded /tmp/minio_downloads/1759738486.json to Snowflake stage
[2025-10-07T08:33:49.548+0000] {logging_mixin.py:188} INFO - Uploaded /tmp/minio_downloads/1759738503.json to Snowflake stage
[2025-10-07T08:33:49.943+0000] {logging_mixin.py:188} INFO - Uploaded /tmp/minio_downloads/1759738523.json to Snowflake stage
[2025-10-07T08:33:50.472+0000] {logging_mixin.py:188} INFO - Uploaded /tmp/minio_downloads/1759738567.json to Snowflake stage
[2025-10-07T08:33:50.882+0000] {logging_mixin.py:188} INFO - Uploaded /tmp/minio_downloads/1759738600.json to Snowflake stage
[2025-10-07T08:33:51.395+0000] {logging_mixin.py:188} INFO - Uploaded /tmp/minio_downloads/1759738625.json to Snowflake stage
[2025-10-07T08:33:51.903+0000] {logging_mixin.py:188} INFO - Uploaded /tmp/minio_downloads/1759738640.json to Snowflake stage
[2025-10-07T08:33:52.497+0000] {logging_mixin.py:188} INFO - Uploaded /tmp/minio_downloads/1759738655.json to Snowflake stage
[2025-10-07T08:33:53.164+0000] {logging_mixin.py:188} INFO - Uploaded /tmp/minio_downloads/1759738668.json to Snowflake stage
[2025-10-07T08:33:53.775+0000] {logging_mixin.py:188} INFO - Uploaded /tmp/minio_downloads/1759738681.json to Snowflake stage
[2025-10-07T08:33:54.378+0000] {logging_mixin.py:188} INFO - Uploaded /tmp/minio_downloads/1759738696.json to Snowflake stage
[2025-10-07T08:33:54.976+0000] {logging_mixin.py:188} INFO - Uploaded /tmp/minio_downloads/1759738709.json to Snowflake stage
[2025-10-07T08:33:55.475+0000] {logging_mixin.py:188} INFO - Uploaded /tmp/minio_downloads/1759738724.json to Snowflake stage
[2025-10-07T08:33:56.177+0000] {logging_mixin.py:188} INFO - Uploaded /tmp/minio_downloads/1759738739.json to Snowflake stage
[2025-10-07T08:33:56.661+0000] {logging_mixin.py:188} INFO - Uploaded /tmp/minio_downloads/1759738755.json to Snowflake stage
[2025-10-07T08:33:57.094+0000] {logging_mixin.py:188} INFO - Uploaded /tmp/minio_downloads/1759738771.json to Snowflake stage
[2025-10-07T08:33:57.535+0000] {logging_mixin.py:188} INFO - Uploaded /tmp/minio_downloads/1759738798.json to Snowflake stage
[2025-10-07T08:33:58.085+0000] {logging_mixin.py:188} INFO - Uploaded /tmp/minio_downloads/1759738815.json to Snowflake stage
[2025-10-07T08:33:58.767+0000] {logging_mixin.py:188} INFO - Uploaded /tmp/minio_downloads/1759738832.json to Snowflake stage
[2025-10-07T08:33:59.314+0000] {logging_mixin.py:188} INFO - Uploaded /tmp/minio_downloads/1759738851.json to Snowflake stage
[2025-10-07T08:34:00.223+0000] {logging_mixin.py:188} INFO - Uploaded /tmp/minio_downloads/1759738872.json to Snowflake stage
[2025-10-07T08:34:01.733+0000] {logging_mixin.py:188} INFO - Uploaded /tmp/minio_downloads/1759738887.json to Snowflake stage
[2025-10-07T08:34:03.628+0000] {logging_mixin.py:188} INFO - Uploaded /tmp/minio_downloads/1759738906.json to Snowflake stage
[2025-10-07T08:34:04.624+0000] {logging_mixin.py:188} INFO - Uploaded /tmp/minio_downloads/1759738934.json to Snowflake stage
[2025-10-07T08:34:05.277+0000] {logging_mixin.py:188} INFO - Uploaded /tmp/minio_downloads/1759738951.json to Snowflake stage
[2025-10-07T08:34:05.825+0000] {logging_mixin.py:188} INFO - Uploaded /tmp/minio_downloads/1759738965.json to Snowflake stage
[2025-10-07T08:34:06.462+0000] {logging_mixin.py:188} INFO - Uploaded /tmp/minio_downloads/1759738981.json to Snowflake stage
[2025-10-07T08:34:07.383+0000] {logging_mixin.py:188} INFO - Uploaded /tmp/minio_downloads/1759738999.json to Snowflake stage
[2025-10-07T08:34:07.859+0000] {logging_mixin.py:188} INFO - Uploaded /tmp/minio_downloads/1759739021.json to Snowflake stage
[2025-10-07T08:34:08.302+0000] {logging_mixin.py:188} INFO - Uploaded /tmp/minio_downloads/1759739045.json to Snowflake stage
[2025-10-07T08:34:08.870+0000] {logging_mixin.py:188} INFO - Uploaded /tmp/minio_downloads/1759739067.json to Snowflake stage
[2025-10-07T08:34:09.430+0000] {logging_mixin.py:188} INFO - Uploaded /tmp/minio_downloads/1759739087.json to Snowflake stage
[2025-10-07T08:34:09.930+0000] {logging_mixin.py:188} INFO - Uploaded /tmp/minio_downloads/1759739108.json to Snowflake stage
[2025-10-07T08:34:10.536+0000] {logging_mixin.py:188} INFO - Uploaded /tmp/minio_downloads/1759739126.json to Snowflake stage
[2025-10-07T08:34:11.095+0000] {logging_mixin.py:188} INFO - Uploaded /tmp/minio_downloads/1759739143.json to Snowflake stage
[2025-10-07T08:34:11.575+0000] {logging_mixin.py:188} INFO - Uploaded /tmp/minio_downloads/1759739159.json to Snowflake stage
[2025-10-07T08:34:12.115+0000] {logging_mixin.py:188} INFO - Uploaded /tmp/minio_downloads/1759739178.json to Snowflake stage
[2025-10-07T08:34:12.743+0000] {logging_mixin.py:188} INFO - Uploaded /tmp/minio_downloads/1759739195.json to Snowflake stage
[2025-10-07T08:34:13.206+0000] {logging_mixin.py:188} INFO - Uploaded /tmp/minio_downloads/1759739215.json to Snowflake stage
[2025-10-07T08:34:13.818+0000] {logging_mixin.py:188} INFO - Uploaded /tmp/minio_downloads/1759739234.json to Snowflake stage
[2025-10-07T08:34:14.376+0000] {logging_mixin.py:188} INFO - Uploaded /tmp/minio_downloads/1759739252.json to Snowflake stage
[2025-10-07T08:34:14.896+0000] {logging_mixin.py:188} INFO - Uploaded /tmp/minio_downloads/1759739268.json to Snowflake stage
[2025-10-07T08:34:15.459+0000] {logging_mixin.py:188} INFO - Uploaded /tmp/minio_downloads/1759739282.json to Snowflake stage
[2025-10-07T08:34:15.970+0000] {logging_mixin.py:188} INFO - Uploaded /tmp/minio_downloads/1759739296.json to Snowflake stage
[2025-10-07T08:34:16.416+0000] {logging_mixin.py:188} INFO - Uploaded /tmp/minio_downloads/1759739311.json to Snowflake stage
[2025-10-07T08:34:16.894+0000] {logging_mixin.py:188} INFO - Uploaded /tmp/minio_downloads/1759739325.json to Snowflake stage
[2025-10-07T08:34:17.338+0000] {logging_mixin.py:188} INFO - Uploaded /tmp/minio_downloads/1759739339.json to Snowflake stage
[2025-10-07T08:34:17.815+0000] {logging_mixin.py:188} INFO - Uploaded /tmp/minio_downloads/1759739352.json to Snowflake stage
[2025-10-07T08:34:18.229+0000] {logging_mixin.py:188} INFO - Uploaded /tmp/minio_downloads/1759739366.json to Snowflake stage
[2025-10-07T08:34:18.739+0000] {logging_mixin.py:188} INFO - Uploaded /tmp/minio_downloads/1759739383.json to Snowflake stage
[2025-10-07T08:34:19.271+0000] {logging_mixin.py:188} INFO - Uploaded /tmp/minio_downloads/1759739397.json to Snowflake stage
[2025-10-07T08:34:19.738+0000] {logging_mixin.py:188} INFO - Uploaded /tmp/minio_downloads/1759739418.json to Snowflake stage
[2025-10-07T08:34:20.374+0000] {logging_mixin.py:188} INFO - Uploaded /tmp/minio_downloads/1759739431.json to Snowflake stage
[2025-10-07T08:34:20.926+0000] {logging_mixin.py:188} INFO - Uploaded /tmp/minio_downloads/1759739445.json to Snowflake stage
[2025-10-07T08:34:21.465+0000] {logging_mixin.py:188} INFO - Uploaded /tmp/minio_downloads/1759739459.json to Snowflake stage
[2025-10-07T08:34:22.036+0000] {logging_mixin.py:188} INFO - Uploaded /tmp/minio_downloads/1759739473.json to Snowflake stage
[2025-10-07T08:34:22.727+0000] {logging_mixin.py:188} INFO - Uploaded /tmp/minio_downloads/1759739487.json to Snowflake stage
[2025-10-07T08:34:23.242+0000] {logging_mixin.py:188} INFO - Uploaded /tmp/minio_downloads/1759739504.json to Snowflake stage
[2025-10-07T08:34:23.751+0000] {logging_mixin.py:188} INFO - Uploaded /tmp/minio_downloads/1759739520.json to Snowflake stage
[2025-10-07T08:34:24.264+0000] {logging_mixin.py:188} INFO - Uploaded /tmp/minio_downloads/1759739537.json to Snowflake stage
[2025-10-07T08:34:25.186+0000] {logging_mixin.py:188} INFO - Uploaded /tmp/minio_downloads/1759739553.json to Snowflake stage
[2025-10-07T08:34:25.799+0000] {logging_mixin.py:188} INFO - Uploaded /tmp/minio_downloads/1759739581.json to Snowflake stage
[2025-10-07T08:34:26.629+0000] {logging_mixin.py:188} INFO - Uploaded /tmp/minio_downloads/1759739597.json to Snowflake stage
[2025-10-07T08:34:27.244+0000] {logging_mixin.py:188} INFO - Uploaded /tmp/minio_downloads/1759739636.json to Snowflake stage
[2025-10-07T08:34:27.857+0000] {logging_mixin.py:188} INFO - Uploaded /tmp/minio_downloads/1759739653.json to Snowflake stage
[2025-10-07T08:34:28.415+0000] {logging_mixin.py:188} INFO - Uploaded /tmp/minio_downloads/1759739670.json to Snowflake stage
[2025-10-07T08:34:28.971+0000] {logging_mixin.py:188} INFO - Uploaded /tmp/minio_downloads/1759739688.json to Snowflake stage
[2025-10-07T08:34:29.485+0000] {logging_mixin.py:188} INFO - Uploaded /tmp/minio_downloads/1759739705.json to Snowflake stage
[2025-10-07T08:34:29.928+0000] {logging_mixin.py:188} INFO - Uploaded /tmp/minio_downloads/1759739724.json to Snowflake stage
[2025-10-07T08:34:30.919+0000] {logging_mixin.py:188} INFO - Uploaded /tmp/minio_downloads/1759739740.json to Snowflake stage
[2025-10-07T08:34:31.354+0000] {logging_mixin.py:188} INFO - Uploaded /tmp/minio_downloads/1759739757.json to Snowflake stage
[2025-10-07T08:34:31.861+0000] {logging_mixin.py:188} INFO - Uploaded /tmp/minio_downloads/1759739774.json to Snowflake stage
[2025-10-07T08:34:32.594+0000] {logging_mixin.py:188} INFO - Uploaded /tmp/minio_downloads/1759739800.json to Snowflake stage
[2025-10-07T08:34:33.884+0000] {logging_mixin.py:188} INFO - Uploaded /tmp/minio_downloads/1759739816.json to Snowflake stage
[2025-10-07T08:34:34.775+0000] {logging_mixin.py:188} INFO - Uploaded /tmp/minio_downloads/1759739833.json to Snowflake stage
[2025-10-07T08:34:36.248+0000] {logging_mixin.py:188} INFO - Uploaded /tmp/minio_downloads/1759739849.json to Snowflake stage
[2025-10-07T08:34:37.473+0000] {logging_mixin.py:188} INFO - Uploaded /tmp/minio_downloads/1759739866.json to Snowflake stage
[2025-10-07T08:34:38.293+0000] {logging_mixin.py:188} INFO - Uploaded /tmp/minio_downloads/1759739884.json to Snowflake stage
[2025-10-07T08:34:39.214+0000] {logging_mixin.py:188} INFO - Uploaded /tmp/minio_downloads/1759739901.json to Snowflake stage
[2025-10-07T08:34:39.932+0000] {logging_mixin.py:188} INFO - Uploaded /tmp/minio_downloads/1759739923.json to Snowflake stage
[2025-10-07T08:34:40.735+0000] {logging_mixin.py:188} INFO - Uploaded /tmp/minio_downloads/1759739936.json to Snowflake stage
[2025-10-07T08:34:41.543+0000] {logging_mixin.py:188} INFO - Uploaded /tmp/minio_downloads/1759739948.json to Snowflake stage
[2025-10-07T08:34:42.530+0000] {logging_mixin.py:188} INFO - Uploaded /tmp/minio_downloads/1759739962.json to Snowflake stage
[2025-10-07T08:34:43.305+0000] {logging_mixin.py:188} INFO - Uploaded /tmp/minio_downloads/1759739975.json to Snowflake stage
[2025-10-07T08:34:44.129+0000] {logging_mixin.py:188} INFO - Uploaded /tmp/minio_downloads/1759739988.json to Snowflake stage
[2025-10-07T08:34:44.848+0000] {logging_mixin.py:188} INFO - Uploaded /tmp/minio_downloads/1759740003.json to Snowflake stage
[2025-10-07T08:34:45.664+0000] {logging_mixin.py:188} INFO - Uploaded /tmp/minio_downloads/1759740016.json to Snowflake stage
[2025-10-07T08:34:46.465+0000] {logging_mixin.py:188} INFO - Uploaded /tmp/minio_downloads/1759740029.json to Snowflake stage
[2025-10-07T08:34:47.305+0000] {logging_mixin.py:188} INFO - Uploaded /tmp/minio_downloads/1759740044.json to Snowflake stage
[2025-10-07T08:34:48.123+0000] {logging_mixin.py:188} INFO - Uploaded /tmp/minio_downloads/1759740058.json to Snowflake stage
[2025-10-07T08:34:48.838+0000] {logging_mixin.py:188} INFO - Uploaded /tmp/minio_downloads/1759740073.json to Snowflake stage
[2025-10-07T08:34:49.770+0000] {logging_mixin.py:188} INFO - Uploaded /tmp/minio_downloads/1759740092.json to Snowflake stage
[2025-10-07T08:34:51.454+0000] {logging_mixin.py:188} INFO - Uploaded /tmp/minio_downloads/1759740111.json to Snowflake stage
[2025-10-07T08:34:52.080+0000] {logging_mixin.py:188} INFO - Uploaded /tmp/minio_downloads/1759740125.json to Snowflake stage
[2025-10-07T08:34:52.855+0000] {logging_mixin.py:188} INFO - Uploaded /tmp/minio_downloads/1759740138.json to Snowflake stage
[2025-10-07T08:34:53.651+0000] {logging_mixin.py:188} INFO - Uploaded /tmp/minio_downloads/1759740153.json to Snowflake stage
[2025-10-07T08:34:54.369+0000] {logging_mixin.py:188} INFO - Uploaded /tmp/minio_downloads/1759740167.json to Snowflake stage
[2025-10-07T08:34:55.097+0000] {logging_mixin.py:188} INFO - Uploaded /tmp/minio_downloads/1759740181.json to Snowflake stage
[2025-10-07T08:34:55.803+0000] {logging_mixin.py:188} INFO - Uploaded /tmp/minio_downloads/1759740199.json to Snowflake stage
[2025-10-07T08:34:56.735+0000] {logging_mixin.py:188} INFO - Uploaded /tmp/minio_downloads/1759740217.json to Snowflake stage
[2025-10-07T08:34:57.338+0000] {logging_mixin.py:188} INFO - Uploaded /tmp/minio_downloads/1759738388.json to Snowflake stage
[2025-10-07T08:34:57.848+0000] {logging_mixin.py:188} INFO - Uploaded /tmp/minio_downloads/1759738401.json to Snowflake stage
[2025-10-07T08:34:58.465+0000] {logging_mixin.py:188} INFO - Uploaded /tmp/minio_downloads/1759738414.json to Snowflake stage
[2025-10-07T08:34:58.977+0000] {logging_mixin.py:188} INFO - Uploaded /tmp/minio_downloads/1759738445.json to Snowflake stage
[2025-10-07T08:34:59.590+0000] {logging_mixin.py:188} INFO - Uploaded /tmp/minio_downloads/1759738466.json to Snowflake stage
[2025-10-07T08:35:00.309+0000] {logging_mixin.py:188} INFO - Uploaded /tmp/minio_downloads/1759738482.json to Snowflake stage
[2025-10-07T08:35:00.908+0000] {logging_mixin.py:188} INFO - Uploaded /tmp/minio_downloads/1759738501.json to Snowflake stage
[2025-10-07T08:35:01.434+0000] {logging_mixin.py:188} INFO - Uploaded /tmp/minio_downloads/1759738519.json to Snowflake stage
[2025-10-07T08:35:01.994+0000] {logging_mixin.py:188} INFO - Uploaded /tmp/minio_downloads/1759738562.json to Snowflake stage
[2025-10-07T08:35:02.802+0000] {logging_mixin.py:188} INFO - Uploaded /tmp/minio_downloads/1759738598.json to Snowflake stage
[2025-10-07T08:35:03.838+0000] {logging_mixin.py:188} INFO - Uploaded /tmp/minio_downloads/1759738623.json to Snowflake stage
[2025-10-07T08:35:04.627+0000] {logging_mixin.py:188} INFO - Uploaded /tmp/minio_downloads/1759738638.json to Snowflake stage
[2025-10-07T08:35:05.130+0000] {logging_mixin.py:188} INFO - Uploaded /tmp/minio_downloads/1759738653.json to Snowflake stage
[2025-10-07T08:35:06.556+0000] {logging_mixin.py:188} INFO - Uploaded /tmp/minio_downloads/1759738666.json to Snowflake stage
[2025-10-07T08:35:07.192+0000] {logging_mixin.py:188} INFO - Uploaded /tmp/minio_downloads/1759738679.json to Snowflake stage
[2025-10-07T08:35:08.225+0000] {logging_mixin.py:188} INFO - Uploaded /tmp/minio_downloads/1759738695.json to Snowflake stage
[2025-10-07T08:35:08.909+0000] {logging_mixin.py:188} INFO - Uploaded /tmp/minio_downloads/1759738708.json to Snowflake stage
[2025-10-07T08:35:09.525+0000] {logging_mixin.py:188} INFO - Uploaded /tmp/minio_downloads/1759738722.json to Snowflake stage
[2025-10-07T08:35:10.037+0000] {logging_mixin.py:188} INFO - Uploaded /tmp/minio_downloads/1759738737.json to Snowflake stage
[2025-10-07T08:35:10.537+0000] {logging_mixin.py:188} INFO - Uploaded /tmp/minio_downloads/1759738753.json to Snowflake stage
[2025-10-07T08:35:11.115+0000] {logging_mixin.py:188} INFO - Uploaded /tmp/minio_downloads/1759738769.json to Snowflake stage
[2025-10-07T08:35:11.779+0000] {logging_mixin.py:188} INFO - Uploaded /tmp/minio_downloads/1759738784.json to Snowflake stage
[2025-10-07T08:35:12.393+0000] {logging_mixin.py:188} INFO - Uploaded /tmp/minio_downloads/1759738813.json to Snowflake stage
[2025-10-07T08:35:12.935+0000] {logging_mixin.py:188} INFO - Uploaded /tmp/minio_downloads/1759738828.json to Snowflake stage
[2025-10-07T08:35:14.192+0000] {logging_mixin.py:188} INFO - Uploaded /tmp/minio_downloads/1759738849.json to Snowflake stage
[2025-10-07T08:35:14.850+0000] {logging_mixin.py:188} INFO - Uploaded /tmp/minio_downloads/1759738869.json to Snowflake stage
[2025-10-07T08:35:15.567+0000] {logging_mixin.py:188} INFO - Uploaded /tmp/minio_downloads/1759738886.json to Snowflake stage
[2025-10-07T08:35:16.491+0000] {logging_mixin.py:188} INFO - Uploaded /tmp/minio_downloads/1759738905.json to Snowflake stage
[2025-10-07T08:35:17.002+0000] {logging_mixin.py:188} INFO - Uploaded /tmp/minio_downloads/1759738931.json to Snowflake stage
[2025-10-07T08:35:17.505+0000] {logging_mixin.py:188} INFO - Uploaded /tmp/minio_downloads/1759738949.json to Snowflake stage
[2025-10-07T08:35:18.127+0000] {logging_mixin.py:188} INFO - Uploaded /tmp/minio_downloads/1759738963.json to Snowflake stage
[2025-10-07T08:35:18.739+0000] {logging_mixin.py:188} INFO - Uploaded /tmp/minio_downloads/1759738979.json to Snowflake stage
[2025-10-07T08:35:19.356+0000] {logging_mixin.py:188} INFO - Uploaded /tmp/minio_downloads/1759738997.json to Snowflake stage
[2025-10-07T08:35:19.869+0000] {logging_mixin.py:188} INFO - Uploaded /tmp/minio_downloads/1759739019.json to Snowflake stage
[2025-10-07T08:35:20.450+0000] {logging_mixin.py:188} INFO - Uploaded /tmp/minio_downloads/1759739042.json to Snowflake stage
[2025-10-07T08:35:21.057+0000] {logging_mixin.py:188} INFO - Uploaded /tmp/minio_downloads/1759739062.json to Snowflake stage
[2025-10-07T08:35:21.609+0000] {logging_mixin.py:188} INFO - Uploaded /tmp/minio_downloads/1759739085.json to Snowflake stage
[2025-10-07T08:35:22.538+0000] {logging_mixin.py:188} INFO - Uploaded /tmp/minio_downloads/1759739104.json to Snowflake stage
[2025-10-07T08:35:23.760+0000] {logging_mixin.py:188} INFO - Uploaded /tmp/minio_downloads/1759739124.json to Snowflake stage
[2025-10-07T08:35:24.433+0000] {logging_mixin.py:188} INFO - Uploaded /tmp/minio_downloads/1759739140.json to Snowflake stage
[2025-10-07T08:35:24.988+0000] {logging_mixin.py:188} INFO - Uploaded /tmp/minio_downloads/1759739157.json to Snowflake stage
[2025-10-07T08:35:25.498+0000] {logging_mixin.py:188} INFO - Uploaded /tmp/minio_downloads/1759739176.json to Snowflake stage
[2025-10-07T08:35:26.013+0000] {logging_mixin.py:188} INFO - Uploaded /tmp/minio_downloads/1759739193.json to Snowflake stage
[2025-10-07T08:35:26.617+0000] {logging_mixin.py:188} INFO - Uploaded /tmp/minio_downloads/1759739211.json to Snowflake stage
[2025-10-07T08:35:27.238+0000] {logging_mixin.py:188} INFO - Uploaded /tmp/minio_downloads/1759739231.json to Snowflake stage
[2025-10-07T08:35:27.854+0000] {logging_mixin.py:188} INFO - Uploaded /tmp/minio_downloads/1759739250.json to Snowflake stage
[2025-10-07T08:35:28.465+0000] {logging_mixin.py:188} INFO - Uploaded /tmp/minio_downloads/1759739266.json to Snowflake stage
[2025-10-07T08:35:28.972+0000] {logging_mixin.py:188} INFO - Uploaded /tmp/minio_downloads/1759739280.json to Snowflake stage
[2025-10-07T08:35:29.490+0000] {logging_mixin.py:188} INFO - Uploaded /tmp/minio_downloads/1759739295.json to Snowflake stage
[2025-10-07T08:35:30.108+0000] {logging_mixin.py:188} INFO - Uploaded /tmp/minio_downloads/1759739309.json to Snowflake stage
[2025-10-07T08:35:30.721+0000] {logging_mixin.py:188} INFO - Uploaded /tmp/minio_downloads/1759739324.json to Snowflake stage
[2025-10-07T08:35:31.262+0000] {logging_mixin.py:188} INFO - Uploaded /tmp/minio_downloads/1759739337.json to Snowflake stage
[2025-10-07T08:35:31.846+0000] {logging_mixin.py:188} INFO - Uploaded /tmp/minio_downloads/1759739351.json to Snowflake stage
[2025-10-07T08:35:32.587+0000] {logging_mixin.py:188} INFO - Uploaded /tmp/minio_downloads/1759739364.json to Snowflake stage
[2025-10-07T08:35:34.304+0000] {logging_mixin.py:188} INFO - Uploaded /tmp/minio_downloads/1759739380.json to Snowflake stage
[2025-10-07T08:35:34.784+0000] {logging_mixin.py:188} INFO - Uploaded /tmp/minio_downloads/1759739395.json to Snowflake stage
[2025-10-07T08:35:35.432+0000] {logging_mixin.py:188} INFO - Uploaded /tmp/minio_downloads/1759739416.json to Snowflake stage
[2025-10-07T08:35:36.812+0000] {logging_mixin.py:188} INFO - Uploaded /tmp/minio_downloads/1759739430.json to Snowflake stage
[2025-10-07T08:35:37.422+0000] {logging_mixin.py:188} INFO - Uploaded /tmp/minio_downloads/1759739443.json to Snowflake stage
[2025-10-07T08:35:37.914+0000] {logging_mixin.py:188} INFO - Uploaded /tmp/minio_downloads/1759739457.json to Snowflake stage
[2025-10-07T08:35:38.417+0000] {logging_mixin.py:188} INFO - Uploaded /tmp/minio_downloads/1759739472.json to Snowflake stage
[2025-10-07T08:35:38.934+0000] {logging_mixin.py:188} INFO - Uploaded /tmp/minio_downloads/1759739485.json to Snowflake stage
[2025-10-07T08:35:39.735+0000] {logging_mixin.py:188} INFO - Uploaded /tmp/minio_downloads/1759739502.json to Snowflake stage
[2025-10-07T08:35:40.687+0000] {logging_mixin.py:188} INFO - Uploaded /tmp/minio_downloads/1759739519.json to Snowflake stage
[2025-10-07T08:35:41.370+0000] {logging_mixin.py:188} INFO - Uploaded /tmp/minio_downloads/1759739534.json to Snowflake stage
[2025-10-07T08:35:41.970+0000] {logging_mixin.py:188} INFO - Uploaded /tmp/minio_downloads/1759739551.json to Snowflake stage
[2025-10-07T08:35:42.569+0000] {logging_mixin.py:188} INFO - Uploaded /tmp/minio_downloads/1759739578.json to Snowflake stage
[2025-10-07T08:35:43.208+0000] {logging_mixin.py:188} INFO - Uploaded /tmp/minio_downloads/1759739594.json to Snowflake stage
[2025-10-07T08:35:43.708+0000] {logging_mixin.py:188} INFO - Uploaded /tmp/minio_downloads/1759739634.json to Snowflake stage
[2025-10-07T08:35:44.140+0000] {logging_mixin.py:188} INFO - Uploaded /tmp/minio_downloads/1759739650.json to Snowflake stage
[2025-10-07T08:35:44.750+0000] {logging_mixin.py:188} INFO - Uploaded /tmp/minio_downloads/1759739668.json to Snowflake stage
[2025-10-07T08:35:45.288+0000] {logging_mixin.py:188} INFO - Uploaded /tmp/minio_downloads/1759739685.json to Snowflake stage
[2025-10-07T08:35:45.806+0000] {logging_mixin.py:188} INFO - Uploaded /tmp/minio_downloads/1759739703.json to Snowflake stage
[2025-10-07T08:35:46.389+0000] {logging_mixin.py:188} INFO - Uploaded /tmp/minio_downloads/1759739719.json to Snowflake stage
[2025-10-07T08:35:46.902+0000] {logging_mixin.py:188} INFO - Uploaded /tmp/minio_downloads/1759739738.json to Snowflake stage
[2025-10-07T08:35:47.516+0000] {logging_mixin.py:188} INFO - Uploaded /tmp/minio_downloads/1759739755.json to Snowflake stage
[2025-10-07T08:35:48.232+0000] {logging_mixin.py:188} INFO - Uploaded /tmp/minio_downloads/1759739772.json to Snowflake stage
[2025-10-07T08:35:49.336+0000] {logging_mixin.py:188} INFO - Uploaded /tmp/minio_downloads/1759739793.json to Snowflake stage
[2025-10-07T08:35:50.178+0000] {logging_mixin.py:188} INFO - Uploaded /tmp/minio_downloads/1759739814.json to Snowflake stage
[2025-10-07T08:35:50.939+0000] {logging_mixin.py:188} INFO - Uploaded /tmp/minio_downloads/1759739830.json to Snowflake stage
[2025-10-07T08:35:51.612+0000] {logging_mixin.py:188} INFO - Uploaded /tmp/minio_downloads/1759739847.json to Snowflake stage
[2025-10-07T08:35:52.338+0000] {logging_mixin.py:188} INFO - Uploaded /tmp/minio_downloads/1759739864.json to Snowflake stage
[2025-10-07T08:35:53.045+0000] {logging_mixin.py:188} INFO - Uploaded /tmp/minio_downloads/1759739882.json to Snowflake stage
[2025-10-07T08:35:53.863+0000] {logging_mixin.py:188} INFO - Uploaded /tmp/minio_downloads/1759739899.json to Snowflake stage
[2025-10-07T08:35:54.437+0000] {logging_mixin.py:188} INFO - Uploaded /tmp/minio_downloads/1759739921.json to Snowflake stage
[2025-10-07T08:35:55.606+0000] {logging_mixin.py:188} INFO - Uploaded /tmp/minio_downloads/1759739935.json to Snowflake stage
[2025-10-07T08:35:56.523+0000] {logging_mixin.py:188} INFO - Uploaded /tmp/minio_downloads/1759739947.json to Snowflake stage
[2025-10-07T08:35:57.695+0000] {logging_mixin.py:188} INFO - Uploaded /tmp/minio_downloads/1759739961.json to Snowflake stage
[2025-10-07T08:35:58.333+0000] {logging_mixin.py:188} INFO - Uploaded /tmp/minio_downloads/1759739974.json to Snowflake stage
[2025-10-07T08:35:59.151+0000] {logging_mixin.py:188} INFO - Uploaded /tmp/minio_downloads/1759739986.json to Snowflake stage
[2025-10-07T08:35:59.862+0000] {logging_mixin.py:188} INFO - Uploaded /tmp/minio_downloads/1759740001.json to Snowflake stage
[2025-10-07T08:36:00.786+0000] {logging_mixin.py:188} INFO - Uploaded /tmp/minio_downloads/1759740015.json to Snowflake stage
[2025-10-07T08:36:01.656+0000] {logging_mixin.py:188} INFO - Uploaded /tmp/minio_downloads/1759740028.json to Snowflake stage
[2025-10-07T08:36:02.474+0000] {logging_mixin.py:188} INFO - Uploaded /tmp/minio_downloads/1759740043.json to Snowflake stage
[2025-10-07T08:36:03.621+0000] {logging_mixin.py:188} INFO - Uploaded /tmp/minio_downloads/1759740057.json to Snowflake stage
[2025-10-07T08:36:04.415+0000] {logging_mixin.py:188} INFO - Uploaded /tmp/minio_downloads/1759740072.json to Snowflake stage
[2025-10-07T08:36:05.130+0000] {logging_mixin.py:188} INFO - Uploaded /tmp/minio_downloads/1759740089.json to Snowflake stage
[2025-10-07T08:36:05.913+0000] {logging_mixin.py:188} INFO - Uploaded /tmp/minio_downloads/1759740106.json to Snowflake stage
[2025-10-07T08:36:06.784+0000] {logging_mixin.py:188} INFO - Uploaded /tmp/minio_downloads/1759740123.json to Snowflake stage
[2025-10-07T08:36:07.597+0000] {logging_mixin.py:188} INFO - Uploaded /tmp/minio_downloads/1759740136.json to Snowflake stage
[2025-10-07T08:36:08.535+0000] {logging_mixin.py:188} INFO - Uploaded /tmp/minio_downloads/1759740151.json to Snowflake stage
[2025-10-07T08:36:09.862+0000] {logging_mixin.py:188} INFO - Uploaded /tmp/minio_downloads/1759740165.json to Snowflake stage
[2025-10-07T08:36:10.864+0000] {logging_mixin.py:188} INFO - Uploaded /tmp/minio_downloads/1759740179.json to Snowflake stage
[2025-10-07T08:36:12.708+0000] {logging_mixin.py:188} INFO - Uploaded /tmp/minio_downloads/1759740196.json to Snowflake stage
[2025-10-07T08:36:13.596+0000] {logging_mixin.py:188} INFO - Uploaded /tmp/minio_downloads/1759740214.json to Snowflake stage
[2025-10-07T08:36:14.243+0000] {logging_mixin.py:188} INFO - Uploaded /tmp/minio_downloads/1759738384.json to Snowflake stage
[2025-10-07T08:36:14.858+0000] {logging_mixin.py:188} INFO - Uploaded /tmp/minio_downloads/1759738399.json to Snowflake stage
[2025-10-07T08:36:16.469+0000] {logging_mixin.py:188} INFO - Uploaded /tmp/minio_downloads/1759738411.json to Snowflake stage
[2025-10-07T08:36:16.941+0000] {logging_mixin.py:188} INFO - Uploaded /tmp/minio_downloads/1759738435.json to Snowflake stage
[2025-10-07T08:36:17.520+0000] {logging_mixin.py:188} INFO - Uploaded /tmp/minio_downloads/1759738459.json to Snowflake stage
[2025-10-07T08:36:18.183+0000] {logging_mixin.py:188} INFO - Uploaded /tmp/minio_downloads/1759738479.json to Snowflake stage
[2025-10-07T08:36:18.700+0000] {logging_mixin.py:188} INFO - Uploaded /tmp/minio_downloads/1759738496.json to Snowflake stage
[2025-10-07T08:36:19.262+0000] {logging_mixin.py:188} INFO - Uploaded /tmp/minio_downloads/1759738513.json to Snowflake stage
[2025-10-07T08:36:19.978+0000] {logging_mixin.py:188} INFO - Uploaded /tmp/minio_downloads/1759738591.json to Snowflake stage
[2025-10-07T08:36:20.597+0000] {logging_mixin.py:188} INFO - Uploaded /tmp/minio_downloads/1759738620.json to Snowflake stage
[2025-10-07T08:36:21.207+0000] {logging_mixin.py:188} INFO - Uploaded /tmp/minio_downloads/1759738634.json to Snowflake stage
[2025-10-07T08:36:22.077+0000] {logging_mixin.py:188} INFO - Uploaded /tmp/minio_downloads/1759738650.json to Snowflake stage
[2025-10-07T08:36:23.968+0000] {logging_mixin.py:188} INFO - Uploaded /tmp/minio_downloads/1759738664.json to Snowflake stage
[2025-10-07T08:36:24.977+0000] {logging_mixin.py:188} INFO - Uploaded /tmp/minio_downloads/1759738677.json to Snowflake stage
[2025-10-07T08:36:25.755+0000] {logging_mixin.py:188} INFO - Uploaded /tmp/minio_downloads/1759738692.json to Snowflake stage
[2025-10-07T08:36:26.454+0000] {logging_mixin.py:188} INFO - Uploaded /tmp/minio_downloads/1759738705.json to Snowflake stage
[2025-10-07T08:36:27.026+0000] {logging_mixin.py:188} INFO - Uploaded /tmp/minio_downloads/1759738719.json to Snowflake stage
[2025-10-07T08:36:27.821+0000] {logging_mixin.py:188} INFO - Uploaded /tmp/minio_downloads/1759738734.json to Snowflake stage
[2025-10-07T08:36:28.369+0000] {logging_mixin.py:188} INFO - Uploaded /tmp/minio_downloads/1759738749.json to Snowflake stage
[2025-10-07T08:36:28.985+0000] {logging_mixin.py:188} INFO - Uploaded /tmp/minio_downloads/1759738765.json to Snowflake stage
[2025-10-07T08:36:29.578+0000] {logging_mixin.py:188} INFO - Uploaded /tmp/minio_downloads/1759738780.json to Snowflake stage
[2025-10-07T08:36:30.440+0000] {logging_mixin.py:188} INFO - Uploaded /tmp/minio_downloads/1759738809.json to Snowflake stage
[2025-10-07T08:36:31.105+0000] {logging_mixin.py:188} INFO - Uploaded /tmp/minio_downloads/1759738825.json to Snowflake stage
[2025-10-07T08:36:31.664+0000] {logging_mixin.py:188} INFO - Uploaded /tmp/minio_downloads/1759738842.json to Snowflake stage
[2025-10-07T08:36:32.163+0000] {logging_mixin.py:188} INFO - Uploaded /tmp/minio_downloads/1759738863.json to Snowflake stage
[2025-10-07T08:36:33.042+0000] {logging_mixin.py:188} INFO - Uploaded /tmp/minio_downloads/1759738882.json to Snowflake stage
[2025-10-07T08:36:34.344+0000] {logging_mixin.py:188} INFO - Uploaded /tmp/minio_downloads/1759738900.json to Snowflake stage
[2025-10-07T08:36:34.927+0000] {logging_mixin.py:188} INFO - Uploaded /tmp/minio_downloads/1759738918.json to Snowflake stage
[2025-10-07T08:36:36.045+0000] {logging_mixin.py:188} INFO - Uploaded /tmp/minio_downloads/1759738945.json to Snowflake stage
[2025-10-07T08:36:36.588+0000] {logging_mixin.py:188} INFO - Uploaded /tmp/minio_downloads/1759738960.json to Snowflake stage
[2025-10-07T08:36:37.224+0000] {logging_mixin.py:188} INFO - Uploaded /tmp/minio_downloads/1759738975.json to Snowflake stage
[2025-10-07T08:36:37.896+0000] {logging_mixin.py:188} INFO - Uploaded /tmp/minio_downloads/1759738991.json to Snowflake stage
[2025-10-07T08:36:38.386+0000] {logging_mixin.py:188} INFO - Uploaded /tmp/minio_downloads/1759739010.json to Snowflake stage
[2025-10-07T08:36:38.920+0000] {logging_mixin.py:188} INFO - Uploaded /tmp/minio_downloads/1759739034.json to Snowflake stage
[2025-10-07T08:36:39.740+0000] {logging_mixin.py:188} INFO - Uploaded /tmp/minio_downloads/1759739058.json to Snowflake stage
[2025-10-07T08:36:40.354+0000] {logging_mixin.py:188} INFO - Uploaded /tmp/minio_downloads/1759739080.json to Snowflake stage
[2025-10-07T08:36:41.023+0000] {logging_mixin.py:188} INFO - Uploaded /tmp/minio_downloads/1759739099.json to Snowflake stage
[2025-10-07T08:36:41.634+0000] {logging_mixin.py:188} INFO - Uploaded /tmp/minio_downloads/1759739119.json to Snowflake stage
[2025-10-07T08:36:42.299+0000] {logging_mixin.py:188} INFO - Uploaded /tmp/minio_downloads/1759739136.json to Snowflake stage
[2025-10-07T08:36:43.120+0000] {logging_mixin.py:188} INFO - Uploaded /tmp/minio_downloads/1759739153.json to Snowflake stage
[2025-10-07T08:36:43.899+0000] {logging_mixin.py:188} INFO - Uploaded /tmp/minio_downloads/1759739171.json to Snowflake stage
[2025-10-07T08:36:44.448+0000] {logging_mixin.py:188} INFO - Uploaded /tmp/minio_downloads/1759739189.json to Snowflake stage
[2025-10-07T08:36:45.125+0000] {logging_mixin.py:188} INFO - Uploaded /tmp/minio_downloads/1759739207.json to Snowflake stage
[2025-10-07T08:36:45.696+0000] {logging_mixin.py:188} INFO - Uploaded /tmp/minio_downloads/1759739227.json to Snowflake stage
[2025-10-07T08:36:47.547+0000] {logging_mixin.py:188} INFO - Uploaded /tmp/minio_downloads/1759739245.json to Snowflake stage
[2025-10-07T08:36:47.958+0000] {logging_mixin.py:188} INFO - Uploaded /tmp/minio_downloads/1759739262.json to Snowflake stage
[2025-10-07T08:36:48.508+0000] {logging_mixin.py:188} INFO - Uploaded /tmp/minio_downloads/1759739277.json to Snowflake stage
[2025-10-07T08:36:49.057+0000] {logging_mixin.py:188} INFO - Uploaded /tmp/minio_downloads/1759739292.json to Snowflake stage
[2025-10-07T08:36:49.602+0000] {logging_mixin.py:188} INFO - Uploaded /tmp/minio_downloads/1759739306.json to Snowflake stage
[2025-10-07T08:36:50.216+0000] {logging_mixin.py:188} INFO - Uploaded /tmp/minio_downloads/1759739320.json to Snowflake stage
[2025-10-07T08:36:50.723+0000] {logging_mixin.py:188} INFO - Uploaded /tmp/minio_downloads/1759739334.json to Snowflake stage
[2025-10-07T08:36:51.708+0000] {logging_mixin.py:188} INFO - Uploaded /tmp/minio_downloads/1759739348.json to Snowflake stage
[2025-10-07T08:36:52.566+0000] {logging_mixin.py:188} INFO - Uploaded /tmp/minio_downloads/1759739361.json to Snowflake stage
[2025-10-07T08:36:53.347+0000] {logging_mixin.py:188} INFO - Uploaded /tmp/minio_downloads/1759739376.json to Snowflake stage
[2025-10-07T08:36:53.962+0000] {logging_mixin.py:188} INFO - Uploaded /tmp/minio_downloads/1759739392.json to Snowflake stage
[2025-10-07T08:36:54.387+0000] {logging_mixin.py:188} INFO - Uploaded /tmp/minio_downloads/1759739412.json to Snowflake stage
[2025-10-07T08:36:54.958+0000] {logging_mixin.py:188} INFO - Uploaded /tmp/minio_downloads/1759739427.json to Snowflake stage
[2025-10-07T08:36:55.703+0000] {logging_mixin.py:188} INFO - Uploaded /tmp/minio_downloads/1759739440.json to Snowflake stage
[2025-10-07T08:37:00.835+0000] {logging_mixin.py:188} INFO - Uploaded /tmp/minio_downloads/1759739454.json to Snowflake stage
[2025-10-07T08:37:01.856+0000] {logging_mixin.py:188} INFO - Uploaded /tmp/minio_downloads/1759739470.json to Snowflake stage
[2025-10-07T08:37:04.075+0000] {logging_mixin.py:188} INFO - Uploaded /tmp/minio_downloads/1759739482.json to Snowflake stage
[2025-10-07T08:37:04.928+0000] {logging_mixin.py:188} INFO - Uploaded /tmp/minio_downloads/1759739498.json to Snowflake stage
[2025-10-07T08:37:05.919+0000] {logging_mixin.py:188} INFO - Uploaded /tmp/minio_downloads/1759739515.json to Snowflake stage
[2025-10-07T08:37:06.836+0000] {logging_mixin.py:188} INFO - Uploaded /tmp/minio_downloads/1759739530.json to Snowflake stage
[2025-10-07T08:37:07.608+0000] {logging_mixin.py:188} INFO - Uploaded /tmp/minio_downloads/1759739547.json to Snowflake stage
[2025-10-07T08:37:08.116+0000] {logging_mixin.py:188} INFO - Uploaded /tmp/minio_downloads/1759739563.json to Snowflake stage
[2025-10-07T08:37:08.645+0000] {logging_mixin.py:188} INFO - Uploaded /tmp/minio_downloads/1759739591.json to Snowflake stage
[2025-10-07T08:37:09.305+0000] {logging_mixin.py:188} INFO - Uploaded /tmp/minio_downloads/1759739623.json to Snowflake stage
[2025-10-07T08:37:10.051+0000] {logging_mixin.py:188} INFO - Uploaded /tmp/minio_downloads/1759739646.json to Snowflake stage
[2025-10-07T08:37:10.648+0000] {logging_mixin.py:188} INFO - Uploaded /tmp/minio_downloads/1759739665.json to Snowflake stage
[2025-10-07T08:37:12.002+0000] {logging_mixin.py:188} INFO - Uploaded /tmp/minio_downloads/1759739681.json to Snowflake stage
[2025-10-07T08:37:12.752+0000] {logging_mixin.py:188} INFO - Uploaded /tmp/minio_downloads/1759739699.json to Snowflake stage
[2025-10-07T08:37:13.281+0000] {logging_mixin.py:188} INFO - Uploaded /tmp/minio_downloads/1759739715.json to Snowflake stage
[2025-10-07T08:37:14.095+0000] {logging_mixin.py:188} INFO - Uploaded /tmp/minio_downloads/1759739734.json to Snowflake stage
[2025-10-07T08:37:15.004+0000] {logging_mixin.py:188} INFO - Uploaded /tmp/minio_downloads/1759739751.json to Snowflake stage
[2025-10-07T08:37:15.424+0000] {logging_mixin.py:188} INFO - Uploaded /tmp/minio_downloads/1759739768.json to Snowflake stage
[2025-10-07T08:37:16.147+0000] {logging_mixin.py:188} INFO - Uploaded /tmp/minio_downloads/1759739785.json to Snowflake stage
[2025-10-07T08:37:17.555+0000] {logging_mixin.py:188} INFO - Uploaded /tmp/minio_downloads/1759739811.json to Snowflake stage
[2025-10-07T08:37:18.814+0000] {logging_mixin.py:188} INFO - Uploaded /tmp/minio_downloads/1759739826.json to Snowflake stage
[2025-10-07T08:37:19.955+0000] {logging_mixin.py:188} INFO - Uploaded /tmp/minio_downloads/1759739843.json to Snowflake stage
[2025-10-07T08:37:20.535+0000] {logging_mixin.py:188} INFO - Uploaded /tmp/minio_downloads/1759739860.json to Snowflake stage
[2025-10-07T08:37:21.316+0000] {logging_mixin.py:188} INFO - Uploaded /tmp/minio_downloads/1759739878.json to Snowflake stage
[2025-10-07T08:37:22.987+0000] {logging_mixin.py:188} INFO - Uploaded /tmp/minio_downloads/1759739895.json to Snowflake stage
[2025-10-07T08:37:24.440+0000] {logging_mixin.py:188} INFO - Uploaded /tmp/minio_downloads/1759739912.json to Snowflake stage
[2025-10-07T08:37:25.261+0000] {logging_mixin.py:188} INFO - Uploaded /tmp/minio_downloads/1759739932.json to Snowflake stage
[2025-10-07T08:37:26.129+0000] {logging_mixin.py:188} INFO - Uploaded /tmp/minio_downloads/1759739945.json to Snowflake stage
[2025-10-07T08:37:26.980+0000] {logging_mixin.py:188} INFO - Uploaded /tmp/minio_downloads/1759739957.json to Snowflake stage
[2025-10-07T08:37:27.696+0000] {logging_mixin.py:188} INFO - Uploaded /tmp/minio_downloads/1759739971.json to Snowflake stage
[2025-10-07T08:37:32.643+0000] {logging_mixin.py:188} INFO - Uploaded /tmp/minio_downloads/1759739984.json to Snowflake stage
[2025-10-07T08:37:33.371+0000] {logging_mixin.py:188} INFO - Uploaded /tmp/minio_downloads/1759739996.json to Snowflake stage
[2025-10-07T08:37:34.116+0000] {logging_mixin.py:188} INFO - Uploaded /tmp/minio_downloads/1759740012.json to Snowflake stage
[2025-10-07T08:37:34.834+0000] {logging_mixin.py:188} INFO - Uploaded /tmp/minio_downloads/1759740025.json to Snowflake stage
[2025-10-07T08:37:35.696+0000] {logging_mixin.py:188} INFO - Uploaded /tmp/minio_downloads/1759740040.json to Snowflake stage
[2025-10-07T08:37:36.560+0000] {logging_mixin.py:188} INFO - Uploaded /tmp/minio_downloads/1759740054.json to Snowflake stage
[2025-10-07T08:37:38.004+0000] {logging_mixin.py:188} INFO - Uploaded /tmp/minio_downloads/1759740068.json to Snowflake stage
[2025-10-07T08:37:38.909+0000] {logging_mixin.py:188} INFO - Uploaded /tmp/minio_downloads/1759740085.json to Snowflake stage
[2025-10-07T08:37:40.158+0000] {logging_mixin.py:188} INFO - Uploaded /tmp/minio_downloads/1759740101.json to Snowflake stage
[2025-10-07T08:37:40.742+0000] {logging_mixin.py:188} INFO - Uploaded /tmp/minio_downloads/1759740120.json to Snowflake stage
[2025-10-07T08:37:41.588+0000] {logging_mixin.py:188} INFO - Uploaded /tmp/minio_downloads/1759740134.json to Snowflake stage
[2025-10-07T08:37:42.367+0000] {logging_mixin.py:188} INFO - Uploaded /tmp/minio_downloads/1759740147.json to Snowflake stage
[2025-10-07T08:37:43.023+0000] {logging_mixin.py:188} INFO - Uploaded /tmp/minio_downloads/1759740162.json to Snowflake stage
[2025-10-07T08:37:44.048+0000] {logging_mixin.py:188} INFO - Uploaded /tmp/minio_downloads/1759740177.json to Snowflake stage
[2025-10-07T08:37:45.275+0000] {logging_mixin.py:188} INFO - Uploaded /tmp/minio_downloads/1759740191.json to Snowflake stage
[2025-10-07T08:37:46.196+0000] {logging_mixin.py:188} INFO - Uploaded /tmp/minio_downloads/1759740210.json to Snowflake stage
[2025-10-07T08:37:47.067+0000] {logging_mixin.py:188} INFO - Uploaded /tmp/minio_downloads/1759738386.json to Snowflake stage
[2025-10-07T08:37:47.600+0000] {logging_mixin.py:188} INFO - Uploaded /tmp/minio_downloads/1759738400.json to Snowflake stage
[2025-10-07T08:37:48.256+0000] {logging_mixin.py:188} INFO - Uploaded /tmp/minio_downloads/1759738413.json to Snowflake stage
[2025-10-07T08:37:48.760+0000] {logging_mixin.py:188} INFO - Uploaded /tmp/minio_downloads/1759738441.json to Snowflake stage
[2025-10-07T08:37:49.254+0000] {logging_mixin.py:188} INFO - Uploaded /tmp/minio_downloads/1759738463.json to Snowflake stage
[2025-10-07T08:37:49.700+0000] {logging_mixin.py:188} INFO - Uploaded /tmp/minio_downloads/1759738480.json to Snowflake stage
[2025-10-07T08:37:50.154+0000] {logging_mixin.py:188} INFO - Uploaded /tmp/minio_downloads/1759738498.json to Snowflake stage
[2025-10-07T08:37:50.642+0000] {logging_mixin.py:188} INFO - Uploaded /tmp/minio_downloads/1759738515.json to Snowflake stage
[2025-10-07T08:37:51.085+0000] {logging_mixin.py:188} INFO - Uploaded /tmp/minio_downloads/1759738559.json to Snowflake stage
[2025-10-07T08:37:51.623+0000] {logging_mixin.py:188} INFO - Uploaded /tmp/minio_downloads/1759738595.json to Snowflake stage
[2025-10-07T08:37:52.313+0000] {logging_mixin.py:188} INFO - Uploaded /tmp/minio_downloads/1759738622.json to Snowflake stage
[2025-10-07T08:37:53.143+0000] {logging_mixin.py:188} INFO - Uploaded /tmp/minio_downloads/1759738636.json to Snowflake stage
[2025-10-07T08:37:55.416+0000] {logging_mixin.py:188} INFO - Uploaded /tmp/minio_downloads/1759738651.json to Snowflake stage
[2025-10-07T08:37:56.078+0000] {logging_mixin.py:188} INFO - Uploaded /tmp/minio_downloads/1759738665.json to Snowflake stage
[2025-10-07T08:37:56.773+0000] {logging_mixin.py:188} INFO - Uploaded /tmp/minio_downloads/1759738678.json to Snowflake stage
[2025-10-07T08:37:57.650+0000] {logging_mixin.py:188} INFO - Uploaded /tmp/minio_downloads/1759738693.json to Snowflake stage
[2025-10-07T08:37:58.245+0000] {logging_mixin.py:188} INFO - Uploaded /tmp/minio_downloads/1759738706.json to Snowflake stage
[2025-10-07T08:37:58.752+0000] {logging_mixin.py:188} INFO - Uploaded /tmp/minio_downloads/1759738720.json to Snowflake stage
[2025-10-07T08:37:59.715+0000] {logging_mixin.py:188} INFO - Uploaded /tmp/minio_downloads/1759738735.json to Snowflake stage
[2025-10-07T08:38:00.123+0000] {logging_mixin.py:188} INFO - Uploaded /tmp/minio_downloads/1759738751.json to Snowflake stage
[2025-10-07T08:38:00.661+0000] {logging_mixin.py:188} INFO - Uploaded /tmp/minio_downloads/1759738767.json to Snowflake stage
[2025-10-07T08:38:01.209+0000] {logging_mixin.py:188} INFO - Uploaded /tmp/minio_downloads/1759738782.json to Snowflake stage
[2025-10-07T08:38:01.662+0000] {logging_mixin.py:188} INFO - Uploaded /tmp/minio_downloads/1759738811.json to Snowflake stage
[2025-10-07T08:38:02.119+0000] {logging_mixin.py:188} INFO - Uploaded /tmp/minio_downloads/1759738826.json to Snowflake stage
[2025-10-07T08:38:02.744+0000] {logging_mixin.py:188} INFO - Uploaded /tmp/minio_downloads/1759738844.json to Snowflake stage
[2025-10-07T08:38:09.993+0000] {connectionpool.py:824} WARNING - Retrying (Retry(total=0, connect=None, read=None, redirect=None, status=None)) after connection broken by 'ProtocolError('Connection aborted.', RemoteDisconnected('Remote end closed connection without response'))': /t6r81000-s/tables/70535745545/1759738865.json.gz
[2025-10-07T08:38:14.999+0000] {storage_client.py:318} WARNING - HEAD with url b'https://sfc-sg-ds1-158-customer-stage.s3.amazonaws.com/t6r81000-s/tables/70535745545/1759738865.json.gz' failed for transient error: HTTPSConnectionPool(host='sfc-sg-ds1-158-customer-stage.s3.amazonaws.com', port=443): Max retries exceeded with url: /t6r81000-s/tables/70535745545/1759738865.json.gz (Caused by NewConnectionError('<snowflake.connector.vendored.urllib3.connection.HTTPSConnection object at 0x7c126eaf2780>: Failed to establish a new connection: [Errno -2] Name or service not known'))
[2025-10-07T08:38:19.008+0000] {connectionpool.py:824} WARNING - Retrying (Retry(total=0, connect=None, read=None, redirect=None, status=None)) after connection broken by 'NewConnectionError('<snowflake.connector.vendored.urllib3.connection.HTTPSConnection object at 0x7c126eaf07d0>: Failed to establish a new connection: [Errno -2] Name or service not known')': /t6r81000-s/tables/70535745545/1759738865.json.gz
[2025-10-07T08:38:23.371+0000] {storage_client.py:318} WARNING - HEAD with url b'https://sfc-sg-ds1-158-customer-stage.s3.amazonaws.com/t6r81000-s/tables/70535745545/1759738865.json.gz' failed for transient error: HTTPSConnectionPool(host='sfc-sg-ds1-158-customer-stage.s3.amazonaws.com', port=443): Max retries exceeded with url: /t6r81000-s/tables/70535745545/1759738865.json.gz (Caused by NewConnectionError('<snowflake.connector.vendored.urllib3.connection.HTTPSConnection object at 0x7c126eaf2e70>: Failed to establish a new connection: [Errno -2] Name or service not known'))
[2025-10-07T08:39:11.974+0000] {connectionpool.py:824} WARNING - Retrying (Retry(total=0, connect=None, read=None, redirect=None, status=None)) after connection broken by 'SSLError(SSLError("bad handshake: SysCallError(-1, 'Unexpected EOF')"))': /t6r81000-s/tables/70535745545/1759738865.json.gz
[2025-10-07T08:39:12.654+0000] {logging_mixin.py:188} INFO - Uploaded /tmp/minio_downloads/1759738865.json to Snowflake stage
[2025-10-07T08:39:13.350+0000] {logging_mixin.py:188} INFO - Uploaded /tmp/minio_downloads/1759738884.json to Snowflake stage
[2025-10-07T08:39:14.623+0000] {logging_mixin.py:188} INFO - Uploaded /tmp/minio_downloads/1759738901.json to Snowflake stage
[2025-10-07T08:39:15.258+0000] {logging_mixin.py:188} INFO - Uploaded /tmp/minio_downloads/1759738927.json to Snowflake stage
[2025-10-07T08:39:15.704+0000] {logging_mixin.py:188} INFO - Uploaded /tmp/minio_downloads/1759738947.json to Snowflake stage
[2025-10-07T08:39:16.210+0000] {logging_mixin.py:188} INFO - Uploaded /tmp/minio_downloads/1759738962.json to Snowflake stage
[2025-10-07T08:39:16.669+0000] {logging_mixin.py:188} INFO - Uploaded /tmp/minio_downloads/1759738977.json to Snowflake stage
[2025-10-07T08:39:17.232+0000] {logging_mixin.py:188} INFO - Uploaded /tmp/minio_downloads/1759738994.json to Snowflake stage
[2025-10-07T08:39:17.843+0000] {logging_mixin.py:188} INFO - Uploaded /tmp/minio_downloads/1759739014.json to Snowflake stage
[2025-10-07T08:39:18.330+0000] {logging_mixin.py:188} INFO - Uploaded /tmp/minio_downloads/1759739039.json to Snowflake stage
[2025-10-07T08:39:18.781+0000] {logging_mixin.py:188} INFO - Uploaded /tmp/minio_downloads/1759739060.json to Snowflake stage
[2025-10-07T08:39:19.179+0000] {logging_mixin.py:188} INFO - Uploaded /tmp/minio_downloads/1759739082.json to Snowflake stage
[2025-10-07T08:39:19.650+0000] {logging_mixin.py:188} INFO - Uploaded /tmp/minio_downloads/1759739102.json to Snowflake stage
[2025-10-07T08:39:20.069+0000] {logging_mixin.py:188} INFO - Uploaded /tmp/minio_downloads/1759739121.json to Snowflake stage
[2025-10-07T08:39:20.490+0000] {logging_mixin.py:188} INFO - Uploaded /tmp/minio_downloads/1759739138.json to Snowflake stage
[2025-10-07T08:39:21.144+0000] {logging_mixin.py:188} INFO - Uploaded /tmp/minio_downloads/1759739155.json to Snowflake stage
[2025-10-07T08:39:21.742+0000] {logging_mixin.py:188} INFO - Uploaded /tmp/minio_downloads/1759739174.json to Snowflake stage
[2025-10-07T08:39:22.369+0000] {logging_mixin.py:188} INFO - Uploaded /tmp/minio_downloads/1759739191.json to Snowflake stage
[2025-10-07T08:39:23.130+0000] {logging_mixin.py:188} INFO - Uploaded /tmp/minio_downloads/1759739209.json to Snowflake stage
[2025-10-07T08:39:23.787+0000] {logging_mixin.py:188} INFO - Uploaded /tmp/minio_downloads/1759739229.json to Snowflake stage
[2025-10-07T08:39:24.375+0000] {logging_mixin.py:188} INFO - Uploaded /tmp/minio_downloads/1759739247.json to Snowflake stage
[2025-10-07T08:39:24.825+0000] {logging_mixin.py:188} INFO - Uploaded /tmp/minio_downloads/1759739264.json to Snowflake stage
[2025-10-07T08:39:25.371+0000] {logging_mixin.py:188} INFO - Uploaded /tmp/minio_downloads/1759739279.json to Snowflake stage
[2025-10-07T08:39:25.937+0000] {logging_mixin.py:188} INFO - Uploaded /tmp/minio_downloads/1759739293.json to Snowflake stage
[2025-10-07T08:39:26.447+0000] {logging_mixin.py:188} INFO - Uploaded /tmp/minio_downloads/1759739308.json to Snowflake stage
[2025-10-07T08:39:27.056+0000] {logging_mixin.py:188} INFO - Uploaded /tmp/minio_downloads/1759739322.json to Snowflake stage
[2025-10-07T08:39:27.564+0000] {logging_mixin.py:188} INFO - Uploaded /tmp/minio_downloads/1759739336.json to Snowflake stage
[2025-10-07T08:39:28.090+0000] {logging_mixin.py:188} INFO - Uploaded /tmp/minio_downloads/1759739349.json to Snowflake stage
[2025-10-07T08:39:28.569+0000] {logging_mixin.py:188} INFO - Uploaded /tmp/minio_downloads/1759739363.json to Snowflake stage
[2025-10-07T08:39:29.109+0000] {logging_mixin.py:188} INFO - Uploaded /tmp/minio_downloads/1759739379.json to Snowflake stage
[2025-10-07T08:39:29.620+0000] {logging_mixin.py:188} INFO - Uploaded /tmp/minio_downloads/1759739394.json to Snowflake stage
[2025-10-07T08:39:30.132+0000] {logging_mixin.py:188} INFO - Uploaded /tmp/minio_downloads/1759739415.json to Snowflake stage
[2025-10-07T08:39:30.849+0000] {logging_mixin.py:188} INFO - Uploaded /tmp/minio_downloads/1759739428.json to Snowflake stage
[2025-10-07T08:39:31.372+0000] {logging_mixin.py:188} INFO - Uploaded /tmp/minio_downloads/1759739442.json to Snowflake stage
[2025-10-07T08:39:31.977+0000] {logging_mixin.py:188} INFO - Uploaded /tmp/minio_downloads/1759739455.json to Snowflake stage
[2025-10-07T08:39:32.528+0000] {logging_mixin.py:188} INFO - Uploaded /tmp/minio_downloads/1759739471.json to Snowflake stage
[2025-10-07T08:39:33.056+0000] {logging_mixin.py:188} INFO - Uploaded /tmp/minio_downloads/1759739484.json to Snowflake stage
[2025-10-07T08:39:33.614+0000] {logging_mixin.py:188} INFO - Uploaded /tmp/minio_downloads/1759739500.json to Snowflake stage
[2025-10-07T08:39:34.169+0000] {logging_mixin.py:188} INFO - Uploaded /tmp/minio_downloads/1759739516.json to Snowflake stage
[2025-10-07T08:39:35.539+0000] {logging_mixin.py:188} INFO - Uploaded /tmp/minio_downloads/1759739532.json to Snowflake stage
[2025-10-07T08:39:36.280+0000] {logging_mixin.py:188} INFO - Uploaded /tmp/minio_downloads/1759739549.json to Snowflake stage
[2025-10-07T08:39:37.099+0000] {logging_mixin.py:188} INFO - Uploaded /tmp/minio_downloads/1759739565.json to Snowflake stage
[2025-10-07T08:39:37.914+0000] {logging_mixin.py:188} INFO - Uploaded /tmp/minio_downloads/1759739593.json to Snowflake stage
[2025-10-07T08:39:40.672+0000] {logging_mixin.py:188} INFO - Uploaded /tmp/minio_downloads/1759739631.json to Snowflake stage
[2025-10-07T08:39:41.996+0000] {logging_mixin.py:188} INFO - Uploaded /tmp/minio_downloads/1759739649.json to Snowflake stage
[2025-10-07T08:39:42.641+0000] {logging_mixin.py:188} INFO - Uploaded /tmp/minio_downloads/1759739667.json to Snowflake stage
[2025-10-07T08:39:43.345+0000] {logging_mixin.py:188} INFO - Uploaded /tmp/minio_downloads/1759739683.json to Snowflake stage
[2025-10-07T08:39:44.221+0000] {logging_mixin.py:188} INFO - Uploaded /tmp/minio_downloads/1759739701.json to Snowflake stage
[2025-10-07T08:39:45.186+0000] {logging_mixin.py:188} INFO - Uploaded /tmp/minio_downloads/1759739717.json to Snowflake stage
[2025-10-07T08:39:45.904+0000] {logging_mixin.py:188} INFO - Uploaded /tmp/minio_downloads/1759739736.json to Snowflake stage
[2025-10-07T08:39:47.431+0000] {logging_mixin.py:188} INFO - Uploaded /tmp/minio_downloads/1759739753.json to Snowflake stage
[2025-10-07T08:39:48.543+0000] {logging_mixin.py:188} INFO - Uploaded /tmp/minio_downloads/1759739770.json to Snowflake stage
[2025-10-07T08:39:49.678+0000] {logging_mixin.py:188} INFO - Uploaded /tmp/minio_downloads/1759739788.json to Snowflake stage
[2025-10-07T08:39:51.368+0000] {logging_mixin.py:188} INFO - Uploaded /tmp/minio_downloads/1759739812.json to Snowflake stage
[2025-10-07T08:39:52.256+0000] {logging_mixin.py:188} INFO - Uploaded /tmp/minio_downloads/1759739828.json to Snowflake stage
[2025-10-07T08:39:53.188+0000] {logging_mixin.py:188} INFO - Uploaded /tmp/minio_downloads/1759739845.json to Snowflake stage
[2025-10-07T08:39:53.992+0000] {logging_mixin.py:188} INFO - Uploaded /tmp/minio_downloads/1759739862.json to Snowflake stage
[2025-10-07T08:39:55.566+0000] {logging_mixin.py:188} INFO - Uploaded /tmp/minio_downloads/1759739880.json to Snowflake stage
[2025-10-07T08:39:56.249+0000] {logging_mixin.py:188} INFO - Uploaded /tmp/minio_downloads/1759739897.json to Snowflake stage
[2025-10-07T08:39:57.175+0000] {logging_mixin.py:188} INFO - Uploaded /tmp/minio_downloads/1759739914.json to Snowflake stage
[2025-10-07T08:39:57.986+0000] {logging_mixin.py:188} INFO - Uploaded /tmp/minio_downloads/1759739933.json to Snowflake stage
[2025-10-07T08:39:58.907+0000] {logging_mixin.py:188} INFO - Uploaded /tmp/minio_downloads/1759739946.json to Snowflake stage
[2025-10-07T08:39:59.697+0000] {logging_mixin.py:188} INFO - Uploaded /tmp/minio_downloads/1759739959.json to Snowflake stage
[2025-10-07T08:40:00.444+0000] {logging_mixin.py:188} INFO - Uploaded /tmp/minio_downloads/1759739972.json to Snowflake stage
[2025-10-07T08:40:01.162+0000] {logging_mixin.py:188} INFO - Uploaded /tmp/minio_downloads/1759739985.json to Snowflake stage
[2025-10-07T08:40:01.983+0000] {logging_mixin.py:188} INFO - Uploaded /tmp/minio_downloads/1759739998.json to Snowflake stage
[2025-10-07T08:40:02.798+0000] {logging_mixin.py:188} INFO - Uploaded /tmp/minio_downloads/1759740013.json to Snowflake stage
[2025-10-07T08:40:03.534+0000] {logging_mixin.py:188} INFO - Uploaded /tmp/minio_downloads/1759740027.json to Snowflake stage
[2025-10-07T08:40:04.171+0000] {logging_mixin.py:188} INFO - Uploaded /tmp/minio_downloads/1759740042.json to Snowflake stage
[2025-10-07T08:40:04.769+0000] {logging_mixin.py:188} INFO - Uploaded /tmp/minio_downloads/1759740056.json to Snowflake stage
[2025-10-07T08:40:05.461+0000] {logging_mixin.py:188} INFO - Uploaded /tmp/minio_downloads/1759740070.json to Snowflake stage
[2025-10-07T08:40:06.795+0000] {logging_mixin.py:188} INFO - Uploaded /tmp/minio_downloads/1759740087.json to Snowflake stage
[2025-10-07T08:40:07.718+0000] {logging_mixin.py:188} INFO - Uploaded /tmp/minio_downloads/1759740104.json to Snowflake stage
[2025-10-07T08:40:08.452+0000] {logging_mixin.py:188} INFO - Uploaded /tmp/minio_downloads/1759740121.json to Snowflake stage
[2025-10-07T08:40:09.251+0000] {logging_mixin.py:188} INFO - Uploaded /tmp/minio_downloads/1759740135.json to Snowflake stage
[2025-10-07T08:40:10.070+0000] {logging_mixin.py:188} INFO - Uploaded /tmp/minio_downloads/1759740149.json to Snowflake stage
[2025-10-07T08:40:11.055+0000] {logging_mixin.py:188} INFO - Uploaded /tmp/minio_downloads/1759740164.json to Snowflake stage
[2025-10-07T08:40:11.710+0000] {logging_mixin.py:188} INFO - Uploaded /tmp/minio_downloads/1759740178.json to Snowflake stage
[2025-10-07T08:40:12.529+0000] {logging_mixin.py:188} INFO - Uploaded /tmp/minio_downloads/1759740194.json to Snowflake stage
[2025-10-07T08:40:13.145+0000] {logging_mixin.py:188} INFO - Uploaded /tmp/minio_downloads/1759740212.json to Snowflake stage
[2025-10-07T08:40:15.386+0000] {cursor.py:1149} INFO - Number of results in first chunk: 143
[2025-10-07T08:40:15.387+0000] {logging_mixin.py:188} INFO - COPY INTO executed
[2025-10-07T08:40:15.388+0000] {connection.py:773} INFO - closed
[2025-10-07T08:40:15.555+0000] {connection.py:779} INFO - No async queries seem to be running, deleting session
[2025-10-07T08:40:15.705+0000] {python.py:237} INFO - Done. Returned value was: None
[2025-10-07T08:40:15.706+0000] {taskinstance.py:441} INFO - ::group::Post task execution logs
[2025-10-07T08:40:15.725+0000] {taskinstance.py:1206} INFO - Marking task as SUCCESS. dag_id=minio_to_snowflake, task_id=load_snowflake, run_id=scheduled__2025-10-06T17:34:00+00:00, execution_date=20251006T173400, start_date=20251007T083234, end_date=20251007T084015
[2025-10-07T08:40:15.788+0000] {local_task_job_runner.py:243} INFO - Task exited with return code 0
[2025-10-07T08:40:15.812+0000] {taskinstance.py:3503} INFO - 0 downstream tasks scheduled from follow-on schedule check
[2025-10-07T08:40:15.815+0000] {local_task_job_runner.py:222} INFO - ::endgroup::
