[2025-10-06T08:36:07.871+0000] {local_task_job_runner.py:120} INFO - ::group::Pre task execution logs
[2025-10-06T08:36:07.908+0000] {taskinstance.py:2076} INFO - Dependencies all met for dep_context=non-requeueable deps ti=<TaskInstance: minio_to_snowflake.download_minio scheduled__2025-10-06T08:34:00+00:00 [queued]>
[2025-10-06T08:36:07.916+0000] {taskinstance.py:2076} INFO - Dependencies all met for dep_context=requeueable deps ti=<TaskInstance: minio_to_snowflake.download_minio scheduled__2025-10-06T08:34:00+00:00 [queued]>
[2025-10-06T08:36:07.917+0000] {taskinstance.py:2306} INFO - Starting attempt 1 of 2
[2025-10-06T08:36:07.934+0000] {taskinstance.py:2330} INFO - Executing <Task(PythonOperator): download_minio> on 2025-10-06 08:34:00+00:00
[2025-10-06T08:36:07.945+0000] {standard_task_runner.py:90} INFO - Running: ['***', 'tasks', 'run', 'minio_to_snowflake', 'download_minio', 'scheduled__2025-10-06T08:34:00+00:00', '--job-id', '2', '--raw', '--subdir', 'DAGS_FOLDER/minio_to_snowflake.py', '--cfg-path', '/tmp/tmpec7j9bgm']
[2025-10-06T08:36:07.949+0000] {standard_task_runner.py:91} INFO - Job 2: Subtask download_minio
[2025-10-06T08:36:07.949+0000] {logging_mixin.py:188} WARNING - /home/***/.local/lib/python3.12/site-packages/***/task/task_runner/standard_task_runner.py:62 DeprecationWarning: This process (pid=202) is multi-threaded, use of fork() may lead to deadlocks in the child.
[2025-10-06T08:36:07.951+0000] {standard_task_runner.py:64} INFO - Started process 212 to run task
[2025-10-06T08:36:08.043+0000] {task_command.py:426} INFO - Running <TaskInstance: minio_to_snowflake.download_minio scheduled__2025-10-06T08:34:00+00:00 [running]> on host 24b9f9b681d0
[2025-10-06T08:36:08.165+0000] {taskinstance.py:2648} INFO - Exporting env vars: AIRFLOW_CTX_DAG_OWNER='***' AIRFLOW_CTX_DAG_ID='minio_to_snowflake' AIRFLOW_CTX_TASK_ID='download_minio' AIRFLOW_CTX_EXECUTION_DATE='2025-10-06T08:34:00+00:00' AIRFLOW_CTX_TRY_NUMBER='1' AIRFLOW_CTX_DAG_RUN_ID='scheduled__2025-10-06T08:34:00+00:00'
[2025-10-06T08:36:08.167+0000] {taskinstance.py:430} INFO - ::endgroup::
[2025-10-06T08:36:09.128+0000] {logging_mixin.py:188} INFO - Downloaded AAPL/1759738383.json -> /tmp/minio_downloads/1759738383.json
[2025-10-06T08:36:09.142+0000] {logging_mixin.py:188} INFO - Downloaded AAPL/1759738397.json -> /tmp/minio_downloads/1759738397.json
[2025-10-06T08:36:09.156+0000] {logging_mixin.py:188} INFO - Downloaded AAPL/1759738410.json -> /tmp/minio_downloads/1759738410.json
[2025-10-06T08:36:09.170+0000] {logging_mixin.py:188} INFO - Downloaded AAPL/1759738431.json -> /tmp/minio_downloads/1759738431.json
[2025-10-06T08:36:09.188+0000] {logging_mixin.py:188} INFO - Downloaded AAPL/1759738457.json -> /tmp/minio_downloads/1759738457.json
[2025-10-06T08:36:09.218+0000] {logging_mixin.py:188} INFO - Downloaded AAPL/1759738476.json -> /tmp/minio_downloads/1759738476.json
[2025-10-06T08:36:09.239+0000] {logging_mixin.py:188} INFO - Downloaded AAPL/1759738494.json -> /tmp/minio_downloads/1759738494.json
[2025-10-06T08:36:09.260+0000] {logging_mixin.py:188} INFO - Downloaded AAPL/1759738512.json -> /tmp/minio_downloads/1759738512.json
[2025-10-06T08:36:09.279+0000] {logging_mixin.py:188} INFO - Downloaded AAPL/1759738540.json -> /tmp/minio_downloads/1759738540.json
[2025-10-06T08:36:09.306+0000] {logging_mixin.py:188} INFO - Downloaded AAPL/1759738577.json -> /tmp/minio_downloads/1759738577.json
[2025-10-06T08:36:09.332+0000] {logging_mixin.py:188} INFO - Downloaded AAPL/1759738618.json -> /tmp/minio_downloads/1759738618.json
[2025-10-06T08:36:09.364+0000] {logging_mixin.py:188} INFO - Downloaded AAPL/1759738633.json -> /tmp/minio_downloads/1759738633.json
[2025-10-06T08:36:09.395+0000] {logging_mixin.py:188} INFO - Downloaded AAPL/1759738648.json -> /tmp/minio_downloads/1759738648.json
[2025-10-06T08:36:09.413+0000] {logging_mixin.py:188} INFO - Downloaded AAPL/1759738662.json -> /tmp/minio_downloads/1759738662.json
[2025-10-06T08:36:09.440+0000] {logging_mixin.py:188} INFO - Downloaded AAPL/1759738675.json -> /tmp/minio_downloads/1759738675.json
[2025-10-06T08:36:09.467+0000] {logging_mixin.py:188} INFO - Downloaded AAPL/1759738689.json -> /tmp/minio_downloads/1759738689.json
[2025-10-06T08:36:09.488+0000] {logging_mixin.py:188} INFO - Downloaded AAPL/1759738703.json -> /tmp/minio_downloads/1759738703.json
[2025-10-06T08:36:09.511+0000] {logging_mixin.py:188} INFO - Downloaded AAPL/1759738717.json -> /tmp/minio_downloads/1759738717.json
[2025-10-06T08:36:09.537+0000] {logging_mixin.py:188} INFO - Downloaded AAPL/1759738732.json -> /tmp/minio_downloads/1759738732.json
[2025-10-06T08:36:09.570+0000] {logging_mixin.py:188} INFO - Downloaded AAPL/1759738747.json -> /tmp/minio_downloads/1759738747.json
[2025-10-06T08:36:09.607+0000] {logging_mixin.py:188} INFO - Downloaded AAPL/1759738763.json -> /tmp/minio_downloads/1759738763.json
[2025-10-06T08:36:09.622+0000] {logging_mixin.py:188} INFO - Downloaded AAPL/1759738778.json -> /tmp/minio_downloads/1759738778.json
[2025-10-06T08:36:09.634+0000] {logging_mixin.py:188} INFO - Downloaded AAPL/1759738807.json -> /tmp/minio_downloads/1759738807.json
[2025-10-06T08:36:09.654+0000] {logging_mixin.py:188} INFO - Downloaded AAPL/1759738823.json -> /tmp/minio_downloads/1759738823.json
[2025-10-06T08:36:09.673+0000] {logging_mixin.py:188} INFO - Downloaded AAPL/1759738840.json -> /tmp/minio_downloads/1759738840.json
[2025-10-06T08:36:09.692+0000] {logging_mixin.py:188} INFO - Downloaded AAPL/1759738860.json -> /tmp/minio_downloads/1759738860.json
[2025-10-06T08:36:09.718+0000] {logging_mixin.py:188} INFO - Downloaded AAPL/1759738880.json -> /tmp/minio_downloads/1759738880.json
[2025-10-06T08:36:09.738+0000] {logging_mixin.py:188} INFO - Downloaded AAPL/1759738897.json -> /tmp/minio_downloads/1759738897.json
[2025-10-06T08:36:09.788+0000] {logging_mixin.py:188} INFO - Downloaded AAPL/1759738916.json -> /tmp/minio_downloads/1759738916.json
[2025-10-06T08:36:09.831+0000] {logging_mixin.py:188} INFO - Downloaded AAPL/1759738943.json -> /tmp/minio_downloads/1759738943.json
[2025-10-06T08:36:09.856+0000] {logging_mixin.py:188} INFO - Downloaded AAPL/1759738959.json -> /tmp/minio_downloads/1759738959.json
[2025-10-06T08:36:09.879+0000] {logging_mixin.py:188} INFO - Downloaded AAPL/1759738973.json -> /tmp/minio_downloads/1759738973.json
[2025-10-06T08:36:09.918+0000] {logging_mixin.py:188} INFO - Downloaded AAPL/1759738989.json -> /tmp/minio_downloads/1759738989.json
[2025-10-06T08:36:09.934+0000] {logging_mixin.py:188} INFO - Downloaded AAPL/1759739009.json -> /tmp/minio_downloads/1759739009.json
[2025-10-06T08:36:09.959+0000] {logging_mixin.py:188} INFO - Downloaded AAPL/1759739029.json -> /tmp/minio_downloads/1759739029.json
[2025-10-06T08:36:09.972+0000] {logging_mixin.py:188} INFO - Downloaded AAPL/1759739055.json -> /tmp/minio_downloads/1759739055.json
[2025-10-06T08:36:09.983+0000] {logging_mixin.py:188} INFO - Downloaded AAPL/1759739075.json -> /tmp/minio_downloads/1759739075.json
[2025-10-06T08:36:09.995+0000] {logging_mixin.py:188} INFO - Downloaded AAPL/1759739097.json -> /tmp/minio_downloads/1759739097.json
[2025-10-06T08:36:10.009+0000] {logging_mixin.py:188} INFO - Downloaded AAPL/1759739117.json -> /tmp/minio_downloads/1759739117.json
[2025-10-06T08:36:10.020+0000] {logging_mixin.py:188} INFO - Downloaded AAPL/1759739134.json -> /tmp/minio_downloads/1759739134.json
[2025-10-06T08:36:10.031+0000] {logging_mixin.py:188} INFO - Downloaded AAPL/1759739151.json -> /tmp/minio_downloads/1759739151.json
[2025-10-06T08:36:10.042+0000] {logging_mixin.py:188} INFO - Downloaded AAPL/1759739169.json -> /tmp/minio_downloads/1759739169.json
[2025-10-06T08:36:10.052+0000] {logging_mixin.py:188} INFO - Downloaded AAPL/1759739187.json -> /tmp/minio_downloads/1759739187.json
[2025-10-06T08:36:10.065+0000] {logging_mixin.py:188} INFO - Downloaded AAPL/1759739204.json -> /tmp/minio_downloads/1759739204.json
[2025-10-06T08:36:10.077+0000] {logging_mixin.py:188} INFO - Downloaded AAPL/1759739225.json -> /tmp/minio_downloads/1759739225.json
[2025-10-06T08:36:10.090+0000] {logging_mixin.py:188} INFO - Downloaded AAPL/1759739242.json -> /tmp/minio_downloads/1759739242.json
[2025-10-06T08:36:10.102+0000] {logging_mixin.py:188} INFO - Downloaded AAPL/1759739260.json -> /tmp/minio_downloads/1759739260.json
[2025-10-06T08:36:10.114+0000] {logging_mixin.py:188} INFO - Downloaded AAPL/1759739276.json -> /tmp/minio_downloads/1759739276.json
[2025-10-06T08:36:10.127+0000] {logging_mixin.py:188} INFO - Downloaded AAPL/1759739290.json -> /tmp/minio_downloads/1759739290.json
[2025-10-06T08:36:10.139+0000] {logging_mixin.py:188} INFO - Downloaded AAPL/1759739304.json -> /tmp/minio_downloads/1759739304.json
[2025-10-06T08:36:10.150+0000] {logging_mixin.py:188} INFO - Downloaded AAPL/1759739319.json -> /tmp/minio_downloads/1759739319.json
[2025-10-06T08:36:10.161+0000] {logging_mixin.py:188} INFO - Downloaded AAPL/1759739333.json -> /tmp/minio_downloads/1759739333.json
[2025-10-06T08:36:10.172+0000] {logging_mixin.py:188} INFO - Downloaded AAPL/1759739346.json -> /tmp/minio_downloads/1759739346.json
[2025-10-06T08:36:10.184+0000] {logging_mixin.py:188} INFO - Downloaded AAPL/1759739360.json -> /tmp/minio_downloads/1759739360.json
[2025-10-06T08:36:10.193+0000] {logging_mixin.py:188} INFO - Downloaded AAPL/1759739375.json -> /tmp/minio_downloads/1759739375.json
[2025-10-06T08:36:10.203+0000] {logging_mixin.py:188} INFO - Downloaded AAPL/1759739391.json -> /tmp/minio_downloads/1759739391.json
[2025-10-06T08:36:10.213+0000] {logging_mixin.py:188} INFO - Downloaded AAPL/1759739406.json -> /tmp/minio_downloads/1759739406.json
[2025-10-06T08:36:10.222+0000] {logging_mixin.py:188} INFO - Downloaded AAPL/1759739425.json -> /tmp/minio_downloads/1759739425.json
[2025-10-06T08:36:10.232+0000] {logging_mixin.py:188} INFO - Downloaded AAPL/1759739439.json -> /tmp/minio_downloads/1759739439.json
[2025-10-06T08:36:10.240+0000] {logging_mixin.py:188} INFO - Downloaded AAPL/1759739452.json -> /tmp/minio_downloads/1759739452.json
[2025-10-06T08:36:10.250+0000] {logging_mixin.py:188} INFO - Downloaded AAPL/1759739468.json -> /tmp/minio_downloads/1759739468.json
[2025-10-06T08:36:10.261+0000] {logging_mixin.py:188} INFO - Downloaded AAPL/1759739481.json -> /tmp/minio_downloads/1759739481.json
[2025-10-06T08:36:10.269+0000] {logging_mixin.py:188} INFO - Downloaded AAPL/1759739495.json -> /tmp/minio_downloads/1759739495.json
[2025-10-06T08:36:10.276+0000] {logging_mixin.py:188} INFO - Downloaded AAPL/1759739513.json -> /tmp/minio_downloads/1759739513.json
[2025-10-06T08:36:10.283+0000] {logging_mixin.py:188} INFO - Downloaded AAPL/1759739528.json -> /tmp/minio_downloads/1759739528.json
[2025-10-06T08:36:10.291+0000] {logging_mixin.py:188} INFO - Downloaded AAPL/1759739545.json -> /tmp/minio_downloads/1759739545.json
[2025-10-06T08:36:10.299+0000] {logging_mixin.py:188} INFO - Downloaded AAPL/1759739561.json -> /tmp/minio_downloads/1759739561.json
[2025-10-06T08:36:10.307+0000] {logging_mixin.py:188} INFO - Downloaded AAPL/1759739589.json -> /tmp/minio_downloads/1759739589.json
[2025-10-06T08:36:10.315+0000] {logging_mixin.py:188} INFO - Downloaded AAPL/1759739644.json -> /tmp/minio_downloads/1759739644.json
[2025-10-06T08:36:10.329+0000] {logging_mixin.py:188} INFO - Downloaded AAPL/1759739662.json -> /tmp/minio_downloads/1759739662.json
[2025-10-06T08:36:10.341+0000] {logging_mixin.py:188} INFO - Downloaded AAPL/1759739678.json -> /tmp/minio_downloads/1759739678.json
[2025-10-06T08:36:10.351+0000] {logging_mixin.py:188} INFO - Downloaded AAPL/1759739697.json -> /tmp/minio_downloads/1759739697.json
[2025-10-06T08:36:10.359+0000] {logging_mixin.py:188} INFO - Downloaded AAPL/1759739713.json -> /tmp/minio_downloads/1759739713.json
[2025-10-06T08:36:10.369+0000] {logging_mixin.py:188} INFO - Downloaded AAPL/1759739732.json -> /tmp/minio_downloads/1759739732.json
[2025-10-06T08:36:10.376+0000] {logging_mixin.py:188} INFO - Downloaded AAPL/1759739749.json -> /tmp/minio_downloads/1759739749.json
[2025-10-06T08:36:10.385+0000] {logging_mixin.py:188} INFO - Downloaded AAPL/1759739765.json -> /tmp/minio_downloads/1759739765.json
[2025-10-06T08:36:10.392+0000] {logging_mixin.py:188} INFO - Downloaded AMZN/1759738390.json -> /tmp/minio_downloads/1759738390.json
[2025-10-06T08:36:10.402+0000] {logging_mixin.py:188} INFO - Downloaded AMZN/1759738403.json -> /tmp/minio_downloads/1759738403.json
[2025-10-06T08:36:10.410+0000] {logging_mixin.py:188} INFO - Downloaded AMZN/1759738420.json -> /tmp/minio_downloads/1759738420.json
[2025-10-06T08:36:10.421+0000] {logging_mixin.py:188} INFO - Downloaded AMZN/1759738449.json -> /tmp/minio_downloads/1759738449.json
[2025-10-06T08:36:10.429+0000] {logging_mixin.py:188} INFO - Downloaded AMZN/1759738469.json -> /tmp/minio_downloads/1759738469.json
[2025-10-06T08:36:10.441+0000] {logging_mixin.py:188} INFO - Downloaded AMZN/1759738486.json -> /tmp/minio_downloads/1759738486.json
[2025-10-06T08:36:10.452+0000] {logging_mixin.py:188} INFO - Downloaded AMZN/1759738503.json -> /tmp/minio_downloads/1759738503.json
[2025-10-06T08:36:10.460+0000] {logging_mixin.py:188} INFO - Downloaded AMZN/1759738523.json -> /tmp/minio_downloads/1759738523.json
[2025-10-06T08:36:10.468+0000] {logging_mixin.py:188} INFO - Downloaded AMZN/1759738567.json -> /tmp/minio_downloads/1759738567.json
[2025-10-06T08:36:10.475+0000] {logging_mixin.py:188} INFO - Downloaded AMZN/1759738600.json -> /tmp/minio_downloads/1759738600.json
[2025-10-06T08:36:10.482+0000] {logging_mixin.py:188} INFO - Downloaded AMZN/1759738625.json -> /tmp/minio_downloads/1759738625.json
[2025-10-06T08:36:10.491+0000] {logging_mixin.py:188} INFO - Downloaded AMZN/1759738640.json -> /tmp/minio_downloads/1759738640.json
[2025-10-06T08:36:10.498+0000] {logging_mixin.py:188} INFO - Downloaded AMZN/1759738655.json -> /tmp/minio_downloads/1759738655.json
[2025-10-06T08:36:10.506+0000] {logging_mixin.py:188} INFO - Downloaded AMZN/1759738668.json -> /tmp/minio_downloads/1759738668.json
[2025-10-06T08:36:10.513+0000] {logging_mixin.py:188} INFO - Downloaded AMZN/1759738681.json -> /tmp/minio_downloads/1759738681.json
[2025-10-06T08:36:10.520+0000] {logging_mixin.py:188} INFO - Downloaded AMZN/1759738696.json -> /tmp/minio_downloads/1759738696.json
[2025-10-06T08:36:10.528+0000] {logging_mixin.py:188} INFO - Downloaded AMZN/1759738709.json -> /tmp/minio_downloads/1759738709.json
[2025-10-06T08:36:10.536+0000] {logging_mixin.py:188} INFO - Downloaded AMZN/1759738724.json -> /tmp/minio_downloads/1759738724.json
[2025-10-06T08:36:10.543+0000] {logging_mixin.py:188} INFO - Downloaded AMZN/1759738739.json -> /tmp/minio_downloads/1759738739.json
[2025-10-06T08:36:10.551+0000] {logging_mixin.py:188} INFO - Downloaded AMZN/1759738755.json -> /tmp/minio_downloads/1759738755.json
[2025-10-06T08:36:10.560+0000] {logging_mixin.py:188} INFO - Downloaded AMZN/1759738771.json -> /tmp/minio_downloads/1759738771.json
[2025-10-06T08:36:10.570+0000] {logging_mixin.py:188} INFO - Downloaded AMZN/1759738798.json -> /tmp/minio_downloads/1759738798.json
[2025-10-06T08:36:10.581+0000] {logging_mixin.py:188} INFO - Downloaded AMZN/1759738815.json -> /tmp/minio_downloads/1759738815.json
[2025-10-06T08:36:10.592+0000] {logging_mixin.py:188} INFO - Downloaded AMZN/1759738832.json -> /tmp/minio_downloads/1759738832.json
[2025-10-06T08:36:10.600+0000] {logging_mixin.py:188} INFO - Downloaded AMZN/1759738851.json -> /tmp/minio_downloads/1759738851.json
[2025-10-06T08:36:10.608+0000] {logging_mixin.py:188} INFO - Downloaded AMZN/1759738872.json -> /tmp/minio_downloads/1759738872.json
[2025-10-06T08:36:10.616+0000] {logging_mixin.py:188} INFO - Downloaded AMZN/1759738887.json -> /tmp/minio_downloads/1759738887.json
[2025-10-06T08:36:10.623+0000] {logging_mixin.py:188} INFO - Downloaded AMZN/1759738906.json -> /tmp/minio_downloads/1759738906.json
[2025-10-06T08:36:10.631+0000] {logging_mixin.py:188} INFO - Downloaded AMZN/1759738934.json -> /tmp/minio_downloads/1759738934.json
[2025-10-06T08:36:10.639+0000] {logging_mixin.py:188} INFO - Downloaded AMZN/1759738951.json -> /tmp/minio_downloads/1759738951.json
[2025-10-06T08:36:10.646+0000] {logging_mixin.py:188} INFO - Downloaded AMZN/1759738965.json -> /tmp/minio_downloads/1759738965.json
[2025-10-06T08:36:10.653+0000] {logging_mixin.py:188} INFO - Downloaded AMZN/1759738981.json -> /tmp/minio_downloads/1759738981.json
[2025-10-06T08:36:10.661+0000] {logging_mixin.py:188} INFO - Downloaded AMZN/1759738999.json -> /tmp/minio_downloads/1759738999.json
[2025-10-06T08:36:10.668+0000] {logging_mixin.py:188} INFO - Downloaded AMZN/1759739021.json -> /tmp/minio_downloads/1759739021.json
[2025-10-06T08:36:10.676+0000] {logging_mixin.py:188} INFO - Downloaded AMZN/1759739045.json -> /tmp/minio_downloads/1759739045.json
[2025-10-06T08:36:10.684+0000] {logging_mixin.py:188} INFO - Downloaded AMZN/1759739067.json -> /tmp/minio_downloads/1759739067.json
[2025-10-06T08:36:10.691+0000] {logging_mixin.py:188} INFO - Downloaded AMZN/1759739087.json -> /tmp/minio_downloads/1759739087.json
[2025-10-06T08:36:10.704+0000] {logging_mixin.py:188} INFO - Downloaded AMZN/1759739108.json -> /tmp/minio_downloads/1759739108.json
[2025-10-06T08:36:10.719+0000] {logging_mixin.py:188} INFO - Downloaded AMZN/1759739126.json -> /tmp/minio_downloads/1759739126.json
[2025-10-06T08:36:10.733+0000] {logging_mixin.py:188} INFO - Downloaded AMZN/1759739143.json -> /tmp/minio_downloads/1759739143.json
[2025-10-06T08:36:10.748+0000] {logging_mixin.py:188} INFO - Downloaded AMZN/1759739159.json -> /tmp/minio_downloads/1759739159.json
[2025-10-06T08:36:10.758+0000] {logging_mixin.py:188} INFO - Downloaded AMZN/1759739178.json -> /tmp/minio_downloads/1759739178.json
[2025-10-06T08:36:10.768+0000] {logging_mixin.py:188} INFO - Downloaded AMZN/1759739195.json -> /tmp/minio_downloads/1759739195.json
[2025-10-06T08:36:10.778+0000] {logging_mixin.py:188} INFO - Downloaded AMZN/1759739215.json -> /tmp/minio_downloads/1759739215.json
[2025-10-06T08:36:10.787+0000] {logging_mixin.py:188} INFO - Downloaded AMZN/1759739234.json -> /tmp/minio_downloads/1759739234.json
[2025-10-06T08:36:10.796+0000] {logging_mixin.py:188} INFO - Downloaded AMZN/1759739252.json -> /tmp/minio_downloads/1759739252.json
[2025-10-06T08:36:10.807+0000] {logging_mixin.py:188} INFO - Downloaded AMZN/1759739268.json -> /tmp/minio_downloads/1759739268.json
[2025-10-06T08:36:10.816+0000] {logging_mixin.py:188} INFO - Downloaded AMZN/1759739282.json -> /tmp/minio_downloads/1759739282.json
[2025-10-06T08:36:10.824+0000] {logging_mixin.py:188} INFO - Downloaded AMZN/1759739296.json -> /tmp/minio_downloads/1759739296.json
[2025-10-06T08:36:10.835+0000] {logging_mixin.py:188} INFO - Downloaded AMZN/1759739311.json -> /tmp/minio_downloads/1759739311.json
[2025-10-06T08:36:10.852+0000] {logging_mixin.py:188} INFO - Downloaded AMZN/1759739325.json -> /tmp/minio_downloads/1759739325.json
[2025-10-06T08:36:10.862+0000] {logging_mixin.py:188} INFO - Downloaded AMZN/1759739339.json -> /tmp/minio_downloads/1759739339.json
[2025-10-06T08:36:10.874+0000] {logging_mixin.py:188} INFO - Downloaded AMZN/1759739352.json -> /tmp/minio_downloads/1759739352.json
[2025-10-06T08:36:10.886+0000] {logging_mixin.py:188} INFO - Downloaded AMZN/1759739366.json -> /tmp/minio_downloads/1759739366.json
[2025-10-06T08:36:10.896+0000] {logging_mixin.py:188} INFO - Downloaded AMZN/1759739383.json -> /tmp/minio_downloads/1759739383.json
[2025-10-06T08:36:10.911+0000] {logging_mixin.py:188} INFO - Downloaded AMZN/1759739397.json -> /tmp/minio_downloads/1759739397.json
[2025-10-06T08:36:10.923+0000] {logging_mixin.py:188} INFO - Downloaded AMZN/1759739418.json -> /tmp/minio_downloads/1759739418.json
[2025-10-06T08:36:10.935+0000] {logging_mixin.py:188} INFO - Downloaded AMZN/1759739431.json -> /tmp/minio_downloads/1759739431.json
[2025-10-06T08:36:10.946+0000] {logging_mixin.py:188} INFO - Downloaded AMZN/1759739445.json -> /tmp/minio_downloads/1759739445.json
[2025-10-06T08:36:10.958+0000] {logging_mixin.py:188} INFO - Downloaded AMZN/1759739459.json -> /tmp/minio_downloads/1759739459.json
[2025-10-06T08:36:10.971+0000] {logging_mixin.py:188} INFO - Downloaded AMZN/1759739473.json -> /tmp/minio_downloads/1759739473.json
[2025-10-06T08:36:10.984+0000] {logging_mixin.py:188} INFO - Downloaded AMZN/1759739487.json -> /tmp/minio_downloads/1759739487.json
[2025-10-06T08:36:10.998+0000] {logging_mixin.py:188} INFO - Downloaded AMZN/1759739504.json -> /tmp/minio_downloads/1759739504.json
[2025-10-06T08:36:11.012+0000] {logging_mixin.py:188} INFO - Downloaded AMZN/1759739520.json -> /tmp/minio_downloads/1759739520.json
[2025-10-06T08:36:11.023+0000] {logging_mixin.py:188} INFO - Downloaded AMZN/1759739537.json -> /tmp/minio_downloads/1759739537.json
[2025-10-06T08:36:11.037+0000] {logging_mixin.py:188} INFO - Downloaded AMZN/1759739553.json -> /tmp/minio_downloads/1759739553.json
[2025-10-06T08:36:11.048+0000] {logging_mixin.py:188} INFO - Downloaded AMZN/1759739581.json -> /tmp/minio_downloads/1759739581.json
[2025-10-06T08:36:11.059+0000] {logging_mixin.py:188} INFO - Downloaded AMZN/1759739597.json -> /tmp/minio_downloads/1759739597.json
[2025-10-06T08:36:11.074+0000] {logging_mixin.py:188} INFO - Downloaded AMZN/1759739636.json -> /tmp/minio_downloads/1759739636.json
[2025-10-06T08:36:11.085+0000] {logging_mixin.py:188} INFO - Downloaded AMZN/1759739653.json -> /tmp/minio_downloads/1759739653.json
[2025-10-06T08:36:11.095+0000] {logging_mixin.py:188} INFO - Downloaded AMZN/1759739670.json -> /tmp/minio_downloads/1759739670.json
[2025-10-06T08:36:11.108+0000] {logging_mixin.py:188} INFO - Downloaded AMZN/1759739688.json -> /tmp/minio_downloads/1759739688.json
[2025-10-06T08:36:11.119+0000] {logging_mixin.py:188} INFO - Downloaded AMZN/1759739705.json -> /tmp/minio_downloads/1759739705.json
[2025-10-06T08:36:11.130+0000] {logging_mixin.py:188} INFO - Downloaded AMZN/1759739724.json -> /tmp/minio_downloads/1759739724.json
[2025-10-06T08:36:11.144+0000] {logging_mixin.py:188} INFO - Downloaded AMZN/1759739740.json -> /tmp/minio_downloads/1759739740.json
[2025-10-06T08:36:11.156+0000] {logging_mixin.py:188} INFO - Downloaded AMZN/1759739757.json -> /tmp/minio_downloads/1759739757.json
[2025-10-06T08:36:11.168+0000] {logging_mixin.py:188} INFO - Downloaded GOOGL/1759738388.json -> /tmp/minio_downloads/1759738388.json
[2025-10-06T08:36:11.179+0000] {logging_mixin.py:188} INFO - Downloaded GOOGL/1759738401.json -> /tmp/minio_downloads/1759738401.json
[2025-10-06T08:36:11.190+0000] {logging_mixin.py:188} INFO - Downloaded GOOGL/1759738414.json -> /tmp/minio_downloads/1759738414.json
[2025-10-06T08:36:11.202+0000] {logging_mixin.py:188} INFO - Downloaded GOOGL/1759738445.json -> /tmp/minio_downloads/1759738445.json
[2025-10-06T08:36:11.212+0000] {logging_mixin.py:188} INFO - Downloaded GOOGL/1759738466.json -> /tmp/minio_downloads/1759738466.json
[2025-10-06T08:36:11.224+0000] {logging_mixin.py:188} INFO - Downloaded GOOGL/1759738482.json -> /tmp/minio_downloads/1759738482.json
[2025-10-06T08:36:11.235+0000] {logging_mixin.py:188} INFO - Downloaded GOOGL/1759738501.json -> /tmp/minio_downloads/1759738501.json
[2025-10-06T08:36:11.245+0000] {logging_mixin.py:188} INFO - Downloaded GOOGL/1759738519.json -> /tmp/minio_downloads/1759738519.json
[2025-10-06T08:36:11.257+0000] {logging_mixin.py:188} INFO - Downloaded GOOGL/1759738562.json -> /tmp/minio_downloads/1759738562.json
[2025-10-06T08:36:11.269+0000] {logging_mixin.py:188} INFO - Downloaded GOOGL/1759738598.json -> /tmp/minio_downloads/1759738598.json
[2025-10-06T08:36:11.278+0000] {logging_mixin.py:188} INFO - Downloaded GOOGL/1759738623.json -> /tmp/minio_downloads/1759738623.json
[2025-10-06T08:36:11.289+0000] {logging_mixin.py:188} INFO - Downloaded GOOGL/1759738638.json -> /tmp/minio_downloads/1759738638.json
[2025-10-06T08:36:11.299+0000] {logging_mixin.py:188} INFO - Downloaded GOOGL/1759738653.json -> /tmp/minio_downloads/1759738653.json
[2025-10-06T08:36:11.309+0000] {logging_mixin.py:188} INFO - Downloaded GOOGL/1759738666.json -> /tmp/minio_downloads/1759738666.json
[2025-10-06T08:36:11.319+0000] {logging_mixin.py:188} INFO - Downloaded GOOGL/1759738679.json -> /tmp/minio_downloads/1759738679.json
[2025-10-06T08:36:11.327+0000] {logging_mixin.py:188} INFO - Downloaded GOOGL/1759738695.json -> /tmp/minio_downloads/1759738695.json
[2025-10-06T08:36:11.339+0000] {logging_mixin.py:188} INFO - Downloaded GOOGL/1759738708.json -> /tmp/minio_downloads/1759738708.json
[2025-10-06T08:36:11.349+0000] {logging_mixin.py:188} INFO - Downloaded GOOGL/1759738722.json -> /tmp/minio_downloads/1759738722.json
[2025-10-06T08:36:11.358+0000] {logging_mixin.py:188} INFO - Downloaded GOOGL/1759738737.json -> /tmp/minio_downloads/1759738737.json
[2025-10-06T08:36:11.367+0000] {logging_mixin.py:188} INFO - Downloaded GOOGL/1759738753.json -> /tmp/minio_downloads/1759738753.json
[2025-10-06T08:36:11.376+0000] {logging_mixin.py:188} INFO - Downloaded GOOGL/1759738769.json -> /tmp/minio_downloads/1759738769.json
[2025-10-06T08:36:11.385+0000] {logging_mixin.py:188} INFO - Downloaded GOOGL/1759738784.json -> /tmp/minio_downloads/1759738784.json
[2025-10-06T08:36:11.393+0000] {logging_mixin.py:188} INFO - Downloaded GOOGL/1759738813.json -> /tmp/minio_downloads/1759738813.json
[2025-10-06T08:36:11.403+0000] {logging_mixin.py:188} INFO - Downloaded GOOGL/1759738828.json -> /tmp/minio_downloads/1759738828.json
[2025-10-06T08:36:11.411+0000] {logging_mixin.py:188} INFO - Downloaded GOOGL/1759738849.json -> /tmp/minio_downloads/1759738849.json
[2025-10-06T08:36:11.421+0000] {logging_mixin.py:188} INFO - Downloaded GOOGL/1759738869.json -> /tmp/minio_downloads/1759738869.json
[2025-10-06T08:36:11.429+0000] {logging_mixin.py:188} INFO - Downloaded GOOGL/1759738886.json -> /tmp/minio_downloads/1759738886.json
[2025-10-06T08:36:11.440+0000] {logging_mixin.py:188} INFO - Downloaded GOOGL/1759738905.json -> /tmp/minio_downloads/1759738905.json
[2025-10-06T08:36:11.447+0000] {logging_mixin.py:188} INFO - Downloaded GOOGL/1759738931.json -> /tmp/minio_downloads/1759738931.json
[2025-10-06T08:36:11.456+0000] {logging_mixin.py:188} INFO - Downloaded GOOGL/1759738949.json -> /tmp/minio_downloads/1759738949.json
[2025-10-06T08:36:11.464+0000] {logging_mixin.py:188} INFO - Downloaded GOOGL/1759738963.json -> /tmp/minio_downloads/1759738963.json
[2025-10-06T08:36:11.475+0000] {logging_mixin.py:188} INFO - Downloaded GOOGL/1759738979.json -> /tmp/minio_downloads/1759738979.json
[2025-10-06T08:36:11.484+0000] {logging_mixin.py:188} INFO - Downloaded GOOGL/1759738997.json -> /tmp/minio_downloads/1759738997.json
[2025-10-06T08:36:11.492+0000] {logging_mixin.py:188} INFO - Downloaded GOOGL/1759739019.json -> /tmp/minio_downloads/1759739019.json
[2025-10-06T08:36:11.502+0000] {logging_mixin.py:188} INFO - Downloaded GOOGL/1759739042.json -> /tmp/minio_downloads/1759739042.json
[2025-10-06T08:36:11.509+0000] {logging_mixin.py:188} INFO - Downloaded GOOGL/1759739062.json -> /tmp/minio_downloads/1759739062.json
[2025-10-06T08:36:11.518+0000] {logging_mixin.py:188} INFO - Downloaded GOOGL/1759739085.json -> /tmp/minio_downloads/1759739085.json
[2025-10-06T08:36:11.527+0000] {logging_mixin.py:188} INFO - Downloaded GOOGL/1759739104.json -> /tmp/minio_downloads/1759739104.json
[2025-10-06T08:36:11.538+0000] {logging_mixin.py:188} INFO - Downloaded GOOGL/1759739124.json -> /tmp/minio_downloads/1759739124.json
[2025-10-06T08:36:11.546+0000] {logging_mixin.py:188} INFO - Downloaded GOOGL/1759739140.json -> /tmp/minio_downloads/1759739140.json
[2025-10-06T08:36:11.555+0000] {logging_mixin.py:188} INFO - Downloaded GOOGL/1759739157.json -> /tmp/minio_downloads/1759739157.json
[2025-10-06T08:36:11.563+0000] {logging_mixin.py:188} INFO - Downloaded GOOGL/1759739176.json -> /tmp/minio_downloads/1759739176.json
[2025-10-06T08:36:11.573+0000] {logging_mixin.py:188} INFO - Downloaded GOOGL/1759739193.json -> /tmp/minio_downloads/1759739193.json
[2025-10-06T08:36:11.581+0000] {logging_mixin.py:188} INFO - Downloaded GOOGL/1759739211.json -> /tmp/minio_downloads/1759739211.json
[2025-10-06T08:36:11.591+0000] {logging_mixin.py:188} INFO - Downloaded GOOGL/1759739231.json -> /tmp/minio_downloads/1759739231.json
[2025-10-06T08:36:11.601+0000] {logging_mixin.py:188} INFO - Downloaded GOOGL/1759739250.json -> /tmp/minio_downloads/1759739250.json
[2025-10-06T08:36:11.612+0000] {logging_mixin.py:188} INFO - Downloaded GOOGL/1759739266.json -> /tmp/minio_downloads/1759739266.json
[2025-10-06T08:36:11.622+0000] {logging_mixin.py:188} INFO - Downloaded GOOGL/1759739280.json -> /tmp/minio_downloads/1759739280.json
[2025-10-06T08:36:11.634+0000] {logging_mixin.py:188} INFO - Downloaded GOOGL/1759739295.json -> /tmp/minio_downloads/1759739295.json
[2025-10-06T08:36:11.649+0000] {logging_mixin.py:188} INFO - Downloaded GOOGL/1759739309.json -> /tmp/minio_downloads/1759739309.json
[2025-10-06T08:36:11.659+0000] {logging_mixin.py:188} INFO - Downloaded GOOGL/1759739324.json -> /tmp/minio_downloads/1759739324.json
[2025-10-06T08:36:11.670+0000] {logging_mixin.py:188} INFO - Downloaded GOOGL/1759739337.json -> /tmp/minio_downloads/1759739337.json
[2025-10-06T08:36:11.679+0000] {logging_mixin.py:188} INFO - Downloaded GOOGL/1759739351.json -> /tmp/minio_downloads/1759739351.json
[2025-10-06T08:36:11.687+0000] {logging_mixin.py:188} INFO - Downloaded GOOGL/1759739364.json -> /tmp/minio_downloads/1759739364.json
[2025-10-06T08:36:11.698+0000] {logging_mixin.py:188} INFO - Downloaded GOOGL/1759739380.json -> /tmp/minio_downloads/1759739380.json
[2025-10-06T08:36:11.713+0000] {logging_mixin.py:188} INFO - Downloaded GOOGL/1759739395.json -> /tmp/minio_downloads/1759739395.json
[2025-10-06T08:36:11.727+0000] {logging_mixin.py:188} INFO - Downloaded GOOGL/1759739416.json -> /tmp/minio_downloads/1759739416.json
[2025-10-06T08:36:11.739+0000] {logging_mixin.py:188} INFO - Downloaded GOOGL/1759739430.json -> /tmp/minio_downloads/1759739430.json
[2025-10-06T08:36:11.750+0000] {logging_mixin.py:188} INFO - Downloaded GOOGL/1759739443.json -> /tmp/minio_downloads/1759739443.json
[2025-10-06T08:36:11.758+0000] {logging_mixin.py:188} INFO - Downloaded GOOGL/1759739457.json -> /tmp/minio_downloads/1759739457.json
[2025-10-06T08:36:11.768+0000] {logging_mixin.py:188} INFO - Downloaded GOOGL/1759739472.json -> /tmp/minio_downloads/1759739472.json
[2025-10-06T08:36:11.777+0000] {logging_mixin.py:188} INFO - Downloaded GOOGL/1759739485.json -> /tmp/minio_downloads/1759739485.json
[2025-10-06T08:36:11.785+0000] {logging_mixin.py:188} INFO - Downloaded GOOGL/1759739502.json -> /tmp/minio_downloads/1759739502.json
[2025-10-06T08:36:11.794+0000] {logging_mixin.py:188} INFO - Downloaded GOOGL/1759739519.json -> /tmp/minio_downloads/1759739519.json
[2025-10-06T08:36:11.804+0000] {logging_mixin.py:188} INFO - Downloaded GOOGL/1759739534.json -> /tmp/minio_downloads/1759739534.json
[2025-10-06T08:36:11.812+0000] {logging_mixin.py:188} INFO - Downloaded GOOGL/1759739551.json -> /tmp/minio_downloads/1759739551.json
[2025-10-06T08:36:11.821+0000] {logging_mixin.py:188} INFO - Downloaded GOOGL/1759739578.json -> /tmp/minio_downloads/1759739578.json
[2025-10-06T08:36:11.829+0000] {logging_mixin.py:188} INFO - Downloaded GOOGL/1759739594.json -> /tmp/minio_downloads/1759739594.json
[2025-10-06T08:36:11.840+0000] {logging_mixin.py:188} INFO - Downloaded GOOGL/1759739634.json -> /tmp/minio_downloads/1759739634.json
[2025-10-06T08:36:11.850+0000] {logging_mixin.py:188} INFO - Downloaded GOOGL/1759739650.json -> /tmp/minio_downloads/1759739650.json
[2025-10-06T08:36:11.857+0000] {logging_mixin.py:188} INFO - Downloaded GOOGL/1759739668.json -> /tmp/minio_downloads/1759739668.json
[2025-10-06T08:36:11.867+0000] {logging_mixin.py:188} INFO - Downloaded GOOGL/1759739685.json -> /tmp/minio_downloads/1759739685.json
[2025-10-06T08:36:11.875+0000] {logging_mixin.py:188} INFO - Downloaded GOOGL/1759739703.json -> /tmp/minio_downloads/1759739703.json
[2025-10-06T08:36:11.883+0000] {logging_mixin.py:188} INFO - Downloaded GOOGL/1759739719.json -> /tmp/minio_downloads/1759739719.json
[2025-10-06T08:36:11.890+0000] {logging_mixin.py:188} INFO - Downloaded GOOGL/1759739738.json -> /tmp/minio_downloads/1759739738.json
[2025-10-06T08:36:11.904+0000] {logging_mixin.py:188} INFO - Downloaded GOOGL/1759739755.json -> /tmp/minio_downloads/1759739755.json
[2025-10-06T08:36:11.914+0000] {logging_mixin.py:188} INFO - Downloaded MSFT/1759738384.json -> /tmp/minio_downloads/1759738384.json
[2025-10-06T08:36:11.922+0000] {logging_mixin.py:188} INFO - Downloaded MSFT/1759738399.json -> /tmp/minio_downloads/1759738399.json
[2025-10-06T08:36:11.931+0000] {logging_mixin.py:188} INFO - Downloaded MSFT/1759738411.json -> /tmp/minio_downloads/1759738411.json
[2025-10-06T08:36:11.940+0000] {logging_mixin.py:188} INFO - Downloaded MSFT/1759738435.json -> /tmp/minio_downloads/1759738435.json
[2025-10-06T08:36:11.948+0000] {logging_mixin.py:188} INFO - Downloaded MSFT/1759738459.json -> /tmp/minio_downloads/1759738459.json
[2025-10-06T08:36:11.956+0000] {logging_mixin.py:188} INFO - Downloaded MSFT/1759738479.json -> /tmp/minio_downloads/1759738479.json
[2025-10-06T08:36:11.964+0000] {logging_mixin.py:188} INFO - Downloaded MSFT/1759738496.json -> /tmp/minio_downloads/1759738496.json
[2025-10-06T08:36:11.977+0000] {logging_mixin.py:188} INFO - Downloaded MSFT/1759738513.json -> /tmp/minio_downloads/1759738513.json
[2025-10-06T08:36:11.986+0000] {logging_mixin.py:188} INFO - Downloaded MSFT/1759738591.json -> /tmp/minio_downloads/1759738591.json
[2025-10-06T08:36:11.995+0000] {logging_mixin.py:188} INFO - Downloaded MSFT/1759738620.json -> /tmp/minio_downloads/1759738620.json
[2025-10-06T08:36:12.012+0000] {logging_mixin.py:188} INFO - Downloaded MSFT/1759738634.json -> /tmp/minio_downloads/1759738634.json
[2025-10-06T08:36:12.024+0000] {logging_mixin.py:188} INFO - Downloaded MSFT/1759738650.json -> /tmp/minio_downloads/1759738650.json
[2025-10-06T08:36:12.035+0000] {logging_mixin.py:188} INFO - Downloaded MSFT/1759738664.json -> /tmp/minio_downloads/1759738664.json
[2025-10-06T08:36:12.043+0000] {logging_mixin.py:188} INFO - Downloaded MSFT/1759738677.json -> /tmp/minio_downloads/1759738677.json
[2025-10-06T08:36:12.051+0000] {logging_mixin.py:188} INFO - Downloaded MSFT/1759738692.json -> /tmp/minio_downloads/1759738692.json
[2025-10-06T08:36:12.059+0000] {logging_mixin.py:188} INFO - Downloaded MSFT/1759738705.json -> /tmp/minio_downloads/1759738705.json
[2025-10-06T08:36:12.070+0000] {logging_mixin.py:188} INFO - Downloaded MSFT/1759738719.json -> /tmp/minio_downloads/1759738719.json
[2025-10-06T08:36:12.078+0000] {logging_mixin.py:188} INFO - Downloaded MSFT/1759738734.json -> /tmp/minio_downloads/1759738734.json
[2025-10-06T08:36:12.086+0000] {logging_mixin.py:188} INFO - Downloaded MSFT/1759738749.json -> /tmp/minio_downloads/1759738749.json
[2025-10-06T08:36:12.094+0000] {logging_mixin.py:188} INFO - Downloaded MSFT/1759738765.json -> /tmp/minio_downloads/1759738765.json
[2025-10-06T08:36:12.104+0000] {logging_mixin.py:188} INFO - Downloaded MSFT/1759738780.json -> /tmp/minio_downloads/1759738780.json
[2025-10-06T08:36:12.112+0000] {logging_mixin.py:188} INFO - Downloaded MSFT/1759738809.json -> /tmp/minio_downloads/1759738809.json
[2025-10-06T08:36:12.120+0000] {logging_mixin.py:188} INFO - Downloaded MSFT/1759738825.json -> /tmp/minio_downloads/1759738825.json
[2025-10-06T08:36:12.128+0000] {logging_mixin.py:188} INFO - Downloaded MSFT/1759738842.json -> /tmp/minio_downloads/1759738842.json
[2025-10-06T08:36:12.139+0000] {logging_mixin.py:188} INFO - Downloaded MSFT/1759738863.json -> /tmp/minio_downloads/1759738863.json
[2025-10-06T08:36:12.148+0000] {logging_mixin.py:188} INFO - Downloaded MSFT/1759738882.json -> /tmp/minio_downloads/1759738882.json
[2025-10-06T08:36:12.157+0000] {logging_mixin.py:188} INFO - Downloaded MSFT/1759738900.json -> /tmp/minio_downloads/1759738900.json
[2025-10-06T08:36:12.168+0000] {logging_mixin.py:188} INFO - Downloaded MSFT/1759738918.json -> /tmp/minio_downloads/1759738918.json
[2025-10-06T08:36:12.177+0000] {logging_mixin.py:188} INFO - Downloaded MSFT/1759738945.json -> /tmp/minio_downloads/1759738945.json
[2025-10-06T08:36:12.185+0000] {logging_mixin.py:188} INFO - Downloaded MSFT/1759738960.json -> /tmp/minio_downloads/1759738960.json
[2025-10-06T08:36:12.193+0000] {logging_mixin.py:188} INFO - Downloaded MSFT/1759738975.json -> /tmp/minio_downloads/1759738975.json
[2025-10-06T08:36:12.204+0000] {logging_mixin.py:188} INFO - Downloaded MSFT/1759738991.json -> /tmp/minio_downloads/1759738991.json
[2025-10-06T08:36:12.212+0000] {logging_mixin.py:188} INFO - Downloaded MSFT/1759739010.json -> /tmp/minio_downloads/1759739010.json
[2025-10-06T08:36:12.220+0000] {logging_mixin.py:188} INFO - Downloaded MSFT/1759739034.json -> /tmp/minio_downloads/1759739034.json
[2025-10-06T08:36:12.228+0000] {logging_mixin.py:188} INFO - Downloaded MSFT/1759739058.json -> /tmp/minio_downloads/1759739058.json
[2025-10-06T08:36:12.239+0000] {logging_mixin.py:188} INFO - Downloaded MSFT/1759739080.json -> /tmp/minio_downloads/1759739080.json
[2025-10-06T08:36:12.246+0000] {logging_mixin.py:188} INFO - Downloaded MSFT/1759739099.json -> /tmp/minio_downloads/1759739099.json
[2025-10-06T08:36:12.254+0000] {logging_mixin.py:188} INFO - Downloaded MSFT/1759739119.json -> /tmp/minio_downloads/1759739119.json
[2025-10-06T08:36:12.264+0000] {logging_mixin.py:188} INFO - Downloaded MSFT/1759739136.json -> /tmp/minio_downloads/1759739136.json
[2025-10-06T08:36:12.273+0000] {logging_mixin.py:188} INFO - Downloaded MSFT/1759739153.json -> /tmp/minio_downloads/1759739153.json
[2025-10-06T08:36:12.282+0000] {logging_mixin.py:188} INFO - Downloaded MSFT/1759739171.json -> /tmp/minio_downloads/1759739171.json
[2025-10-06T08:36:12.291+0000] {logging_mixin.py:188} INFO - Downloaded MSFT/1759739189.json -> /tmp/minio_downloads/1759739189.json
[2025-10-06T08:36:12.301+0000] {logging_mixin.py:188} INFO - Downloaded MSFT/1759739207.json -> /tmp/minio_downloads/1759739207.json
[2025-10-06T08:36:12.309+0000] {logging_mixin.py:188} INFO - Downloaded MSFT/1759739227.json -> /tmp/minio_downloads/1759739227.json
[2025-10-06T08:36:12.317+0000] {logging_mixin.py:188} INFO - Downloaded MSFT/1759739245.json -> /tmp/minio_downloads/1759739245.json
[2025-10-06T08:36:12.325+0000] {logging_mixin.py:188} INFO - Downloaded MSFT/1759739262.json -> /tmp/minio_downloads/1759739262.json
[2025-10-06T08:36:12.336+0000] {logging_mixin.py:188} INFO - Downloaded MSFT/1759739277.json -> /tmp/minio_downloads/1759739277.json
[2025-10-06T08:36:12.344+0000] {logging_mixin.py:188} INFO - Downloaded MSFT/1759739292.json -> /tmp/minio_downloads/1759739292.json
[2025-10-06T08:36:12.354+0000] {logging_mixin.py:188} INFO - Downloaded MSFT/1759739306.json -> /tmp/minio_downloads/1759739306.json
[2025-10-06T08:36:12.363+0000] {logging_mixin.py:188} INFO - Downloaded MSFT/1759739320.json -> /tmp/minio_downloads/1759739320.json
[2025-10-06T08:36:12.373+0000] {logging_mixin.py:188} INFO - Downloaded MSFT/1759739334.json -> /tmp/minio_downloads/1759739334.json
[2025-10-06T08:36:12.381+0000] {logging_mixin.py:188} INFO - Downloaded MSFT/1759739348.json -> /tmp/minio_downloads/1759739348.json
[2025-10-06T08:36:12.389+0000] {logging_mixin.py:188} INFO - Downloaded MSFT/1759739361.json -> /tmp/minio_downloads/1759739361.json
[2025-10-06T08:36:12.397+0000] {logging_mixin.py:188} INFO - Downloaded MSFT/1759739376.json -> /tmp/minio_downloads/1759739376.json
[2025-10-06T08:36:12.406+0000] {logging_mixin.py:188} INFO - Downloaded MSFT/1759739392.json -> /tmp/minio_downloads/1759739392.json
[2025-10-06T08:36:12.413+0000] {logging_mixin.py:188} INFO - Downloaded MSFT/1759739412.json -> /tmp/minio_downloads/1759739412.json
[2025-10-06T08:36:12.422+0000] {logging_mixin.py:188} INFO - Downloaded MSFT/1759739427.json -> /tmp/minio_downloads/1759739427.json
[2025-10-06T08:36:12.431+0000] {logging_mixin.py:188} INFO - Downloaded MSFT/1759739440.json -> /tmp/minio_downloads/1759739440.json
[2025-10-06T08:36:12.439+0000] {logging_mixin.py:188} INFO - Downloaded MSFT/1759739454.json -> /tmp/minio_downloads/1759739454.json
[2025-10-06T08:36:12.448+0000] {logging_mixin.py:188} INFO - Downloaded MSFT/1759739470.json -> /tmp/minio_downloads/1759739470.json
[2025-10-06T08:36:12.456+0000] {logging_mixin.py:188} INFO - Downloaded MSFT/1759739482.json -> /tmp/minio_downloads/1759739482.json
[2025-10-06T08:36:12.464+0000] {logging_mixin.py:188} INFO - Downloaded MSFT/1759739498.json -> /tmp/minio_downloads/1759739498.json
[2025-10-06T08:36:12.473+0000] {logging_mixin.py:188} INFO - Downloaded MSFT/1759739515.json -> /tmp/minio_downloads/1759739515.json
[2025-10-06T08:36:12.482+0000] {logging_mixin.py:188} INFO - Downloaded MSFT/1759739530.json -> /tmp/minio_downloads/1759739530.json
[2025-10-06T08:36:12.489+0000] {logging_mixin.py:188} INFO - Downloaded MSFT/1759739547.json -> /tmp/minio_downloads/1759739547.json
[2025-10-06T08:36:12.498+0000] {logging_mixin.py:188} INFO - Downloaded MSFT/1759739563.json -> /tmp/minio_downloads/1759739563.json
[2025-10-06T08:36:12.507+0000] {logging_mixin.py:188} INFO - Downloaded MSFT/1759739591.json -> /tmp/minio_downloads/1759739591.json
[2025-10-06T08:36:12.514+0000] {logging_mixin.py:188} INFO - Downloaded MSFT/1759739623.json -> /tmp/minio_downloads/1759739623.json
[2025-10-06T08:36:12.523+0000] {logging_mixin.py:188} INFO - Downloaded MSFT/1759739646.json -> /tmp/minio_downloads/1759739646.json
[2025-10-06T08:36:12.539+0000] {logging_mixin.py:188} INFO - Downloaded MSFT/1759739665.json -> /tmp/minio_downloads/1759739665.json
[2025-10-06T08:36:12.553+0000] {logging_mixin.py:188} INFO - Downloaded MSFT/1759739681.json -> /tmp/minio_downloads/1759739681.json
[2025-10-06T08:36:12.569+0000] {logging_mixin.py:188} INFO - Downloaded MSFT/1759739699.json -> /tmp/minio_downloads/1759739699.json
[2025-10-06T08:36:12.580+0000] {logging_mixin.py:188} INFO - Downloaded MSFT/1759739715.json -> /tmp/minio_downloads/1759739715.json
[2025-10-06T08:36:12.594+0000] {logging_mixin.py:188} INFO - Downloaded MSFT/1759739734.json -> /tmp/minio_downloads/1759739734.json
[2025-10-06T08:36:12.608+0000] {logging_mixin.py:188} INFO - Downloaded MSFT/1759739751.json -> /tmp/minio_downloads/1759739751.json
[2025-10-06T08:36:12.619+0000] {logging_mixin.py:188} INFO - Downloaded MSFT/1759739768.json -> /tmp/minio_downloads/1759739768.json
[2025-10-06T08:36:12.630+0000] {logging_mixin.py:188} INFO - Downloaded TSLA/1759738386.json -> /tmp/minio_downloads/1759738386.json
[2025-10-06T08:36:12.642+0000] {logging_mixin.py:188} INFO - Downloaded TSLA/1759738400.json -> /tmp/minio_downloads/1759738400.json
[2025-10-06T08:36:12.654+0000] {logging_mixin.py:188} INFO - Downloaded TSLA/1759738413.json -> /tmp/minio_downloads/1759738413.json
[2025-10-06T08:36:12.665+0000] {logging_mixin.py:188} INFO - Downloaded TSLA/1759738441.json -> /tmp/minio_downloads/1759738441.json
[2025-10-06T08:36:12.678+0000] {logging_mixin.py:188} INFO - Downloaded TSLA/1759738463.json -> /tmp/minio_downloads/1759738463.json
[2025-10-06T08:36:12.690+0000] {logging_mixin.py:188} INFO - Downloaded TSLA/1759738480.json -> /tmp/minio_downloads/1759738480.json
[2025-10-06T08:36:12.709+0000] {logging_mixin.py:188} INFO - Downloaded TSLA/1759738498.json -> /tmp/minio_downloads/1759738498.json
[2025-10-06T08:36:12.721+0000] {logging_mixin.py:188} INFO - Downloaded TSLA/1759738515.json -> /tmp/minio_downloads/1759738515.json
[2025-10-06T08:36:12.731+0000] {logging_mixin.py:188} INFO - Downloaded TSLA/1759738559.json -> /tmp/minio_downloads/1759738559.json
[2025-10-06T08:36:12.743+0000] {logging_mixin.py:188} INFO - Downloaded TSLA/1759738595.json -> /tmp/minio_downloads/1759738595.json
[2025-10-06T08:36:12.753+0000] {logging_mixin.py:188} INFO - Downloaded TSLA/1759738622.json -> /tmp/minio_downloads/1759738622.json
[2025-10-06T08:36:12.763+0000] {logging_mixin.py:188} INFO - Downloaded TSLA/1759738636.json -> /tmp/minio_downloads/1759738636.json
[2025-10-06T08:36:12.773+0000] {logging_mixin.py:188} INFO - Downloaded TSLA/1759738651.json -> /tmp/minio_downloads/1759738651.json
[2025-10-06T08:36:12.784+0000] {logging_mixin.py:188} INFO - Downloaded TSLA/1759738665.json -> /tmp/minio_downloads/1759738665.json
[2025-10-06T08:36:12.794+0000] {logging_mixin.py:188} INFO - Downloaded TSLA/1759738678.json -> /tmp/minio_downloads/1759738678.json
[2025-10-06T08:36:12.805+0000] {logging_mixin.py:188} INFO - Downloaded TSLA/1759738693.json -> /tmp/minio_downloads/1759738693.json
[2025-10-06T08:36:12.816+0000] {logging_mixin.py:188} INFO - Downloaded TSLA/1759738706.json -> /tmp/minio_downloads/1759738706.json
[2025-10-06T08:36:12.826+0000] {logging_mixin.py:188} INFO - Downloaded TSLA/1759738720.json -> /tmp/minio_downloads/1759738720.json
[2025-10-06T08:36:12.837+0000] {logging_mixin.py:188} INFO - Downloaded TSLA/1759738735.json -> /tmp/minio_downloads/1759738735.json
[2025-10-06T08:36:12.848+0000] {logging_mixin.py:188} INFO - Downloaded TSLA/1759738751.json -> /tmp/minio_downloads/1759738751.json
[2025-10-06T08:36:12.859+0000] {logging_mixin.py:188} INFO - Downloaded TSLA/1759738767.json -> /tmp/minio_downloads/1759738767.json
[2025-10-06T08:36:12.870+0000] {logging_mixin.py:188} INFO - Downloaded TSLA/1759738782.json -> /tmp/minio_downloads/1759738782.json
[2025-10-06T08:36:12.884+0000] {logging_mixin.py:188} INFO - Downloaded TSLA/1759738811.json -> /tmp/minio_downloads/1759738811.json
[2025-10-06T08:36:12.895+0000] {logging_mixin.py:188} INFO - Downloaded TSLA/1759738826.json -> /tmp/minio_downloads/1759738826.json
[2025-10-06T08:36:12.908+0000] {logging_mixin.py:188} INFO - Downloaded TSLA/1759738844.json -> /tmp/minio_downloads/1759738844.json
[2025-10-06T08:36:12.920+0000] {logging_mixin.py:188} INFO - Downloaded TSLA/1759738865.json -> /tmp/minio_downloads/1759738865.json
[2025-10-06T08:36:12.934+0000] {logging_mixin.py:188} INFO - Downloaded TSLA/1759738884.json -> /tmp/minio_downloads/1759738884.json
[2025-10-06T08:36:12.945+0000] {logging_mixin.py:188} INFO - Downloaded TSLA/1759738901.json -> /tmp/minio_downloads/1759738901.json
[2025-10-06T08:36:12.957+0000] {logging_mixin.py:188} INFO - Downloaded TSLA/1759738927.json -> /tmp/minio_downloads/1759738927.json
[2025-10-06T08:36:12.972+0000] {logging_mixin.py:188} INFO - Downloaded TSLA/1759738947.json -> /tmp/minio_downloads/1759738947.json
[2025-10-06T08:36:12.984+0000] {logging_mixin.py:188} INFO - Downloaded TSLA/1759738962.json -> /tmp/minio_downloads/1759738962.json
[2025-10-06T08:36:12.997+0000] {logging_mixin.py:188} INFO - Downloaded TSLA/1759738977.json -> /tmp/minio_downloads/1759738977.json
[2025-10-06T08:36:13.012+0000] {logging_mixin.py:188} INFO - Downloaded TSLA/1759738994.json -> /tmp/minio_downloads/1759738994.json
[2025-10-06T08:36:13.023+0000] {logging_mixin.py:188} INFO - Downloaded TSLA/1759739014.json -> /tmp/minio_downloads/1759739014.json
[2025-10-06T08:36:13.034+0000] {logging_mixin.py:188} INFO - Downloaded TSLA/1759739039.json -> /tmp/minio_downloads/1759739039.json
[2025-10-06T08:36:13.045+0000] {logging_mixin.py:188} INFO - Downloaded TSLA/1759739060.json -> /tmp/minio_downloads/1759739060.json
[2025-10-06T08:36:13.056+0000] {logging_mixin.py:188} INFO - Downloaded TSLA/1759739082.json -> /tmp/minio_downloads/1759739082.json
[2025-10-06T08:36:13.070+0000] {logging_mixin.py:188} INFO - Downloaded TSLA/1759739102.json -> /tmp/minio_downloads/1759739102.json
[2025-10-06T08:36:13.085+0000] {logging_mixin.py:188} INFO - Downloaded TSLA/1759739121.json -> /tmp/minio_downloads/1759739121.json
[2025-10-06T08:36:13.098+0000] {logging_mixin.py:188} INFO - Downloaded TSLA/1759739138.json -> /tmp/minio_downloads/1759739138.json
[2025-10-06T08:36:13.112+0000] {logging_mixin.py:188} INFO - Downloaded TSLA/1759739155.json -> /tmp/minio_downloads/1759739155.json
[2025-10-06T08:36:13.122+0000] {logging_mixin.py:188} INFO - Downloaded TSLA/1759739174.json -> /tmp/minio_downloads/1759739174.json
[2025-10-06T08:36:13.134+0000] {logging_mixin.py:188} INFO - Downloaded TSLA/1759739191.json -> /tmp/minio_downloads/1759739191.json
[2025-10-06T08:36:13.146+0000] {logging_mixin.py:188} INFO - Downloaded TSLA/1759739209.json -> /tmp/minio_downloads/1759739209.json
[2025-10-06T08:36:13.159+0000] {logging_mixin.py:188} INFO - Downloaded TSLA/1759739229.json -> /tmp/minio_downloads/1759739229.json
[2025-10-06T08:36:13.172+0000] {logging_mixin.py:188} INFO - Downloaded TSLA/1759739247.json -> /tmp/minio_downloads/1759739247.json
[2025-10-06T08:36:13.184+0000] {logging_mixin.py:188} INFO - Downloaded TSLA/1759739264.json -> /tmp/minio_downloads/1759739264.json
[2025-10-06T08:36:13.196+0000] {logging_mixin.py:188} INFO - Downloaded TSLA/1759739279.json -> /tmp/minio_downloads/1759739279.json
[2025-10-06T08:36:13.211+0000] {logging_mixin.py:188} INFO - Downloaded TSLA/1759739293.json -> /tmp/minio_downloads/1759739293.json
[2025-10-06T08:36:13.224+0000] {logging_mixin.py:188} INFO - Downloaded TSLA/1759739308.json -> /tmp/minio_downloads/1759739308.json
[2025-10-06T08:36:13.237+0000] {logging_mixin.py:188} INFO - Downloaded TSLA/1759739322.json -> /tmp/minio_downloads/1759739322.json
[2025-10-06T08:36:13.248+0000] {logging_mixin.py:188} INFO - Downloaded TSLA/1759739336.json -> /tmp/minio_downloads/1759739336.json
[2025-10-06T08:36:13.261+0000] {logging_mixin.py:188} INFO - Downloaded TSLA/1759739349.json -> /tmp/minio_downloads/1759739349.json
[2025-10-06T08:36:13.279+0000] {logging_mixin.py:188} INFO - Downloaded TSLA/1759739363.json -> /tmp/minio_downloads/1759739363.json
[2025-10-06T08:36:13.294+0000] {logging_mixin.py:188} INFO - Downloaded TSLA/1759739379.json -> /tmp/minio_downloads/1759739379.json
[2025-10-06T08:36:13.307+0000] {logging_mixin.py:188} INFO - Downloaded TSLA/1759739394.json -> /tmp/minio_downloads/1759739394.json
[2025-10-06T08:36:13.318+0000] {logging_mixin.py:188} INFO - Downloaded TSLA/1759739415.json -> /tmp/minio_downloads/1759739415.json
[2025-10-06T08:36:13.332+0000] {logging_mixin.py:188} INFO - Downloaded TSLA/1759739428.json -> /tmp/minio_downloads/1759739428.json
[2025-10-06T08:36:13.351+0000] {logging_mixin.py:188} INFO - Downloaded TSLA/1759739442.json -> /tmp/minio_downloads/1759739442.json
[2025-10-06T08:36:13.366+0000] {logging_mixin.py:188} INFO - Downloaded TSLA/1759739455.json -> /tmp/minio_downloads/1759739455.json
[2025-10-06T08:36:13.381+0000] {logging_mixin.py:188} INFO - Downloaded TSLA/1759739471.json -> /tmp/minio_downloads/1759739471.json
[2025-10-06T08:36:13.395+0000] {logging_mixin.py:188} INFO - Downloaded TSLA/1759739484.json -> /tmp/minio_downloads/1759739484.json
[2025-10-06T08:36:13.408+0000] {logging_mixin.py:188} INFO - Downloaded TSLA/1759739500.json -> /tmp/minio_downloads/1759739500.json
[2025-10-06T08:36:13.419+0000] {logging_mixin.py:188} INFO - Downloaded TSLA/1759739516.json -> /tmp/minio_downloads/1759739516.json
[2025-10-06T08:36:13.430+0000] {logging_mixin.py:188} INFO - Downloaded TSLA/1759739532.json -> /tmp/minio_downloads/1759739532.json
[2025-10-06T08:36:13.444+0000] {logging_mixin.py:188} INFO - Downloaded TSLA/1759739549.json -> /tmp/minio_downloads/1759739549.json
[2025-10-06T08:36:13.455+0000] {logging_mixin.py:188} INFO - Downloaded TSLA/1759739565.json -> /tmp/minio_downloads/1759739565.json
[2025-10-06T08:36:13.466+0000] {logging_mixin.py:188} INFO - Downloaded TSLA/1759739593.json -> /tmp/minio_downloads/1759739593.json
[2025-10-06T08:36:13.478+0000] {logging_mixin.py:188} INFO - Downloaded TSLA/1759739631.json -> /tmp/minio_downloads/1759739631.json
[2025-10-06T08:36:13.489+0000] {logging_mixin.py:188} INFO - Downloaded TSLA/1759739649.json -> /tmp/minio_downloads/1759739649.json
[2025-10-06T08:36:13.500+0000] {logging_mixin.py:188} INFO - Downloaded TSLA/1759739667.json -> /tmp/minio_downloads/1759739667.json
[2025-10-06T08:36:13.511+0000] {logging_mixin.py:188} INFO - Downloaded TSLA/1759739683.json -> /tmp/minio_downloads/1759739683.json
[2025-10-06T08:36:13.521+0000] {logging_mixin.py:188} INFO - Downloaded TSLA/1759739701.json -> /tmp/minio_downloads/1759739701.json
[2025-10-06T08:36:13.529+0000] {logging_mixin.py:188} INFO - Downloaded TSLA/1759739717.json -> /tmp/minio_downloads/1759739717.json
[2025-10-06T08:36:13.540+0000] {logging_mixin.py:188} INFO - Downloaded TSLA/1759739736.json -> /tmp/minio_downloads/1759739736.json
[2025-10-06T08:36:13.550+0000] {logging_mixin.py:188} INFO - Downloaded TSLA/1759739753.json -> /tmp/minio_downloads/1759739753.json
[2025-10-06T08:36:13.551+0000] {python.py:237} INFO - Done. Returned value was: ['/tmp/minio_downloads/1759738383.json', '/tmp/minio_downloads/1759738397.json', '/tmp/minio_downloads/1759738410.json', '/tmp/minio_downloads/1759738431.json', '/tmp/minio_downloads/1759738457.json', '/tmp/minio_downloads/1759738476.json', '/tmp/minio_downloads/1759738494.json', '/tmp/minio_downloads/1759738512.json', '/tmp/minio_downloads/1759738540.json', '/tmp/minio_downloads/1759738577.json', '/tmp/minio_downloads/1759738618.json', '/tmp/minio_downloads/1759738633.json', '/tmp/minio_downloads/1759738648.json', '/tmp/minio_downloads/1759738662.json', '/tmp/minio_downloads/1759738675.json', '/tmp/minio_downloads/1759738689.json', '/tmp/minio_downloads/1759738703.json', '/tmp/minio_downloads/1759738717.json', '/tmp/minio_downloads/1759738732.json', '/tmp/minio_downloads/1759738747.json', '/tmp/minio_downloads/1759738763.json', '/tmp/minio_downloads/1759738778.json', '/tmp/minio_downloads/1759738807.json', '/tmp/minio_downloads/1759738823.json', '/tmp/minio_downloads/1759738840.json', '/tmp/minio_downloads/1759738860.json', '/tmp/minio_downloads/1759738880.json', '/tmp/minio_downloads/1759738897.json', '/tmp/minio_downloads/1759738916.json', '/tmp/minio_downloads/1759738943.json', '/tmp/minio_downloads/1759738959.json', '/tmp/minio_downloads/1759738973.json', '/tmp/minio_downloads/1759738989.json', '/tmp/minio_downloads/1759739009.json', '/tmp/minio_downloads/1759739029.json', '/tmp/minio_downloads/1759739055.json', '/tmp/minio_downloads/1759739075.json', '/tmp/minio_downloads/1759739097.json', '/tmp/minio_downloads/1759739117.json', '/tmp/minio_downloads/1759739134.json', '/tmp/minio_downloads/1759739151.json', '/tmp/minio_downloads/1759739169.json', '/tmp/minio_downloads/1759739187.json', '/tmp/minio_downloads/1759739204.json', '/tmp/minio_downloads/1759739225.json', '/tmp/minio_downloads/1759739242.json', '/tmp/minio_downloads/1759739260.json', '/tmp/minio_downloads/1759739276.json', '/tmp/minio_downloads/1759739290.json', '/tmp/minio_downloads/1759739304.json', '/tmp/minio_downloads/1759739319.json', '/tmp/minio_downloads/1759739333.json', '/tmp/minio_downloads/1759739346.json', '/tmp/minio_downloads/1759739360.json', '/tmp/minio_downloads/1759739375.json', '/tmp/minio_downloads/1759739391.json', '/tmp/minio_downloads/1759739406.json', '/tmp/minio_downloads/1759739425.json', '/tmp/minio_downloads/1759739439.json', '/tmp/minio_downloads/1759739452.json', '/tmp/minio_downloads/1759739468.json', '/tmp/minio_downloads/1759739481.json', '/tmp/minio_downloads/1759739495.json', '/tmp/minio_downloads/1759739513.json', '/tmp/minio_downloads/1759739528.json', '/tmp/minio_downloads/1759739545.json', '/tmp/minio_downloads/1759739561.json', '/tmp/minio_downloads/1759739589.json', '/tmp/minio_downloads/1759739644.json', '/tmp/minio_downloads/1759739662.json', '/tmp/minio_downloads/1759739678.json', '/tmp/minio_downloads/1759739697.json', '/tmp/minio_downloads/1759739713.json', '/tmp/minio_downloads/1759739732.json', '/tmp/minio_downloads/1759739749.json', '/tmp/minio_downloads/1759739765.json', '/tmp/minio_downloads/1759738390.json', '/tmp/minio_downloads/1759738403.json', '/tmp/minio_downloads/1759738420.json', '/tmp/minio_downloads/1759738449.json', '/tmp/minio_downloads/1759738469.json', '/tmp/minio_downloads/1759738486.json', '/tmp/minio_downloads/1759738503.json', '/tmp/minio_downloads/1759738523.json', '/tmp/minio_downloads/1759738567.json', '/tmp/minio_downloads/1759738600.json', '/tmp/minio_downloads/1759738625.json', '/tmp/minio_downloads/1759738640.json', '/tmp/minio_downloads/1759738655.json', '/tmp/minio_downloads/1759738668.json', '/tmp/minio_downloads/1759738681.json', '/tmp/minio_downloads/1759738696.json', '/tmp/minio_downloads/1759738709.json', '/tmp/minio_downloads/1759738724.json', '/tmp/minio_downloads/1759738739.json', '/tmp/minio_downloads/1759738755.json', '/tmp/minio_downloads/1759738771.json', '/tmp/minio_downloads/1759738798.json', '/tmp/minio_downloads/1759738815.json', '/tmp/minio_downloads/1759738832.json', '/tmp/minio_downloads/1759738851.json', '/tmp/minio_downloads/1759738872.json', '/tmp/minio_downloads/1759738887.json', '/tmp/minio_downloads/1759738906.json', '/tmp/minio_downloads/1759738934.json', '/tmp/minio_downloads/1759738951.json', '/tmp/minio_downloads/1759738965.json', '/tmp/minio_downloads/1759738981.json', '/tmp/minio_downloads/1759738999.json', '/tmp/minio_downloads/1759739021.json', '/tmp/minio_downloads/1759739045.json', '/tmp/minio_downloads/1759739067.json', '/tmp/minio_downloads/1759739087.json', '/tmp/minio_downloads/1759739108.json', '/tmp/minio_downloads/1759739126.json', '/tmp/minio_downloads/1759739143.json', '/tmp/minio_downloads/1759739159.json', '/tmp/minio_downloads/1759739178.json', '/tmp/minio_downloads/1759739195.json', '/tmp/minio_downloads/1759739215.json', '/tmp/minio_downloads/1759739234.json', '/tmp/minio_downloads/1759739252.json', '/tmp/minio_downloads/1759739268.json', '/tmp/minio_downloads/1759739282.json', '/tmp/minio_downloads/1759739296.json', '/tmp/minio_downloads/1759739311.json', '/tmp/minio_downloads/1759739325.json', '/tmp/minio_downloads/1759739339.json', '/tmp/minio_downloads/1759739352.json', '/tmp/minio_downloads/1759739366.json', '/tmp/minio_downloads/1759739383.json', '/tmp/minio_downloads/1759739397.json', '/tmp/minio_downloads/1759739418.json', '/tmp/minio_downloads/1759739431.json', '/tmp/minio_downloads/1759739445.json', '/tmp/minio_downloads/1759739459.json', '/tmp/minio_downloads/1759739473.json', '/tmp/minio_downloads/1759739487.json', '/tmp/minio_downloads/1759739504.json', '/tmp/minio_downloads/1759739520.json', '/tmp/minio_downloads/1759739537.json', '/tmp/minio_downloads/1759739553.json', '/tmp/minio_downloads/1759739581.json', '/tmp/minio_downloads/1759739597.json', '/tmp/minio_downloads/1759739636.json', '/tmp/minio_downloads/1759739653.json', '/tmp/minio_downloads/1759739670.json', '/tmp/minio_downloads/1759739688.json', '/tmp/minio_downloads/1759739705.json', '/tmp/minio_downloads/1759739724.json', '/tmp/minio_downloads/1759739740.json', '/tmp/minio_downloads/1759739757.json', '/tmp/minio_downloads/1759738388.json', '/tmp/minio_downloads/1759738401.json', '/tmp/minio_downloads/1759738414.json', '/tmp/minio_downloads/1759738445.json', '/tmp/minio_downloads/1759738466.json', '/tmp/minio_downloads/1759738482.json', '/tmp/minio_downloads/1759738501.json', '/tmp/minio_downloads/1759738519.json', '/tmp/minio_downloads/1759738562.json', '/tmp/minio_downloads/1759738598.json', '/tmp/minio_downloads/1759738623.json', '/tmp/minio_downloads/1759738638.json', '/tmp/minio_downloads/1759738653.json', '/tmp/minio_downloads/1759738666.json', '/tmp/minio_downloads/1759738679.json', '/tmp/minio_downloads/1759738695.json', '/tmp/minio_downloads/1759738708.json', '/tmp/minio_downloads/1759738722.json', '/tmp/minio_downloads/1759738737.json', '/tmp/minio_downloads/1759738753.json', '/tmp/minio_downloads/1759738769.json', '/tmp/minio_downloads/1759738784.json', '/tmp/minio_downloads/1759738813.json', '/tmp/minio_downloads/1759738828.json', '/tmp/minio_downloads/1759738849.json', '/tmp/minio_downloads/1759738869.json', '/tmp/minio_downloads/1759738886.json', '/tmp/minio_downloads/1759738905.json', '/tmp/minio_downloads/1759738931.json', '/tmp/minio_downloads/1759738949.json', '/tmp/minio_downloads/1759738963.json', '/tmp/minio_downloads/1759738979.json', '/tmp/minio_downloads/1759738997.json', '/tmp/minio_downloads/1759739019.json', '/tmp/minio_downloads/1759739042.json', '/tmp/minio_downloads/1759739062.json', '/tmp/minio_downloads/1759739085.json', '/tmp/minio_downloads/1759739104.json', '/tmp/minio_downloads/1759739124.json', '/tmp/minio_downloads/1759739140.json', '/tmp/minio_downloads/1759739157.json', '/tmp/minio_downloads/1759739176.json', '/tmp/minio_downloads/1759739193.json', '/tmp/minio_downloads/1759739211.json', '/tmp/minio_downloads/1759739231.json', '/tmp/minio_downloads/1759739250.json', '/tmp/minio_downloads/1759739266.json', '/tmp/minio_downloads/1759739280.json', '/tmp/minio_downloads/1759739295.json', '/tmp/minio_downloads/1759739309.json', '/tmp/minio_downloads/1759739324.json', '/tmp/minio_downloads/1759739337.json', '/tmp/minio_downloads/1759739351.json', '/tmp/minio_downloads/1759739364.json', '/tmp/minio_downloads/1759739380.json', '/tmp/minio_downloads/1759739395.json', '/tmp/minio_downloads/1759739416.json', '/tmp/minio_downloads/1759739430.json', '/tmp/minio_downloads/1759739443.json', '/tmp/minio_downloads/1759739457.json', '/tmp/minio_downloads/1759739472.json', '/tmp/minio_downloads/1759739485.json', '/tmp/minio_downloads/1759739502.json', '/tmp/minio_downloads/1759739519.json', '/tmp/minio_downloads/1759739534.json', '/tmp/minio_downloads/1759739551.json', '/tmp/minio_downloads/1759739578.json', '/tmp/minio_downloads/1759739594.json', '/tmp/minio_downloads/1759739634.json', '/tmp/minio_downloads/1759739650.json', '/tmp/minio_downloads/1759739668.json', '/tmp/minio_downloads/1759739685.json', '/tmp/minio_downloads/1759739703.json', '/tmp/minio_downloads/1759739719.json', '/tmp/minio_downloads/1759739738.json', '/tmp/minio_downloads/1759739755.json', '/tmp/minio_downloads/1759738384.json', '/tmp/minio_downloads/1759738399.json', '/tmp/minio_downloads/1759738411.json', '/tmp/minio_downloads/1759738435.json', '/tmp/minio_downloads/1759738459.json', '/tmp/minio_downloads/1759738479.json', '/tmp/minio_downloads/1759738496.json', '/tmp/minio_downloads/1759738513.json', '/tmp/minio_downloads/1759738591.json', '/tmp/minio_downloads/1759738620.json', '/tmp/minio_downloads/1759738634.json', '/tmp/minio_downloads/1759738650.json', '/tmp/minio_downloads/1759738664.json', '/tmp/minio_downloads/1759738677.json', '/tmp/minio_downloads/1759738692.json', '/tmp/minio_downloads/1759738705.json', '/tmp/minio_downloads/1759738719.json', '/tmp/minio_downloads/1759738734.json', '/tmp/minio_downloads/1759738749.json', '/tmp/minio_downloads/1759738765.json', '/tmp/minio_downloads/1759738780.json', '/tmp/minio_downloads/1759738809.json', '/tmp/minio_downloads/1759738825.json', '/tmp/minio_downloads/1759738842.json', '/tmp/minio_downloads/1759738863.json', '/tmp/minio_downloads/1759738882.json', '/tmp/minio_downloads/1759738900.json', '/tmp/minio_downloads/1759738918.json', '/tmp/minio_downloads/1759738945.json', '/tmp/minio_downloads/1759738960.json', '/tmp/minio_downloads/1759738975.json', '/tmp/minio_downloads/1759738991.json', '/tmp/minio_downloads/1759739010.json', '/tmp/minio_downloads/1759739034.json', '/tmp/minio_downloads/1759739058.json', '/tmp/minio_downloads/1759739080.json', '/tmp/minio_downloads/1759739099.json', '/tmp/minio_downloads/1759739119.json', '/tmp/minio_downloads/1759739136.json', '/tmp/minio_downloads/1759739153.json', '/tmp/minio_downloads/1759739171.json', '/tmp/minio_downloads/1759739189.json', '/tmp/minio_downloads/1759739207.json', '/tmp/minio_downloads/1759739227.json', '/tmp/minio_downloads/1759739245.json', '/tmp/minio_downloads/1759739262.json', '/tmp/minio_downloads/1759739277.json', '/tmp/minio_downloads/1759739292.json', '/tmp/minio_downloads/1759739306.json', '/tmp/minio_downloads/1759739320.json', '/tmp/minio_downloads/1759739334.json', '/tmp/minio_downloads/1759739348.json', '/tmp/minio_downloads/1759739361.json', '/tmp/minio_downloads/1759739376.json', '/tmp/minio_downloads/1759739392.json', '/tmp/minio_downloads/1759739412.json', '/tmp/minio_downloads/1759739427.json', '/tmp/minio_downloads/1759739440.json', '/tmp/minio_downloads/1759739454.json', '/tmp/minio_downloads/1759739470.json', '/tmp/minio_downloads/1759739482.json', '/tmp/minio_downloads/1759739498.json', '/tmp/minio_downloads/1759739515.json', '/tmp/minio_downloads/1759739530.json', '/tmp/minio_downloads/1759739547.json', '/tmp/minio_downloads/1759739563.json', '/tmp/minio_downloads/1759739591.json', '/tmp/minio_downloads/1759739623.json', '/tmp/minio_downloads/1759739646.json', '/tmp/minio_downloads/1759739665.json', '/tmp/minio_downloads/1759739681.json', '/tmp/minio_downloads/1759739699.json', '/tmp/minio_downloads/1759739715.json', '/tmp/minio_downloads/1759739734.json', '/tmp/minio_downloads/1759739751.json', '/tmp/minio_downloads/1759739768.json', '/tmp/minio_downloads/1759738386.json', '/tmp/minio_downloads/1759738400.json', '/tmp/minio_downloads/1759738413.json', '/tmp/minio_downloads/1759738441.json', '/tmp/minio_downloads/1759738463.json', '/tmp/minio_downloads/1759738480.json', '/tmp/minio_downloads/1759738498.json', '/tmp/minio_downloads/1759738515.json', '/tmp/minio_downloads/1759738559.json', '/tmp/minio_downloads/1759738595.json', '/tmp/minio_downloads/1759738622.json', '/tmp/minio_downloads/1759738636.json', '/tmp/minio_downloads/1759738651.json', '/tmp/minio_downloads/1759738665.json', '/tmp/minio_downloads/1759738678.json', '/tmp/minio_downloads/1759738693.json', '/tmp/minio_downloads/1759738706.json', '/tmp/minio_downloads/1759738720.json', '/tmp/minio_downloads/1759738735.json', '/tmp/minio_downloads/1759738751.json', '/tmp/minio_downloads/1759738767.json', '/tmp/minio_downloads/1759738782.json', '/tmp/minio_downloads/1759738811.json', '/tmp/minio_downloads/1759738826.json', '/tmp/minio_downloads/1759738844.json', '/tmp/minio_downloads/1759738865.json', '/tmp/minio_downloads/1759738884.json', '/tmp/minio_downloads/1759738901.json', '/tmp/minio_downloads/1759738927.json', '/tmp/minio_downloads/1759738947.json', '/tmp/minio_downloads/1759738962.json', '/tmp/minio_downloads/1759738977.json', '/tmp/minio_downloads/1759738994.json', '/tmp/minio_downloads/1759739014.json', '/tmp/minio_downloads/1759739039.json', '/tmp/minio_downloads/1759739060.json', '/tmp/minio_downloads/1759739082.json', '/tmp/minio_downloads/1759739102.json', '/tmp/minio_downloads/1759739121.json', '/tmp/minio_downloads/1759739138.json', '/tmp/minio_downloads/1759739155.json', '/tmp/minio_downloads/1759739174.json', '/tmp/minio_downloads/1759739191.json', '/tmp/minio_downloads/1759739209.json', '/tmp/minio_downloads/1759739229.json', '/tmp/minio_downloads/1759739247.json', '/tmp/minio_downloads/1759739264.json', '/tmp/minio_downloads/1759739279.json', '/tmp/minio_downloads/1759739293.json', '/tmp/minio_downloads/1759739308.json', '/tmp/minio_downloads/1759739322.json', '/tmp/minio_downloads/1759739336.json', '/tmp/minio_downloads/1759739349.json', '/tmp/minio_downloads/1759739363.json', '/tmp/minio_downloads/1759739379.json', '/tmp/minio_downloads/1759739394.json', '/tmp/minio_downloads/1759739415.json', '/tmp/minio_downloads/1759739428.json', '/tmp/minio_downloads/1759739442.json', '/tmp/minio_downloads/1759739455.json', '/tmp/minio_downloads/1759739471.json', '/tmp/minio_downloads/1759739484.json', '/tmp/minio_downloads/1759739500.json', '/tmp/minio_downloads/1759739516.json', '/tmp/minio_downloads/1759739532.json', '/tmp/minio_downloads/1759739549.json', '/tmp/minio_downloads/1759739565.json', '/tmp/minio_downloads/1759739593.json', '/tmp/minio_downloads/1759739631.json', '/tmp/minio_downloads/1759739649.json', '/tmp/minio_downloads/1759739667.json', '/tmp/minio_downloads/1759739683.json', '/tmp/minio_downloads/1759739701.json', '/tmp/minio_downloads/1759739717.json', '/tmp/minio_downloads/1759739736.json', '/tmp/minio_downloads/1759739753.json']
[2025-10-06T08:36:13.554+0000] {taskinstance.py:441} INFO - ::group::Post task execution logs
[2025-10-06T08:36:13.607+0000] {taskinstance.py:1206} INFO - Marking task as SUCCESS. dag_id=minio_to_snowflake, task_id=download_minio, run_id=scheduled__2025-10-06T08:34:00+00:00, execution_date=20251006T083400, start_date=20251006T083607, end_date=20251006T083613
[2025-10-06T08:36:13.664+0000] {local_task_job_runner.py:243} INFO - Task exited with return code 0
[2025-10-06T08:36:13.689+0000] {taskinstance.py:3503} INFO - 1 downstream tasks scheduled from follow-on schedule check
[2025-10-06T08:36:13.692+0000] {local_task_job_runner.py:222} INFO - ::endgroup::
