[2025-10-07T10:16:03.891+0000] {local_task_job_runner.py:120} INFO - ::group::Pre task execution logs
[2025-10-07T10:16:03.917+0000] {taskinstance.py:2076} INFO - Dependencies all met for dep_context=non-requeueable deps ti=<TaskInstance: minio_to_snowflake.download_minio scheduled__2025-10-07T10:15:00+00:00 [queued]>
[2025-10-07T10:16:03.925+0000] {taskinstance.py:2076} INFO - Dependencies all met for dep_context=requeueable deps ti=<TaskInstance: minio_to_snowflake.download_minio scheduled__2025-10-07T10:15:00+00:00 [queued]>
[2025-10-07T10:16:03.926+0000] {taskinstance.py:2306} INFO - Starting attempt 1 of 2
[2025-10-07T10:16:03.939+0000] {taskinstance.py:2330} INFO - Executing <Task(PythonOperator): download_minio> on 2025-10-07 10:15:00+00:00
[2025-10-07T10:16:03.946+0000] {standard_task_runner.py:90} INFO - Running: ['***', 'tasks', 'run', 'minio_to_snowflake', 'download_minio', 'scheduled__2025-10-07T10:15:00+00:00', '--job-id', '6', '--raw', '--subdir', 'DAGS_FOLDER/minio_to_snowflake.py', '--cfg-path', '/tmp/tmpqwbjjrd4']
[2025-10-07T10:16:03.949+0000] {logging_mixin.py:188} WARNING - /home/***/.local/lib/python3.12/site-packages/***/task/task_runner/standard_task_runner.py:62 DeprecationWarning: This process (pid=2073) is multi-threaded, use of fork() may lead to deadlocks in the child.
[2025-10-07T10:16:03.950+0000] {standard_task_runner.py:91} INFO - Job 6: Subtask download_minio
[2025-10-07T10:16:03.951+0000] {standard_task_runner.py:64} INFO - Started process 2083 to run task
[2025-10-07T10:16:04.025+0000] {task_command.py:426} INFO - Running <TaskInstance: minio_to_snowflake.download_minio scheduled__2025-10-07T10:15:00+00:00 [running]> on host 1a1020fea0b2
[2025-10-07T10:16:04.107+0000] {taskinstance.py:2648} INFO - Exporting env vars: AIRFLOW_CTX_DAG_OWNER='***' AIRFLOW_CTX_DAG_ID='minio_to_snowflake' AIRFLOW_CTX_TASK_ID='download_minio' AIRFLOW_CTX_EXECUTION_DATE='2025-10-07T10:15:00+00:00' AIRFLOW_CTX_TRY_NUMBER='1' AIRFLOW_CTX_DAG_RUN_ID='scheduled__2025-10-07T10:15:00+00:00'
[2025-10-07T10:16:04.108+0000] {taskinstance.py:430} INFO - ::endgroup::
[2025-10-07T10:16:04.464+0000] {logging_mixin.py:188} INFO - Downloaded AAPL/1759829917.json -> /tmp/minio_downloads/1759829917.json
[2025-10-07T10:16:04.475+0000] {logging_mixin.py:188} INFO - Downloaded AAPL/1759829930.json -> /tmp/minio_downloads/1759829930.json
[2025-10-07T10:16:04.486+0000] {logging_mixin.py:188} INFO - Downloaded AAPL/1759829942.json -> /tmp/minio_downloads/1759829942.json
[2025-10-07T10:16:04.497+0000] {logging_mixin.py:188} INFO - Downloaded AAPL/1759829955.json -> /tmp/minio_downloads/1759829955.json
[2025-10-07T10:16:04.506+0000] {logging_mixin.py:188} INFO - Downloaded AAPL/1759829968.json -> /tmp/minio_downloads/1759829968.json
[2025-10-07T10:16:04.515+0000] {logging_mixin.py:188} INFO - Downloaded AAPL/1759829981.json -> /tmp/minio_downloads/1759829981.json
[2025-10-07T10:16:04.524+0000] {logging_mixin.py:188} INFO - Downloaded AAPL/1759829994.json -> /tmp/minio_downloads/1759829994.json
[2025-10-07T10:16:04.535+0000] {logging_mixin.py:188} INFO - Downloaded AAPL/1759830008.json -> /tmp/minio_downloads/1759830008.json
[2025-10-07T10:16:04.544+0000] {logging_mixin.py:188} INFO - Downloaded AAPL/1759830021.json -> /tmp/minio_downloads/1759830021.json
[2025-10-07T10:16:04.552+0000] {logging_mixin.py:188} INFO - Downloaded AAPL/1759830034.json -> /tmp/minio_downloads/1759830034.json
[2025-10-07T10:16:04.560+0000] {logging_mixin.py:188} INFO - Downloaded AAPL/1759830047.json -> /tmp/minio_downloads/1759830047.json
[2025-10-07T10:16:04.569+0000] {logging_mixin.py:188} INFO - Downloaded AAPL/1759830060.json -> /tmp/minio_downloads/1759830060.json
[2025-10-07T10:16:04.576+0000] {logging_mixin.py:188} INFO - Downloaded AAPL/1759830072.json -> /tmp/minio_downloads/1759830072.json
[2025-10-07T10:16:04.583+0000] {logging_mixin.py:188} INFO - Downloaded AAPL/1759830085.json -> /tmp/minio_downloads/1759830085.json
[2025-10-07T10:16:04.591+0000] {logging_mixin.py:188} INFO - Downloaded AAPL/1759830098.json -> /tmp/minio_downloads/1759830098.json
[2025-10-07T10:16:04.599+0000] {logging_mixin.py:188} INFO - Downloaded AAPL/1759830112.json -> /tmp/minio_downloads/1759830112.json
[2025-10-07T10:16:04.606+0000] {logging_mixin.py:188} INFO - Downloaded AAPL/1759830125.json -> /tmp/minio_downloads/1759830125.json
[2025-10-07T10:16:04.613+0000] {logging_mixin.py:188} INFO - Downloaded AAPL/1759830137.json -> /tmp/minio_downloads/1759830137.json
[2025-10-07T10:16:04.621+0000] {logging_mixin.py:188} INFO - Downloaded AAPL/1759830150.json -> /tmp/minio_downloads/1759830150.json
[2025-10-07T10:16:04.629+0000] {logging_mixin.py:188} INFO - Downloaded AAPL/1759830164.json -> /tmp/minio_downloads/1759830164.json
[2025-10-07T10:16:04.637+0000] {logging_mixin.py:188} INFO - Downloaded AAPL/1759830177.json -> /tmp/minio_downloads/1759830177.json
[2025-10-07T10:16:04.644+0000] {logging_mixin.py:188} INFO - Downloaded AAPL/1759830191.json -> /tmp/minio_downloads/1759830191.json
[2025-10-07T10:16:04.654+0000] {logging_mixin.py:188} INFO - Downloaded AAPL/1759830204.json -> /tmp/minio_downloads/1759830204.json
[2025-10-07T10:16:04.662+0000] {logging_mixin.py:188} INFO - Downloaded AAPL/1759830218.json -> /tmp/minio_downloads/1759830218.json
[2025-10-07T10:16:04.672+0000] {logging_mixin.py:188} INFO - Downloaded AAPL/1759830233.json -> /tmp/minio_downloads/1759830233.json
[2025-10-07T10:16:04.679+0000] {logging_mixin.py:188} INFO - Downloaded AAPL/1759830246.json -> /tmp/minio_downloads/1759830246.json
[2025-10-07T10:16:04.689+0000] {logging_mixin.py:188} INFO - Downloaded AAPL/1759830259.json -> /tmp/minio_downloads/1759830259.json
[2025-10-07T10:16:04.698+0000] {logging_mixin.py:188} INFO - Downloaded AAPL/1759830273.json -> /tmp/minio_downloads/1759830273.json
[2025-10-07T10:16:04.707+0000] {logging_mixin.py:188} INFO - Downloaded AAPL/1759830288.json -> /tmp/minio_downloads/1759830288.json
[2025-10-07T10:16:04.715+0000] {logging_mixin.py:188} INFO - Downloaded AAPL/1759830303.json -> /tmp/minio_downloads/1759830303.json
[2025-10-07T10:16:04.725+0000] {logging_mixin.py:188} INFO - Downloaded AAPL/1759830317.json -> /tmp/minio_downloads/1759830317.json
[2025-10-07T10:16:04.732+0000] {logging_mixin.py:188} INFO - Downloaded AAPL/1759830332.json -> /tmp/minio_downloads/1759830332.json
[2025-10-07T10:16:04.742+0000] {logging_mixin.py:188} INFO - Downloaded AAPL/1759830345.json -> /tmp/minio_downloads/1759830345.json
[2025-10-07T10:16:04.749+0000] {logging_mixin.py:188} INFO - Downloaded AAPL/1759830358.json -> /tmp/minio_downloads/1759830358.json
[2025-10-07T10:16:04.759+0000] {logging_mixin.py:188} INFO - Downloaded AAPL/1759830372.json -> /tmp/minio_downloads/1759830372.json
[2025-10-07T10:16:04.767+0000] {logging_mixin.py:188} INFO - Downloaded AAPL/1759830385.json -> /tmp/minio_downloads/1759830385.json
[2025-10-07T10:16:04.776+0000] {logging_mixin.py:188} INFO - Downloaded AAPL/1759830398.json -> /tmp/minio_downloads/1759830398.json
[2025-10-07T10:16:04.784+0000] {logging_mixin.py:188} INFO - Downloaded AAPL/1759830411.json -> /tmp/minio_downloads/1759830411.json
[2025-10-07T10:16:04.793+0000] {logging_mixin.py:188} INFO - Downloaded AAPL/1759830425.json -> /tmp/minio_downloads/1759830425.json
[2025-10-07T10:16:04.801+0000] {logging_mixin.py:188} INFO - Downloaded AAPL/1759830439.json -> /tmp/minio_downloads/1759830439.json
[2025-10-07T10:16:04.811+0000] {logging_mixin.py:188} INFO - Downloaded AAPL/1759830452.json -> /tmp/minio_downloads/1759830452.json
[2025-10-07T10:16:04.819+0000] {logging_mixin.py:188} INFO - Downloaded AAPL/1759830466.json -> /tmp/minio_downloads/1759830466.json
[2025-10-07T10:16:04.828+0000] {logging_mixin.py:188} INFO - Downloaded AAPL/1759830480.json -> /tmp/minio_downloads/1759830480.json
[2025-10-07T10:16:04.841+0000] {logging_mixin.py:188} INFO - Downloaded AAPL/1759830494.json -> /tmp/minio_downloads/1759830494.json
[2025-10-07T10:16:04.852+0000] {logging_mixin.py:188} INFO - Downloaded AAPL/1759830508.json -> /tmp/minio_downloads/1759830508.json
[2025-10-07T10:16:04.861+0000] {logging_mixin.py:188} INFO - Downloaded AAPL/1759830524.json -> /tmp/minio_downloads/1759830524.json
[2025-10-07T10:16:04.869+0000] {logging_mixin.py:188} INFO - Downloaded AAPL/1759830538.json -> /tmp/minio_downloads/1759830538.json
[2025-10-07T10:16:04.878+0000] {logging_mixin.py:188} INFO - Downloaded AAPL/1759830552.json -> /tmp/minio_downloads/1759830552.json
[2025-10-07T10:16:04.886+0000] {logging_mixin.py:188} INFO - Downloaded AAPL/1759830566.json -> /tmp/minio_downloads/1759830566.json
[2025-10-07T10:16:04.894+0000] {logging_mixin.py:188} INFO - Downloaded AAPL/1759830583.json -> /tmp/minio_downloads/1759830583.json
[2025-10-07T10:16:04.903+0000] {logging_mixin.py:188} INFO - Downloaded AAPL/1759830598.json -> /tmp/minio_downloads/1759830598.json
[2025-10-07T10:16:04.911+0000] {logging_mixin.py:188} INFO - Downloaded AAPL/1759830610.json -> /tmp/minio_downloads/1759830610.json
[2025-10-07T10:16:04.917+0000] {logging_mixin.py:188} INFO - Downloaded AAPL/1759830627.json -> /tmp/minio_downloads/1759830627.json
[2025-10-07T10:16:04.926+0000] {logging_mixin.py:188} INFO - Downloaded AAPL/1759830640.json -> /tmp/minio_downloads/1759830640.json
[2025-10-07T10:16:04.932+0000] {logging_mixin.py:188} INFO - Downloaded AAPL/1759830661.json -> /tmp/minio_downloads/1759830661.json
[2025-10-07T10:16:04.941+0000] {logging_mixin.py:188} INFO - Downloaded AAPL/1759830684.json -> /tmp/minio_downloads/1759830684.json
[2025-10-07T10:16:04.947+0000] {logging_mixin.py:188} INFO - Downloaded AAPL/1759830705.json -> /tmp/minio_downloads/1759830705.json
[2025-10-07T10:16:04.956+0000] {logging_mixin.py:188} INFO - Downloaded AAPL/1759830722.json -> /tmp/minio_downloads/1759830722.json
[2025-10-07T10:16:04.962+0000] {logging_mixin.py:188} INFO - Downloaded AAPL/1759830735.json -> /tmp/minio_downloads/1759830735.json
[2025-10-07T10:16:04.971+0000] {logging_mixin.py:188} INFO - Downloaded AAPL/1759830750.json -> /tmp/minio_downloads/1759830750.json
[2025-10-07T10:16:04.978+0000] {logging_mixin.py:188} INFO - Downloaded AAPL/1759830767.json -> /tmp/minio_downloads/1759830767.json
[2025-10-07T10:16:04.985+0000] {logging_mixin.py:188} INFO - Downloaded AAPL/1759830784.json -> /tmp/minio_downloads/1759830784.json
[2025-10-07T10:16:04.994+0000] {logging_mixin.py:188} INFO - Downloaded AAPL/1759830829.json -> /tmp/minio_downloads/1759830829.json
[2025-10-07T10:16:05.001+0000] {logging_mixin.py:188} INFO - Downloaded AAPL/1759830843.json -> /tmp/minio_downloads/1759830843.json
[2025-10-07T10:16:05.009+0000] {logging_mixin.py:188} INFO - Downloaded AAPL/1759830858.json -> /tmp/minio_downloads/1759830858.json
[2025-10-07T10:16:05.016+0000] {logging_mixin.py:188} INFO - Downloaded AAPL/1759830901.json -> /tmp/minio_downloads/1759830901.json
[2025-10-07T10:16:05.026+0000] {logging_mixin.py:188} INFO - Downloaded AAPL/1759830914.json -> /tmp/minio_downloads/1759830914.json
[2025-10-07T10:16:05.034+0000] {logging_mixin.py:188} INFO - Downloaded AAPL/1759830995.json -> /tmp/minio_downloads/1759830995.json
[2025-10-07T10:16:05.044+0000] {logging_mixin.py:188} INFO - Downloaded AAPL/1759831014.json -> /tmp/minio_downloads/1759831014.json
[2025-10-07T10:16:05.052+0000] {logging_mixin.py:188} INFO - Downloaded AAPL/1759831054.json -> /tmp/minio_downloads/1759831054.json
[2025-10-07T10:16:05.061+0000] {logging_mixin.py:188} INFO - Downloaded AAPL/1759831090.json -> /tmp/minio_downloads/1759831090.json
[2025-10-07T10:16:05.071+0000] {logging_mixin.py:188} INFO - Downloaded AAPL/1759831106.json -> /tmp/minio_downloads/1759831106.json
[2025-10-07T10:16:05.082+0000] {logging_mixin.py:188} INFO - Downloaded AAPL/1759831120.json -> /tmp/minio_downloads/1759831120.json
[2025-10-07T10:16:05.092+0000] {logging_mixin.py:188} INFO - Downloaded AAPL/1759831135.json -> /tmp/minio_downloads/1759831135.json
[2025-10-07T10:16:05.099+0000] {logging_mixin.py:188} INFO - Downloaded AAPL/1759831174.json -> /tmp/minio_downloads/1759831174.json
[2025-10-07T10:16:05.108+0000] {logging_mixin.py:188} INFO - Downloaded AAPL/1759831209.json -> /tmp/minio_downloads/1759831209.json
[2025-10-07T10:16:05.114+0000] {logging_mixin.py:188} INFO - Downloaded AAPL/1759831248.json -> /tmp/minio_downloads/1759831248.json
[2025-10-07T10:16:05.121+0000] {logging_mixin.py:188} INFO - Downloaded AAPL/1759831327.json -> /tmp/minio_downloads/1759831327.json
[2025-10-07T10:16:05.128+0000] {logging_mixin.py:188} INFO - Downloaded AAPL/1759831463.json -> /tmp/minio_downloads/1759831463.json
[2025-10-07T10:16:05.135+0000] {logging_mixin.py:188} INFO - Downloaded AAPL/1759831488.json -> /tmp/minio_downloads/1759831488.json
[2025-10-07T10:16:05.143+0000] {logging_mixin.py:188} INFO - Downloaded AAPL/1759831509.json -> /tmp/minio_downloads/1759831509.json
[2025-10-07T10:16:05.149+0000] {logging_mixin.py:188} INFO - Downloaded AAPL/1759831536.json -> /tmp/minio_downloads/1759831536.json
[2025-10-07T10:16:05.158+0000] {logging_mixin.py:188} INFO - Downloaded AAPL/1759831554.json -> /tmp/minio_downloads/1759831554.json
[2025-10-07T10:16:05.165+0000] {logging_mixin.py:188} INFO - Downloaded AAPL/1759831571.json -> /tmp/minio_downloads/1759831571.json
[2025-10-07T10:16:05.174+0000] {logging_mixin.py:188} INFO - Downloaded AAPL/1759831597.json -> /tmp/minio_downloads/1759831597.json
[2025-10-07T10:16:05.180+0000] {logging_mixin.py:188} INFO - Downloaded AAPL/1759831625.json -> /tmp/minio_downloads/1759831625.json
[2025-10-07T10:16:05.189+0000] {logging_mixin.py:188} INFO - Downloaded AAPL/1759831650.json -> /tmp/minio_downloads/1759831650.json
[2025-10-07T10:16:05.195+0000] {logging_mixin.py:188} INFO - Downloaded AAPL/1759831693.json -> /tmp/minio_downloads/1759831693.json
[2025-10-07T10:16:05.204+0000] {logging_mixin.py:188} INFO - Downloaded AMZN/1759829922.json -> /tmp/minio_downloads/1759829922.json
[2025-10-07T10:16:05.211+0000] {logging_mixin.py:188} INFO - Downloaded AMZN/1759829935.json -> /tmp/minio_downloads/1759829935.json
[2025-10-07T10:16:05.218+0000] {logging_mixin.py:188} INFO - Downloaded AMZN/1759829948.json -> /tmp/minio_downloads/1759829948.json
[2025-10-07T10:16:05.227+0000] {logging_mixin.py:188} INFO - Downloaded AMZN/1759829960.json -> /tmp/minio_downloads/1759829960.json
[2025-10-07T10:16:05.234+0000] {logging_mixin.py:188} INFO - Downloaded AMZN/1759829973.json -> /tmp/minio_downloads/1759829973.json
[2025-10-07T10:16:05.243+0000] {logging_mixin.py:188} INFO - Downloaded AMZN/1759829986.json -> /tmp/minio_downloads/1759829986.json
[2025-10-07T10:16:05.249+0000] {logging_mixin.py:188} INFO - Downloaded AMZN/1759830000.json -> /tmp/minio_downloads/1759830000.json
[2025-10-07T10:16:05.256+0000] {logging_mixin.py:188} INFO - Downloaded AMZN/1759830013.json -> /tmp/minio_downloads/1759830013.json
[2025-10-07T10:16:05.262+0000] {logging_mixin.py:188} INFO - Downloaded AMZN/1759830026.json -> /tmp/minio_downloads/1759830026.json
[2025-10-07T10:16:05.269+0000] {logging_mixin.py:188} INFO - Downloaded AMZN/1759830040.json -> /tmp/minio_downloads/1759830040.json
[2025-10-07T10:16:05.276+0000] {logging_mixin.py:188} INFO - Downloaded AMZN/1759830052.json -> /tmp/minio_downloads/1759830052.json
[2025-10-07T10:16:05.282+0000] {logging_mixin.py:188} INFO - Downloaded AMZN/1759830065.json -> /tmp/minio_downloads/1759830065.json
[2025-10-07T10:16:05.289+0000] {logging_mixin.py:188} INFO - Downloaded AMZN/1759830078.json -> /tmp/minio_downloads/1759830078.json
[2025-10-07T10:16:05.295+0000] {logging_mixin.py:188} INFO - Downloaded AMZN/1759830091.json -> /tmp/minio_downloads/1759830091.json
[2025-10-07T10:16:05.302+0000] {logging_mixin.py:188} INFO - Downloaded AMZN/1759830105.json -> /tmp/minio_downloads/1759830105.json
[2025-10-07T10:16:05.309+0000] {logging_mixin.py:188} INFO - Downloaded AMZN/1759830117.json -> /tmp/minio_downloads/1759830117.json
[2025-10-07T10:16:05.315+0000] {logging_mixin.py:188} INFO - Downloaded AMZN/1759830130.json -> /tmp/minio_downloads/1759830130.json
[2025-10-07T10:16:05.322+0000] {logging_mixin.py:188} INFO - Downloaded AMZN/1759830143.json -> /tmp/minio_downloads/1759830143.json
[2025-10-07T10:16:05.329+0000] {logging_mixin.py:188} INFO - Downloaded AMZN/1759830156.json -> /tmp/minio_downloads/1759830156.json
[2025-10-07T10:16:05.336+0000] {logging_mixin.py:188} INFO - Downloaded AMZN/1759830169.json -> /tmp/minio_downloads/1759830169.json
[2025-10-07T10:16:05.342+0000] {logging_mixin.py:188} INFO - Downloaded AMZN/1759830183.json -> /tmp/minio_downloads/1759830183.json
[2025-10-07T10:16:05.349+0000] {logging_mixin.py:188} INFO - Downloaded AMZN/1759830196.json -> /tmp/minio_downloads/1759830196.json
[2025-10-07T10:16:05.356+0000] {logging_mixin.py:188} INFO - Downloaded AMZN/1759830210.json -> /tmp/minio_downloads/1759830210.json
[2025-10-07T10:16:05.362+0000] {logging_mixin.py:188} INFO - Downloaded AMZN/1759830225.json -> /tmp/minio_downloads/1759830225.json
[2025-10-07T10:16:05.369+0000] {logging_mixin.py:188} INFO - Downloaded AMZN/1759830239.json -> /tmp/minio_downloads/1759830239.json
[2025-10-07T10:16:05.375+0000] {logging_mixin.py:188} INFO - Downloaded AMZN/1759830252.json -> /tmp/minio_downloads/1759830252.json
[2025-10-07T10:16:05.382+0000] {logging_mixin.py:188} INFO - Downloaded AMZN/1759830265.json -> /tmp/minio_downloads/1759830265.json
[2025-10-07T10:16:05.389+0000] {logging_mixin.py:188} INFO - Downloaded AMZN/1759830281.json -> /tmp/minio_downloads/1759830281.json
[2025-10-07T10:16:05.396+0000] {logging_mixin.py:188} INFO - Downloaded AMZN/1759830295.json -> /tmp/minio_downloads/1759830295.json
[2025-10-07T10:16:05.402+0000] {logging_mixin.py:188} INFO - Downloaded AMZN/1759830310.json -> /tmp/minio_downloads/1759830310.json
[2025-10-07T10:16:05.409+0000] {logging_mixin.py:188} INFO - Downloaded AMZN/1759830324.json -> /tmp/minio_downloads/1759830324.json
[2025-10-07T10:16:05.415+0000] {logging_mixin.py:188} INFO - Downloaded AMZN/1759830337.json -> /tmp/minio_downloads/1759830337.json
[2025-10-07T10:16:05.423+0000] {logging_mixin.py:188} INFO - Downloaded AMZN/1759830351.json -> /tmp/minio_downloads/1759830351.json
[2025-10-07T10:16:05.429+0000] {logging_mixin.py:188} INFO - Downloaded AMZN/1759830364.json -> /tmp/minio_downloads/1759830364.json
[2025-10-07T10:16:05.437+0000] {logging_mixin.py:188} INFO - Downloaded AMZN/1759830378.json -> /tmp/minio_downloads/1759830378.json
[2025-10-07T10:16:05.444+0000] {logging_mixin.py:188} INFO - Downloaded AMZN/1759830391.json -> /tmp/minio_downloads/1759830391.json
[2025-10-07T10:16:05.451+0000] {logging_mixin.py:188} INFO - Downloaded AMZN/1759830404.json -> /tmp/minio_downloads/1759830404.json
[2025-10-07T10:16:05.458+0000] {logging_mixin.py:188} INFO - Downloaded AMZN/1759830418.json -> /tmp/minio_downloads/1759830418.json
[2025-10-07T10:16:05.465+0000] {logging_mixin.py:188} INFO - Downloaded AMZN/1759830431.json -> /tmp/minio_downloads/1759830431.json
[2025-10-07T10:16:05.474+0000] {logging_mixin.py:188} INFO - Downloaded AMZN/1759830445.json -> /tmp/minio_downloads/1759830445.json
[2025-10-07T10:16:05.481+0000] {logging_mixin.py:188} INFO - Downloaded AMZN/1759830458.json -> /tmp/minio_downloads/1759830458.json
[2025-10-07T10:16:05.491+0000] {logging_mixin.py:188} INFO - Downloaded AMZN/1759830472.json -> /tmp/minio_downloads/1759830472.json
[2025-10-07T10:16:05.498+0000] {logging_mixin.py:188} INFO - Downloaded AMZN/1759830486.json -> /tmp/minio_downloads/1759830486.json
[2025-10-07T10:16:05.507+0000] {logging_mixin.py:188} INFO - Downloaded AMZN/1759830500.json -> /tmp/minio_downloads/1759830500.json
[2025-10-07T10:16:05.514+0000] {logging_mixin.py:188} INFO - Downloaded AMZN/1759830517.json -> /tmp/minio_downloads/1759830517.json
[2025-10-07T10:16:05.521+0000] {logging_mixin.py:188} INFO - Downloaded AMZN/1759830531.json -> /tmp/minio_downloads/1759830531.json
[2025-10-07T10:16:05.529+0000] {logging_mixin.py:188} INFO - Downloaded AMZN/1759830544.json -> /tmp/minio_downloads/1759830544.json
[2025-10-07T10:16:05.536+0000] {logging_mixin.py:188} INFO - Downloaded AMZN/1759830558.json -> /tmp/minio_downloads/1759830558.json
[2025-10-07T10:16:05.544+0000] {logging_mixin.py:188} INFO - Downloaded AMZN/1759830574.json -> /tmp/minio_downloads/1759830574.json
[2025-10-07T10:16:05.551+0000] {logging_mixin.py:188} INFO - Downloaded AMZN/1759830589.json -> /tmp/minio_downloads/1759830589.json
[2025-10-07T10:16:05.559+0000] {logging_mixin.py:188} INFO - Downloaded AMZN/1759830603.json -> /tmp/minio_downloads/1759830603.json
[2025-10-07T10:16:05.566+0000] {logging_mixin.py:188} INFO - Downloaded AMZN/1759830617.json -> /tmp/minio_downloads/1759830617.json
[2025-10-07T10:16:05.574+0000] {logging_mixin.py:188} INFO - Downloaded AMZN/1759830632.json -> /tmp/minio_downloads/1759830632.json
[2025-10-07T10:16:05.581+0000] {logging_mixin.py:188} INFO - Downloaded AMZN/1759830645.json -> /tmp/minio_downloads/1759830645.json
[2025-10-07T10:16:05.588+0000] {logging_mixin.py:188} INFO - Downloaded AMZN/1759830674.json -> /tmp/minio_downloads/1759830674.json
[2025-10-07T10:16:05.596+0000] {logging_mixin.py:188} INFO - Downloaded AMZN/1759830694.json -> /tmp/minio_downloads/1759830694.json
[2025-10-07T10:16:05.603+0000] {logging_mixin.py:188} INFO - Downloaded AMZN/1759830714.json -> /tmp/minio_downloads/1759830714.json
[2025-10-07T10:16:05.611+0000] {logging_mixin.py:188} INFO - Downloaded AMZN/1759830728.json -> /tmp/minio_downloads/1759830728.json
[2025-10-07T10:16:05.618+0000] {logging_mixin.py:188} INFO - Downloaded AMZN/1759830743.json -> /tmp/minio_downloads/1759830743.json
[2025-10-07T10:16:05.625+0000] {logging_mixin.py:188} INFO - Downloaded AMZN/1759830759.json -> /tmp/minio_downloads/1759830759.json
[2025-10-07T10:16:05.632+0000] {logging_mixin.py:188} INFO - Downloaded AMZN/1759830776.json -> /tmp/minio_downloads/1759830776.json
[2025-10-07T10:16:05.639+0000] {logging_mixin.py:188} INFO - Downloaded AMZN/1759830792.json -> /tmp/minio_downloads/1759830792.json
[2025-10-07T10:16:05.646+0000] {logging_mixin.py:188} INFO - Downloaded AMZN/1759830822.json -> /tmp/minio_downloads/1759830822.json
[2025-10-07T10:16:05.653+0000] {logging_mixin.py:188} INFO - Downloaded AMZN/1759830835.json -> /tmp/minio_downloads/1759830835.json
[2025-10-07T10:16:05.661+0000] {logging_mixin.py:188} INFO - Downloaded AMZN/1759830850.json -> /tmp/minio_downloads/1759830850.json
[2025-10-07T10:16:05.667+0000] {logging_mixin.py:188} INFO - Downloaded AMZN/1759830889.json -> /tmp/minio_downloads/1759830889.json
[2025-10-07T10:16:05.676+0000] {logging_mixin.py:188} INFO - Downloaded AMZN/1759830906.json -> /tmp/minio_downloads/1759830906.json
[2025-10-07T10:16:05.684+0000] {logging_mixin.py:188} INFO - Downloaded AMZN/1759830920.json -> /tmp/minio_downloads/1759830920.json
[2025-10-07T10:16:05.690+0000] {logging_mixin.py:188} INFO - Downloaded AMZN/1759830988.json -> /tmp/minio_downloads/1759830988.json
[2025-10-07T10:16:05.698+0000] {logging_mixin.py:188} INFO - Downloaded AMZN/1759831000.json -> /tmp/minio_downloads/1759831000.json
[2025-10-07T10:16:05.705+0000] {logging_mixin.py:188} INFO - Downloaded AMZN/1759831033.json -> /tmp/minio_downloads/1759831033.json
[2025-10-07T10:16:05.712+0000] {logging_mixin.py:188} INFO - Downloaded AMZN/1759831082.json -> /tmp/minio_downloads/1759831082.json
[2025-10-07T10:16:05.719+0000] {logging_mixin.py:188} INFO - Downloaded AMZN/1759831096.json -> /tmp/minio_downloads/1759831096.json
[2025-10-07T10:16:05.727+0000] {logging_mixin.py:188} INFO - Downloaded AMZN/1759831112.json -> /tmp/minio_downloads/1759831112.json
[2025-10-07T10:16:05.734+0000] {logging_mixin.py:188} INFO - Downloaded AMZN/1759831128.json -> /tmp/minio_downloads/1759831128.json
[2025-10-07T10:16:05.743+0000] {logging_mixin.py:188} INFO - Downloaded AMZN/1759831201.json -> /tmp/minio_downloads/1759831201.json
[2025-10-07T10:16:05.750+0000] {logging_mixin.py:188} INFO - Downloaded AMZN/1759831239.json -> /tmp/minio_downloads/1759831239.json
[2025-10-07T10:16:05.759+0000] {logging_mixin.py:188} INFO - Downloaded AMZN/1759831390.json -> /tmp/minio_downloads/1759831390.json
[2025-10-07T10:16:05.765+0000] {logging_mixin.py:188} INFO - Downloaded AMZN/1759831452.json -> /tmp/minio_downloads/1759831452.json
[2025-10-07T10:16:05.772+0000] {logging_mixin.py:188} INFO - Downloaded AMZN/1759831479.json -> /tmp/minio_downloads/1759831479.json
[2025-10-07T10:16:05.780+0000] {logging_mixin.py:188} INFO - Downloaded AMZN/1759831500.json -> /tmp/minio_downloads/1759831500.json
[2025-10-07T10:16:05.788+0000] {logging_mixin.py:188} INFO - Downloaded AMZN/1759831528.json -> /tmp/minio_downloads/1759831528.json
[2025-10-07T10:16:05.796+0000] {logging_mixin.py:188} INFO - Downloaded AMZN/1759831545.json -> /tmp/minio_downloads/1759831545.json
[2025-10-07T10:16:05.803+0000] {logging_mixin.py:188} INFO - Downloaded AMZN/1759831563.json -> /tmp/minio_downloads/1759831563.json
[2025-10-07T10:16:05.811+0000] {logging_mixin.py:188} INFO - Downloaded AMZN/1759831578.json -> /tmp/minio_downloads/1759831578.json
[2025-10-07T10:16:05.817+0000] {logging_mixin.py:188} INFO - Downloaded AMZN/1759831617.json -> /tmp/minio_downloads/1759831617.json
[2025-10-07T10:16:05.826+0000] {logging_mixin.py:188} INFO - Downloaded AMZN/1759831636.json -> /tmp/minio_downloads/1759831636.json
[2025-10-07T10:16:05.832+0000] {logging_mixin.py:188} INFO - Downloaded AMZN/1759831683.json -> /tmp/minio_downloads/1759831683.json
[2025-10-07T10:16:05.839+0000] {logging_mixin.py:188} INFO - Downloaded GOOGL/1759829921.json -> /tmp/minio_downloads/1759829921.json
[2025-10-07T10:16:05.847+0000] {logging_mixin.py:188} INFO - Downloaded GOOGL/1759829934.json -> /tmp/minio_downloads/1759829934.json
[2025-10-07T10:16:05.855+0000] {logging_mixin.py:188} INFO - Downloaded GOOGL/1759829946.json -> /tmp/minio_downloads/1759829946.json
[2025-10-07T10:16:05.863+0000] {logging_mixin.py:188} INFO - Downloaded GOOGL/1759829959.json -> /tmp/minio_downloads/1759829959.json
[2025-10-07T10:16:05.870+0000] {logging_mixin.py:188} INFO - Downloaded GOOGL/1759829972.json -> /tmp/minio_downloads/1759829972.json
[2025-10-07T10:16:05.879+0000] {logging_mixin.py:188} INFO - Downloaded GOOGL/1759829985.json -> /tmp/minio_downloads/1759829985.json
[2025-10-07T10:16:05.887+0000] {logging_mixin.py:188} INFO - Downloaded GOOGL/1759829999.json -> /tmp/minio_downloads/1759829999.json
[2025-10-07T10:16:05.894+0000] {logging_mixin.py:188} INFO - Downloaded GOOGL/1759830012.json -> /tmp/minio_downloads/1759830012.json
[2025-10-07T10:16:05.903+0000] {logging_mixin.py:188} INFO - Downloaded GOOGL/1759830025.json -> /tmp/minio_downloads/1759830025.json
[2025-10-07T10:16:05.910+0000] {logging_mixin.py:188} INFO - Downloaded GOOGL/1759830038.json -> /tmp/minio_downloads/1759830038.json
[2025-10-07T10:16:05.917+0000] {logging_mixin.py:188} INFO - Downloaded GOOGL/1759830051.json -> /tmp/minio_downloads/1759830051.json
[2025-10-07T10:16:05.926+0000] {logging_mixin.py:188} INFO - Downloaded GOOGL/1759830064.json -> /tmp/minio_downloads/1759830064.json
[2025-10-07T10:16:05.933+0000] {logging_mixin.py:188} INFO - Downloaded GOOGL/1759830076.json -> /tmp/minio_downloads/1759830076.json
[2025-10-07T10:16:05.941+0000] {logging_mixin.py:188} INFO - Downloaded GOOGL/1759830090.json -> /tmp/minio_downloads/1759830090.json
[2025-10-07T10:16:05.948+0000] {logging_mixin.py:188} INFO - Downloaded GOOGL/1759830103.json -> /tmp/minio_downloads/1759830103.json
[2025-10-07T10:16:05.957+0000] {logging_mixin.py:188} INFO - Downloaded GOOGL/1759830116.json -> /tmp/minio_downloads/1759830116.json
[2025-10-07T10:16:05.964+0000] {logging_mixin.py:188} INFO - Downloaded GOOGL/1759830128.json -> /tmp/minio_downloads/1759830128.json
[2025-10-07T10:16:05.972+0000] {logging_mixin.py:188} INFO - Downloaded GOOGL/1759830141.json -> /tmp/minio_downloads/1759830141.json
[2025-10-07T10:16:05.979+0000] {logging_mixin.py:188} INFO - Downloaded GOOGL/1759830154.json -> /tmp/minio_downloads/1759830154.json
[2025-10-07T10:16:05.988+0000] {logging_mixin.py:188} INFO - Downloaded GOOGL/1759830168.json -> /tmp/minio_downloads/1759830168.json
[2025-10-07T10:16:05.995+0000] {logging_mixin.py:188} INFO - Downloaded GOOGL/1759830182.json -> /tmp/minio_downloads/1759830182.json
[2025-10-07T10:16:06.005+0000] {logging_mixin.py:188} INFO - Downloaded GOOGL/1759830195.json -> /tmp/minio_downloads/1759830195.json
[2025-10-07T10:16:06.012+0000] {logging_mixin.py:188} INFO - Downloaded GOOGL/1759830209.json -> /tmp/minio_downloads/1759830209.json
[2025-10-07T10:16:06.023+0000] {logging_mixin.py:188} INFO - Downloaded GOOGL/1759830224.json -> /tmp/minio_downloads/1759830224.json
[2025-10-07T10:16:06.030+0000] {logging_mixin.py:188} INFO - Downloaded GOOGL/1759830237.json -> /tmp/minio_downloads/1759830237.json
[2025-10-07T10:16:06.039+0000] {logging_mixin.py:188} INFO - Downloaded GOOGL/1759830250.json -> /tmp/minio_downloads/1759830250.json
[2025-10-07T10:16:06.046+0000] {logging_mixin.py:188} INFO - Downloaded GOOGL/1759830264.json -> /tmp/minio_downloads/1759830264.json
[2025-10-07T10:16:06.055+0000] {logging_mixin.py:188} INFO - Downloaded GOOGL/1759830279.json -> /tmp/minio_downloads/1759830279.json
[2025-10-07T10:16:06.062+0000] {logging_mixin.py:188} INFO - Downloaded GOOGL/1759830294.json -> /tmp/minio_downloads/1759830294.json
[2025-10-07T10:16:06.070+0000] {logging_mixin.py:188} INFO - Downloaded GOOGL/1759830308.json -> /tmp/minio_downloads/1759830308.json
[2025-10-07T10:16:06.077+0000] {logging_mixin.py:188} INFO - Downloaded GOOGL/1759830322.json -> /tmp/minio_downloads/1759830322.json
[2025-10-07T10:16:06.084+0000] {logging_mixin.py:188} INFO - Downloaded GOOGL/1759830336.json -> /tmp/minio_downloads/1759830336.json
[2025-10-07T10:16:06.092+0000] {logging_mixin.py:188} INFO - Downloaded GOOGL/1759830349.json -> /tmp/minio_downloads/1759830349.json
[2025-10-07T10:16:06.099+0000] {logging_mixin.py:188} INFO - Downloaded GOOGL/1759830363.json -> /tmp/minio_downloads/1759830363.json
[2025-10-07T10:16:06.108+0000] {logging_mixin.py:188} INFO - Downloaded GOOGL/1759830376.json -> /tmp/minio_downloads/1759830376.json
[2025-10-07T10:16:06.115+0000] {logging_mixin.py:188} INFO - Downloaded GOOGL/1759830389.json -> /tmp/minio_downloads/1759830389.json
[2025-10-07T10:16:06.124+0000] {logging_mixin.py:188} INFO - Downloaded GOOGL/1759830403.json -> /tmp/minio_downloads/1759830403.json
[2025-10-07T10:16:06.130+0000] {logging_mixin.py:188} INFO - Downloaded GOOGL/1759830416.json -> /tmp/minio_downloads/1759830416.json
[2025-10-07T10:16:06.140+0000] {logging_mixin.py:188} INFO - Downloaded GOOGL/1759830430.json -> /tmp/minio_downloads/1759830430.json
[2025-10-07T10:16:06.147+0000] {logging_mixin.py:188} INFO - Downloaded GOOGL/1759830443.json -> /tmp/minio_downloads/1759830443.json
[2025-10-07T10:16:06.156+0000] {logging_mixin.py:188} INFO - Downloaded GOOGL/1759830456.json -> /tmp/minio_downloads/1759830456.json
[2025-10-07T10:16:06.163+0000] {logging_mixin.py:188} INFO - Downloaded GOOGL/1759830470.json -> /tmp/minio_downloads/1759830470.json
[2025-10-07T10:16:06.172+0000] {logging_mixin.py:188} INFO - Downloaded GOOGL/1759830485.json -> /tmp/minio_downloads/1759830485.json
[2025-10-07T10:16:06.178+0000] {logging_mixin.py:188} INFO - Downloaded GOOGL/1759830499.json -> /tmp/minio_downloads/1759830499.json
[2025-10-07T10:16:06.187+0000] {logging_mixin.py:188} INFO - Downloaded GOOGL/1759830515.json -> /tmp/minio_downloads/1759830515.json
[2025-10-07T10:16:06.194+0000] {logging_mixin.py:188} INFO - Downloaded GOOGL/1759830529.json -> /tmp/minio_downloads/1759830529.json
[2025-10-07T10:16:06.201+0000] {logging_mixin.py:188} INFO - Downloaded GOOGL/1759830543.json -> /tmp/minio_downloads/1759830543.json
[2025-10-07T10:16:06.209+0000] {logging_mixin.py:188} INFO - Downloaded GOOGL/1759830557.json -> /tmp/minio_downloads/1759830557.json
[2025-10-07T10:16:06.215+0000] {logging_mixin.py:188} INFO - Downloaded GOOGL/1759830573.json -> /tmp/minio_downloads/1759830573.json
[2025-10-07T10:16:06.223+0000] {logging_mixin.py:188} INFO - Downloaded GOOGL/1759830588.json -> /tmp/minio_downloads/1759830588.json
[2025-10-07T10:16:06.230+0000] {logging_mixin.py:188} INFO - Downloaded GOOGL/1759830602.json -> /tmp/minio_downloads/1759830602.json
[2025-10-07T10:16:06.238+0000] {logging_mixin.py:188} INFO - Downloaded GOOGL/1759830615.json -> /tmp/minio_downloads/1759830615.json
[2025-10-07T10:16:06.245+0000] {logging_mixin.py:188} INFO - Downloaded GOOGL/1759830631.json -> /tmp/minio_downloads/1759830631.json
[2025-10-07T10:16:06.251+0000] {logging_mixin.py:188} INFO - Downloaded GOOGL/1759830643.json -> /tmp/minio_downloads/1759830643.json
[2025-10-07T10:16:06.259+0000] {logging_mixin.py:188} INFO - Downloaded GOOGL/1759830671.json -> /tmp/minio_downloads/1759830671.json
[2025-10-07T10:16:06.265+0000] {logging_mixin.py:188} INFO - Downloaded GOOGL/1759830692.json -> /tmp/minio_downloads/1759830692.json
[2025-10-07T10:16:06.273+0000] {logging_mixin.py:188} INFO - Downloaded GOOGL/1759830709.json -> /tmp/minio_downloads/1759830709.json
[2025-10-07T10:16:06.279+0000] {logging_mixin.py:188} INFO - Downloaded GOOGL/1759830726.json -> /tmp/minio_downloads/1759830726.json
[2025-10-07T10:16:06.287+0000] {logging_mixin.py:188} INFO - Downloaded GOOGL/1759830740.json -> /tmp/minio_downloads/1759830740.json
[2025-10-07T10:16:06.293+0000] {logging_mixin.py:188} INFO - Downloaded GOOGL/1759830757.json -> /tmp/minio_downloads/1759830757.json
[2025-10-07T10:16:06.299+0000] {logging_mixin.py:188} INFO - Downloaded GOOGL/1759830774.json -> /tmp/minio_downloads/1759830774.json
[2025-10-07T10:16:06.306+0000] {logging_mixin.py:188} INFO - Downloaded GOOGL/1759830790.json -> /tmp/minio_downloads/1759830790.json
[2025-10-07T10:16:06.313+0000] {logging_mixin.py:188} INFO - Downloaded GOOGL/1759830820.json -> /tmp/minio_downloads/1759830820.json
[2025-10-07T10:16:06.321+0000] {logging_mixin.py:188} INFO - Downloaded GOOGL/1759830833.json -> /tmp/minio_downloads/1759830833.json
[2025-10-07T10:16:06.328+0000] {logging_mixin.py:188} INFO - Downloaded GOOGL/1759830848.json -> /tmp/minio_downloads/1759830848.json
[2025-10-07T10:16:06.336+0000] {logging_mixin.py:188} INFO - Downloaded GOOGL/1759830887.json -> /tmp/minio_downloads/1759830887.json
[2025-10-07T10:16:06.343+0000] {logging_mixin.py:188} INFO - Downloaded GOOGL/1759830905.json -> /tmp/minio_downloads/1759830905.json
[2025-10-07T10:16:06.349+0000] {logging_mixin.py:188} INFO - Downloaded GOOGL/1759830918.json -> /tmp/minio_downloads/1759830918.json
[2025-10-07T10:16:06.357+0000] {logging_mixin.py:188} INFO - Downloaded GOOGL/1759830987.json -> /tmp/minio_downloads/1759830987.json
[2025-10-07T10:16:06.363+0000] {logging_mixin.py:188} INFO - Downloaded GOOGL/1759830999.json -> /tmp/minio_downloads/1759830999.json
[2025-10-07T10:16:06.371+0000] {logging_mixin.py:188} INFO - Downloaded GOOGL/1759831025.json -> /tmp/minio_downloads/1759831025.json
[2025-10-07T10:16:06.378+0000] {logging_mixin.py:188} INFO - Downloaded GOOGL/1759831080.json -> /tmp/minio_downloads/1759831080.json
[2025-10-07T10:16:06.386+0000] {logging_mixin.py:188} INFO - Downloaded GOOGL/1759831095.json -> /tmp/minio_downloads/1759831095.json
[2025-10-07T10:16:06.392+0000] {logging_mixin.py:188} INFO - Downloaded GOOGL/1759831111.json -> /tmp/minio_downloads/1759831111.json
[2025-10-07T10:16:06.399+0000] {logging_mixin.py:188} INFO - Downloaded GOOGL/1759831126.json -> /tmp/minio_downloads/1759831126.json
[2025-10-07T10:16:06.407+0000] {logging_mixin.py:188} INFO - Downloaded GOOGL/1759831142.json -> /tmp/minio_downloads/1759831142.json
[2025-10-07T10:16:06.413+0000] {logging_mixin.py:188} INFO - Downloaded GOOGL/1759831200.json -> /tmp/minio_downloads/1759831200.json
[2025-10-07T10:16:06.421+0000] {logging_mixin.py:188} INFO - Downloaded GOOGL/1759831379.json -> /tmp/minio_downloads/1759831379.json
[2025-10-07T10:16:06.428+0000] {logging_mixin.py:188} INFO - Downloaded GOOGL/1759831451.json -> /tmp/minio_downloads/1759831451.json
[2025-10-07T10:16:06.436+0000] {logging_mixin.py:188} INFO - Downloaded GOOGL/1759831477.json -> /tmp/minio_downloads/1759831477.json
[2025-10-07T10:16:06.443+0000] {logging_mixin.py:188} INFO - Downloaded GOOGL/1759831497.json -> /tmp/minio_downloads/1759831497.json
[2025-10-07T10:16:06.449+0000] {logging_mixin.py:188} INFO - Downloaded GOOGL/1759831521.json -> /tmp/minio_downloads/1759831521.json
[2025-10-07T10:16:06.457+0000] {logging_mixin.py:188} INFO - Downloaded GOOGL/1759831542.json -> /tmp/minio_downloads/1759831542.json
[2025-10-07T10:16:06.463+0000] {logging_mixin.py:188} INFO - Downloaded GOOGL/1759831561.json -> /tmp/minio_downloads/1759831561.json
[2025-10-07T10:16:06.472+0000] {logging_mixin.py:188} INFO - Downloaded GOOGL/1759831576.json -> /tmp/minio_downloads/1759831576.json
[2025-10-07T10:16:06.479+0000] {logging_mixin.py:188} INFO - Downloaded GOOGL/1759831612.json -> /tmp/minio_downloads/1759831612.json
[2025-10-07T10:16:06.487+0000] {logging_mixin.py:188} INFO - Downloaded GOOGL/1759831633.json -> /tmp/minio_downloads/1759831633.json
[2025-10-07T10:16:06.493+0000] {logging_mixin.py:188} INFO - Downloaded GOOGL/1759831671.json -> /tmp/minio_downloads/1759831671.json
[2025-10-07T10:16:06.501+0000] {logging_mixin.py:188} INFO - Downloaded GOOGL/1759831717.json -> /tmp/minio_downloads/1759831717.json
[2025-10-07T10:16:06.510+0000] {logging_mixin.py:188} INFO - Downloaded MSFT/1759829918.json -> /tmp/minio_downloads/1759829918.json
[2025-10-07T10:16:06.516+0000] {logging_mixin.py:188} INFO - Downloaded MSFT/1759829931.json -> /tmp/minio_downloads/1759829931.json
[2025-10-07T10:16:06.524+0000] {logging_mixin.py:188} INFO - Downloaded MSFT/1759829943.json -> /tmp/minio_downloads/1759829943.json
[2025-10-07T10:16:06.531+0000] {logging_mixin.py:188} INFO - Downloaded MSFT/1759829956.json -> /tmp/minio_downloads/1759829956.json
[2025-10-07T10:16:06.539+0000] {logging_mixin.py:188} INFO - Downloaded MSFT/1759829969.json -> /tmp/minio_downloads/1759829969.json
[2025-10-07T10:16:06.546+0000] {logging_mixin.py:188} INFO - Downloaded MSFT/1759829982.json -> /tmp/minio_downloads/1759829982.json
[2025-10-07T10:16:06.554+0000] {logging_mixin.py:188} INFO - Downloaded MSFT/1759829996.json -> /tmp/minio_downloads/1759829996.json
[2025-10-07T10:16:06.561+0000] {logging_mixin.py:188} INFO - Downloaded MSFT/1759830009.json -> /tmp/minio_downloads/1759830009.json
[2025-10-07T10:16:06.568+0000] {logging_mixin.py:188} INFO - Downloaded MSFT/1759830022.json -> /tmp/minio_downloads/1759830022.json
[2025-10-07T10:16:06.575+0000] {logging_mixin.py:188} INFO - Downloaded MSFT/1759830035.json -> /tmp/minio_downloads/1759830035.json
[2025-10-07T10:16:06.583+0000] {logging_mixin.py:188} INFO - Downloaded MSFT/1759830049.json -> /tmp/minio_downloads/1759830049.json
[2025-10-07T10:16:06.591+0000] {logging_mixin.py:188} INFO - Downloaded MSFT/1759830061.json -> /tmp/minio_downloads/1759830061.json
[2025-10-07T10:16:06.598+0000] {logging_mixin.py:188} INFO - Downloaded MSFT/1759830074.json -> /tmp/minio_downloads/1759830074.json
[2025-10-07T10:16:06.606+0000] {logging_mixin.py:188} INFO - Downloaded MSFT/1759830086.json -> /tmp/minio_downloads/1759830086.json
[2025-10-07T10:16:06.612+0000] {logging_mixin.py:188} INFO - Downloaded MSFT/1759830100.json -> /tmp/minio_downloads/1759830100.json
[2025-10-07T10:16:06.621+0000] {logging_mixin.py:188} INFO - Downloaded MSFT/1759830113.json -> /tmp/minio_downloads/1759830113.json
[2025-10-07T10:16:06.628+0000] {logging_mixin.py:188} INFO - Downloaded MSFT/1759830126.json -> /tmp/minio_downloads/1759830126.json
[2025-10-07T10:16:06.636+0000] {logging_mixin.py:188} INFO - Downloaded MSFT/1759830139.json -> /tmp/minio_downloads/1759830139.json
[2025-10-07T10:16:06.643+0000] {logging_mixin.py:188} INFO - Downloaded MSFT/1759830152.json -> /tmp/minio_downloads/1759830152.json
[2025-10-07T10:16:06.649+0000] {logging_mixin.py:188} INFO - Downloaded MSFT/1759830165.json -> /tmp/minio_downloads/1759830165.json
[2025-10-07T10:16:06.657+0000] {logging_mixin.py:188} INFO - Downloaded MSFT/1759830179.json -> /tmp/minio_downloads/1759830179.json
[2025-10-07T10:16:06.663+0000] {logging_mixin.py:188} INFO - Downloaded MSFT/1759830192.json -> /tmp/minio_downloads/1759830192.json
[2025-10-07T10:16:06.671+0000] {logging_mixin.py:188} INFO - Downloaded MSFT/1759830206.json -> /tmp/minio_downloads/1759830206.json
[2025-10-07T10:16:06.677+0000] {logging_mixin.py:188} INFO - Downloaded MSFT/1759830220.json -> /tmp/minio_downloads/1759830220.json
[2025-10-07T10:16:06.684+0000] {logging_mixin.py:188} INFO - Downloaded MSFT/1759830234.json -> /tmp/minio_downloads/1759830234.json
[2025-10-07T10:16:06.691+0000] {logging_mixin.py:188} INFO - Downloaded MSFT/1759830248.json -> /tmp/minio_downloads/1759830248.json
[2025-10-07T10:16:06.698+0000] {logging_mixin.py:188} INFO - Downloaded MSFT/1759830261.json -> /tmp/minio_downloads/1759830261.json
[2025-10-07T10:16:06.706+0000] {logging_mixin.py:188} INFO - Downloaded MSFT/1759830275.json -> /tmp/minio_downloads/1759830275.json
[2025-10-07T10:16:06.712+0000] {logging_mixin.py:188} INFO - Downloaded MSFT/1759830290.json -> /tmp/minio_downloads/1759830290.json
[2025-10-07T10:16:06.720+0000] {logging_mixin.py:188} INFO - Downloaded MSFT/1759830305.json -> /tmp/minio_downloads/1759830305.json
[2025-10-07T10:16:06.728+0000] {logging_mixin.py:188} INFO - Downloaded MSFT/1759830319.json -> /tmp/minio_downloads/1759830319.json
[2025-10-07T10:16:06.734+0000] {logging_mixin.py:188} INFO - Downloaded MSFT/1759830333.json -> /tmp/minio_downloads/1759830333.json
[2025-10-07T10:16:06.743+0000] {logging_mixin.py:188} INFO - Downloaded MSFT/1759830346.json -> /tmp/minio_downloads/1759830346.json
[2025-10-07T10:16:06.749+0000] {logging_mixin.py:188} INFO - Downloaded MSFT/1759830360.json -> /tmp/minio_downloads/1759830360.json
[2025-10-07T10:16:06.758+0000] {logging_mixin.py:188} INFO - Downloaded MSFT/1759830373.json -> /tmp/minio_downloads/1759830373.json
[2025-10-07T10:16:06.764+0000] {logging_mixin.py:188} INFO - Downloaded MSFT/1759830386.json -> /tmp/minio_downloads/1759830386.json
[2025-10-07T10:16:06.784+0000] {logging_mixin.py:188} INFO - Downloaded MSFT/1759830400.json -> /tmp/minio_downloads/1759830400.json
[2025-10-07T10:16:06.795+0000] {logging_mixin.py:188} INFO - Downloaded MSFT/1759830413.json -> /tmp/minio_downloads/1759830413.json
[2025-10-07T10:16:06.804+0000] {logging_mixin.py:188} INFO - Downloaded MSFT/1759830427.json -> /tmp/minio_downloads/1759830427.json
[2025-10-07T10:16:06.812+0000] {logging_mixin.py:188} INFO - Downloaded MSFT/1759830440.json -> /tmp/minio_downloads/1759830440.json
[2025-10-07T10:16:06.819+0000] {logging_mixin.py:188} INFO - Downloaded MSFT/1759830453.json -> /tmp/minio_downloads/1759830453.json
[2025-10-07T10:16:06.826+0000] {logging_mixin.py:188} INFO - Downloaded MSFT/1759830467.json -> /tmp/minio_downloads/1759830467.json
[2025-10-07T10:16:06.833+0000] {logging_mixin.py:188} INFO - Downloaded MSFT/1759830481.json -> /tmp/minio_downloads/1759830481.json
[2025-10-07T10:16:06.841+0000] {logging_mixin.py:188} INFO - Downloaded MSFT/1759830495.json -> /tmp/minio_downloads/1759830495.json
[2025-10-07T10:16:06.848+0000] {logging_mixin.py:188} INFO - Downloaded MSFT/1759830510.json -> /tmp/minio_downloads/1759830510.json
[2025-10-07T10:16:06.856+0000] {logging_mixin.py:188} INFO - Downloaded MSFT/1759830526.json -> /tmp/minio_downloads/1759830526.json
[2025-10-07T10:16:06.862+0000] {logging_mixin.py:188} INFO - Downloaded MSFT/1759830540.json -> /tmp/minio_downloads/1759830540.json
[2025-10-07T10:16:06.870+0000] {logging_mixin.py:188} INFO - Downloaded MSFT/1759830553.json -> /tmp/minio_downloads/1759830553.json
[2025-10-07T10:16:06.876+0000] {logging_mixin.py:188} INFO - Downloaded MSFT/1759830567.json -> /tmp/minio_downloads/1759830567.json
[2025-10-07T10:16:06.883+0000] {logging_mixin.py:188} INFO - Downloaded MSFT/1759830584.json -> /tmp/minio_downloads/1759830584.json
[2025-10-07T10:16:06.890+0000] {logging_mixin.py:188} INFO - Downloaded MSFT/1759830600.json -> /tmp/minio_downloads/1759830600.json
[2025-10-07T10:16:06.897+0000] {logging_mixin.py:188} INFO - Downloaded MSFT/1759830611.json -> /tmp/minio_downloads/1759830611.json
[2025-10-07T10:16:06.905+0000] {logging_mixin.py:188} INFO - Downloaded MSFT/1759830628.json -> /tmp/minio_downloads/1759830628.json
[2025-10-07T10:16:06.912+0000] {logging_mixin.py:188} INFO - Downloaded MSFT/1759830641.json -> /tmp/minio_downloads/1759830641.json
[2025-10-07T10:16:06.920+0000] {logging_mixin.py:188} INFO - Downloaded MSFT/1759830666.json -> /tmp/minio_downloads/1759830666.json
[2025-10-07T10:16:06.926+0000] {logging_mixin.py:188} INFO - Downloaded MSFT/1759830686.json -> /tmp/minio_downloads/1759830686.json
[2025-10-07T10:16:06.932+0000] {logging_mixin.py:188} INFO - Downloaded MSFT/1759830706.json -> /tmp/minio_downloads/1759830706.json
[2025-10-07T10:16:06.940+0000] {logging_mixin.py:188} INFO - Downloaded MSFT/1759830723.json -> /tmp/minio_downloads/1759830723.json
[2025-10-07T10:16:06.946+0000] {logging_mixin.py:188} INFO - Downloaded MSFT/1759830737.json -> /tmp/minio_downloads/1759830737.json
[2025-10-07T10:16:06.954+0000] {logging_mixin.py:188} INFO - Downloaded MSFT/1759830752.json -> /tmp/minio_downloads/1759830752.json
[2025-10-07T10:16:06.960+0000] {logging_mixin.py:188} INFO - Downloaded MSFT/1759830770.json -> /tmp/minio_downloads/1759830770.json
[2025-10-07T10:16:06.967+0000] {logging_mixin.py:188} INFO - Downloaded MSFT/1759830786.json -> /tmp/minio_downloads/1759830786.json
[2025-10-07T10:16:06.975+0000] {logging_mixin.py:188} INFO - Downloaded MSFT/1759830817.json -> /tmp/minio_downloads/1759830817.json
[2025-10-07T10:16:06.982+0000] {logging_mixin.py:188} INFO - Downloaded MSFT/1759830830.json -> /tmp/minio_downloads/1759830830.json
[2025-10-07T10:16:06.991+0000] {logging_mixin.py:188} INFO - Downloaded MSFT/1759830845.json -> /tmp/minio_downloads/1759830845.json
[2025-10-07T10:16:06.998+0000] {logging_mixin.py:188} INFO - Downloaded MSFT/1759830860.json -> /tmp/minio_downloads/1759830860.json
[2025-10-07T10:16:07.006+0000] {logging_mixin.py:188} INFO - Downloaded MSFT/1759830902.json -> /tmp/minio_downloads/1759830902.json
[2025-10-07T10:16:07.013+0000] {logging_mixin.py:188} INFO - Downloaded MSFT/1759830916.json -> /tmp/minio_downloads/1759830916.json
[2025-10-07T10:16:07.021+0000] {logging_mixin.py:188} INFO - Downloaded MSFT/1759830996.json -> /tmp/minio_downloads/1759830996.json
[2025-10-07T10:16:07.029+0000] {logging_mixin.py:188} INFO - Downloaded MSFT/1759831016.json -> /tmp/minio_downloads/1759831016.json
[2025-10-07T10:16:07.038+0000] {logging_mixin.py:188} INFO - Downloaded MSFT/1759831073.json -> /tmp/minio_downloads/1759831073.json
[2025-10-07T10:16:07.045+0000] {logging_mixin.py:188} INFO - Downloaded MSFT/1759831092.json -> /tmp/minio_downloads/1759831092.json
[2025-10-07T10:16:07.052+0000] {logging_mixin.py:188} INFO - Downloaded MSFT/1759831108.json -> /tmp/minio_downloads/1759831108.json
[2025-10-07T10:16:07.061+0000] {logging_mixin.py:188} INFO - Downloaded MSFT/1759831122.json -> /tmp/minio_downloads/1759831122.json
[2025-10-07T10:16:07.069+0000] {logging_mixin.py:188} INFO - Downloaded MSFT/1759831136.json -> /tmp/minio_downloads/1759831136.json
[2025-10-07T10:16:07.077+0000] {logging_mixin.py:188} INFO - Downloaded MSFT/1759831178.json -> /tmp/minio_downloads/1759831178.json
[2025-10-07T10:16:07.084+0000] {logging_mixin.py:188} INFO - Downloaded MSFT/1759831212.json -> /tmp/minio_downloads/1759831212.json
[2025-10-07T10:16:07.092+0000] {logging_mixin.py:188} INFO - Downloaded MSFT/1759831259.json -> /tmp/minio_downloads/1759831259.json
[2025-10-07T10:16:07.099+0000] {logging_mixin.py:188} INFO - Downloaded MSFT/1759831352.json -> /tmp/minio_downloads/1759831352.json
[2025-10-07T10:16:07.108+0000] {logging_mixin.py:188} INFO - Downloaded MSFT/1759831442.json -> /tmp/minio_downloads/1759831442.json
[2025-10-07T10:16:07.114+0000] {logging_mixin.py:188} INFO - Downloaded MSFT/1759831467.json -> /tmp/minio_downloads/1759831467.json
[2025-10-07T10:16:07.123+0000] {logging_mixin.py:188} INFO - Downloaded MSFT/1759831493.json -> /tmp/minio_downloads/1759831493.json
[2025-10-07T10:16:07.129+0000] {logging_mixin.py:188} INFO - Downloaded MSFT/1759831513.json -> /tmp/minio_downloads/1759831513.json
[2025-10-07T10:16:07.137+0000] {logging_mixin.py:188} INFO - Downloaded MSFT/1759831538.json -> /tmp/minio_downloads/1759831538.json
[2025-10-07T10:16:07.144+0000] {logging_mixin.py:188} INFO - Downloaded MSFT/1759831556.json -> /tmp/minio_downloads/1759831556.json
[2025-10-07T10:16:07.150+0000] {logging_mixin.py:188} INFO - Downloaded MSFT/1759831572.json -> /tmp/minio_downloads/1759831572.json
[2025-10-07T10:16:07.158+0000] {logging_mixin.py:188} INFO - Downloaded MSFT/1759831600.json -> /tmp/minio_downloads/1759831600.json
[2025-10-07T10:16:07.164+0000] {logging_mixin.py:188} INFO - Downloaded MSFT/1759831629.json -> /tmp/minio_downloads/1759831629.json
[2025-10-07T10:16:07.172+0000] {logging_mixin.py:188} INFO - Downloaded MSFT/1759831656.json -> /tmp/minio_downloads/1759831656.json
[2025-10-07T10:16:07.178+0000] {logging_mixin.py:188} INFO - Downloaded MSFT/1759831703.json -> /tmp/minio_downloads/1759831703.json
[2025-10-07T10:16:07.186+0000] {logging_mixin.py:188} INFO - Downloaded TSLA/1759829920.json -> /tmp/minio_downloads/1759829920.json
[2025-10-07T10:16:07.193+0000] {logging_mixin.py:188} INFO - Downloaded TSLA/1759829932.json -> /tmp/minio_downloads/1759829932.json
[2025-10-07T10:16:07.200+0000] {logging_mixin.py:188} INFO - Downloaded TSLA/1759829945.json -> /tmp/minio_downloads/1759829945.json
[2025-10-07T10:16:07.208+0000] {logging_mixin.py:188} INFO - Downloaded TSLA/1759829958.json -> /tmp/minio_downloads/1759829958.json
[2025-10-07T10:16:07.214+0000] {logging_mixin.py:188} INFO - Downloaded TSLA/1759829971.json -> /tmp/minio_downloads/1759829971.json
[2025-10-07T10:16:07.222+0000] {logging_mixin.py:188} INFO - Downloaded TSLA/1759829983.json -> /tmp/minio_downloads/1759829983.json
[2025-10-07T10:16:07.228+0000] {logging_mixin.py:188} INFO - Downloaded TSLA/1759829997.json -> /tmp/minio_downloads/1759829997.json
[2025-10-07T10:16:07.236+0000] {logging_mixin.py:188} INFO - Downloaded TSLA/1759830011.json -> /tmp/minio_downloads/1759830011.json
[2025-10-07T10:16:07.243+0000] {logging_mixin.py:188} INFO - Downloaded TSLA/1759830023.json -> /tmp/minio_downloads/1759830023.json
[2025-10-07T10:16:07.249+0000] {logging_mixin.py:188} INFO - Downloaded TSLA/1759830037.json -> /tmp/minio_downloads/1759830037.json
[2025-10-07T10:16:07.257+0000] {logging_mixin.py:188} INFO - Downloaded TSLA/1759830050.json -> /tmp/minio_downloads/1759830050.json
[2025-10-07T10:16:07.263+0000] {logging_mixin.py:188} INFO - Downloaded TSLA/1759830062.json -> /tmp/minio_downloads/1759830062.json
[2025-10-07T10:16:07.271+0000] {logging_mixin.py:188} INFO - Downloaded TSLA/1759830075.json -> /tmp/minio_downloads/1759830075.json
[2025-10-07T10:16:07.277+0000] {logging_mixin.py:188} INFO - Downloaded TSLA/1759830088.json -> /tmp/minio_downloads/1759830088.json
[2025-10-07T10:16:07.283+0000] {logging_mixin.py:188} INFO - Downloaded TSLA/1759830102.json -> /tmp/minio_downloads/1759830102.json
[2025-10-07T10:16:07.291+0000] {logging_mixin.py:188} INFO - Downloaded TSLA/1759830114.json -> /tmp/minio_downloads/1759830114.json
[2025-10-07T10:16:07.297+0000] {logging_mixin.py:188} INFO - Downloaded TSLA/1759830127.json -> /tmp/minio_downloads/1759830127.json
[2025-10-07T10:16:07.305+0000] {logging_mixin.py:188} INFO - Downloaded TSLA/1759830140.json -> /tmp/minio_downloads/1759830140.json
[2025-10-07T10:16:07.312+0000] {logging_mixin.py:188} INFO - Downloaded TSLA/1759830153.json -> /tmp/minio_downloads/1759830153.json
[2025-10-07T10:16:07.319+0000] {logging_mixin.py:188} INFO - Downloaded TSLA/1759830167.json -> /tmp/minio_downloads/1759830167.json
[2025-10-07T10:16:07.326+0000] {logging_mixin.py:188} INFO - Downloaded TSLA/1759830180.json -> /tmp/minio_downloads/1759830180.json
[2025-10-07T10:16:07.333+0000] {logging_mixin.py:188} INFO - Downloaded TSLA/1759830193.json -> /tmp/minio_downloads/1759830193.json
[2025-10-07T10:16:07.340+0000] {logging_mixin.py:188} INFO - Downloaded TSLA/1759830207.json -> /tmp/minio_downloads/1759830207.json
[2025-10-07T10:16:07.347+0000] {logging_mixin.py:188} INFO - Downloaded TSLA/1759830222.json -> /tmp/minio_downloads/1759830222.json
[2025-10-07T10:16:07.354+0000] {logging_mixin.py:188} INFO - Downloaded TSLA/1759830236.json -> /tmp/minio_downloads/1759830236.json
[2025-10-07T10:16:07.361+0000] {logging_mixin.py:188} INFO - Downloaded TSLA/1759830249.json -> /tmp/minio_downloads/1759830249.json
[2025-10-07T10:16:07.368+0000] {logging_mixin.py:188} INFO - Downloaded TSLA/1759830262.json -> /tmp/minio_downloads/1759830262.json
[2025-10-07T10:16:07.375+0000] {logging_mixin.py:188} INFO - Downloaded TSLA/1759830277.json -> /tmp/minio_downloads/1759830277.json
[2025-10-07T10:16:07.382+0000] {logging_mixin.py:188} INFO - Downloaded TSLA/1759830292.json -> /tmp/minio_downloads/1759830292.json
[2025-10-07T10:16:07.389+0000] {logging_mixin.py:188} INFO - Downloaded TSLA/1759830306.json -> /tmp/minio_downloads/1759830306.json
[2025-10-07T10:16:07.396+0000] {logging_mixin.py:188} INFO - Downloaded TSLA/1759830321.json -> /tmp/minio_downloads/1759830321.json
[2025-10-07T10:16:07.404+0000] {logging_mixin.py:188} INFO - Downloaded TSLA/1759830335.json -> /tmp/minio_downloads/1759830335.json
[2025-10-07T10:16:07.410+0000] {logging_mixin.py:188} INFO - Downloaded TSLA/1759830348.json -> /tmp/minio_downloads/1759830348.json
[2025-10-07T10:16:07.416+0000] {logging_mixin.py:188} INFO - Downloaded TSLA/1759830361.json -> /tmp/minio_downloads/1759830361.json
[2025-10-07T10:16:07.424+0000] {logging_mixin.py:188} INFO - Downloaded TSLA/1759830375.json -> /tmp/minio_downloads/1759830375.json
[2025-10-07T10:16:07.431+0000] {logging_mixin.py:188} INFO - Downloaded TSLA/1759830388.json -> /tmp/minio_downloads/1759830388.json
[2025-10-07T10:16:07.440+0000] {logging_mixin.py:188} INFO - Downloaded TSLA/1759830401.json -> /tmp/minio_downloads/1759830401.json
[2025-10-07T10:16:07.447+0000] {logging_mixin.py:188} INFO - Downloaded TSLA/1759830414.json -> /tmp/minio_downloads/1759830414.json
[2025-10-07T10:16:07.455+0000] {logging_mixin.py:188} INFO - Downloaded TSLA/1759830428.json -> /tmp/minio_downloads/1759830428.json
[2025-10-07T10:16:07.462+0000] {logging_mixin.py:188} INFO - Downloaded TSLA/1759830442.json -> /tmp/minio_downloads/1759830442.json
[2025-10-07T10:16:07.470+0000] {logging_mixin.py:188} INFO - Downloaded TSLA/1759830455.json -> /tmp/minio_downloads/1759830455.json
[2025-10-07T10:16:07.476+0000] {logging_mixin.py:188} INFO - Downloaded TSLA/1759830469.json -> /tmp/minio_downloads/1759830469.json
[2025-10-07T10:16:07.483+0000] {logging_mixin.py:188} INFO - Downloaded TSLA/1759830483.json -> /tmp/minio_downloads/1759830483.json
[2025-10-07T10:16:07.491+0000] {logging_mixin.py:188} INFO - Downloaded TSLA/1759830497.json -> /tmp/minio_downloads/1759830497.json
[2025-10-07T10:16:07.497+0000] {logging_mixin.py:188} INFO - Downloaded TSLA/1759830511.json -> /tmp/minio_downloads/1759830511.json
[2025-10-07T10:16:07.507+0000] {logging_mixin.py:188} INFO - Downloaded TSLA/1759830528.json -> /tmp/minio_downloads/1759830528.json
[2025-10-07T10:16:07.515+0000] {logging_mixin.py:188} INFO - Downloaded TSLA/1759830541.json -> /tmp/minio_downloads/1759830541.json
[2025-10-07T10:16:07.527+0000] {logging_mixin.py:188} INFO - Downloaded TSLA/1759830555.json -> /tmp/minio_downloads/1759830555.json
[2025-10-07T10:16:07.537+0000] {logging_mixin.py:188} INFO - Downloaded TSLA/1759830570.json -> /tmp/minio_downloads/1759830570.json
[2025-10-07T10:16:07.548+0000] {logging_mixin.py:188} INFO - Downloaded TSLA/1759830586.json -> /tmp/minio_downloads/1759830586.json
[2025-10-07T10:16:07.558+0000] {logging_mixin.py:188} INFO - Downloaded TSLA/1759830601.json -> /tmp/minio_downloads/1759830601.json
[2025-10-07T10:16:07.565+0000] {logging_mixin.py:188} INFO - Downloaded TSLA/1759830613.json -> /tmp/minio_downloads/1759830613.json
[2025-10-07T10:16:07.574+0000] {logging_mixin.py:188} INFO - Downloaded TSLA/1759830630.json -> /tmp/minio_downloads/1759830630.json
[2025-10-07T10:16:07.583+0000] {logging_mixin.py:188} INFO - Downloaded TSLA/1759830642.json -> /tmp/minio_downloads/1759830642.json
[2025-10-07T10:16:07.591+0000] {logging_mixin.py:188} INFO - Downloaded TSLA/1759830668.json -> /tmp/minio_downloads/1759830668.json
[2025-10-07T10:16:07.598+0000] {logging_mixin.py:188} INFO - Downloaded TSLA/1759830691.json -> /tmp/minio_downloads/1759830691.json
[2025-10-07T10:16:07.606+0000] {logging_mixin.py:188} INFO - Downloaded TSLA/1759830708.json -> /tmp/minio_downloads/1759830708.json
[2025-10-07T10:16:07.613+0000] {logging_mixin.py:188} INFO - Downloaded TSLA/1759830725.json -> /tmp/minio_downloads/1759830725.json
[2025-10-07T10:16:07.620+0000] {logging_mixin.py:188} INFO - Downloaded TSLA/1759830739.json -> /tmp/minio_downloads/1759830739.json
[2025-10-07T10:16:07.627+0000] {logging_mixin.py:188} INFO - Downloaded TSLA/1759830755.json -> /tmp/minio_downloads/1759830755.json
[2025-10-07T10:16:07.633+0000] {logging_mixin.py:188} INFO - Downloaded TSLA/1759830772.json -> /tmp/minio_downloads/1759830772.json
[2025-10-07T10:16:07.641+0000] {logging_mixin.py:188} INFO - Downloaded TSLA/1759830788.json -> /tmp/minio_downloads/1759830788.json
[2025-10-07T10:16:07.647+0000] {logging_mixin.py:188} INFO - Downloaded TSLA/1759830819.json -> /tmp/minio_downloads/1759830819.json
[2025-10-07T10:16:07.655+0000] {logging_mixin.py:188} INFO - Downloaded TSLA/1759830832.json -> /tmp/minio_downloads/1759830832.json
[2025-10-07T10:16:07.661+0000] {logging_mixin.py:188} INFO - Downloaded TSLA/1759830846.json -> /tmp/minio_downloads/1759830846.json
[2025-10-07T10:16:07.669+0000] {logging_mixin.py:188} INFO - Downloaded TSLA/1759830864.json -> /tmp/minio_downloads/1759830864.json
[2025-10-07T10:16:07.676+0000] {logging_mixin.py:188} INFO - Downloaded TSLA/1759830903.json -> /tmp/minio_downloads/1759830903.json
[2025-10-07T10:16:07.682+0000] {logging_mixin.py:188} INFO - Downloaded TSLA/1759830917.json -> /tmp/minio_downloads/1759830917.json
[2025-10-07T10:16:07.690+0000] {logging_mixin.py:188} INFO - Downloaded TSLA/1759830997.json -> /tmp/minio_downloads/1759830997.json
[2025-10-07T10:16:07.696+0000] {logging_mixin.py:188} INFO - Downloaded TSLA/1759831024.json -> /tmp/minio_downloads/1759831024.json
[2025-10-07T10:16:07.705+0000] {logging_mixin.py:188} INFO - Downloaded TSLA/1759831077.json -> /tmp/minio_downloads/1759831077.json
[2025-10-07T10:16:07.712+0000] {logging_mixin.py:188} INFO - Downloaded TSLA/1759831093.json -> /tmp/minio_downloads/1759831093.json
[2025-10-07T10:16:07.719+0000] {logging_mixin.py:188} INFO - Downloaded TSLA/1759831109.json -> /tmp/minio_downloads/1759831109.json
[2025-10-07T10:16:07.726+0000] {logging_mixin.py:188} INFO - Downloaded TSLA/1759831124.json -> /tmp/minio_downloads/1759831124.json
[2025-10-07T10:16:07.732+0000] {logging_mixin.py:188} INFO - Downloaded TSLA/1759831138.json -> /tmp/minio_downloads/1759831138.json
[2025-10-07T10:16:07.742+0000] {logging_mixin.py:188} INFO - Downloaded TSLA/1759831190.json -> /tmp/minio_downloads/1759831190.json
[2025-10-07T10:16:07.749+0000] {logging_mixin.py:188} INFO - Downloaded TSLA/1759831218.json -> /tmp/minio_downloads/1759831218.json
[2025-10-07T10:16:07.758+0000] {logging_mixin.py:188} INFO - Downloaded TSLA/1759831260.json -> /tmp/minio_downloads/1759831260.json
[2025-10-07T10:16:07.764+0000] {logging_mixin.py:188} INFO - Downloaded TSLA/1759831447.json -> /tmp/minio_downloads/1759831447.json
[2025-10-07T10:16:07.773+0000] {logging_mixin.py:188} INFO - Downloaded TSLA/1759831475.json -> /tmp/minio_downloads/1759831475.json
[2025-10-07T10:16:07.780+0000] {logging_mixin.py:188} INFO - Downloaded TSLA/1759831496.json -> /tmp/minio_downloads/1759831496.json
[2025-10-07T10:16:07.788+0000] {logging_mixin.py:188} INFO - Downloaded TSLA/1759831517.json -> /tmp/minio_downloads/1759831517.json
[2025-10-07T10:16:07.794+0000] {logging_mixin.py:188} INFO - Downloaded TSLA/1759831540.json -> /tmp/minio_downloads/1759831540.json
[2025-10-07T10:16:07.801+0000] {logging_mixin.py:188} INFO - Downloaded TSLA/1759831558.json -> /tmp/minio_downloads/1759831558.json
[2025-10-07T10:16:07.808+0000] {logging_mixin.py:188} INFO - Downloaded TSLA/1759831574.json -> /tmp/minio_downloads/1759831574.json
[2025-10-07T10:16:07.815+0000] {logging_mixin.py:188} INFO - Downloaded TSLA/1759831602.json -> /tmp/minio_downloads/1759831602.json
[2025-10-07T10:16:07.823+0000] {logging_mixin.py:188} INFO - Downloaded TSLA/1759831631.json -> /tmp/minio_downloads/1759831631.json
[2025-10-07T10:16:07.829+0000] {logging_mixin.py:188} INFO - Downloaded TSLA/1759831663.json -> /tmp/minio_downloads/1759831663.json
[2025-10-07T10:16:07.836+0000] {logging_mixin.py:188} INFO - Downloaded TSLA/1759831715.json -> /tmp/minio_downloads/1759831715.json
[2025-10-07T10:16:07.838+0000] {python.py:237} INFO - Done. Returned value was: ['/tmp/minio_downloads/1759829917.json', '/tmp/minio_downloads/1759829930.json', '/tmp/minio_downloads/1759829942.json', '/tmp/minio_downloads/1759829955.json', '/tmp/minio_downloads/1759829968.json', '/tmp/minio_downloads/1759829981.json', '/tmp/minio_downloads/1759829994.json', '/tmp/minio_downloads/1759830008.json', '/tmp/minio_downloads/1759830021.json', '/tmp/minio_downloads/1759830034.json', '/tmp/minio_downloads/1759830047.json', '/tmp/minio_downloads/1759830060.json', '/tmp/minio_downloads/1759830072.json', '/tmp/minio_downloads/1759830085.json', '/tmp/minio_downloads/1759830098.json', '/tmp/minio_downloads/1759830112.json', '/tmp/minio_downloads/1759830125.json', '/tmp/minio_downloads/1759830137.json', '/tmp/minio_downloads/1759830150.json', '/tmp/minio_downloads/1759830164.json', '/tmp/minio_downloads/1759830177.json', '/tmp/minio_downloads/1759830191.json', '/tmp/minio_downloads/1759830204.json', '/tmp/minio_downloads/1759830218.json', '/tmp/minio_downloads/1759830233.json', '/tmp/minio_downloads/1759830246.json', '/tmp/minio_downloads/1759830259.json', '/tmp/minio_downloads/1759830273.json', '/tmp/minio_downloads/1759830288.json', '/tmp/minio_downloads/1759830303.json', '/tmp/minio_downloads/1759830317.json', '/tmp/minio_downloads/1759830332.json', '/tmp/minio_downloads/1759830345.json', '/tmp/minio_downloads/1759830358.json', '/tmp/minio_downloads/1759830372.json', '/tmp/minio_downloads/1759830385.json', '/tmp/minio_downloads/1759830398.json', '/tmp/minio_downloads/1759830411.json', '/tmp/minio_downloads/1759830425.json', '/tmp/minio_downloads/1759830439.json', '/tmp/minio_downloads/1759830452.json', '/tmp/minio_downloads/1759830466.json', '/tmp/minio_downloads/1759830480.json', '/tmp/minio_downloads/1759830494.json', '/tmp/minio_downloads/1759830508.json', '/tmp/minio_downloads/1759830524.json', '/tmp/minio_downloads/1759830538.json', '/tmp/minio_downloads/1759830552.json', '/tmp/minio_downloads/1759830566.json', '/tmp/minio_downloads/1759830583.json', '/tmp/minio_downloads/1759830598.json', '/tmp/minio_downloads/1759830610.json', '/tmp/minio_downloads/1759830627.json', '/tmp/minio_downloads/1759830640.json', '/tmp/minio_downloads/1759830661.json', '/tmp/minio_downloads/1759830684.json', '/tmp/minio_downloads/1759830705.json', '/tmp/minio_downloads/1759830722.json', '/tmp/minio_downloads/1759830735.json', '/tmp/minio_downloads/1759830750.json', '/tmp/minio_downloads/1759830767.json', '/tmp/minio_downloads/1759830784.json', '/tmp/minio_downloads/1759830829.json', '/tmp/minio_downloads/1759830843.json', '/tmp/minio_downloads/1759830858.json', '/tmp/minio_downloads/1759830901.json', '/tmp/minio_downloads/1759830914.json', '/tmp/minio_downloads/1759830995.json', '/tmp/minio_downloads/1759831014.json', '/tmp/minio_downloads/1759831054.json', '/tmp/minio_downloads/1759831090.json', '/tmp/minio_downloads/1759831106.json', '/tmp/minio_downloads/1759831120.json', '/tmp/minio_downloads/1759831135.json', '/tmp/minio_downloads/1759831174.json', '/tmp/minio_downloads/1759831209.json', '/tmp/minio_downloads/1759831248.json', '/tmp/minio_downloads/1759831327.json', '/tmp/minio_downloads/1759831463.json', '/tmp/minio_downloads/1759831488.json', '/tmp/minio_downloads/1759831509.json', '/tmp/minio_downloads/1759831536.json', '/tmp/minio_downloads/1759831554.json', '/tmp/minio_downloads/1759831571.json', '/tmp/minio_downloads/1759831597.json', '/tmp/minio_downloads/1759831625.json', '/tmp/minio_downloads/1759831650.json', '/tmp/minio_downloads/1759831693.json', '/tmp/minio_downloads/1759829922.json', '/tmp/minio_downloads/1759829935.json', '/tmp/minio_downloads/1759829948.json', '/tmp/minio_downloads/1759829960.json', '/tmp/minio_downloads/1759829973.json', '/tmp/minio_downloads/1759829986.json', '/tmp/minio_downloads/1759830000.json', '/tmp/minio_downloads/1759830013.json', '/tmp/minio_downloads/1759830026.json', '/tmp/minio_downloads/1759830040.json', '/tmp/minio_downloads/1759830052.json', '/tmp/minio_downloads/1759830065.json', '/tmp/minio_downloads/1759830078.json', '/tmp/minio_downloads/1759830091.json', '/tmp/minio_downloads/1759830105.json', '/tmp/minio_downloads/1759830117.json', '/tmp/minio_downloads/1759830130.json', '/tmp/minio_downloads/1759830143.json', '/tmp/minio_downloads/1759830156.json', '/tmp/minio_downloads/1759830169.json', '/tmp/minio_downloads/1759830183.json', '/tmp/minio_downloads/1759830196.json', '/tmp/minio_downloads/1759830210.json', '/tmp/minio_downloads/1759830225.json', '/tmp/minio_downloads/1759830239.json', '/tmp/minio_downloads/1759830252.json', '/tmp/minio_downloads/1759830265.json', '/tmp/minio_downloads/1759830281.json', '/tmp/minio_downloads/1759830295.json', '/tmp/minio_downloads/1759830310.json', '/tmp/minio_downloads/1759830324.json', '/tmp/minio_downloads/1759830337.json', '/tmp/minio_downloads/1759830351.json', '/tmp/minio_downloads/1759830364.json', '/tmp/minio_downloads/1759830378.json', '/tmp/minio_downloads/1759830391.json', '/tmp/minio_downloads/1759830404.json', '/tmp/minio_downloads/1759830418.json', '/tmp/minio_downloads/1759830431.json', '/tmp/minio_downloads/1759830445.json', '/tmp/minio_downloads/1759830458.json', '/tmp/minio_downloads/1759830472.json', '/tmp/minio_downloads/1759830486.json', '/tmp/minio_downloads/1759830500.json', '/tmp/minio_downloads/1759830517.json', '/tmp/minio_downloads/1759830531.json', '/tmp/minio_downloads/1759830544.json', '/tmp/minio_downloads/1759830558.json', '/tmp/minio_downloads/1759830574.json', '/tmp/minio_downloads/1759830589.json', '/tmp/minio_downloads/1759830603.json', '/tmp/minio_downloads/1759830617.json', '/tmp/minio_downloads/1759830632.json', '/tmp/minio_downloads/1759830645.json', '/tmp/minio_downloads/1759830674.json', '/tmp/minio_downloads/1759830694.json', '/tmp/minio_downloads/1759830714.json', '/tmp/minio_downloads/1759830728.json', '/tmp/minio_downloads/1759830743.json', '/tmp/minio_downloads/1759830759.json', '/tmp/minio_downloads/1759830776.json', '/tmp/minio_downloads/1759830792.json', '/tmp/minio_downloads/1759830822.json', '/tmp/minio_downloads/1759830835.json', '/tmp/minio_downloads/1759830850.json', '/tmp/minio_downloads/1759830889.json', '/tmp/minio_downloads/1759830906.json', '/tmp/minio_downloads/1759830920.json', '/tmp/minio_downloads/1759830988.json', '/tmp/minio_downloads/1759831000.json', '/tmp/minio_downloads/1759831033.json', '/tmp/minio_downloads/1759831082.json', '/tmp/minio_downloads/1759831096.json', '/tmp/minio_downloads/1759831112.json', '/tmp/minio_downloads/1759831128.json', '/tmp/minio_downloads/1759831201.json', '/tmp/minio_downloads/1759831239.json', '/tmp/minio_downloads/1759831390.json', '/tmp/minio_downloads/1759831452.json', '/tmp/minio_downloads/1759831479.json', '/tmp/minio_downloads/1759831500.json', '/tmp/minio_downloads/1759831528.json', '/tmp/minio_downloads/1759831545.json', '/tmp/minio_downloads/1759831563.json', '/tmp/minio_downloads/1759831578.json', '/tmp/minio_downloads/1759831617.json', '/tmp/minio_downloads/1759831636.json', '/tmp/minio_downloads/1759831683.json', '/tmp/minio_downloads/1759829921.json', '/tmp/minio_downloads/1759829934.json', '/tmp/minio_downloads/1759829946.json', '/tmp/minio_downloads/1759829959.json', '/tmp/minio_downloads/1759829972.json', '/tmp/minio_downloads/1759829985.json', '/tmp/minio_downloads/1759829999.json', '/tmp/minio_downloads/1759830012.json', '/tmp/minio_downloads/1759830025.json', '/tmp/minio_downloads/1759830038.json', '/tmp/minio_downloads/1759830051.json', '/tmp/minio_downloads/1759830064.json', '/tmp/minio_downloads/1759830076.json', '/tmp/minio_downloads/1759830090.json', '/tmp/minio_downloads/1759830103.json', '/tmp/minio_downloads/1759830116.json', '/tmp/minio_downloads/1759830128.json', '/tmp/minio_downloads/1759830141.json', '/tmp/minio_downloads/1759830154.json', '/tmp/minio_downloads/1759830168.json', '/tmp/minio_downloads/1759830182.json', '/tmp/minio_downloads/1759830195.json', '/tmp/minio_downloads/1759830209.json', '/tmp/minio_downloads/1759830224.json', '/tmp/minio_downloads/1759830237.json', '/tmp/minio_downloads/1759830250.json', '/tmp/minio_downloads/1759830264.json', '/tmp/minio_downloads/1759830279.json', '/tmp/minio_downloads/1759830294.json', '/tmp/minio_downloads/1759830308.json', '/tmp/minio_downloads/1759830322.json', '/tmp/minio_downloads/1759830336.json', '/tmp/minio_downloads/1759830349.json', '/tmp/minio_downloads/1759830363.json', '/tmp/minio_downloads/1759830376.json', '/tmp/minio_downloads/1759830389.json', '/tmp/minio_downloads/1759830403.json', '/tmp/minio_downloads/1759830416.json', '/tmp/minio_downloads/1759830430.json', '/tmp/minio_downloads/1759830443.json', '/tmp/minio_downloads/1759830456.json', '/tmp/minio_downloads/1759830470.json', '/tmp/minio_downloads/1759830485.json', '/tmp/minio_downloads/1759830499.json', '/tmp/minio_downloads/1759830515.json', '/tmp/minio_downloads/1759830529.json', '/tmp/minio_downloads/1759830543.json', '/tmp/minio_downloads/1759830557.json', '/tmp/minio_downloads/1759830573.json', '/tmp/minio_downloads/1759830588.json', '/tmp/minio_downloads/1759830602.json', '/tmp/minio_downloads/1759830615.json', '/tmp/minio_downloads/1759830631.json', '/tmp/minio_downloads/1759830643.json', '/tmp/minio_downloads/1759830671.json', '/tmp/minio_downloads/1759830692.json', '/tmp/minio_downloads/1759830709.json', '/tmp/minio_downloads/1759830726.json', '/tmp/minio_downloads/1759830740.json', '/tmp/minio_downloads/1759830757.json', '/tmp/minio_downloads/1759830774.json', '/tmp/minio_downloads/1759830790.json', '/tmp/minio_downloads/1759830820.json', '/tmp/minio_downloads/1759830833.json', '/tmp/minio_downloads/1759830848.json', '/tmp/minio_downloads/1759830887.json', '/tmp/minio_downloads/1759830905.json', '/tmp/minio_downloads/1759830918.json', '/tmp/minio_downloads/1759830987.json', '/tmp/minio_downloads/1759830999.json', '/tmp/minio_downloads/1759831025.json', '/tmp/minio_downloads/1759831080.json', '/tmp/minio_downloads/1759831095.json', '/tmp/minio_downloads/1759831111.json', '/tmp/minio_downloads/1759831126.json', '/tmp/minio_downloads/1759831142.json', '/tmp/minio_downloads/1759831200.json', '/tmp/minio_downloads/1759831379.json', '/tmp/minio_downloads/1759831451.json', '/tmp/minio_downloads/1759831477.json', '/tmp/minio_downloads/1759831497.json', '/tmp/minio_downloads/1759831521.json', '/tmp/minio_downloads/1759831542.json', '/tmp/minio_downloads/1759831561.json', '/tmp/minio_downloads/1759831576.json', '/tmp/minio_downloads/1759831612.json', '/tmp/minio_downloads/1759831633.json', '/tmp/minio_downloads/1759831671.json', '/tmp/minio_downloads/1759831717.json', '/tmp/minio_downloads/1759829918.json', '/tmp/minio_downloads/1759829931.json', '/tmp/minio_downloads/1759829943.json', '/tmp/minio_downloads/1759829956.json', '/tmp/minio_downloads/1759829969.json', '/tmp/minio_downloads/1759829982.json', '/tmp/minio_downloads/1759829996.json', '/tmp/minio_downloads/1759830009.json', '/tmp/minio_downloads/1759830022.json', '/tmp/minio_downloads/1759830035.json', '/tmp/minio_downloads/1759830049.json', '/tmp/minio_downloads/1759830061.json', '/tmp/minio_downloads/1759830074.json', '/tmp/minio_downloads/1759830086.json', '/tmp/minio_downloads/1759830100.json', '/tmp/minio_downloads/1759830113.json', '/tmp/minio_downloads/1759830126.json', '/tmp/minio_downloads/1759830139.json', '/tmp/minio_downloads/1759830152.json', '/tmp/minio_downloads/1759830165.json', '/tmp/minio_downloads/1759830179.json', '/tmp/minio_downloads/1759830192.json', '/tmp/minio_downloads/1759830206.json', '/tmp/minio_downloads/1759830220.json', '/tmp/minio_downloads/1759830234.json', '/tmp/minio_downloads/1759830248.json', '/tmp/minio_downloads/1759830261.json', '/tmp/minio_downloads/1759830275.json', '/tmp/minio_downloads/1759830290.json', '/tmp/minio_downloads/1759830305.json', '/tmp/minio_downloads/1759830319.json', '/tmp/minio_downloads/1759830333.json', '/tmp/minio_downloads/1759830346.json', '/tmp/minio_downloads/1759830360.json', '/tmp/minio_downloads/1759830373.json', '/tmp/minio_downloads/1759830386.json', '/tmp/minio_downloads/1759830400.json', '/tmp/minio_downloads/1759830413.json', '/tmp/minio_downloads/1759830427.json', '/tmp/minio_downloads/1759830440.json', '/tmp/minio_downloads/1759830453.json', '/tmp/minio_downloads/1759830467.json', '/tmp/minio_downloads/1759830481.json', '/tmp/minio_downloads/1759830495.json', '/tmp/minio_downloads/1759830510.json', '/tmp/minio_downloads/1759830526.json', '/tmp/minio_downloads/1759830540.json', '/tmp/minio_downloads/1759830553.json', '/tmp/minio_downloads/1759830567.json', '/tmp/minio_downloads/1759830584.json', '/tmp/minio_downloads/1759830600.json', '/tmp/minio_downloads/1759830611.json', '/tmp/minio_downloads/1759830628.json', '/tmp/minio_downloads/1759830641.json', '/tmp/minio_downloads/1759830666.json', '/tmp/minio_downloads/1759830686.json', '/tmp/minio_downloads/1759830706.json', '/tmp/minio_downloads/1759830723.json', '/tmp/minio_downloads/1759830737.json', '/tmp/minio_downloads/1759830752.json', '/tmp/minio_downloads/1759830770.json', '/tmp/minio_downloads/1759830786.json', '/tmp/minio_downloads/1759830817.json', '/tmp/minio_downloads/1759830830.json', '/tmp/minio_downloads/1759830845.json', '/tmp/minio_downloads/1759830860.json', '/tmp/minio_downloads/1759830902.json', '/tmp/minio_downloads/1759830916.json', '/tmp/minio_downloads/1759830996.json', '/tmp/minio_downloads/1759831016.json', '/tmp/minio_downloads/1759831073.json', '/tmp/minio_downloads/1759831092.json', '/tmp/minio_downloads/1759831108.json', '/tmp/minio_downloads/1759831122.json', '/tmp/minio_downloads/1759831136.json', '/tmp/minio_downloads/1759831178.json', '/tmp/minio_downloads/1759831212.json', '/tmp/minio_downloads/1759831259.json', '/tmp/minio_downloads/1759831352.json', '/tmp/minio_downloads/1759831442.json', '/tmp/minio_downloads/1759831467.json', '/tmp/minio_downloads/1759831493.json', '/tmp/minio_downloads/1759831513.json', '/tmp/minio_downloads/1759831538.json', '/tmp/minio_downloads/1759831556.json', '/tmp/minio_downloads/1759831572.json', '/tmp/minio_downloads/1759831600.json', '/tmp/minio_downloads/1759831629.json', '/tmp/minio_downloads/1759831656.json', '/tmp/minio_downloads/1759831703.json', '/tmp/minio_downloads/1759829920.json', '/tmp/minio_downloads/1759829932.json', '/tmp/minio_downloads/1759829945.json', '/tmp/minio_downloads/1759829958.json', '/tmp/minio_downloads/1759829971.json', '/tmp/minio_downloads/1759829983.json', '/tmp/minio_downloads/1759829997.json', '/tmp/minio_downloads/1759830011.json', '/tmp/minio_downloads/1759830023.json', '/tmp/minio_downloads/1759830037.json', '/tmp/minio_downloads/1759830050.json', '/tmp/minio_downloads/1759830062.json', '/tmp/minio_downloads/1759830075.json', '/tmp/minio_downloads/1759830088.json', '/tmp/minio_downloads/1759830102.json', '/tmp/minio_downloads/1759830114.json', '/tmp/minio_downloads/1759830127.json', '/tmp/minio_downloads/1759830140.json', '/tmp/minio_downloads/1759830153.json', '/tmp/minio_downloads/1759830167.json', '/tmp/minio_downloads/1759830180.json', '/tmp/minio_downloads/1759830193.json', '/tmp/minio_downloads/1759830207.json', '/tmp/minio_downloads/1759830222.json', '/tmp/minio_downloads/1759830236.json', '/tmp/minio_downloads/1759830249.json', '/tmp/minio_downloads/1759830262.json', '/tmp/minio_downloads/1759830277.json', '/tmp/minio_downloads/1759830292.json', '/tmp/minio_downloads/1759830306.json', '/tmp/minio_downloads/1759830321.json', '/tmp/minio_downloads/1759830335.json', '/tmp/minio_downloads/1759830348.json', '/tmp/minio_downloads/1759830361.json', '/tmp/minio_downloads/1759830375.json', '/tmp/minio_downloads/1759830388.json', '/tmp/minio_downloads/1759830401.json', '/tmp/minio_downloads/1759830414.json', '/tmp/minio_downloads/1759830428.json', '/tmp/minio_downloads/1759830442.json', '/tmp/minio_downloads/1759830455.json', '/tmp/minio_downloads/1759830469.json', '/tmp/minio_downloads/1759830483.json', '/tmp/minio_downloads/1759830497.json', '/tmp/minio_downloads/1759830511.json', '/tmp/minio_downloads/1759830528.json', '/tmp/minio_downloads/1759830541.json', '/tmp/minio_downloads/1759830555.json', '/tmp/minio_downloads/1759830570.json', '/tmp/minio_downloads/1759830586.json', '/tmp/minio_downloads/1759830601.json', '/tmp/minio_downloads/1759830613.json', '/tmp/minio_downloads/1759830630.json', '/tmp/minio_downloads/1759830642.json', '/tmp/minio_downloads/1759830668.json', '/tmp/minio_downloads/1759830691.json', '/tmp/minio_downloads/1759830708.json', '/tmp/minio_downloads/1759830725.json', '/tmp/minio_downloads/1759830739.json', '/tmp/minio_downloads/1759830755.json', '/tmp/minio_downloads/1759830772.json', '/tmp/minio_downloads/1759830788.json', '/tmp/minio_downloads/1759830819.json', '/tmp/minio_downloads/1759830832.json', '/tmp/minio_downloads/1759830846.json', '/tmp/minio_downloads/1759830864.json', '/tmp/minio_downloads/1759830903.json', '/tmp/minio_downloads/1759830917.json', '/tmp/minio_downloads/1759830997.json', '/tmp/minio_downloads/1759831024.json', '/tmp/minio_downloads/1759831077.json', '/tmp/minio_downloads/1759831093.json', '/tmp/minio_downloads/1759831109.json', '/tmp/minio_downloads/1759831124.json', '/tmp/minio_downloads/1759831138.json', '/tmp/minio_downloads/1759831190.json', '/tmp/minio_downloads/1759831218.json', '/tmp/minio_downloads/1759831260.json', '/tmp/minio_downloads/1759831447.json', '/tmp/minio_downloads/1759831475.json', '/tmp/minio_downloads/1759831496.json', '/tmp/minio_downloads/1759831517.json', '/tmp/minio_downloads/1759831540.json', '/tmp/minio_downloads/1759831558.json', '/tmp/minio_downloads/1759831574.json', '/tmp/minio_downloads/1759831602.json', '/tmp/minio_downloads/1759831631.json', '/tmp/minio_downloads/1759831663.json', '/tmp/minio_downloads/1759831715.json']
[2025-10-07T10:16:07.839+0000] {taskinstance.py:441} INFO - ::group::Post task execution logs
[2025-10-07T10:16:07.865+0000] {taskinstance.py:1206} INFO - Marking task as SUCCESS. dag_id=minio_to_snowflake, task_id=download_minio, run_id=scheduled__2025-10-07T10:15:00+00:00, execution_date=20251007T101500, start_date=20251007T101603, end_date=20251007T101607
[2025-10-07T10:16:07.899+0000] {local_task_job_runner.py:243} INFO - Task exited with return code 0
[2025-10-07T10:16:07.920+0000] {taskinstance.py:3503} INFO - 1 downstream tasks scheduled from follow-on schedule check
[2025-10-07T10:16:07.924+0000] {local_task_job_runner.py:222} INFO - ::endgroup::
