[2025-10-07T17:59:36.736+0000] {local_task_job_runner.py:120} INFO - ::group::Pre task execution logs
[2025-10-07T17:59:36.789+0000] {taskinstance.py:2076} INFO - Dependencies all met for dep_context=non-requeueable deps ti=<TaskInstance: minio_to_snowflake.download_minio scheduled__2025-10-07T17:58:00+00:00 [queued]>
[2025-10-07T17:59:36.800+0000] {taskinstance.py:2076} INFO - Dependencies all met for dep_context=requeueable deps ti=<TaskInstance: minio_to_snowflake.download_minio scheduled__2025-10-07T17:58:00+00:00 [queued]>
[2025-10-07T17:59:36.801+0000] {taskinstance.py:2306} INFO - Starting attempt 1 of 2
[2025-10-07T17:59:36.819+0000] {taskinstance.py:2330} INFO - Executing <Task(PythonOperator): download_minio> on 2025-10-07 17:58:00+00:00
[2025-10-07T17:59:36.831+0000] {standard_task_runner.py:90} INFO - Running: ['***', 'tasks', 'run', 'minio_to_snowflake', 'download_minio', 'scheduled__2025-10-07T17:58:00+00:00', '--job-id', '8', '--raw', '--subdir', 'DAGS_FOLDER/minio_to_snowflake.py', '--cfg-path', '/tmp/tmprv6gaccu']
[2025-10-07T17:59:36.836+0000] {standard_task_runner.py:91} INFO - Job 8: Subtask download_minio
[2025-10-07T17:59:36.836+0000] {logging_mixin.py:188} WARNING - /home/***/.local/lib/python3.12/site-packages/***/task/task_runner/standard_task_runner.py:62 DeprecationWarning: This process (pid=3824) is multi-threaded, use of fork() may lead to deadlocks in the child.
[2025-10-07T17:59:36.837+0000] {standard_task_runner.py:64} INFO - Started process 3837 to run task
[2025-10-07T17:59:36.967+0000] {task_command.py:426} INFO - Running <TaskInstance: minio_to_snowflake.download_minio scheduled__2025-10-07T17:58:00+00:00 [running]> on host 1a1020fea0b2
[2025-10-07T17:59:37.127+0000] {taskinstance.py:2648} INFO - Exporting env vars: AIRFLOW_CTX_DAG_OWNER='***' AIRFLOW_CTX_DAG_ID='minio_to_snowflake' AIRFLOW_CTX_TASK_ID='download_minio' AIRFLOW_CTX_EXECUTION_DATE='2025-10-07T17:58:00+00:00' AIRFLOW_CTX_TRY_NUMBER='1' AIRFLOW_CTX_DAG_RUN_ID='scheduled__2025-10-07T17:58:00+00:00'
[2025-10-07T17:59:37.129+0000] {taskinstance.py:430} INFO - ::endgroup::
[2025-10-07T17:59:37.810+0000] {logging_mixin.py:188} INFO - Downloaded AAPL/1759829917.json -> /tmp/minio_downloads/1759829917.json
[2025-10-07T17:59:37.826+0000] {logging_mixin.py:188} INFO - Downloaded AAPL/1759829930.json -> /tmp/minio_downloads/1759829930.json
[2025-10-07T17:59:37.842+0000] {logging_mixin.py:188} INFO - Downloaded AAPL/1759829942.json -> /tmp/minio_downloads/1759829942.json
[2025-10-07T17:59:37.855+0000] {logging_mixin.py:188} INFO - Downloaded AAPL/1759829955.json -> /tmp/minio_downloads/1759829955.json
[2025-10-07T17:59:37.868+0000] {logging_mixin.py:188} INFO - Downloaded AAPL/1759829968.json -> /tmp/minio_downloads/1759829968.json
[2025-10-07T17:59:37.882+0000] {logging_mixin.py:188} INFO - Downloaded AAPL/1759829981.json -> /tmp/minio_downloads/1759829981.json
[2025-10-07T17:59:37.897+0000] {logging_mixin.py:188} INFO - Downloaded AAPL/1759829994.json -> /tmp/minio_downloads/1759829994.json
[2025-10-07T17:59:37.913+0000] {logging_mixin.py:188} INFO - Downloaded AAPL/1759830008.json -> /tmp/minio_downloads/1759830008.json
[2025-10-07T17:59:37.927+0000] {logging_mixin.py:188} INFO - Downloaded AAPL/1759830021.json -> /tmp/minio_downloads/1759830021.json
[2025-10-07T17:59:37.942+0000] {logging_mixin.py:188} INFO - Downloaded AAPL/1759830034.json -> /tmp/minio_downloads/1759830034.json
[2025-10-07T17:59:37.958+0000] {logging_mixin.py:188} INFO - Downloaded AAPL/1759830047.json -> /tmp/minio_downloads/1759830047.json
[2025-10-07T17:59:37.974+0000] {logging_mixin.py:188} INFO - Downloaded AAPL/1759830060.json -> /tmp/minio_downloads/1759830060.json
[2025-10-07T17:59:37.987+0000] {logging_mixin.py:188} INFO - Downloaded AAPL/1759830072.json -> /tmp/minio_downloads/1759830072.json
[2025-10-07T17:59:38.001+0000] {logging_mixin.py:188} INFO - Downloaded AAPL/1759830085.json -> /tmp/minio_downloads/1759830085.json
[2025-10-07T17:59:38.015+0000] {logging_mixin.py:188} INFO - Downloaded AAPL/1759830098.json -> /tmp/minio_downloads/1759830098.json
[2025-10-07T17:59:38.029+0000] {logging_mixin.py:188} INFO - Downloaded AAPL/1759830112.json -> /tmp/minio_downloads/1759830112.json
[2025-10-07T17:59:38.046+0000] {logging_mixin.py:188} INFO - Downloaded AAPL/1759830125.json -> /tmp/minio_downloads/1759830125.json
[2025-10-07T17:59:38.063+0000] {logging_mixin.py:188} INFO - Downloaded AAPL/1759830137.json -> /tmp/minio_downloads/1759830137.json
[2025-10-07T17:59:38.077+0000] {logging_mixin.py:188} INFO - Downloaded AAPL/1759830150.json -> /tmp/minio_downloads/1759830150.json
[2025-10-07T17:59:38.091+0000] {logging_mixin.py:188} INFO - Downloaded AAPL/1759830164.json -> /tmp/minio_downloads/1759830164.json
[2025-10-07T17:59:38.105+0000] {logging_mixin.py:188} INFO - Downloaded AAPL/1759830177.json -> /tmp/minio_downloads/1759830177.json
[2025-10-07T17:59:38.116+0000] {logging_mixin.py:188} INFO - Downloaded AAPL/1759830191.json -> /tmp/minio_downloads/1759830191.json
[2025-10-07T17:59:38.129+0000] {logging_mixin.py:188} INFO - Downloaded AAPL/1759830204.json -> /tmp/minio_downloads/1759830204.json
[2025-10-07T17:59:38.141+0000] {logging_mixin.py:188} INFO - Downloaded AAPL/1759830218.json -> /tmp/minio_downloads/1759830218.json
[2025-10-07T17:59:38.153+0000] {logging_mixin.py:188} INFO - Downloaded AAPL/1759830233.json -> /tmp/minio_downloads/1759830233.json
[2025-10-07T17:59:38.166+0000] {logging_mixin.py:188} INFO - Downloaded AAPL/1759830246.json -> /tmp/minio_downloads/1759830246.json
[2025-10-07T17:59:38.176+0000] {logging_mixin.py:188} INFO - Downloaded AAPL/1759830259.json -> /tmp/minio_downloads/1759830259.json
[2025-10-07T17:59:38.188+0000] {logging_mixin.py:188} INFO - Downloaded AAPL/1759830273.json -> /tmp/minio_downloads/1759830273.json
[2025-10-07T17:59:38.200+0000] {logging_mixin.py:188} INFO - Downloaded AAPL/1759830288.json -> /tmp/minio_downloads/1759830288.json
[2025-10-07T17:59:38.211+0000] {logging_mixin.py:188} INFO - Downloaded AAPL/1759830303.json -> /tmp/minio_downloads/1759830303.json
[2025-10-07T17:59:38.222+0000] {logging_mixin.py:188} INFO - Downloaded AAPL/1759830317.json -> /tmp/minio_downloads/1759830317.json
[2025-10-07T17:59:38.233+0000] {logging_mixin.py:188} INFO - Downloaded AAPL/1759830332.json -> /tmp/minio_downloads/1759830332.json
[2025-10-07T17:59:38.243+0000] {logging_mixin.py:188} INFO - Downloaded AAPL/1759830345.json -> /tmp/minio_downloads/1759830345.json
[2025-10-07T17:59:38.253+0000] {logging_mixin.py:188} INFO - Downloaded AAPL/1759830358.json -> /tmp/minio_downloads/1759830358.json
[2025-10-07T17:59:38.264+0000] {logging_mixin.py:188} INFO - Downloaded AAPL/1759830372.json -> /tmp/minio_downloads/1759830372.json
[2025-10-07T17:59:38.275+0000] {logging_mixin.py:188} INFO - Downloaded AAPL/1759830385.json -> /tmp/minio_downloads/1759830385.json
[2025-10-07T17:59:38.286+0000] {logging_mixin.py:188} INFO - Downloaded AAPL/1759830398.json -> /tmp/minio_downloads/1759830398.json
[2025-10-07T17:59:38.297+0000] {logging_mixin.py:188} INFO - Downloaded AAPL/1759830411.json -> /tmp/minio_downloads/1759830411.json
[2025-10-07T17:59:38.309+0000] {logging_mixin.py:188} INFO - Downloaded AAPL/1759830425.json -> /tmp/minio_downloads/1759830425.json
[2025-10-07T17:59:38.319+0000] {logging_mixin.py:188} INFO - Downloaded AAPL/1759830439.json -> /tmp/minio_downloads/1759830439.json
[2025-10-07T17:59:38.331+0000] {logging_mixin.py:188} INFO - Downloaded AAPL/1759830452.json -> /tmp/minio_downloads/1759830452.json
[2025-10-07T17:59:38.343+0000] {logging_mixin.py:188} INFO - Downloaded AAPL/1759830466.json -> /tmp/minio_downloads/1759830466.json
[2025-10-07T17:59:38.358+0000] {logging_mixin.py:188} INFO - Downloaded AAPL/1759830480.json -> /tmp/minio_downloads/1759830480.json
[2025-10-07T17:59:38.377+0000] {logging_mixin.py:188} INFO - Downloaded AAPL/1759830494.json -> /tmp/minio_downloads/1759830494.json
[2025-10-07T17:59:38.392+0000] {logging_mixin.py:188} INFO - Downloaded AAPL/1759830508.json -> /tmp/minio_downloads/1759830508.json
[2025-10-07T17:59:38.404+0000] {logging_mixin.py:188} INFO - Downloaded AAPL/1759830524.json -> /tmp/minio_downloads/1759830524.json
[2025-10-07T17:59:38.417+0000] {logging_mixin.py:188} INFO - Downloaded AAPL/1759830538.json -> /tmp/minio_downloads/1759830538.json
[2025-10-07T17:59:38.430+0000] {logging_mixin.py:188} INFO - Downloaded AAPL/1759830552.json -> /tmp/minio_downloads/1759830552.json
[2025-10-07T17:59:38.440+0000] {logging_mixin.py:188} INFO - Downloaded AAPL/1759830566.json -> /tmp/minio_downloads/1759830566.json
[2025-10-07T17:59:38.453+0000] {logging_mixin.py:188} INFO - Downloaded AAPL/1759830583.json -> /tmp/minio_downloads/1759830583.json
[2025-10-07T17:59:38.466+0000] {logging_mixin.py:188} INFO - Downloaded AAPL/1759830598.json -> /tmp/minio_downloads/1759830598.json
[2025-10-07T17:59:38.477+0000] {logging_mixin.py:188} INFO - Downloaded AAPL/1759830610.json -> /tmp/minio_downloads/1759830610.json
[2025-10-07T17:59:38.489+0000] {logging_mixin.py:188} INFO - Downloaded AAPL/1759830627.json -> /tmp/minio_downloads/1759830627.json
[2025-10-07T17:59:38.500+0000] {logging_mixin.py:188} INFO - Downloaded AAPL/1759830640.json -> /tmp/minio_downloads/1759830640.json
[2025-10-07T17:59:38.513+0000] {logging_mixin.py:188} INFO - Downloaded AAPL/1759830661.json -> /tmp/minio_downloads/1759830661.json
[2025-10-07T17:59:38.525+0000] {logging_mixin.py:188} INFO - Downloaded AAPL/1759830684.json -> /tmp/minio_downloads/1759830684.json
[2025-10-07T17:59:38.536+0000] {logging_mixin.py:188} INFO - Downloaded AAPL/1759830705.json -> /tmp/minio_downloads/1759830705.json
[2025-10-07T17:59:38.547+0000] {logging_mixin.py:188} INFO - Downloaded AAPL/1759830722.json -> /tmp/minio_downloads/1759830722.json
[2025-10-07T17:59:38.558+0000] {logging_mixin.py:188} INFO - Downloaded AAPL/1759830735.json -> /tmp/minio_downloads/1759830735.json
[2025-10-07T17:59:38.570+0000] {logging_mixin.py:188} INFO - Downloaded AAPL/1759830750.json -> /tmp/minio_downloads/1759830750.json
[2025-10-07T17:59:38.582+0000] {logging_mixin.py:188} INFO - Downloaded AAPL/1759830767.json -> /tmp/minio_downloads/1759830767.json
[2025-10-07T17:59:38.596+0000] {logging_mixin.py:188} INFO - Downloaded AAPL/1759830784.json -> /tmp/minio_downloads/1759830784.json
[2025-10-07T17:59:38.616+0000] {logging_mixin.py:188} INFO - Downloaded AAPL/1759830829.json -> /tmp/minio_downloads/1759830829.json
[2025-10-07T17:59:38.631+0000] {logging_mixin.py:188} INFO - Downloaded AAPL/1759830843.json -> /tmp/minio_downloads/1759830843.json
[2025-10-07T17:59:38.645+0000] {logging_mixin.py:188} INFO - Downloaded AAPL/1759830858.json -> /tmp/minio_downloads/1759830858.json
[2025-10-07T17:59:38.663+0000] {logging_mixin.py:188} INFO - Downloaded AAPL/1759830901.json -> /tmp/minio_downloads/1759830901.json
[2025-10-07T17:59:38.678+0000] {logging_mixin.py:188} INFO - Downloaded AAPL/1759830914.json -> /tmp/minio_downloads/1759830914.json
[2025-10-07T17:59:38.693+0000] {logging_mixin.py:188} INFO - Downloaded AAPL/1759830995.json -> /tmp/minio_downloads/1759830995.json
[2025-10-07T17:59:38.708+0000] {logging_mixin.py:188} INFO - Downloaded AAPL/1759831014.json -> /tmp/minio_downloads/1759831014.json
[2025-10-07T17:59:38.724+0000] {logging_mixin.py:188} INFO - Downloaded AAPL/1759831054.json -> /tmp/minio_downloads/1759831054.json
[2025-10-07T17:59:38.739+0000] {logging_mixin.py:188} INFO - Downloaded AAPL/1759831090.json -> /tmp/minio_downloads/1759831090.json
[2025-10-07T17:59:38.751+0000] {logging_mixin.py:188} INFO - Downloaded AAPL/1759831106.json -> /tmp/minio_downloads/1759831106.json
[2025-10-07T17:59:38.764+0000] {logging_mixin.py:188} INFO - Downloaded AAPL/1759831120.json -> /tmp/minio_downloads/1759831120.json
[2025-10-07T17:59:38.778+0000] {logging_mixin.py:188} INFO - Downloaded AAPL/1759831135.json -> /tmp/minio_downloads/1759831135.json
[2025-10-07T17:59:38.792+0000] {logging_mixin.py:188} INFO - Downloaded AAPL/1759831174.json -> /tmp/minio_downloads/1759831174.json
[2025-10-07T17:59:38.806+0000] {logging_mixin.py:188} INFO - Downloaded AAPL/1759831209.json -> /tmp/minio_downloads/1759831209.json
[2025-10-07T17:59:38.818+0000] {logging_mixin.py:188} INFO - Downloaded AAPL/1759831248.json -> /tmp/minio_downloads/1759831248.json
[2025-10-07T17:59:38.830+0000] {logging_mixin.py:188} INFO - Downloaded AAPL/1759831327.json -> /tmp/minio_downloads/1759831327.json
[2025-10-07T17:59:38.845+0000] {logging_mixin.py:188} INFO - Downloaded AAPL/1759831463.json -> /tmp/minio_downloads/1759831463.json
[2025-10-07T17:59:38.860+0000] {logging_mixin.py:188} INFO - Downloaded AAPL/1759831488.json -> /tmp/minio_downloads/1759831488.json
[2025-10-07T17:59:38.874+0000] {logging_mixin.py:188} INFO - Downloaded AAPL/1759831509.json -> /tmp/minio_downloads/1759831509.json
[2025-10-07T17:59:38.886+0000] {logging_mixin.py:188} INFO - Downloaded AAPL/1759831536.json -> /tmp/minio_downloads/1759831536.json
[2025-10-07T17:59:38.899+0000] {logging_mixin.py:188} INFO - Downloaded AAPL/1759831554.json -> /tmp/minio_downloads/1759831554.json
[2025-10-07T17:59:38.911+0000] {logging_mixin.py:188} INFO - Downloaded AAPL/1759831571.json -> /tmp/minio_downloads/1759831571.json
[2025-10-07T17:59:38.924+0000] {logging_mixin.py:188} INFO - Downloaded AAPL/1759831597.json -> /tmp/minio_downloads/1759831597.json
[2025-10-07T17:59:38.935+0000] {logging_mixin.py:188} INFO - Downloaded AAPL/1759831625.json -> /tmp/minio_downloads/1759831625.json
[2025-10-07T17:59:38.950+0000] {logging_mixin.py:188} INFO - Downloaded AAPL/1759831650.json -> /tmp/minio_downloads/1759831650.json
[2025-10-07T17:59:38.963+0000] {logging_mixin.py:188} INFO - Downloaded AAPL/1759831693.json -> /tmp/minio_downloads/1759831693.json
[2025-10-07T17:59:38.976+0000] {logging_mixin.py:188} INFO - Downloaded AMZN/1759829922.json -> /tmp/minio_downloads/1759829922.json
[2025-10-07T17:59:38.991+0000] {logging_mixin.py:188} INFO - Downloaded AMZN/1759829935.json -> /tmp/minio_downloads/1759829935.json
[2025-10-07T17:59:39.004+0000] {logging_mixin.py:188} INFO - Downloaded AMZN/1759829948.json -> /tmp/minio_downloads/1759829948.json
[2025-10-07T17:59:39.017+0000] {logging_mixin.py:188} INFO - Downloaded AMZN/1759829960.json -> /tmp/minio_downloads/1759829960.json
[2025-10-07T17:59:39.030+0000] {logging_mixin.py:188} INFO - Downloaded AMZN/1759829973.json -> /tmp/minio_downloads/1759829973.json
[2025-10-07T17:59:39.042+0000] {logging_mixin.py:188} INFO - Downloaded AMZN/1759829986.json -> /tmp/minio_downloads/1759829986.json
[2025-10-07T17:59:39.056+0000] {logging_mixin.py:188} INFO - Downloaded AMZN/1759830000.json -> /tmp/minio_downloads/1759830000.json
[2025-10-07T17:59:39.070+0000] {logging_mixin.py:188} INFO - Downloaded AMZN/1759830013.json -> /tmp/minio_downloads/1759830013.json
[2025-10-07T17:59:39.083+0000] {logging_mixin.py:188} INFO - Downloaded AMZN/1759830026.json -> /tmp/minio_downloads/1759830026.json
[2025-10-07T17:59:39.096+0000] {logging_mixin.py:188} INFO - Downloaded AMZN/1759830040.json -> /tmp/minio_downloads/1759830040.json
[2025-10-07T17:59:39.109+0000] {logging_mixin.py:188} INFO - Downloaded AMZN/1759830052.json -> /tmp/minio_downloads/1759830052.json
[2025-10-07T17:59:39.123+0000] {logging_mixin.py:188} INFO - Downloaded AMZN/1759830065.json -> /tmp/minio_downloads/1759830065.json
[2025-10-07T17:59:39.135+0000] {logging_mixin.py:188} INFO - Downloaded AMZN/1759830078.json -> /tmp/minio_downloads/1759830078.json
[2025-10-07T17:59:39.149+0000] {logging_mixin.py:188} INFO - Downloaded AMZN/1759830091.json -> /tmp/minio_downloads/1759830091.json
[2025-10-07T17:59:39.160+0000] {logging_mixin.py:188} INFO - Downloaded AMZN/1759830105.json -> /tmp/minio_downloads/1759830105.json
[2025-10-07T17:59:39.172+0000] {logging_mixin.py:188} INFO - Downloaded AMZN/1759830117.json -> /tmp/minio_downloads/1759830117.json
[2025-10-07T17:59:39.184+0000] {logging_mixin.py:188} INFO - Downloaded AMZN/1759830130.json -> /tmp/minio_downloads/1759830130.json
[2025-10-07T17:59:39.197+0000] {logging_mixin.py:188} INFO - Downloaded AMZN/1759830143.json -> /tmp/minio_downloads/1759830143.json
[2025-10-07T17:59:39.212+0000] {logging_mixin.py:188} INFO - Downloaded AMZN/1759830156.json -> /tmp/minio_downloads/1759830156.json
[2025-10-07T17:59:39.223+0000] {logging_mixin.py:188} INFO - Downloaded AMZN/1759830169.json -> /tmp/minio_downloads/1759830169.json
[2025-10-07T17:59:39.236+0000] {logging_mixin.py:188} INFO - Downloaded AMZN/1759830183.json -> /tmp/minio_downloads/1759830183.json
[2025-10-07T17:59:39.250+0000] {logging_mixin.py:188} INFO - Downloaded AMZN/1759830196.json -> /tmp/minio_downloads/1759830196.json
[2025-10-07T17:59:39.263+0000] {logging_mixin.py:188} INFO - Downloaded AMZN/1759830210.json -> /tmp/minio_downloads/1759830210.json
[2025-10-07T17:59:39.281+0000] {logging_mixin.py:188} INFO - Downloaded AMZN/1759830225.json -> /tmp/minio_downloads/1759830225.json
[2025-10-07T17:59:39.293+0000] {logging_mixin.py:188} INFO - Downloaded AMZN/1759830239.json -> /tmp/minio_downloads/1759830239.json
[2025-10-07T17:59:39.306+0000] {logging_mixin.py:188} INFO - Downloaded AMZN/1759830252.json -> /tmp/minio_downloads/1759830252.json
[2025-10-07T17:59:39.318+0000] {logging_mixin.py:188} INFO - Downloaded AMZN/1759830265.json -> /tmp/minio_downloads/1759830265.json
[2025-10-07T17:59:39.333+0000] {logging_mixin.py:188} INFO - Downloaded AMZN/1759830281.json -> /tmp/minio_downloads/1759830281.json
[2025-10-07T17:59:39.346+0000] {logging_mixin.py:188} INFO - Downloaded AMZN/1759830295.json -> /tmp/minio_downloads/1759830295.json
[2025-10-07T17:59:39.360+0000] {logging_mixin.py:188} INFO - Downloaded AMZN/1759830310.json -> /tmp/minio_downloads/1759830310.json
[2025-10-07T17:59:39.373+0000] {logging_mixin.py:188} INFO - Downloaded AMZN/1759830324.json -> /tmp/minio_downloads/1759830324.json
[2025-10-07T17:59:39.388+0000] {logging_mixin.py:188} INFO - Downloaded AMZN/1759830337.json -> /tmp/minio_downloads/1759830337.json
[2025-10-07T17:59:39.400+0000] {logging_mixin.py:188} INFO - Downloaded AMZN/1759830351.json -> /tmp/minio_downloads/1759830351.json
[2025-10-07T17:59:39.414+0000] {logging_mixin.py:188} INFO - Downloaded AMZN/1759830364.json -> /tmp/minio_downloads/1759830364.json
[2025-10-07T17:59:39.426+0000] {logging_mixin.py:188} INFO - Downloaded AMZN/1759830378.json -> /tmp/minio_downloads/1759830378.json
[2025-10-07T17:59:39.438+0000] {logging_mixin.py:188} INFO - Downloaded AMZN/1759830391.json -> /tmp/minio_downloads/1759830391.json
[2025-10-07T17:59:39.450+0000] {logging_mixin.py:188} INFO - Downloaded AMZN/1759830404.json -> /tmp/minio_downloads/1759830404.json
[2025-10-07T17:59:39.464+0000] {logging_mixin.py:188} INFO - Downloaded AMZN/1759830418.json -> /tmp/minio_downloads/1759830418.json
[2025-10-07T17:59:39.478+0000] {logging_mixin.py:188} INFO - Downloaded AMZN/1759830431.json -> /tmp/minio_downloads/1759830431.json
[2025-10-07T17:59:39.490+0000] {logging_mixin.py:188} INFO - Downloaded AMZN/1759830445.json -> /tmp/minio_downloads/1759830445.json
[2025-10-07T17:59:39.502+0000] {logging_mixin.py:188} INFO - Downloaded AMZN/1759830458.json -> /tmp/minio_downloads/1759830458.json
[2025-10-07T17:59:39.515+0000] {logging_mixin.py:188} INFO - Downloaded AMZN/1759830472.json -> /tmp/minio_downloads/1759830472.json
[2025-10-07T17:59:39.531+0000] {logging_mixin.py:188} INFO - Downloaded AMZN/1759830486.json -> /tmp/minio_downloads/1759830486.json
[2025-10-07T17:59:39.550+0000] {logging_mixin.py:188} INFO - Downloaded AMZN/1759830500.json -> /tmp/minio_downloads/1759830500.json
[2025-10-07T17:59:39.566+0000] {logging_mixin.py:188} INFO - Downloaded AMZN/1759830517.json -> /tmp/minio_downloads/1759830517.json
[2025-10-07T17:59:39.583+0000] {logging_mixin.py:188} INFO - Downloaded AMZN/1759830531.json -> /tmp/minio_downloads/1759830531.json
[2025-10-07T17:59:39.599+0000] {logging_mixin.py:188} INFO - Downloaded AMZN/1759830544.json -> /tmp/minio_downloads/1759830544.json
[2025-10-07T17:59:39.613+0000] {logging_mixin.py:188} INFO - Downloaded AMZN/1759830558.json -> /tmp/minio_downloads/1759830558.json
[2025-10-07T17:59:39.625+0000] {logging_mixin.py:188} INFO - Downloaded AMZN/1759830574.json -> /tmp/minio_downloads/1759830574.json
[2025-10-07T17:59:39.635+0000] {logging_mixin.py:188} INFO - Downloaded AMZN/1759830589.json -> /tmp/minio_downloads/1759830589.json
[2025-10-07T17:59:39.651+0000] {logging_mixin.py:188} INFO - Downloaded AMZN/1759830603.json -> /tmp/minio_downloads/1759830603.json
[2025-10-07T17:59:39.666+0000] {logging_mixin.py:188} INFO - Downloaded AMZN/1759830617.json -> /tmp/minio_downloads/1759830617.json
[2025-10-07T17:59:39.681+0000] {logging_mixin.py:188} INFO - Downloaded AMZN/1759830632.json -> /tmp/minio_downloads/1759830632.json
[2025-10-07T17:59:39.695+0000] {logging_mixin.py:188} INFO - Downloaded AMZN/1759830645.json -> /tmp/minio_downloads/1759830645.json
[2025-10-07T17:59:39.710+0000] {logging_mixin.py:188} INFO - Downloaded AMZN/1759830674.json -> /tmp/minio_downloads/1759830674.json
[2025-10-07T17:59:39.721+0000] {logging_mixin.py:188} INFO - Downloaded AMZN/1759830694.json -> /tmp/minio_downloads/1759830694.json
[2025-10-07T17:59:39.730+0000] {logging_mixin.py:188} INFO - Downloaded AMZN/1759830714.json -> /tmp/minio_downloads/1759830714.json
[2025-10-07T17:59:39.743+0000] {logging_mixin.py:188} INFO - Downloaded AMZN/1759830728.json -> /tmp/minio_downloads/1759830728.json
[2025-10-07T17:59:39.757+0000] {logging_mixin.py:188} INFO - Downloaded AMZN/1759830743.json -> /tmp/minio_downloads/1759830743.json
[2025-10-07T17:59:39.767+0000] {logging_mixin.py:188} INFO - Downloaded AMZN/1759830759.json -> /tmp/minio_downloads/1759830759.json
[2025-10-07T17:59:39.777+0000] {logging_mixin.py:188} INFO - Downloaded AMZN/1759830776.json -> /tmp/minio_downloads/1759830776.json
[2025-10-07T17:59:39.787+0000] {logging_mixin.py:188} INFO - Downloaded AMZN/1759830792.json -> /tmp/minio_downloads/1759830792.json
[2025-10-07T17:59:39.797+0000] {logging_mixin.py:188} INFO - Downloaded AMZN/1759830822.json -> /tmp/minio_downloads/1759830822.json
[2025-10-07T17:59:39.810+0000] {logging_mixin.py:188} INFO - Downloaded AMZN/1759830835.json -> /tmp/minio_downloads/1759830835.json
[2025-10-07T17:59:39.824+0000] {logging_mixin.py:188} INFO - Downloaded AMZN/1759830850.json -> /tmp/minio_downloads/1759830850.json
[2025-10-07T17:59:39.835+0000] {logging_mixin.py:188} INFO - Downloaded AMZN/1759830889.json -> /tmp/minio_downloads/1759830889.json
[2025-10-07T17:59:39.847+0000] {logging_mixin.py:188} INFO - Downloaded AMZN/1759830906.json -> /tmp/minio_downloads/1759830906.json
[2025-10-07T17:59:39.858+0000] {logging_mixin.py:188} INFO - Downloaded AMZN/1759830920.json -> /tmp/minio_downloads/1759830920.json
[2025-10-07T17:59:39.870+0000] {logging_mixin.py:188} INFO - Downloaded AMZN/1759830988.json -> /tmp/minio_downloads/1759830988.json
[2025-10-07T17:59:39.881+0000] {logging_mixin.py:188} INFO - Downloaded AMZN/1759831000.json -> /tmp/minio_downloads/1759831000.json
[2025-10-07T17:59:39.893+0000] {logging_mixin.py:188} INFO - Downloaded AMZN/1759831033.json -> /tmp/minio_downloads/1759831033.json
[2025-10-07T17:59:39.904+0000] {logging_mixin.py:188} INFO - Downloaded AMZN/1759831082.json -> /tmp/minio_downloads/1759831082.json
[2025-10-07T17:59:39.913+0000] {logging_mixin.py:188} INFO - Downloaded AMZN/1759831096.json -> /tmp/minio_downloads/1759831096.json
[2025-10-07T17:59:39.923+0000] {logging_mixin.py:188} INFO - Downloaded AMZN/1759831112.json -> /tmp/minio_downloads/1759831112.json
[2025-10-07T17:59:39.932+0000] {logging_mixin.py:188} INFO - Downloaded AMZN/1759831128.json -> /tmp/minio_downloads/1759831128.json
[2025-10-07T17:59:39.945+0000] {logging_mixin.py:188} INFO - Downloaded AMZN/1759831201.json -> /tmp/minio_downloads/1759831201.json
[2025-10-07T17:59:39.957+0000] {logging_mixin.py:188} INFO - Downloaded AMZN/1759831239.json -> /tmp/minio_downloads/1759831239.json
[2025-10-07T17:59:39.968+0000] {logging_mixin.py:188} INFO - Downloaded AMZN/1759831390.json -> /tmp/minio_downloads/1759831390.json
[2025-10-07T17:59:39.979+0000] {logging_mixin.py:188} INFO - Downloaded AMZN/1759831452.json -> /tmp/minio_downloads/1759831452.json
[2025-10-07T17:59:39.990+0000] {logging_mixin.py:188} INFO - Downloaded AMZN/1759831479.json -> /tmp/minio_downloads/1759831479.json
[2025-10-07T17:59:40.001+0000] {logging_mixin.py:188} INFO - Downloaded AMZN/1759831500.json -> /tmp/minio_downloads/1759831500.json
[2025-10-07T17:59:40.014+0000] {logging_mixin.py:188} INFO - Downloaded AMZN/1759831528.json -> /tmp/minio_downloads/1759831528.json
[2025-10-07T17:59:40.029+0000] {logging_mixin.py:188} INFO - Downloaded AMZN/1759831545.json -> /tmp/minio_downloads/1759831545.json
[2025-10-07T17:59:40.040+0000] {logging_mixin.py:188} INFO - Downloaded AMZN/1759831563.json -> /tmp/minio_downloads/1759831563.json
[2025-10-07T17:59:40.049+0000] {logging_mixin.py:188} INFO - Downloaded AMZN/1759831578.json -> /tmp/minio_downloads/1759831578.json
[2025-10-07T17:59:40.059+0000] {logging_mixin.py:188} INFO - Downloaded AMZN/1759831617.json -> /tmp/minio_downloads/1759831617.json
[2025-10-07T17:59:40.070+0000] {logging_mixin.py:188} INFO - Downloaded AMZN/1759831636.json -> /tmp/minio_downloads/1759831636.json
[2025-10-07T17:59:40.082+0000] {logging_mixin.py:188} INFO - Downloaded AMZN/1759831683.json -> /tmp/minio_downloads/1759831683.json
[2025-10-07T17:59:40.095+0000] {logging_mixin.py:188} INFO - Downloaded GOOGL/1759829921.json -> /tmp/minio_downloads/1759829921.json
[2025-10-07T17:59:40.107+0000] {logging_mixin.py:188} INFO - Downloaded GOOGL/1759829934.json -> /tmp/minio_downloads/1759829934.json
[2025-10-07T17:59:40.119+0000] {logging_mixin.py:188} INFO - Downloaded GOOGL/1759829946.json -> /tmp/minio_downloads/1759829946.json
[2025-10-07T17:59:40.129+0000] {logging_mixin.py:188} INFO - Downloaded GOOGL/1759829959.json -> /tmp/minio_downloads/1759829959.json
[2025-10-07T17:59:40.141+0000] {logging_mixin.py:188} INFO - Downloaded GOOGL/1759829972.json -> /tmp/minio_downloads/1759829972.json
[2025-10-07T17:59:40.152+0000] {logging_mixin.py:188} INFO - Downloaded GOOGL/1759829985.json -> /tmp/minio_downloads/1759829985.json
[2025-10-07T17:59:40.164+0000] {logging_mixin.py:188} INFO - Downloaded GOOGL/1759829999.json -> /tmp/minio_downloads/1759829999.json
[2025-10-07T17:59:40.173+0000] {logging_mixin.py:188} INFO - Downloaded GOOGL/1759830012.json -> /tmp/minio_downloads/1759830012.json
[2025-10-07T17:59:40.183+0000] {logging_mixin.py:188} INFO - Downloaded GOOGL/1759830025.json -> /tmp/minio_downloads/1759830025.json
[2025-10-07T17:59:40.193+0000] {logging_mixin.py:188} INFO - Downloaded GOOGL/1759830038.json -> /tmp/minio_downloads/1759830038.json
[2025-10-07T17:59:40.207+0000] {logging_mixin.py:188} INFO - Downloaded GOOGL/1759830051.json -> /tmp/minio_downloads/1759830051.json
[2025-10-07T17:59:40.222+0000] {logging_mixin.py:188} INFO - Downloaded GOOGL/1759830064.json -> /tmp/minio_downloads/1759830064.json
[2025-10-07T17:59:40.233+0000] {logging_mixin.py:188} INFO - Downloaded GOOGL/1759830076.json -> /tmp/minio_downloads/1759830076.json
[2025-10-07T17:59:40.244+0000] {logging_mixin.py:188} INFO - Downloaded GOOGL/1759830090.json -> /tmp/minio_downloads/1759830090.json
[2025-10-07T17:59:40.260+0000] {logging_mixin.py:188} INFO - Downloaded GOOGL/1759830103.json -> /tmp/minio_downloads/1759830103.json
[2025-10-07T17:59:40.274+0000] {logging_mixin.py:188} INFO - Downloaded GOOGL/1759830116.json -> /tmp/minio_downloads/1759830116.json
[2025-10-07T17:59:40.284+0000] {logging_mixin.py:188} INFO - Downloaded GOOGL/1759830128.json -> /tmp/minio_downloads/1759830128.json
[2025-10-07T17:59:40.295+0000] {logging_mixin.py:188} INFO - Downloaded GOOGL/1759830141.json -> /tmp/minio_downloads/1759830141.json
[2025-10-07T17:59:40.305+0000] {logging_mixin.py:188} INFO - Downloaded GOOGL/1759830154.json -> /tmp/minio_downloads/1759830154.json
[2025-10-07T17:59:40.315+0000] {logging_mixin.py:188} INFO - Downloaded GOOGL/1759830168.json -> /tmp/minio_downloads/1759830168.json
[2025-10-07T17:59:40.325+0000] {logging_mixin.py:188} INFO - Downloaded GOOGL/1759830182.json -> /tmp/minio_downloads/1759830182.json
[2025-10-07T17:59:40.336+0000] {logging_mixin.py:188} INFO - Downloaded GOOGL/1759830195.json -> /tmp/minio_downloads/1759830195.json
[2025-10-07T17:59:40.349+0000] {logging_mixin.py:188} INFO - Downloaded GOOGL/1759830209.json -> /tmp/minio_downloads/1759830209.json
[2025-10-07T17:59:40.364+0000] {logging_mixin.py:188} INFO - Downloaded GOOGL/1759830224.json -> /tmp/minio_downloads/1759830224.json
[2025-10-07T17:59:40.378+0000] {logging_mixin.py:188} INFO - Downloaded GOOGL/1759830237.json -> /tmp/minio_downloads/1759830237.json
[2025-10-07T17:59:40.409+0000] {logging_mixin.py:188} INFO - Downloaded GOOGL/1759830250.json -> /tmp/minio_downloads/1759830250.json
[2025-10-07T17:59:40.422+0000] {logging_mixin.py:188} INFO - Downloaded GOOGL/1759830264.json -> /tmp/minio_downloads/1759830264.json
[2025-10-07T17:59:40.434+0000] {logging_mixin.py:188} INFO - Downloaded GOOGL/1759830279.json -> /tmp/minio_downloads/1759830279.json
[2025-10-07T17:59:40.447+0000] {logging_mixin.py:188} INFO - Downloaded GOOGL/1759830294.json -> /tmp/minio_downloads/1759830294.json
[2025-10-07T17:59:40.466+0000] {logging_mixin.py:188} INFO - Downloaded GOOGL/1759830308.json -> /tmp/minio_downloads/1759830308.json
[2025-10-07T17:59:40.478+0000] {logging_mixin.py:188} INFO - Downloaded GOOGL/1759830322.json -> /tmp/minio_downloads/1759830322.json
[2025-10-07T17:59:40.495+0000] {logging_mixin.py:188} INFO - Downloaded GOOGL/1759830336.json -> /tmp/minio_downloads/1759830336.json
[2025-10-07T17:59:40.509+0000] {logging_mixin.py:188} INFO - Downloaded GOOGL/1759830349.json -> /tmp/minio_downloads/1759830349.json
[2025-10-07T17:59:40.520+0000] {logging_mixin.py:188} INFO - Downloaded GOOGL/1759830363.json -> /tmp/minio_downloads/1759830363.json
[2025-10-07T17:59:40.533+0000] {logging_mixin.py:188} INFO - Downloaded GOOGL/1759830376.json -> /tmp/minio_downloads/1759830376.json
[2025-10-07T17:59:40.545+0000] {logging_mixin.py:188} INFO - Downloaded GOOGL/1759830389.json -> /tmp/minio_downloads/1759830389.json
[2025-10-07T17:59:40.558+0000] {logging_mixin.py:188} INFO - Downloaded GOOGL/1759830403.json -> /tmp/minio_downloads/1759830403.json
[2025-10-07T17:59:40.572+0000] {logging_mixin.py:188} INFO - Downloaded GOOGL/1759830416.json -> /tmp/minio_downloads/1759830416.json
[2025-10-07T17:59:40.581+0000] {logging_mixin.py:188} INFO - Downloaded GOOGL/1759830430.json -> /tmp/minio_downloads/1759830430.json
[2025-10-07T17:59:40.596+0000] {logging_mixin.py:188} INFO - Downloaded GOOGL/1759830443.json -> /tmp/minio_downloads/1759830443.json
[2025-10-07T17:59:40.607+0000] {logging_mixin.py:188} INFO - Downloaded GOOGL/1759830456.json -> /tmp/minio_downloads/1759830456.json
[2025-10-07T17:59:40.616+0000] {logging_mixin.py:188} INFO - Downloaded GOOGL/1759830470.json -> /tmp/minio_downloads/1759830470.json
[2025-10-07T17:59:40.629+0000] {logging_mixin.py:188} INFO - Downloaded GOOGL/1759830485.json -> /tmp/minio_downloads/1759830485.json
[2025-10-07T17:59:40.639+0000] {logging_mixin.py:188} INFO - Downloaded GOOGL/1759830499.json -> /tmp/minio_downloads/1759830499.json
[2025-10-07T17:59:40.652+0000] {logging_mixin.py:188} INFO - Downloaded GOOGL/1759830515.json -> /tmp/minio_downloads/1759830515.json
[2025-10-07T17:59:40.662+0000] {logging_mixin.py:188} INFO - Downloaded GOOGL/1759830529.json -> /tmp/minio_downloads/1759830529.json
[2025-10-07T17:59:40.671+0000] {logging_mixin.py:188} INFO - Downloaded GOOGL/1759830543.json -> /tmp/minio_downloads/1759830543.json
[2025-10-07T17:59:40.680+0000] {logging_mixin.py:188} INFO - Downloaded GOOGL/1759830557.json -> /tmp/minio_downloads/1759830557.json
[2025-10-07T17:59:40.689+0000] {logging_mixin.py:188} INFO - Downloaded GOOGL/1759830573.json -> /tmp/minio_downloads/1759830573.json
[2025-10-07T17:59:40.698+0000] {logging_mixin.py:188} INFO - Downloaded GOOGL/1759830588.json -> /tmp/minio_downloads/1759830588.json
[2025-10-07T17:59:40.708+0000] {logging_mixin.py:188} INFO - Downloaded GOOGL/1759830602.json -> /tmp/minio_downloads/1759830602.json
[2025-10-07T17:59:40.717+0000] {logging_mixin.py:188} INFO - Downloaded GOOGL/1759830615.json -> /tmp/minio_downloads/1759830615.json
[2025-10-07T17:59:40.728+0000] {logging_mixin.py:188} INFO - Downloaded GOOGL/1759830631.json -> /tmp/minio_downloads/1759830631.json
[2025-10-07T17:59:40.745+0000] {logging_mixin.py:188} INFO - Downloaded GOOGL/1759830643.json -> /tmp/minio_downloads/1759830643.json
[2025-10-07T17:59:40.762+0000] {logging_mixin.py:188} INFO - Downloaded GOOGL/1759830671.json -> /tmp/minio_downloads/1759830671.json
[2025-10-07T17:59:40.773+0000] {logging_mixin.py:188} INFO - Downloaded GOOGL/1759830692.json -> /tmp/minio_downloads/1759830692.json
[2025-10-07T17:59:40.781+0000] {logging_mixin.py:188} INFO - Downloaded GOOGL/1759830709.json -> /tmp/minio_downloads/1759830709.json
[2025-10-07T17:59:40.790+0000] {logging_mixin.py:188} INFO - Downloaded GOOGL/1759830726.json -> /tmp/minio_downloads/1759830726.json
[2025-10-07T17:59:40.798+0000] {logging_mixin.py:188} INFO - Downloaded GOOGL/1759830740.json -> /tmp/minio_downloads/1759830740.json
[2025-10-07T17:59:40.807+0000] {logging_mixin.py:188} INFO - Downloaded GOOGL/1759830757.json -> /tmp/minio_downloads/1759830757.json
[2025-10-07T17:59:40.815+0000] {logging_mixin.py:188} INFO - Downloaded GOOGL/1759830774.json -> /tmp/minio_downloads/1759830774.json
[2025-10-07T17:59:40.823+0000] {logging_mixin.py:188} INFO - Downloaded GOOGL/1759830790.json -> /tmp/minio_downloads/1759830790.json
[2025-10-07T17:59:40.831+0000] {logging_mixin.py:188} INFO - Downloaded GOOGL/1759830820.json -> /tmp/minio_downloads/1759830820.json
[2025-10-07T17:59:40.839+0000] {logging_mixin.py:188} INFO - Downloaded GOOGL/1759830833.json -> /tmp/minio_downloads/1759830833.json
[2025-10-07T17:59:40.848+0000] {logging_mixin.py:188} INFO - Downloaded GOOGL/1759830848.json -> /tmp/minio_downloads/1759830848.json
[2025-10-07T17:59:40.856+0000] {logging_mixin.py:188} INFO - Downloaded GOOGL/1759830887.json -> /tmp/minio_downloads/1759830887.json
[2025-10-07T17:59:40.864+0000] {logging_mixin.py:188} INFO - Downloaded GOOGL/1759830905.json -> /tmp/minio_downloads/1759830905.json
[2025-10-07T17:59:40.872+0000] {logging_mixin.py:188} INFO - Downloaded GOOGL/1759830918.json -> /tmp/minio_downloads/1759830918.json
[2025-10-07T17:59:40.880+0000] {logging_mixin.py:188} INFO - Downloaded GOOGL/1759830987.json -> /tmp/minio_downloads/1759830987.json
[2025-10-07T17:59:40.889+0000] {logging_mixin.py:188} INFO - Downloaded GOOGL/1759830999.json -> /tmp/minio_downloads/1759830999.json
[2025-10-07T17:59:40.897+0000] {logging_mixin.py:188} INFO - Downloaded GOOGL/1759831025.json -> /tmp/minio_downloads/1759831025.json
[2025-10-07T17:59:40.906+0000] {logging_mixin.py:188} INFO - Downloaded GOOGL/1759831080.json -> /tmp/minio_downloads/1759831080.json
[2025-10-07T17:59:40.914+0000] {logging_mixin.py:188} INFO - Downloaded GOOGL/1759831095.json -> /tmp/minio_downloads/1759831095.json
[2025-10-07T17:59:40.923+0000] {logging_mixin.py:188} INFO - Downloaded GOOGL/1759831111.json -> /tmp/minio_downloads/1759831111.json
[2025-10-07T17:59:40.932+0000] {logging_mixin.py:188} INFO - Downloaded GOOGL/1759831126.json -> /tmp/minio_downloads/1759831126.json
[2025-10-07T17:59:40.941+0000] {logging_mixin.py:188} INFO - Downloaded GOOGL/1759831142.json -> /tmp/minio_downloads/1759831142.json
[2025-10-07T17:59:40.950+0000] {logging_mixin.py:188} INFO - Downloaded GOOGL/1759831200.json -> /tmp/minio_downloads/1759831200.json
[2025-10-07T17:59:40.960+0000] {logging_mixin.py:188} INFO - Downloaded GOOGL/1759831379.json -> /tmp/minio_downloads/1759831379.json
[2025-10-07T17:59:40.971+0000] {logging_mixin.py:188} INFO - Downloaded GOOGL/1759831451.json -> /tmp/minio_downloads/1759831451.json
[2025-10-07T17:59:40.981+0000] {logging_mixin.py:188} INFO - Downloaded GOOGL/1759831477.json -> /tmp/minio_downloads/1759831477.json
[2025-10-07T17:59:40.993+0000] {logging_mixin.py:188} INFO - Downloaded GOOGL/1759831497.json -> /tmp/minio_downloads/1759831497.json
[2025-10-07T17:59:41.007+0000] {logging_mixin.py:188} INFO - Downloaded GOOGL/1759831521.json -> /tmp/minio_downloads/1759831521.json
[2025-10-07T17:59:41.016+0000] {logging_mixin.py:188} INFO - Downloaded GOOGL/1759831542.json -> /tmp/minio_downloads/1759831542.json
[2025-10-07T17:59:41.025+0000] {logging_mixin.py:188} INFO - Downloaded GOOGL/1759831561.json -> /tmp/minio_downloads/1759831561.json
[2025-10-07T17:59:41.034+0000] {logging_mixin.py:188} INFO - Downloaded GOOGL/1759831576.json -> /tmp/minio_downloads/1759831576.json
[2025-10-07T17:59:41.043+0000] {logging_mixin.py:188} INFO - Downloaded GOOGL/1759831612.json -> /tmp/minio_downloads/1759831612.json
[2025-10-07T17:59:41.052+0000] {logging_mixin.py:188} INFO - Downloaded GOOGL/1759831633.json -> /tmp/minio_downloads/1759831633.json
[2025-10-07T17:59:41.062+0000] {logging_mixin.py:188} INFO - Downloaded GOOGL/1759831671.json -> /tmp/minio_downloads/1759831671.json
[2025-10-07T17:59:41.070+0000] {logging_mixin.py:188} INFO - Downloaded GOOGL/1759831717.json -> /tmp/minio_downloads/1759831717.json
[2025-10-07T17:59:41.078+0000] {logging_mixin.py:188} INFO - Downloaded MSFT/1759829918.json -> /tmp/minio_downloads/1759829918.json
[2025-10-07T17:59:41.088+0000] {logging_mixin.py:188} INFO - Downloaded MSFT/1759829931.json -> /tmp/minio_downloads/1759829931.json
[2025-10-07T17:59:41.097+0000] {logging_mixin.py:188} INFO - Downloaded MSFT/1759829943.json -> /tmp/minio_downloads/1759829943.json
[2025-10-07T17:59:41.106+0000] {logging_mixin.py:188} INFO - Downloaded MSFT/1759829956.json -> /tmp/minio_downloads/1759829956.json
[2025-10-07T17:59:41.115+0000] {logging_mixin.py:188} INFO - Downloaded MSFT/1759829969.json -> /tmp/minio_downloads/1759829969.json
[2025-10-07T17:59:41.125+0000] {logging_mixin.py:188} INFO - Downloaded MSFT/1759829982.json -> /tmp/minio_downloads/1759829982.json
[2025-10-07T17:59:41.134+0000] {logging_mixin.py:188} INFO - Downloaded MSFT/1759829996.json -> /tmp/minio_downloads/1759829996.json
[2025-10-07T17:59:41.143+0000] {logging_mixin.py:188} INFO - Downloaded MSFT/1759830009.json -> /tmp/minio_downloads/1759830009.json
[2025-10-07T17:59:41.152+0000] {logging_mixin.py:188} INFO - Downloaded MSFT/1759830022.json -> /tmp/minio_downloads/1759830022.json
[2025-10-07T17:59:41.161+0000] {logging_mixin.py:188} INFO - Downloaded MSFT/1759830035.json -> /tmp/minio_downloads/1759830035.json
[2025-10-07T17:59:41.170+0000] {logging_mixin.py:188} INFO - Downloaded MSFT/1759830049.json -> /tmp/minio_downloads/1759830049.json
[2025-10-07T17:59:41.179+0000] {logging_mixin.py:188} INFO - Downloaded MSFT/1759830061.json -> /tmp/minio_downloads/1759830061.json
[2025-10-07T17:59:41.187+0000] {logging_mixin.py:188} INFO - Downloaded MSFT/1759830074.json -> /tmp/minio_downloads/1759830074.json
[2025-10-07T17:59:41.196+0000] {logging_mixin.py:188} INFO - Downloaded MSFT/1759830086.json -> /tmp/minio_downloads/1759830086.json
[2025-10-07T17:59:41.206+0000] {logging_mixin.py:188} INFO - Downloaded MSFT/1759830100.json -> /tmp/minio_downloads/1759830100.json
[2025-10-07T17:59:41.215+0000] {logging_mixin.py:188} INFO - Downloaded MSFT/1759830113.json -> /tmp/minio_downloads/1759830113.json
[2025-10-07T17:59:41.223+0000] {logging_mixin.py:188} INFO - Downloaded MSFT/1759830126.json -> /tmp/minio_downloads/1759830126.json
[2025-10-07T17:59:41.232+0000] {logging_mixin.py:188} INFO - Downloaded MSFT/1759830139.json -> /tmp/minio_downloads/1759830139.json
[2025-10-07T17:59:41.241+0000] {logging_mixin.py:188} INFO - Downloaded MSFT/1759830152.json -> /tmp/minio_downloads/1759830152.json
[2025-10-07T17:59:41.250+0000] {logging_mixin.py:188} INFO - Downloaded MSFT/1759830165.json -> /tmp/minio_downloads/1759830165.json
[2025-10-07T17:59:41.260+0000] {logging_mixin.py:188} INFO - Downloaded MSFT/1759830179.json -> /tmp/minio_downloads/1759830179.json
[2025-10-07T17:59:41.274+0000] {logging_mixin.py:188} INFO - Downloaded MSFT/1759830192.json -> /tmp/minio_downloads/1759830192.json
[2025-10-07T17:59:41.283+0000] {logging_mixin.py:188} INFO - Downloaded MSFT/1759830206.json -> /tmp/minio_downloads/1759830206.json
[2025-10-07T17:59:41.292+0000] {logging_mixin.py:188} INFO - Downloaded MSFT/1759830220.json -> /tmp/minio_downloads/1759830220.json
[2025-10-07T17:59:41.301+0000] {logging_mixin.py:188} INFO - Downloaded MSFT/1759830234.json -> /tmp/minio_downloads/1759830234.json
[2025-10-07T17:59:41.309+0000] {logging_mixin.py:188} INFO - Downloaded MSFT/1759830248.json -> /tmp/minio_downloads/1759830248.json
[2025-10-07T17:59:41.318+0000] {logging_mixin.py:188} INFO - Downloaded MSFT/1759830261.json -> /tmp/minio_downloads/1759830261.json
[2025-10-07T17:59:41.327+0000] {logging_mixin.py:188} INFO - Downloaded MSFT/1759830275.json -> /tmp/minio_downloads/1759830275.json
[2025-10-07T17:59:41.336+0000] {logging_mixin.py:188} INFO - Downloaded MSFT/1759830290.json -> /tmp/minio_downloads/1759830290.json
[2025-10-07T17:59:41.345+0000] {logging_mixin.py:188} INFO - Downloaded MSFT/1759830305.json -> /tmp/minio_downloads/1759830305.json
[2025-10-07T17:59:41.354+0000] {logging_mixin.py:188} INFO - Downloaded MSFT/1759830319.json -> /tmp/minio_downloads/1759830319.json
[2025-10-07T17:59:41.363+0000] {logging_mixin.py:188} INFO - Downloaded MSFT/1759830333.json -> /tmp/minio_downloads/1759830333.json
[2025-10-07T17:59:41.372+0000] {logging_mixin.py:188} INFO - Downloaded MSFT/1759830346.json -> /tmp/minio_downloads/1759830346.json
[2025-10-07T17:59:41.381+0000] {logging_mixin.py:188} INFO - Downloaded MSFT/1759830360.json -> /tmp/minio_downloads/1759830360.json
[2025-10-07T17:59:41.390+0000] {logging_mixin.py:188} INFO - Downloaded MSFT/1759830373.json -> /tmp/minio_downloads/1759830373.json
[2025-10-07T17:59:41.399+0000] {logging_mixin.py:188} INFO - Downloaded MSFT/1759830386.json -> /tmp/minio_downloads/1759830386.json
[2025-10-07T17:59:41.408+0000] {logging_mixin.py:188} INFO - Downloaded MSFT/1759830400.json -> /tmp/minio_downloads/1759830400.json
[2025-10-07T17:59:41.417+0000] {logging_mixin.py:188} INFO - Downloaded MSFT/1759830413.json -> /tmp/minio_downloads/1759830413.json
[2025-10-07T17:59:41.426+0000] {logging_mixin.py:188} INFO - Downloaded MSFT/1759830427.json -> /tmp/minio_downloads/1759830427.json
[2025-10-07T17:59:41.437+0000] {logging_mixin.py:188} INFO - Downloaded MSFT/1759830440.json -> /tmp/minio_downloads/1759830440.json
[2025-10-07T17:59:41.446+0000] {logging_mixin.py:188} INFO - Downloaded MSFT/1759830453.json -> /tmp/minio_downloads/1759830453.json
[2025-10-07T17:59:41.455+0000] {logging_mixin.py:188} INFO - Downloaded MSFT/1759830467.json -> /tmp/minio_downloads/1759830467.json
[2025-10-07T17:59:41.465+0000] {logging_mixin.py:188} INFO - Downloaded MSFT/1759830481.json -> /tmp/minio_downloads/1759830481.json
[2025-10-07T17:59:41.473+0000] {logging_mixin.py:188} INFO - Downloaded MSFT/1759830495.json -> /tmp/minio_downloads/1759830495.json
[2025-10-07T17:59:41.482+0000] {logging_mixin.py:188} INFO - Downloaded MSFT/1759830510.json -> /tmp/minio_downloads/1759830510.json
[2025-10-07T17:59:41.491+0000] {logging_mixin.py:188} INFO - Downloaded MSFT/1759830526.json -> /tmp/minio_downloads/1759830526.json
[2025-10-07T17:59:41.500+0000] {logging_mixin.py:188} INFO - Downloaded MSFT/1759830540.json -> /tmp/minio_downloads/1759830540.json
[2025-10-07T17:59:41.518+0000] {logging_mixin.py:188} INFO - Downloaded MSFT/1759830553.json -> /tmp/minio_downloads/1759830553.json
[2025-10-07T17:59:41.533+0000] {logging_mixin.py:188} INFO - Downloaded MSFT/1759830567.json -> /tmp/minio_downloads/1759830567.json
[2025-10-07T17:59:41.548+0000] {logging_mixin.py:188} INFO - Downloaded MSFT/1759830584.json -> /tmp/minio_downloads/1759830584.json
[2025-10-07T17:59:41.572+0000] {logging_mixin.py:188} INFO - Downloaded MSFT/1759830600.json -> /tmp/minio_downloads/1759830600.json
[2025-10-07T17:59:41.589+0000] {logging_mixin.py:188} INFO - Downloaded MSFT/1759830611.json -> /tmp/minio_downloads/1759830611.json
[2025-10-07T17:59:41.605+0000] {logging_mixin.py:188} INFO - Downloaded MSFT/1759830628.json -> /tmp/minio_downloads/1759830628.json
[2025-10-07T17:59:41.622+0000] {logging_mixin.py:188} INFO - Downloaded MSFT/1759830641.json -> /tmp/minio_downloads/1759830641.json
[2025-10-07T17:59:41.637+0000] {logging_mixin.py:188} INFO - Downloaded MSFT/1759830666.json -> /tmp/minio_downloads/1759830666.json
[2025-10-07T17:59:41.654+0000] {logging_mixin.py:188} INFO - Downloaded MSFT/1759830686.json -> /tmp/minio_downloads/1759830686.json
[2025-10-07T17:59:41.678+0000] {logging_mixin.py:188} INFO - Downloaded MSFT/1759830706.json -> /tmp/minio_downloads/1759830706.json
[2025-10-07T17:59:41.694+0000] {logging_mixin.py:188} INFO - Downloaded MSFT/1759830723.json -> /tmp/minio_downloads/1759830723.json
[2025-10-07T17:59:41.716+0000] {logging_mixin.py:188} INFO - Downloaded MSFT/1759830737.json -> /tmp/minio_downloads/1759830737.json
[2025-10-07T17:59:41.741+0000] {logging_mixin.py:188} INFO - Downloaded MSFT/1759830752.json -> /tmp/minio_downloads/1759830752.json
[2025-10-07T17:59:41.762+0000] {logging_mixin.py:188} INFO - Downloaded MSFT/1759830770.json -> /tmp/minio_downloads/1759830770.json
[2025-10-07T17:59:41.776+0000] {logging_mixin.py:188} INFO - Downloaded MSFT/1759830786.json -> /tmp/minio_downloads/1759830786.json
[2025-10-07T17:59:41.791+0000] {logging_mixin.py:188} INFO - Downloaded MSFT/1759830817.json -> /tmp/minio_downloads/1759830817.json
[2025-10-07T17:59:41.812+0000] {logging_mixin.py:188} INFO - Downloaded MSFT/1759830830.json -> /tmp/minio_downloads/1759830830.json
[2025-10-07T17:59:41.827+0000] {logging_mixin.py:188} INFO - Downloaded MSFT/1759830845.json -> /tmp/minio_downloads/1759830845.json
[2025-10-07T17:59:41.849+0000] {logging_mixin.py:188} INFO - Downloaded MSFT/1759830860.json -> /tmp/minio_downloads/1759830860.json
[2025-10-07T17:59:41.867+0000] {logging_mixin.py:188} INFO - Downloaded MSFT/1759830902.json -> /tmp/minio_downloads/1759830902.json
[2025-10-07T17:59:41.883+0000] {logging_mixin.py:188} INFO - Downloaded MSFT/1759830916.json -> /tmp/minio_downloads/1759830916.json
[2025-10-07T17:59:41.901+0000] {logging_mixin.py:188} INFO - Downloaded MSFT/1759830996.json -> /tmp/minio_downloads/1759830996.json
[2025-10-07T17:59:41.916+0000] {logging_mixin.py:188} INFO - Downloaded MSFT/1759831016.json -> /tmp/minio_downloads/1759831016.json
[2025-10-07T17:59:41.938+0000] {logging_mixin.py:188} INFO - Downloaded MSFT/1759831073.json -> /tmp/minio_downloads/1759831073.json
[2025-10-07T17:59:41.963+0000] {logging_mixin.py:188} INFO - Downloaded MSFT/1759831092.json -> /tmp/minio_downloads/1759831092.json
[2025-10-07T17:59:41.978+0000] {logging_mixin.py:188} INFO - Downloaded MSFT/1759831108.json -> /tmp/minio_downloads/1759831108.json
[2025-10-07T17:59:41.996+0000] {logging_mixin.py:188} INFO - Downloaded MSFT/1759831122.json -> /tmp/minio_downloads/1759831122.json
[2025-10-07T17:59:42.011+0000] {logging_mixin.py:188} INFO - Downloaded MSFT/1759831136.json -> /tmp/minio_downloads/1759831136.json
[2025-10-07T17:59:42.036+0000] {logging_mixin.py:188} INFO - Downloaded MSFT/1759831178.json -> /tmp/minio_downloads/1759831178.json
[2025-10-07T17:59:42.052+0000] {logging_mixin.py:188} INFO - Downloaded MSFT/1759831212.json -> /tmp/minio_downloads/1759831212.json
[2025-10-07T17:59:42.069+0000] {logging_mixin.py:188} INFO - Downloaded MSFT/1759831259.json -> /tmp/minio_downloads/1759831259.json
[2025-10-07T17:59:42.088+0000] {logging_mixin.py:188} INFO - Downloaded MSFT/1759831352.json -> /tmp/minio_downloads/1759831352.json
[2025-10-07T17:59:42.103+0000] {logging_mixin.py:188} INFO - Downloaded MSFT/1759831442.json -> /tmp/minio_downloads/1759831442.json
[2025-10-07T17:59:42.133+0000] {logging_mixin.py:188} INFO - Downloaded MSFT/1759831467.json -> /tmp/minio_downloads/1759831467.json
[2025-10-07T17:59:42.154+0000] {logging_mixin.py:188} INFO - Downloaded MSFT/1759831493.json -> /tmp/minio_downloads/1759831493.json
[2025-10-07T17:59:42.173+0000] {logging_mixin.py:188} INFO - Downloaded MSFT/1759831513.json -> /tmp/minio_downloads/1759831513.json
[2025-10-07T17:59:42.198+0000] {logging_mixin.py:188} INFO - Downloaded MSFT/1759831538.json -> /tmp/minio_downloads/1759831538.json
[2025-10-07T17:59:42.218+0000] {logging_mixin.py:188} INFO - Downloaded MSFT/1759831556.json -> /tmp/minio_downloads/1759831556.json
[2025-10-07T17:59:42.243+0000] {logging_mixin.py:188} INFO - Downloaded MSFT/1759831572.json -> /tmp/minio_downloads/1759831572.json
[2025-10-07T17:59:42.260+0000] {logging_mixin.py:188} INFO - Downloaded MSFT/1759831600.json -> /tmp/minio_downloads/1759831600.json
[2025-10-07T17:59:42.280+0000] {logging_mixin.py:188} INFO - Downloaded MSFT/1759831629.json -> /tmp/minio_downloads/1759831629.json
[2025-10-07T17:59:42.295+0000] {logging_mixin.py:188} INFO - Downloaded MSFT/1759831656.json -> /tmp/minio_downloads/1759831656.json
[2025-10-07T17:59:42.316+0000] {logging_mixin.py:188} INFO - Downloaded MSFT/1759831703.json -> /tmp/minio_downloads/1759831703.json
[2025-10-07T17:59:42.343+0000] {logging_mixin.py:188} INFO - Downloaded TSLA/1759829920.json -> /tmp/minio_downloads/1759829920.json
[2025-10-07T17:59:42.370+0000] {logging_mixin.py:188} INFO - Downloaded TSLA/1759829932.json -> /tmp/minio_downloads/1759829932.json
[2025-10-07T17:59:42.412+0000] {logging_mixin.py:188} INFO - Downloaded TSLA/1759829945.json -> /tmp/minio_downloads/1759829945.json
[2025-10-07T17:59:42.444+0000] {logging_mixin.py:188} INFO - Downloaded TSLA/1759829958.json -> /tmp/minio_downloads/1759829958.json
[2025-10-07T17:59:42.458+0000] {logging_mixin.py:188} INFO - Downloaded TSLA/1759829971.json -> /tmp/minio_downloads/1759829971.json
[2025-10-07T17:59:42.471+0000] {logging_mixin.py:188} INFO - Downloaded TSLA/1759829983.json -> /tmp/minio_downloads/1759829983.json
[2025-10-07T17:59:42.483+0000] {logging_mixin.py:188} INFO - Downloaded TSLA/1759829997.json -> /tmp/minio_downloads/1759829997.json
[2025-10-07T17:59:42.495+0000] {logging_mixin.py:188} INFO - Downloaded TSLA/1759830011.json -> /tmp/minio_downloads/1759830011.json
[2025-10-07T17:59:42.506+0000] {logging_mixin.py:188} INFO - Downloaded TSLA/1759830023.json -> /tmp/minio_downloads/1759830023.json
[2025-10-07T17:59:42.516+0000] {logging_mixin.py:188} INFO - Downloaded TSLA/1759830037.json -> /tmp/minio_downloads/1759830037.json
[2025-10-07T17:59:42.526+0000] {logging_mixin.py:188} INFO - Downloaded TSLA/1759830050.json -> /tmp/minio_downloads/1759830050.json
[2025-10-07T17:59:42.537+0000] {logging_mixin.py:188} INFO - Downloaded TSLA/1759830062.json -> /tmp/minio_downloads/1759830062.json
[2025-10-07T17:59:42.550+0000] {logging_mixin.py:188} INFO - Downloaded TSLA/1759830075.json -> /tmp/minio_downloads/1759830075.json
[2025-10-07T17:59:42.563+0000] {logging_mixin.py:188} INFO - Downloaded TSLA/1759830088.json -> /tmp/minio_downloads/1759830088.json
[2025-10-07T17:59:42.576+0000] {logging_mixin.py:188} INFO - Downloaded TSLA/1759830102.json -> /tmp/minio_downloads/1759830102.json
[2025-10-07T17:59:42.590+0000] {logging_mixin.py:188} INFO - Downloaded TSLA/1759830114.json -> /tmp/minio_downloads/1759830114.json
[2025-10-07T17:59:42.603+0000] {logging_mixin.py:188} INFO - Downloaded TSLA/1759830127.json -> /tmp/minio_downloads/1759830127.json
[2025-10-07T17:59:42.616+0000] {logging_mixin.py:188} INFO - Downloaded TSLA/1759830140.json -> /tmp/minio_downloads/1759830140.json
[2025-10-07T17:59:42.627+0000] {logging_mixin.py:188} INFO - Downloaded TSLA/1759830153.json -> /tmp/minio_downloads/1759830153.json
[2025-10-07T17:59:42.638+0000] {logging_mixin.py:188} INFO - Downloaded TSLA/1759830167.json -> /tmp/minio_downloads/1759830167.json
[2025-10-07T17:59:42.652+0000] {logging_mixin.py:188} INFO - Downloaded TSLA/1759830180.json -> /tmp/minio_downloads/1759830180.json
[2025-10-07T17:59:42.666+0000] {logging_mixin.py:188} INFO - Downloaded TSLA/1759830193.json -> /tmp/minio_downloads/1759830193.json
[2025-10-07T17:59:42.679+0000] {logging_mixin.py:188} INFO - Downloaded TSLA/1759830207.json -> /tmp/minio_downloads/1759830207.json
[2025-10-07T17:59:42.693+0000] {logging_mixin.py:188} INFO - Downloaded TSLA/1759830222.json -> /tmp/minio_downloads/1759830222.json
[2025-10-07T17:59:42.706+0000] {logging_mixin.py:188} INFO - Downloaded TSLA/1759830236.json -> /tmp/minio_downloads/1759830236.json
[2025-10-07T17:59:42.720+0000] {logging_mixin.py:188} INFO - Downloaded TSLA/1759830249.json -> /tmp/minio_downloads/1759830249.json
[2025-10-07T17:59:42.732+0000] {logging_mixin.py:188} INFO - Downloaded TSLA/1759830262.json -> /tmp/minio_downloads/1759830262.json
[2025-10-07T17:59:42.744+0000] {logging_mixin.py:188} INFO - Downloaded TSLA/1759830277.json -> /tmp/minio_downloads/1759830277.json
[2025-10-07T17:59:42.755+0000] {logging_mixin.py:188} INFO - Downloaded TSLA/1759830292.json -> /tmp/minio_downloads/1759830292.json
[2025-10-07T17:59:42.767+0000] {logging_mixin.py:188} INFO - Downloaded TSLA/1759830306.json -> /tmp/minio_downloads/1759830306.json
[2025-10-07T17:59:42.778+0000] {logging_mixin.py:188} INFO - Downloaded TSLA/1759830321.json -> /tmp/minio_downloads/1759830321.json
[2025-10-07T17:59:42.788+0000] {logging_mixin.py:188} INFO - Downloaded TSLA/1759830335.json -> /tmp/minio_downloads/1759830335.json
[2025-10-07T17:59:42.801+0000] {logging_mixin.py:188} INFO - Downloaded TSLA/1759830348.json -> /tmp/minio_downloads/1759830348.json
[2025-10-07T17:59:42.812+0000] {logging_mixin.py:188} INFO - Downloaded TSLA/1759830361.json -> /tmp/minio_downloads/1759830361.json
[2025-10-07T17:59:42.823+0000] {logging_mixin.py:188} INFO - Downloaded TSLA/1759830375.json -> /tmp/minio_downloads/1759830375.json
[2025-10-07T17:59:42.831+0000] {logging_mixin.py:188} INFO - Downloaded TSLA/1759830388.json -> /tmp/minio_downloads/1759830388.json
[2025-10-07T17:59:42.840+0000] {logging_mixin.py:188} INFO - Downloaded TSLA/1759830401.json -> /tmp/minio_downloads/1759830401.json
[2025-10-07T17:59:42.849+0000] {logging_mixin.py:188} INFO - Downloaded TSLA/1759830414.json -> /tmp/minio_downloads/1759830414.json
[2025-10-07T17:59:42.858+0000] {logging_mixin.py:188} INFO - Downloaded TSLA/1759830428.json -> /tmp/minio_downloads/1759830428.json
[2025-10-07T17:59:42.870+0000] {logging_mixin.py:188} INFO - Downloaded TSLA/1759830442.json -> /tmp/minio_downloads/1759830442.json
[2025-10-07T17:59:42.881+0000] {logging_mixin.py:188} INFO - Downloaded TSLA/1759830455.json -> /tmp/minio_downloads/1759830455.json
[2025-10-07T17:59:42.892+0000] {logging_mixin.py:188} INFO - Downloaded TSLA/1759830469.json -> /tmp/minio_downloads/1759830469.json
[2025-10-07T17:59:42.903+0000] {logging_mixin.py:188} INFO - Downloaded TSLA/1759830483.json -> /tmp/minio_downloads/1759830483.json
[2025-10-07T17:59:42.913+0000] {logging_mixin.py:188} INFO - Downloaded TSLA/1759830497.json -> /tmp/minio_downloads/1759830497.json
[2025-10-07T17:59:42.922+0000] {logging_mixin.py:188} INFO - Downloaded TSLA/1759830511.json -> /tmp/minio_downloads/1759830511.json
[2025-10-07T17:59:42.931+0000] {logging_mixin.py:188} INFO - Downloaded TSLA/1759830528.json -> /tmp/minio_downloads/1759830528.json
[2025-10-07T17:59:42.941+0000] {logging_mixin.py:188} INFO - Downloaded TSLA/1759830541.json -> /tmp/minio_downloads/1759830541.json
[2025-10-07T17:59:42.951+0000] {logging_mixin.py:188} INFO - Downloaded TSLA/1759830555.json -> /tmp/minio_downloads/1759830555.json
[2025-10-07T17:59:42.961+0000] {logging_mixin.py:188} INFO - Downloaded TSLA/1759830570.json -> /tmp/minio_downloads/1759830570.json
[2025-10-07T17:59:42.973+0000] {logging_mixin.py:188} INFO - Downloaded TSLA/1759830586.json -> /tmp/minio_downloads/1759830586.json
[2025-10-07T17:59:42.981+0000] {logging_mixin.py:188} INFO - Downloaded TSLA/1759830601.json -> /tmp/minio_downloads/1759830601.json
[2025-10-07T17:59:42.992+0000] {logging_mixin.py:188} INFO - Downloaded TSLA/1759830613.json -> /tmp/minio_downloads/1759830613.json
[2025-10-07T17:59:43.000+0000] {logging_mixin.py:188} INFO - Downloaded TSLA/1759830630.json -> /tmp/minio_downloads/1759830630.json
[2025-10-07T17:59:43.009+0000] {logging_mixin.py:188} INFO - Downloaded TSLA/1759830642.json -> /tmp/minio_downloads/1759830642.json
[2025-10-07T17:59:43.018+0000] {logging_mixin.py:188} INFO - Downloaded TSLA/1759830668.json -> /tmp/minio_downloads/1759830668.json
[2025-10-07T17:59:43.027+0000] {logging_mixin.py:188} INFO - Downloaded TSLA/1759830691.json -> /tmp/minio_downloads/1759830691.json
[2025-10-07T17:59:43.038+0000] {logging_mixin.py:188} INFO - Downloaded TSLA/1759830708.json -> /tmp/minio_downloads/1759830708.json
[2025-10-07T17:59:43.049+0000] {logging_mixin.py:188} INFO - Downloaded TSLA/1759830725.json -> /tmp/minio_downloads/1759830725.json
[2025-10-07T17:59:43.059+0000] {logging_mixin.py:188} INFO - Downloaded TSLA/1759830739.json -> /tmp/minio_downloads/1759830739.json
[2025-10-07T17:59:43.068+0000] {logging_mixin.py:188} INFO - Downloaded TSLA/1759830755.json -> /tmp/minio_downloads/1759830755.json
[2025-10-07T17:59:43.077+0000] {logging_mixin.py:188} INFO - Downloaded TSLA/1759830772.json -> /tmp/minio_downloads/1759830772.json
[2025-10-07T17:59:43.085+0000] {logging_mixin.py:188} INFO - Downloaded TSLA/1759830788.json -> /tmp/minio_downloads/1759830788.json
[2025-10-07T17:59:43.094+0000] {logging_mixin.py:188} INFO - Downloaded TSLA/1759830819.json -> /tmp/minio_downloads/1759830819.json
[2025-10-07T17:59:43.103+0000] {logging_mixin.py:188} INFO - Downloaded TSLA/1759830832.json -> /tmp/minio_downloads/1759830832.json
[2025-10-07T17:59:43.111+0000] {logging_mixin.py:188} INFO - Downloaded TSLA/1759830846.json -> /tmp/minio_downloads/1759830846.json
[2025-10-07T17:59:43.119+0000] {logging_mixin.py:188} INFO - Downloaded TSLA/1759830864.json -> /tmp/minio_downloads/1759830864.json
[2025-10-07T17:59:43.127+0000] {logging_mixin.py:188} INFO - Downloaded TSLA/1759830903.json -> /tmp/minio_downloads/1759830903.json
[2025-10-07T17:59:43.136+0000] {logging_mixin.py:188} INFO - Downloaded TSLA/1759830917.json -> /tmp/minio_downloads/1759830917.json
[2025-10-07T17:59:43.145+0000] {logging_mixin.py:188} INFO - Downloaded TSLA/1759830997.json -> /tmp/minio_downloads/1759830997.json
[2025-10-07T17:59:43.156+0000] {logging_mixin.py:188} INFO - Downloaded TSLA/1759831024.json -> /tmp/minio_downloads/1759831024.json
[2025-10-07T17:59:43.167+0000] {logging_mixin.py:188} INFO - Downloaded TSLA/1759831077.json -> /tmp/minio_downloads/1759831077.json
[2025-10-07T17:59:43.178+0000] {logging_mixin.py:188} INFO - Downloaded TSLA/1759831093.json -> /tmp/minio_downloads/1759831093.json
[2025-10-07T17:59:43.190+0000] {logging_mixin.py:188} INFO - Downloaded TSLA/1759831109.json -> /tmp/minio_downloads/1759831109.json
[2025-10-07T17:59:43.200+0000] {logging_mixin.py:188} INFO - Downloaded TSLA/1759831124.json -> /tmp/minio_downloads/1759831124.json
[2025-10-07T17:59:43.209+0000] {logging_mixin.py:188} INFO - Downloaded TSLA/1759831138.json -> /tmp/minio_downloads/1759831138.json
[2025-10-07T17:59:43.218+0000] {logging_mixin.py:188} INFO - Downloaded TSLA/1759831190.json -> /tmp/minio_downloads/1759831190.json
[2025-10-07T17:59:43.228+0000] {logging_mixin.py:188} INFO - Downloaded TSLA/1759831218.json -> /tmp/minio_downloads/1759831218.json
[2025-10-07T17:59:43.237+0000] {logging_mixin.py:188} INFO - Downloaded TSLA/1759831260.json -> /tmp/minio_downloads/1759831260.json
[2025-10-07T17:59:43.246+0000] {logging_mixin.py:188} INFO - Downloaded TSLA/1759831447.json -> /tmp/minio_downloads/1759831447.json
[2025-10-07T17:59:43.256+0000] {logging_mixin.py:188} INFO - Downloaded TSLA/1759831475.json -> /tmp/minio_downloads/1759831475.json
[2025-10-07T17:59:43.265+0000] {logging_mixin.py:188} INFO - Downloaded TSLA/1759831496.json -> /tmp/minio_downloads/1759831496.json
[2025-10-07T17:59:43.274+0000] {logging_mixin.py:188} INFO - Downloaded TSLA/1759831517.json -> /tmp/minio_downloads/1759831517.json
[2025-10-07T17:59:43.282+0000] {logging_mixin.py:188} INFO - Downloaded TSLA/1759831540.json -> /tmp/minio_downloads/1759831540.json
[2025-10-07T17:59:43.292+0000] {logging_mixin.py:188} INFO - Downloaded TSLA/1759831558.json -> /tmp/minio_downloads/1759831558.json
[2025-10-07T17:59:43.300+0000] {logging_mixin.py:188} INFO - Downloaded TSLA/1759831574.json -> /tmp/minio_downloads/1759831574.json
[2025-10-07T17:59:43.310+0000] {logging_mixin.py:188} INFO - Downloaded TSLA/1759831602.json -> /tmp/minio_downloads/1759831602.json
[2025-10-07T17:59:43.319+0000] {logging_mixin.py:188} INFO - Downloaded TSLA/1759831631.json -> /tmp/minio_downloads/1759831631.json
[2025-10-07T17:59:43.331+0000] {logging_mixin.py:188} INFO - Downloaded TSLA/1759831663.json -> /tmp/minio_downloads/1759831663.json
[2025-10-07T17:59:43.343+0000] {logging_mixin.py:188} INFO - Downloaded TSLA/1759831715.json -> /tmp/minio_downloads/1759831715.json
[2025-10-07T17:59:43.345+0000] {python.py:237} INFO - Done. Returned value was: ['/tmp/minio_downloads/1759829917.json', '/tmp/minio_downloads/1759829930.json', '/tmp/minio_downloads/1759829942.json', '/tmp/minio_downloads/1759829955.json', '/tmp/minio_downloads/1759829968.json', '/tmp/minio_downloads/1759829981.json', '/tmp/minio_downloads/1759829994.json', '/tmp/minio_downloads/1759830008.json', '/tmp/minio_downloads/1759830021.json', '/tmp/minio_downloads/1759830034.json', '/tmp/minio_downloads/1759830047.json', '/tmp/minio_downloads/1759830060.json', '/tmp/minio_downloads/1759830072.json', '/tmp/minio_downloads/1759830085.json', '/tmp/minio_downloads/1759830098.json', '/tmp/minio_downloads/1759830112.json', '/tmp/minio_downloads/1759830125.json', '/tmp/minio_downloads/1759830137.json', '/tmp/minio_downloads/1759830150.json', '/tmp/minio_downloads/1759830164.json', '/tmp/minio_downloads/1759830177.json', '/tmp/minio_downloads/1759830191.json', '/tmp/minio_downloads/1759830204.json', '/tmp/minio_downloads/1759830218.json', '/tmp/minio_downloads/1759830233.json', '/tmp/minio_downloads/1759830246.json', '/tmp/minio_downloads/1759830259.json', '/tmp/minio_downloads/1759830273.json', '/tmp/minio_downloads/1759830288.json', '/tmp/minio_downloads/1759830303.json', '/tmp/minio_downloads/1759830317.json', '/tmp/minio_downloads/1759830332.json', '/tmp/minio_downloads/1759830345.json', '/tmp/minio_downloads/1759830358.json', '/tmp/minio_downloads/1759830372.json', '/tmp/minio_downloads/1759830385.json', '/tmp/minio_downloads/1759830398.json', '/tmp/minio_downloads/1759830411.json', '/tmp/minio_downloads/1759830425.json', '/tmp/minio_downloads/1759830439.json', '/tmp/minio_downloads/1759830452.json', '/tmp/minio_downloads/1759830466.json', '/tmp/minio_downloads/1759830480.json', '/tmp/minio_downloads/1759830494.json', '/tmp/minio_downloads/1759830508.json', '/tmp/minio_downloads/1759830524.json', '/tmp/minio_downloads/1759830538.json', '/tmp/minio_downloads/1759830552.json', '/tmp/minio_downloads/1759830566.json', '/tmp/minio_downloads/1759830583.json', '/tmp/minio_downloads/1759830598.json', '/tmp/minio_downloads/1759830610.json', '/tmp/minio_downloads/1759830627.json', '/tmp/minio_downloads/1759830640.json', '/tmp/minio_downloads/1759830661.json', '/tmp/minio_downloads/1759830684.json', '/tmp/minio_downloads/1759830705.json', '/tmp/minio_downloads/1759830722.json', '/tmp/minio_downloads/1759830735.json', '/tmp/minio_downloads/1759830750.json', '/tmp/minio_downloads/1759830767.json', '/tmp/minio_downloads/1759830784.json', '/tmp/minio_downloads/1759830829.json', '/tmp/minio_downloads/1759830843.json', '/tmp/minio_downloads/1759830858.json', '/tmp/minio_downloads/1759830901.json', '/tmp/minio_downloads/1759830914.json', '/tmp/minio_downloads/1759830995.json', '/tmp/minio_downloads/1759831014.json', '/tmp/minio_downloads/1759831054.json', '/tmp/minio_downloads/1759831090.json', '/tmp/minio_downloads/1759831106.json', '/tmp/minio_downloads/1759831120.json', '/tmp/minio_downloads/1759831135.json', '/tmp/minio_downloads/1759831174.json', '/tmp/minio_downloads/1759831209.json', '/tmp/minio_downloads/1759831248.json', '/tmp/minio_downloads/1759831327.json', '/tmp/minio_downloads/1759831463.json', '/tmp/minio_downloads/1759831488.json', '/tmp/minio_downloads/1759831509.json', '/tmp/minio_downloads/1759831536.json', '/tmp/minio_downloads/1759831554.json', '/tmp/minio_downloads/1759831571.json', '/tmp/minio_downloads/1759831597.json', '/tmp/minio_downloads/1759831625.json', '/tmp/minio_downloads/1759831650.json', '/tmp/minio_downloads/1759831693.json', '/tmp/minio_downloads/1759829922.json', '/tmp/minio_downloads/1759829935.json', '/tmp/minio_downloads/1759829948.json', '/tmp/minio_downloads/1759829960.json', '/tmp/minio_downloads/1759829973.json', '/tmp/minio_downloads/1759829986.json', '/tmp/minio_downloads/1759830000.json', '/tmp/minio_downloads/1759830013.json', '/tmp/minio_downloads/1759830026.json', '/tmp/minio_downloads/1759830040.json', '/tmp/minio_downloads/1759830052.json', '/tmp/minio_downloads/1759830065.json', '/tmp/minio_downloads/1759830078.json', '/tmp/minio_downloads/1759830091.json', '/tmp/minio_downloads/1759830105.json', '/tmp/minio_downloads/1759830117.json', '/tmp/minio_downloads/1759830130.json', '/tmp/minio_downloads/1759830143.json', '/tmp/minio_downloads/1759830156.json', '/tmp/minio_downloads/1759830169.json', '/tmp/minio_downloads/1759830183.json', '/tmp/minio_downloads/1759830196.json', '/tmp/minio_downloads/1759830210.json', '/tmp/minio_downloads/1759830225.json', '/tmp/minio_downloads/1759830239.json', '/tmp/minio_downloads/1759830252.json', '/tmp/minio_downloads/1759830265.json', '/tmp/minio_downloads/1759830281.json', '/tmp/minio_downloads/1759830295.json', '/tmp/minio_downloads/1759830310.json', '/tmp/minio_downloads/1759830324.json', '/tmp/minio_downloads/1759830337.json', '/tmp/minio_downloads/1759830351.json', '/tmp/minio_downloads/1759830364.json', '/tmp/minio_downloads/1759830378.json', '/tmp/minio_downloads/1759830391.json', '/tmp/minio_downloads/1759830404.json', '/tmp/minio_downloads/1759830418.json', '/tmp/minio_downloads/1759830431.json', '/tmp/minio_downloads/1759830445.json', '/tmp/minio_downloads/1759830458.json', '/tmp/minio_downloads/1759830472.json', '/tmp/minio_downloads/1759830486.json', '/tmp/minio_downloads/1759830500.json', '/tmp/minio_downloads/1759830517.json', '/tmp/minio_downloads/1759830531.json', '/tmp/minio_downloads/1759830544.json', '/tmp/minio_downloads/1759830558.json', '/tmp/minio_downloads/1759830574.json', '/tmp/minio_downloads/1759830589.json', '/tmp/minio_downloads/1759830603.json', '/tmp/minio_downloads/1759830617.json', '/tmp/minio_downloads/1759830632.json', '/tmp/minio_downloads/1759830645.json', '/tmp/minio_downloads/1759830674.json', '/tmp/minio_downloads/1759830694.json', '/tmp/minio_downloads/1759830714.json', '/tmp/minio_downloads/1759830728.json', '/tmp/minio_downloads/1759830743.json', '/tmp/minio_downloads/1759830759.json', '/tmp/minio_downloads/1759830776.json', '/tmp/minio_downloads/1759830792.json', '/tmp/minio_downloads/1759830822.json', '/tmp/minio_downloads/1759830835.json', '/tmp/minio_downloads/1759830850.json', '/tmp/minio_downloads/1759830889.json', '/tmp/minio_downloads/1759830906.json', '/tmp/minio_downloads/1759830920.json', '/tmp/minio_downloads/1759830988.json', '/tmp/minio_downloads/1759831000.json', '/tmp/minio_downloads/1759831033.json', '/tmp/minio_downloads/1759831082.json', '/tmp/minio_downloads/1759831096.json', '/tmp/minio_downloads/1759831112.json', '/tmp/minio_downloads/1759831128.json', '/tmp/minio_downloads/1759831201.json', '/tmp/minio_downloads/1759831239.json', '/tmp/minio_downloads/1759831390.json', '/tmp/minio_downloads/1759831452.json', '/tmp/minio_downloads/1759831479.json', '/tmp/minio_downloads/1759831500.json', '/tmp/minio_downloads/1759831528.json', '/tmp/minio_downloads/1759831545.json', '/tmp/minio_downloads/1759831563.json', '/tmp/minio_downloads/1759831578.json', '/tmp/minio_downloads/1759831617.json', '/tmp/minio_downloads/1759831636.json', '/tmp/minio_downloads/1759831683.json', '/tmp/minio_downloads/1759829921.json', '/tmp/minio_downloads/1759829934.json', '/tmp/minio_downloads/1759829946.json', '/tmp/minio_downloads/1759829959.json', '/tmp/minio_downloads/1759829972.json', '/tmp/minio_downloads/1759829985.json', '/tmp/minio_downloads/1759829999.json', '/tmp/minio_downloads/1759830012.json', '/tmp/minio_downloads/1759830025.json', '/tmp/minio_downloads/1759830038.json', '/tmp/minio_downloads/1759830051.json', '/tmp/minio_downloads/1759830064.json', '/tmp/minio_downloads/1759830076.json', '/tmp/minio_downloads/1759830090.json', '/tmp/minio_downloads/1759830103.json', '/tmp/minio_downloads/1759830116.json', '/tmp/minio_downloads/1759830128.json', '/tmp/minio_downloads/1759830141.json', '/tmp/minio_downloads/1759830154.json', '/tmp/minio_downloads/1759830168.json', '/tmp/minio_downloads/1759830182.json', '/tmp/minio_downloads/1759830195.json', '/tmp/minio_downloads/1759830209.json', '/tmp/minio_downloads/1759830224.json', '/tmp/minio_downloads/1759830237.json', '/tmp/minio_downloads/1759830250.json', '/tmp/minio_downloads/1759830264.json', '/tmp/minio_downloads/1759830279.json', '/tmp/minio_downloads/1759830294.json', '/tmp/minio_downloads/1759830308.json', '/tmp/minio_downloads/1759830322.json', '/tmp/minio_downloads/1759830336.json', '/tmp/minio_downloads/1759830349.json', '/tmp/minio_downloads/1759830363.json', '/tmp/minio_downloads/1759830376.json', '/tmp/minio_downloads/1759830389.json', '/tmp/minio_downloads/1759830403.json', '/tmp/minio_downloads/1759830416.json', '/tmp/minio_downloads/1759830430.json', '/tmp/minio_downloads/1759830443.json', '/tmp/minio_downloads/1759830456.json', '/tmp/minio_downloads/1759830470.json', '/tmp/minio_downloads/1759830485.json', '/tmp/minio_downloads/1759830499.json', '/tmp/minio_downloads/1759830515.json', '/tmp/minio_downloads/1759830529.json', '/tmp/minio_downloads/1759830543.json', '/tmp/minio_downloads/1759830557.json', '/tmp/minio_downloads/1759830573.json', '/tmp/minio_downloads/1759830588.json', '/tmp/minio_downloads/1759830602.json', '/tmp/minio_downloads/1759830615.json', '/tmp/minio_downloads/1759830631.json', '/tmp/minio_downloads/1759830643.json', '/tmp/minio_downloads/1759830671.json', '/tmp/minio_downloads/1759830692.json', '/tmp/minio_downloads/1759830709.json', '/tmp/minio_downloads/1759830726.json', '/tmp/minio_downloads/1759830740.json', '/tmp/minio_downloads/1759830757.json', '/tmp/minio_downloads/1759830774.json', '/tmp/minio_downloads/1759830790.json', '/tmp/minio_downloads/1759830820.json', '/tmp/minio_downloads/1759830833.json', '/tmp/minio_downloads/1759830848.json', '/tmp/minio_downloads/1759830887.json', '/tmp/minio_downloads/1759830905.json', '/tmp/minio_downloads/1759830918.json', '/tmp/minio_downloads/1759830987.json', '/tmp/minio_downloads/1759830999.json', '/tmp/minio_downloads/1759831025.json', '/tmp/minio_downloads/1759831080.json', '/tmp/minio_downloads/1759831095.json', '/tmp/minio_downloads/1759831111.json', '/tmp/minio_downloads/1759831126.json', '/tmp/minio_downloads/1759831142.json', '/tmp/minio_downloads/1759831200.json', '/tmp/minio_downloads/1759831379.json', '/tmp/minio_downloads/1759831451.json', '/tmp/minio_downloads/1759831477.json', '/tmp/minio_downloads/1759831497.json', '/tmp/minio_downloads/1759831521.json', '/tmp/minio_downloads/1759831542.json', '/tmp/minio_downloads/1759831561.json', '/tmp/minio_downloads/1759831576.json', '/tmp/minio_downloads/1759831612.json', '/tmp/minio_downloads/1759831633.json', '/tmp/minio_downloads/1759831671.json', '/tmp/minio_downloads/1759831717.json', '/tmp/minio_downloads/1759829918.json', '/tmp/minio_downloads/1759829931.json', '/tmp/minio_downloads/1759829943.json', '/tmp/minio_downloads/1759829956.json', '/tmp/minio_downloads/1759829969.json', '/tmp/minio_downloads/1759829982.json', '/tmp/minio_downloads/1759829996.json', '/tmp/minio_downloads/1759830009.json', '/tmp/minio_downloads/1759830022.json', '/tmp/minio_downloads/1759830035.json', '/tmp/minio_downloads/1759830049.json', '/tmp/minio_downloads/1759830061.json', '/tmp/minio_downloads/1759830074.json', '/tmp/minio_downloads/1759830086.json', '/tmp/minio_downloads/1759830100.json', '/tmp/minio_downloads/1759830113.json', '/tmp/minio_downloads/1759830126.json', '/tmp/minio_downloads/1759830139.json', '/tmp/minio_downloads/1759830152.json', '/tmp/minio_downloads/1759830165.json', '/tmp/minio_downloads/1759830179.json', '/tmp/minio_downloads/1759830192.json', '/tmp/minio_downloads/1759830206.json', '/tmp/minio_downloads/1759830220.json', '/tmp/minio_downloads/1759830234.json', '/tmp/minio_downloads/1759830248.json', '/tmp/minio_downloads/1759830261.json', '/tmp/minio_downloads/1759830275.json', '/tmp/minio_downloads/1759830290.json', '/tmp/minio_downloads/1759830305.json', '/tmp/minio_downloads/1759830319.json', '/tmp/minio_downloads/1759830333.json', '/tmp/minio_downloads/1759830346.json', '/tmp/minio_downloads/1759830360.json', '/tmp/minio_downloads/1759830373.json', '/tmp/minio_downloads/1759830386.json', '/tmp/minio_downloads/1759830400.json', '/tmp/minio_downloads/1759830413.json', '/tmp/minio_downloads/1759830427.json', '/tmp/minio_downloads/1759830440.json', '/tmp/minio_downloads/1759830453.json', '/tmp/minio_downloads/1759830467.json', '/tmp/minio_downloads/1759830481.json', '/tmp/minio_downloads/1759830495.json', '/tmp/minio_downloads/1759830510.json', '/tmp/minio_downloads/1759830526.json', '/tmp/minio_downloads/1759830540.json', '/tmp/minio_downloads/1759830553.json', '/tmp/minio_downloads/1759830567.json', '/tmp/minio_downloads/1759830584.json', '/tmp/minio_downloads/1759830600.json', '/tmp/minio_downloads/1759830611.json', '/tmp/minio_downloads/1759830628.json', '/tmp/minio_downloads/1759830641.json', '/tmp/minio_downloads/1759830666.json', '/tmp/minio_downloads/1759830686.json', '/tmp/minio_downloads/1759830706.json', '/tmp/minio_downloads/1759830723.json', '/tmp/minio_downloads/1759830737.json', '/tmp/minio_downloads/1759830752.json', '/tmp/minio_downloads/1759830770.json', '/tmp/minio_downloads/1759830786.json', '/tmp/minio_downloads/1759830817.json', '/tmp/minio_downloads/1759830830.json', '/tmp/minio_downloads/1759830845.json', '/tmp/minio_downloads/1759830860.json', '/tmp/minio_downloads/1759830902.json', '/tmp/minio_downloads/1759830916.json', '/tmp/minio_downloads/1759830996.json', '/tmp/minio_downloads/1759831016.json', '/tmp/minio_downloads/1759831073.json', '/tmp/minio_downloads/1759831092.json', '/tmp/minio_downloads/1759831108.json', '/tmp/minio_downloads/1759831122.json', '/tmp/minio_downloads/1759831136.json', '/tmp/minio_downloads/1759831178.json', '/tmp/minio_downloads/1759831212.json', '/tmp/minio_downloads/1759831259.json', '/tmp/minio_downloads/1759831352.json', '/tmp/minio_downloads/1759831442.json', '/tmp/minio_downloads/1759831467.json', '/tmp/minio_downloads/1759831493.json', '/tmp/minio_downloads/1759831513.json', '/tmp/minio_downloads/1759831538.json', '/tmp/minio_downloads/1759831556.json', '/tmp/minio_downloads/1759831572.json', '/tmp/minio_downloads/1759831600.json', '/tmp/minio_downloads/1759831629.json', '/tmp/minio_downloads/1759831656.json', '/tmp/minio_downloads/1759831703.json', '/tmp/minio_downloads/1759829920.json', '/tmp/minio_downloads/1759829932.json', '/tmp/minio_downloads/1759829945.json', '/tmp/minio_downloads/1759829958.json', '/tmp/minio_downloads/1759829971.json', '/tmp/minio_downloads/1759829983.json', '/tmp/minio_downloads/1759829997.json', '/tmp/minio_downloads/1759830011.json', '/tmp/minio_downloads/1759830023.json', '/tmp/minio_downloads/1759830037.json', '/tmp/minio_downloads/1759830050.json', '/tmp/minio_downloads/1759830062.json', '/tmp/minio_downloads/1759830075.json', '/tmp/minio_downloads/1759830088.json', '/tmp/minio_downloads/1759830102.json', '/tmp/minio_downloads/1759830114.json', '/tmp/minio_downloads/1759830127.json', '/tmp/minio_downloads/1759830140.json', '/tmp/minio_downloads/1759830153.json', '/tmp/minio_downloads/1759830167.json', '/tmp/minio_downloads/1759830180.json', '/tmp/minio_downloads/1759830193.json', '/tmp/minio_downloads/1759830207.json', '/tmp/minio_downloads/1759830222.json', '/tmp/minio_downloads/1759830236.json', '/tmp/minio_downloads/1759830249.json', '/tmp/minio_downloads/1759830262.json', '/tmp/minio_downloads/1759830277.json', '/tmp/minio_downloads/1759830292.json', '/tmp/minio_downloads/1759830306.json', '/tmp/minio_downloads/1759830321.json', '/tmp/minio_downloads/1759830335.json', '/tmp/minio_downloads/1759830348.json', '/tmp/minio_downloads/1759830361.json', '/tmp/minio_downloads/1759830375.json', '/tmp/minio_downloads/1759830388.json', '/tmp/minio_downloads/1759830401.json', '/tmp/minio_downloads/1759830414.json', '/tmp/minio_downloads/1759830428.json', '/tmp/minio_downloads/1759830442.json', '/tmp/minio_downloads/1759830455.json', '/tmp/minio_downloads/1759830469.json', '/tmp/minio_downloads/1759830483.json', '/tmp/minio_downloads/1759830497.json', '/tmp/minio_downloads/1759830511.json', '/tmp/minio_downloads/1759830528.json', '/tmp/minio_downloads/1759830541.json', '/tmp/minio_downloads/1759830555.json', '/tmp/minio_downloads/1759830570.json', '/tmp/minio_downloads/1759830586.json', '/tmp/minio_downloads/1759830601.json', '/tmp/minio_downloads/1759830613.json', '/tmp/minio_downloads/1759830630.json', '/tmp/minio_downloads/1759830642.json', '/tmp/minio_downloads/1759830668.json', '/tmp/minio_downloads/1759830691.json', '/tmp/minio_downloads/1759830708.json', '/tmp/minio_downloads/1759830725.json', '/tmp/minio_downloads/1759830739.json', '/tmp/minio_downloads/1759830755.json', '/tmp/minio_downloads/1759830772.json', '/tmp/minio_downloads/1759830788.json', '/tmp/minio_downloads/1759830819.json', '/tmp/minio_downloads/1759830832.json', '/tmp/minio_downloads/1759830846.json', '/tmp/minio_downloads/1759830864.json', '/tmp/minio_downloads/1759830903.json', '/tmp/minio_downloads/1759830917.json', '/tmp/minio_downloads/1759830997.json', '/tmp/minio_downloads/1759831024.json', '/tmp/minio_downloads/1759831077.json', '/tmp/minio_downloads/1759831093.json', '/tmp/minio_downloads/1759831109.json', '/tmp/minio_downloads/1759831124.json', '/tmp/minio_downloads/1759831138.json', '/tmp/minio_downloads/1759831190.json', '/tmp/minio_downloads/1759831218.json', '/tmp/minio_downloads/1759831260.json', '/tmp/minio_downloads/1759831447.json', '/tmp/minio_downloads/1759831475.json', '/tmp/minio_downloads/1759831496.json', '/tmp/minio_downloads/1759831517.json', '/tmp/minio_downloads/1759831540.json', '/tmp/minio_downloads/1759831558.json', '/tmp/minio_downloads/1759831574.json', '/tmp/minio_downloads/1759831602.json', '/tmp/minio_downloads/1759831631.json', '/tmp/minio_downloads/1759831663.json', '/tmp/minio_downloads/1759831715.json']
[2025-10-07T17:59:43.348+0000] {taskinstance.py:441} INFO - ::group::Post task execution logs
[2025-10-07T17:59:43.379+0000] {taskinstance.py:1206} INFO - Marking task as SUCCESS. dag_id=minio_to_snowflake, task_id=download_minio, run_id=scheduled__2025-10-07T17:58:00+00:00, execution_date=20251007T175800, start_date=20251007T175936, end_date=20251007T175943
[2025-10-07T17:59:43.420+0000] {local_task_job_runner.py:243} INFO - Task exited with return code 0
[2025-10-07T17:59:43.446+0000] {taskinstance.py:3503} INFO - 1 downstream tasks scheduled from follow-on schedule check
[2025-10-07T17:59:43.448+0000] {local_task_job_runner.py:222} INFO - ::endgroup::
