[2025-10-06T17:31:04.484+0000] {local_task_job_runner.py:120} INFO - ::group::Pre task execution logs
[2025-10-06T17:31:04.509+0000] {taskinstance.py:2076} INFO - Dependencies all met for dep_context=non-requeueable deps ti=<TaskInstance: minio_to_snowflake.download_minio scheduled__2025-10-06T17:30:00+00:00 [queued]>
[2025-10-06T17:31:04.519+0000] {taskinstance.py:2076} INFO - Dependencies all met for dep_context=requeueable deps ti=<TaskInstance: minio_to_snowflake.download_minio scheduled__2025-10-06T17:30:00+00:00 [queued]>
[2025-10-06T17:31:04.520+0000] {taskinstance.py:2306} INFO - Starting attempt 1 of 2
[2025-10-06T17:31:04.533+0000] {taskinstance.py:2330} INFO - Executing <Task(PythonOperator): download_minio> on 2025-10-06 17:30:00+00:00
[2025-10-06T17:31:04.541+0000] {standard_task_runner.py:90} INFO - Running: ['***', 'tasks', 'run', 'minio_to_snowflake', 'download_minio', 'scheduled__2025-10-06T17:30:00+00:00', '--job-id', '12', '--raw', '--subdir', 'DAGS_FOLDER/minio_to_snowflake.py', '--cfg-path', '/tmp/tmp8_vjuv7h']
[2025-10-06T17:31:04.544+0000] {standard_task_runner.py:91} INFO - Job 12: Subtask download_minio
[2025-10-06T17:31:04.544+0000] {logging_mixin.py:188} WARNING - /home/***/.local/lib/python3.12/site-packages/***/task/task_runner/standard_task_runner.py:62 DeprecationWarning: This process (pid=6041) is multi-threaded, use of fork() may lead to deadlocks in the child.
[2025-10-06T17:31:04.545+0000] {standard_task_runner.py:64} INFO - Started process 6051 to run task
[2025-10-06T17:31:04.611+0000] {task_command.py:426} INFO - Running <TaskInstance: minio_to_snowflake.download_minio scheduled__2025-10-06T17:30:00+00:00 [running]> on host 24b9f9b681d0
[2025-10-06T17:31:04.716+0000] {taskinstance.py:2648} INFO - Exporting env vars: AIRFLOW_CTX_DAG_OWNER='***' AIRFLOW_CTX_DAG_ID='minio_to_snowflake' AIRFLOW_CTX_TASK_ID='download_minio' AIRFLOW_CTX_EXECUTION_DATE='2025-10-06T17:30:00+00:00' AIRFLOW_CTX_TRY_NUMBER='1' AIRFLOW_CTX_DAG_RUN_ID='scheduled__2025-10-06T17:30:00+00:00'
[2025-10-06T17:31:04.717+0000] {taskinstance.py:430} INFO - ::endgroup::
[2025-10-06T17:31:05.056+0000] {logging_mixin.py:188} INFO - Downloaded AAPL/1759738383.json -> /tmp/minio_downloads/1759738383.json
[2025-10-06T17:31:05.064+0000] {logging_mixin.py:188} INFO - Downloaded AAPL/1759738397.json -> /tmp/minio_downloads/1759738397.json
[2025-10-06T17:31:05.071+0000] {logging_mixin.py:188} INFO - Downloaded AAPL/1759738410.json -> /tmp/minio_downloads/1759738410.json
[2025-10-06T17:31:05.079+0000] {logging_mixin.py:188} INFO - Downloaded AAPL/1759738431.json -> /tmp/minio_downloads/1759738431.json
[2025-10-06T17:31:05.086+0000] {logging_mixin.py:188} INFO - Downloaded AAPL/1759738457.json -> /tmp/minio_downloads/1759738457.json
[2025-10-06T17:31:05.092+0000] {logging_mixin.py:188} INFO - Downloaded AAPL/1759738476.json -> /tmp/minio_downloads/1759738476.json
[2025-10-06T17:31:05.100+0000] {logging_mixin.py:188} INFO - Downloaded AAPL/1759738494.json -> /tmp/minio_downloads/1759738494.json
[2025-10-06T17:31:05.107+0000] {logging_mixin.py:188} INFO - Downloaded AAPL/1759738512.json -> /tmp/minio_downloads/1759738512.json
[2025-10-06T17:31:05.115+0000] {logging_mixin.py:188} INFO - Downloaded AAPL/1759738540.json -> /tmp/minio_downloads/1759738540.json
[2025-10-06T17:31:05.122+0000] {logging_mixin.py:188} INFO - Downloaded AAPL/1759738577.json -> /tmp/minio_downloads/1759738577.json
[2025-10-06T17:31:05.131+0000] {logging_mixin.py:188} INFO - Downloaded AAPL/1759738618.json -> /tmp/minio_downloads/1759738618.json
[2025-10-06T17:31:05.139+0000] {logging_mixin.py:188} INFO - Downloaded AAPL/1759738633.json -> /tmp/minio_downloads/1759738633.json
[2025-10-06T17:31:05.149+0000] {logging_mixin.py:188} INFO - Downloaded AAPL/1759738648.json -> /tmp/minio_downloads/1759738648.json
[2025-10-06T17:31:05.157+0000] {logging_mixin.py:188} INFO - Downloaded AAPL/1759738662.json -> /tmp/minio_downloads/1759738662.json
[2025-10-06T17:31:05.166+0000] {logging_mixin.py:188} INFO - Downloaded AAPL/1759738675.json -> /tmp/minio_downloads/1759738675.json
[2025-10-06T17:31:05.174+0000] {logging_mixin.py:188} INFO - Downloaded AAPL/1759738689.json -> /tmp/minio_downloads/1759738689.json
[2025-10-06T17:31:05.183+0000] {logging_mixin.py:188} INFO - Downloaded AAPL/1759738703.json -> /tmp/minio_downloads/1759738703.json
[2025-10-06T17:31:05.191+0000] {logging_mixin.py:188} INFO - Downloaded AAPL/1759738717.json -> /tmp/minio_downloads/1759738717.json
[2025-10-06T17:31:05.201+0000] {logging_mixin.py:188} INFO - Downloaded AAPL/1759738732.json -> /tmp/minio_downloads/1759738732.json
[2025-10-06T17:31:05.209+0000] {logging_mixin.py:188} INFO - Downloaded AAPL/1759738747.json -> /tmp/minio_downloads/1759738747.json
[2025-10-06T17:31:05.218+0000] {logging_mixin.py:188} INFO - Downloaded AAPL/1759738763.json -> /tmp/minio_downloads/1759738763.json
[2025-10-06T17:31:05.226+0000] {logging_mixin.py:188} INFO - Downloaded AAPL/1759738778.json -> /tmp/minio_downloads/1759738778.json
[2025-10-06T17:31:05.235+0000] {logging_mixin.py:188} INFO - Downloaded AAPL/1759738807.json -> /tmp/minio_downloads/1759738807.json
[2025-10-06T17:31:05.243+0000] {logging_mixin.py:188} INFO - Downloaded AAPL/1759738823.json -> /tmp/minio_downloads/1759738823.json
[2025-10-06T17:31:05.252+0000] {logging_mixin.py:188} INFO - Downloaded AAPL/1759738840.json -> /tmp/minio_downloads/1759738840.json
[2025-10-06T17:31:05.261+0000] {logging_mixin.py:188} INFO - Downloaded AAPL/1759738860.json -> /tmp/minio_downloads/1759738860.json
[2025-10-06T17:31:05.270+0000] {logging_mixin.py:188} INFO - Downloaded AAPL/1759738880.json -> /tmp/minio_downloads/1759738880.json
[2025-10-06T17:31:05.279+0000] {logging_mixin.py:188} INFO - Downloaded AAPL/1759738897.json -> /tmp/minio_downloads/1759738897.json
[2025-10-06T17:31:05.286+0000] {logging_mixin.py:188} INFO - Downloaded AAPL/1759738916.json -> /tmp/minio_downloads/1759738916.json
[2025-10-06T17:31:05.295+0000] {logging_mixin.py:188} INFO - Downloaded AAPL/1759738943.json -> /tmp/minio_downloads/1759738943.json
[2025-10-06T17:31:05.304+0000] {logging_mixin.py:188} INFO - Downloaded AAPL/1759738959.json -> /tmp/minio_downloads/1759738959.json
[2025-10-06T17:31:05.312+0000] {logging_mixin.py:188} INFO - Downloaded AAPL/1759738973.json -> /tmp/minio_downloads/1759738973.json
[2025-10-06T17:31:05.320+0000] {logging_mixin.py:188} INFO - Downloaded AAPL/1759738989.json -> /tmp/minio_downloads/1759738989.json
[2025-10-06T17:31:05.329+0000] {logging_mixin.py:188} INFO - Downloaded AAPL/1759739009.json -> /tmp/minio_downloads/1759739009.json
[2025-10-06T17:31:05.337+0000] {logging_mixin.py:188} INFO - Downloaded AAPL/1759739029.json -> /tmp/minio_downloads/1759739029.json
[2025-10-06T17:31:05.346+0000] {logging_mixin.py:188} INFO - Downloaded AAPL/1759739055.json -> /tmp/minio_downloads/1759739055.json
[2025-10-06T17:31:05.354+0000] {logging_mixin.py:188} INFO - Downloaded AAPL/1759739075.json -> /tmp/minio_downloads/1759739075.json
[2025-10-06T17:31:05.363+0000] {logging_mixin.py:188} INFO - Downloaded AAPL/1759739097.json -> /tmp/minio_downloads/1759739097.json
[2025-10-06T17:31:05.371+0000] {logging_mixin.py:188} INFO - Downloaded AAPL/1759739117.json -> /tmp/minio_downloads/1759739117.json
[2025-10-06T17:31:05.379+0000] {logging_mixin.py:188} INFO - Downloaded AAPL/1759739134.json -> /tmp/minio_downloads/1759739134.json
[2025-10-06T17:31:05.387+0000] {logging_mixin.py:188} INFO - Downloaded AAPL/1759739151.json -> /tmp/minio_downloads/1759739151.json
[2025-10-06T17:31:05.396+0000] {logging_mixin.py:188} INFO - Downloaded AAPL/1759739169.json -> /tmp/minio_downloads/1759739169.json
[2025-10-06T17:31:05.404+0000] {logging_mixin.py:188} INFO - Downloaded AAPL/1759739187.json -> /tmp/minio_downloads/1759739187.json
[2025-10-06T17:31:05.413+0000] {logging_mixin.py:188} INFO - Downloaded AAPL/1759739204.json -> /tmp/minio_downloads/1759739204.json
[2025-10-06T17:31:05.420+0000] {logging_mixin.py:188} INFO - Downloaded AAPL/1759739225.json -> /tmp/minio_downloads/1759739225.json
[2025-10-06T17:31:05.429+0000] {logging_mixin.py:188} INFO - Downloaded AAPL/1759739242.json -> /tmp/minio_downloads/1759739242.json
[2025-10-06T17:31:05.437+0000] {logging_mixin.py:188} INFO - Downloaded AAPL/1759739260.json -> /tmp/minio_downloads/1759739260.json
[2025-10-06T17:31:05.445+0000] {logging_mixin.py:188} INFO - Downloaded AAPL/1759739276.json -> /tmp/minio_downloads/1759739276.json
[2025-10-06T17:31:05.454+0000] {logging_mixin.py:188} INFO - Downloaded AAPL/1759739290.json -> /tmp/minio_downloads/1759739290.json
[2025-10-06T17:31:05.462+0000] {logging_mixin.py:188} INFO - Downloaded AAPL/1759739304.json -> /tmp/minio_downloads/1759739304.json
[2025-10-06T17:31:05.471+0000] {logging_mixin.py:188} INFO - Downloaded AAPL/1759739319.json -> /tmp/minio_downloads/1759739319.json
[2025-10-06T17:31:05.479+0000] {logging_mixin.py:188} INFO - Downloaded AAPL/1759739333.json -> /tmp/minio_downloads/1759739333.json
[2025-10-06T17:31:05.487+0000] {logging_mixin.py:188} INFO - Downloaded AAPL/1759739346.json -> /tmp/minio_downloads/1759739346.json
[2025-10-06T17:31:05.496+0000] {logging_mixin.py:188} INFO - Downloaded AAPL/1759739360.json -> /tmp/minio_downloads/1759739360.json
[2025-10-06T17:31:05.504+0000] {logging_mixin.py:188} INFO - Downloaded AAPL/1759739375.json -> /tmp/minio_downloads/1759739375.json
[2025-10-06T17:31:05.513+0000] {logging_mixin.py:188} INFO - Downloaded AAPL/1759739391.json -> /tmp/minio_downloads/1759739391.json
[2025-10-06T17:31:05.520+0000] {logging_mixin.py:188} INFO - Downloaded AAPL/1759739406.json -> /tmp/minio_downloads/1759739406.json
[2025-10-06T17:31:05.528+0000] {logging_mixin.py:188} INFO - Downloaded AAPL/1759739425.json -> /tmp/minio_downloads/1759739425.json
[2025-10-06T17:31:05.536+0000] {logging_mixin.py:188} INFO - Downloaded AAPL/1759739439.json -> /tmp/minio_downloads/1759739439.json
[2025-10-06T17:31:05.545+0000] {logging_mixin.py:188} INFO - Downloaded AAPL/1759739452.json -> /tmp/minio_downloads/1759739452.json
[2025-10-06T17:31:05.553+0000] {logging_mixin.py:188} INFO - Downloaded AAPL/1759739468.json -> /tmp/minio_downloads/1759739468.json
[2025-10-06T17:31:05.561+0000] {logging_mixin.py:188} INFO - Downloaded AAPL/1759739481.json -> /tmp/minio_downloads/1759739481.json
[2025-10-06T17:31:05.570+0000] {logging_mixin.py:188} INFO - Downloaded AAPL/1759739495.json -> /tmp/minio_downloads/1759739495.json
[2025-10-06T17:31:05.578+0000] {logging_mixin.py:188} INFO - Downloaded AAPL/1759739513.json -> /tmp/minio_downloads/1759739513.json
[2025-10-06T17:31:05.586+0000] {logging_mixin.py:188} INFO - Downloaded AAPL/1759739528.json -> /tmp/minio_downloads/1759739528.json
[2025-10-06T17:31:05.594+0000] {logging_mixin.py:188} INFO - Downloaded AAPL/1759739545.json -> /tmp/minio_downloads/1759739545.json
[2025-10-06T17:31:05.603+0000] {logging_mixin.py:188} INFO - Downloaded AAPL/1759739561.json -> /tmp/minio_downloads/1759739561.json
[2025-10-06T17:31:05.610+0000] {logging_mixin.py:188} INFO - Downloaded AAPL/1759739589.json -> /tmp/minio_downloads/1759739589.json
[2025-10-06T17:31:05.618+0000] {logging_mixin.py:188} INFO - Downloaded AAPL/1759739644.json -> /tmp/minio_downloads/1759739644.json
[2025-10-06T17:31:05.626+0000] {logging_mixin.py:188} INFO - Downloaded AAPL/1759739662.json -> /tmp/minio_downloads/1759739662.json
[2025-10-06T17:31:05.634+0000] {logging_mixin.py:188} INFO - Downloaded AAPL/1759739678.json -> /tmp/minio_downloads/1759739678.json
[2025-10-06T17:31:05.642+0000] {logging_mixin.py:188} INFO - Downloaded AAPL/1759739697.json -> /tmp/minio_downloads/1759739697.json
[2025-10-06T17:31:05.650+0000] {logging_mixin.py:188} INFO - Downloaded AAPL/1759739713.json -> /tmp/minio_downloads/1759739713.json
[2025-10-06T17:31:05.662+0000] {logging_mixin.py:188} INFO - Downloaded AAPL/1759739732.json -> /tmp/minio_downloads/1759739732.json
[2025-10-06T17:31:05.677+0000] {logging_mixin.py:188} INFO - Downloaded AAPL/1759739749.json -> /tmp/minio_downloads/1759739749.json
[2025-10-06T17:31:05.690+0000] {logging_mixin.py:188} INFO - Downloaded AAPL/1759739765.json -> /tmp/minio_downloads/1759739765.json
[2025-10-06T17:31:05.708+0000] {logging_mixin.py:188} INFO - Downloaded AAPL/1759739782.json -> /tmp/minio_downloads/1759739782.json
[2025-10-06T17:31:05.719+0000] {logging_mixin.py:188} INFO - Downloaded AAPL/1759739809.json -> /tmp/minio_downloads/1759739809.json
[2025-10-06T17:31:05.730+0000] {logging_mixin.py:188} INFO - Downloaded AAPL/1759739824.json -> /tmp/minio_downloads/1759739824.json
[2025-10-06T17:31:05.738+0000] {logging_mixin.py:188} INFO - Downloaded AAPL/1759739841.json -> /tmp/minio_downloads/1759739841.json
[2025-10-06T17:31:05.747+0000] {logging_mixin.py:188} INFO - Downloaded AAPL/1759739858.json -> /tmp/minio_downloads/1759739858.json
[2025-10-06T17:31:05.755+0000] {logging_mixin.py:188} INFO - Downloaded AAPL/1759739874.json -> /tmp/minio_downloads/1759739874.json
[2025-10-06T17:31:05.764+0000] {logging_mixin.py:188} INFO - Downloaded AAPL/1759739892.json -> /tmp/minio_downloads/1759739892.json
[2025-10-06T17:31:05.772+0000] {logging_mixin.py:188} INFO - Downloaded AAPL/1759739910.json -> /tmp/minio_downloads/1759739910.json
[2025-10-06T17:31:05.780+0000] {logging_mixin.py:188} INFO - Downloaded AAPL/1759739931.json -> /tmp/minio_downloads/1759739931.json
[2025-10-06T17:31:05.788+0000] {logging_mixin.py:188} INFO - Downloaded AAPL/1759739943.json -> /tmp/minio_downloads/1759739943.json
[2025-10-06T17:31:05.796+0000] {logging_mixin.py:188} INFO - Downloaded AAPL/1759739956.json -> /tmp/minio_downloads/1759739956.json
[2025-10-06T17:31:05.804+0000] {logging_mixin.py:188} INFO - Downloaded AAPL/1759739969.json -> /tmp/minio_downloads/1759739969.json
[2025-10-06T17:31:05.812+0000] {logging_mixin.py:188} INFO - Downloaded AAPL/1759739982.json -> /tmp/minio_downloads/1759739982.json
[2025-10-06T17:31:05.820+0000] {logging_mixin.py:188} INFO - Downloaded AAPL/1759739995.json -> /tmp/minio_downloads/1759739995.json
[2025-10-06T17:31:05.829+0000] {logging_mixin.py:188} INFO - Downloaded AAPL/1759740011.json -> /tmp/minio_downloads/1759740011.json
[2025-10-06T17:31:05.837+0000] {logging_mixin.py:188} INFO - Downloaded AAPL/1759740024.json -> /tmp/minio_downloads/1759740024.json
[2025-10-06T17:31:05.844+0000] {logging_mixin.py:188} INFO - Downloaded AAPL/1759740037.json -> /tmp/minio_downloads/1759740037.json
[2025-10-06T17:31:05.852+0000] {logging_mixin.py:188} INFO - Downloaded AAPL/1759740053.json -> /tmp/minio_downloads/1759740053.json
[2025-10-06T17:31:05.860+0000] {logging_mixin.py:188} INFO - Downloaded AAPL/1759740066.json -> /tmp/minio_downloads/1759740066.json
[2025-10-06T17:31:05.871+0000] {logging_mixin.py:188} INFO - Downloaded AAPL/1759740084.json -> /tmp/minio_downloads/1759740084.json
[2025-10-06T17:31:05.881+0000] {logging_mixin.py:188} INFO - Downloaded AAPL/1759740099.json -> /tmp/minio_downloads/1759740099.json
[2025-10-06T17:31:05.891+0000] {logging_mixin.py:188} INFO - Downloaded AAPL/1759740118.json -> /tmp/minio_downloads/1759740118.json
[2025-10-06T17:31:05.902+0000] {logging_mixin.py:188} INFO - Downloaded AAPL/1759740132.json -> /tmp/minio_downloads/1759740132.json
[2025-10-06T17:31:05.910+0000] {logging_mixin.py:188} INFO - Downloaded AAPL/1759740145.json -> /tmp/minio_downloads/1759740145.json
[2025-10-06T17:31:05.919+0000] {logging_mixin.py:188} INFO - Downloaded AAPL/1759740161.json -> /tmp/minio_downloads/1759740161.json
[2025-10-06T17:31:05.926+0000] {logging_mixin.py:188} INFO - Downloaded AAPL/1759740175.json -> /tmp/minio_downloads/1759740175.json
[2025-10-06T17:31:05.934+0000] {logging_mixin.py:188} INFO - Downloaded AAPL/1759740189.json -> /tmp/minio_downloads/1759740189.json
[2025-10-06T17:31:05.942+0000] {logging_mixin.py:188} INFO - Downloaded AAPL/1759740208.json -> /tmp/minio_downloads/1759740208.json
[2025-10-06T17:31:05.951+0000] {logging_mixin.py:188} INFO - Downloaded AMZN/1759738390.json -> /tmp/minio_downloads/1759738390.json
[2025-10-06T17:31:05.958+0000] {logging_mixin.py:188} INFO - Downloaded AMZN/1759738403.json -> /tmp/minio_downloads/1759738403.json
[2025-10-06T17:31:05.967+0000] {logging_mixin.py:188} INFO - Downloaded AMZN/1759738420.json -> /tmp/minio_downloads/1759738420.json
[2025-10-06T17:31:05.975+0000] {logging_mixin.py:188} INFO - Downloaded AMZN/1759738449.json -> /tmp/minio_downloads/1759738449.json
[2025-10-06T17:31:05.984+0000] {logging_mixin.py:188} INFO - Downloaded AMZN/1759738469.json -> /tmp/minio_downloads/1759738469.json
[2025-10-06T17:31:05.991+0000] {logging_mixin.py:188} INFO - Downloaded AMZN/1759738486.json -> /tmp/minio_downloads/1759738486.json
[2025-10-06T17:31:06.000+0000] {logging_mixin.py:188} INFO - Downloaded AMZN/1759738503.json -> /tmp/minio_downloads/1759738503.json
[2025-10-06T17:31:06.007+0000] {logging_mixin.py:188} INFO - Downloaded AMZN/1759738523.json -> /tmp/minio_downloads/1759738523.json
[2025-10-06T17:31:06.016+0000] {logging_mixin.py:188} INFO - Downloaded AMZN/1759738567.json -> /tmp/minio_downloads/1759738567.json
[2025-10-06T17:31:06.023+0000] {logging_mixin.py:188} INFO - Downloaded AMZN/1759738600.json -> /tmp/minio_downloads/1759738600.json
[2025-10-06T17:31:06.031+0000] {logging_mixin.py:188} INFO - Downloaded AMZN/1759738625.json -> /tmp/minio_downloads/1759738625.json
[2025-10-06T17:31:06.039+0000] {logging_mixin.py:188} INFO - Downloaded AMZN/1759738640.json -> /tmp/minio_downloads/1759738640.json
[2025-10-06T17:31:06.047+0000] {logging_mixin.py:188} INFO - Downloaded AMZN/1759738655.json -> /tmp/minio_downloads/1759738655.json
[2025-10-06T17:31:06.055+0000] {logging_mixin.py:188} INFO - Downloaded AMZN/1759738668.json -> /tmp/minio_downloads/1759738668.json
[2025-10-06T17:31:06.064+0000] {logging_mixin.py:188} INFO - Downloaded AMZN/1759738681.json -> /tmp/minio_downloads/1759738681.json
[2025-10-06T17:31:06.072+0000] {logging_mixin.py:188} INFO - Downloaded AMZN/1759738696.json -> /tmp/minio_downloads/1759738696.json
[2025-10-06T17:31:06.083+0000] {logging_mixin.py:188} INFO - Downloaded AMZN/1759738709.json -> /tmp/minio_downloads/1759738709.json
[2025-10-06T17:31:06.092+0000] {logging_mixin.py:188} INFO - Downloaded AMZN/1759738724.json -> /tmp/minio_downloads/1759738724.json
[2025-10-06T17:31:06.104+0000] {logging_mixin.py:188} INFO - Downloaded AMZN/1759738739.json -> /tmp/minio_downloads/1759738739.json
[2025-10-06T17:31:06.113+0000] {logging_mixin.py:188} INFO - Downloaded AMZN/1759738755.json -> /tmp/minio_downloads/1759738755.json
[2025-10-06T17:31:06.124+0000] {logging_mixin.py:188} INFO - Downloaded AMZN/1759738771.json -> /tmp/minio_downloads/1759738771.json
[2025-10-06T17:31:06.136+0000] {logging_mixin.py:188} INFO - Downloaded AMZN/1759738798.json -> /tmp/minio_downloads/1759738798.json
[2025-10-06T17:31:06.148+0000] {logging_mixin.py:188} INFO - Downloaded AMZN/1759738815.json -> /tmp/minio_downloads/1759738815.json
[2025-10-06T17:31:06.159+0000] {logging_mixin.py:188} INFO - Downloaded AMZN/1759738832.json -> /tmp/minio_downloads/1759738832.json
[2025-10-06T17:31:06.173+0000] {logging_mixin.py:188} INFO - Downloaded AMZN/1759738851.json -> /tmp/minio_downloads/1759738851.json
[2025-10-06T17:31:06.188+0000] {logging_mixin.py:188} INFO - Downloaded AMZN/1759738872.json -> /tmp/minio_downloads/1759738872.json
[2025-10-06T17:31:06.202+0000] {logging_mixin.py:188} INFO - Downloaded AMZN/1759738887.json -> /tmp/minio_downloads/1759738887.json
[2025-10-06T17:31:06.211+0000] {logging_mixin.py:188} INFO - Downloaded AMZN/1759738906.json -> /tmp/minio_downloads/1759738906.json
[2025-10-06T17:31:06.221+0000] {logging_mixin.py:188} INFO - Downloaded AMZN/1759738934.json -> /tmp/minio_downloads/1759738934.json
[2025-10-06T17:31:06.231+0000] {logging_mixin.py:188} INFO - Downloaded AMZN/1759738951.json -> /tmp/minio_downloads/1759738951.json
[2025-10-06T17:31:06.239+0000] {logging_mixin.py:188} INFO - Downloaded AMZN/1759738965.json -> /tmp/minio_downloads/1759738965.json
[2025-10-06T17:31:06.249+0000] {logging_mixin.py:188} INFO - Downloaded AMZN/1759738981.json -> /tmp/minio_downloads/1759738981.json
[2025-10-06T17:31:06.257+0000] {logging_mixin.py:188} INFO - Downloaded AMZN/1759738999.json -> /tmp/minio_downloads/1759738999.json
[2025-10-06T17:31:06.267+0000] {logging_mixin.py:188} INFO - Downloaded AMZN/1759739021.json -> /tmp/minio_downloads/1759739021.json
[2025-10-06T17:31:06.275+0000] {logging_mixin.py:188} INFO - Downloaded AMZN/1759739045.json -> /tmp/minio_downloads/1759739045.json
[2025-10-06T17:31:06.284+0000] {logging_mixin.py:188} INFO - Downloaded AMZN/1759739067.json -> /tmp/minio_downloads/1759739067.json
[2025-10-06T17:31:06.292+0000] {logging_mixin.py:188} INFO - Downloaded AMZN/1759739087.json -> /tmp/minio_downloads/1759739087.json
[2025-10-06T17:31:06.302+0000] {logging_mixin.py:188} INFO - Downloaded AMZN/1759739108.json -> /tmp/minio_downloads/1759739108.json
[2025-10-06T17:31:06.310+0000] {logging_mixin.py:188} INFO - Downloaded AMZN/1759739126.json -> /tmp/minio_downloads/1759739126.json
[2025-10-06T17:31:06.321+0000] {logging_mixin.py:188} INFO - Downloaded AMZN/1759739143.json -> /tmp/minio_downloads/1759739143.json
[2025-10-06T17:31:06.332+0000] {logging_mixin.py:188} INFO - Downloaded AMZN/1759739159.json -> /tmp/minio_downloads/1759739159.json
[2025-10-06T17:31:06.340+0000] {logging_mixin.py:188} INFO - Downloaded AMZN/1759739178.json -> /tmp/minio_downloads/1759739178.json
[2025-10-06T17:31:06.352+0000] {logging_mixin.py:188} INFO - Downloaded AMZN/1759739195.json -> /tmp/minio_downloads/1759739195.json
[2025-10-06T17:31:06.362+0000] {logging_mixin.py:188} INFO - Downloaded AMZN/1759739215.json -> /tmp/minio_downloads/1759739215.json
[2025-10-06T17:31:06.372+0000] {logging_mixin.py:188} INFO - Downloaded AMZN/1759739234.json -> /tmp/minio_downloads/1759739234.json
[2025-10-06T17:31:06.382+0000] {logging_mixin.py:188} INFO - Downloaded AMZN/1759739252.json -> /tmp/minio_downloads/1759739252.json
[2025-10-06T17:31:06.391+0000] {logging_mixin.py:188} INFO - Downloaded AMZN/1759739268.json -> /tmp/minio_downloads/1759739268.json
[2025-10-06T17:31:06.401+0000] {logging_mixin.py:188} INFO - Downloaded AMZN/1759739282.json -> /tmp/minio_downloads/1759739282.json
[2025-10-06T17:31:06.409+0000] {logging_mixin.py:188} INFO - Downloaded AMZN/1759739296.json -> /tmp/minio_downloads/1759739296.json
[2025-10-06T17:31:06.418+0000] {logging_mixin.py:188} INFO - Downloaded AMZN/1759739311.json -> /tmp/minio_downloads/1759739311.json
[2025-10-06T17:31:06.427+0000] {logging_mixin.py:188} INFO - Downloaded AMZN/1759739325.json -> /tmp/minio_downloads/1759739325.json
[2025-10-06T17:31:06.437+0000] {logging_mixin.py:188} INFO - Downloaded AMZN/1759739339.json -> /tmp/minio_downloads/1759739339.json
[2025-10-06T17:31:06.446+0000] {logging_mixin.py:188} INFO - Downloaded AMZN/1759739352.json -> /tmp/minio_downloads/1759739352.json
[2025-10-06T17:31:06.456+0000] {logging_mixin.py:188} INFO - Downloaded AMZN/1759739366.json -> /tmp/minio_downloads/1759739366.json
[2025-10-06T17:31:06.466+0000] {logging_mixin.py:188} INFO - Downloaded AMZN/1759739383.json -> /tmp/minio_downloads/1759739383.json
[2025-10-06T17:31:06.473+0000] {logging_mixin.py:188} INFO - Downloaded AMZN/1759739397.json -> /tmp/minio_downloads/1759739397.json
[2025-10-06T17:31:06.483+0000] {logging_mixin.py:188} INFO - Downloaded AMZN/1759739418.json -> /tmp/minio_downloads/1759739418.json
[2025-10-06T17:31:06.492+0000] {logging_mixin.py:188} INFO - Downloaded AMZN/1759739431.json -> /tmp/minio_downloads/1759739431.json
[2025-10-06T17:31:06.502+0000] {logging_mixin.py:188} INFO - Downloaded AMZN/1759739445.json -> /tmp/minio_downloads/1759739445.json
[2025-10-06T17:31:06.510+0000] {logging_mixin.py:188} INFO - Downloaded AMZN/1759739459.json -> /tmp/minio_downloads/1759739459.json
[2025-10-06T17:31:06.519+0000] {logging_mixin.py:188} INFO - Downloaded AMZN/1759739473.json -> /tmp/minio_downloads/1759739473.json
[2025-10-06T17:31:06.527+0000] {logging_mixin.py:188} INFO - Downloaded AMZN/1759739487.json -> /tmp/minio_downloads/1759739487.json
[2025-10-06T17:31:06.536+0000] {logging_mixin.py:188} INFO - Downloaded AMZN/1759739504.json -> /tmp/minio_downloads/1759739504.json
[2025-10-06T17:31:06.543+0000] {logging_mixin.py:188} INFO - Downloaded AMZN/1759739520.json -> /tmp/minio_downloads/1759739520.json
[2025-10-06T17:31:06.552+0000] {logging_mixin.py:188} INFO - Downloaded AMZN/1759739537.json -> /tmp/minio_downloads/1759739537.json
[2025-10-06T17:31:06.559+0000] {logging_mixin.py:188} INFO - Downloaded AMZN/1759739553.json -> /tmp/minio_downloads/1759739553.json
[2025-10-06T17:31:06.569+0000] {logging_mixin.py:188} INFO - Downloaded AMZN/1759739581.json -> /tmp/minio_downloads/1759739581.json
[2025-10-06T17:31:06.577+0000] {logging_mixin.py:188} INFO - Downloaded AMZN/1759739597.json -> /tmp/minio_downloads/1759739597.json
[2025-10-06T17:31:06.586+0000] {logging_mixin.py:188} INFO - Downloaded AMZN/1759739636.json -> /tmp/minio_downloads/1759739636.json
[2025-10-06T17:31:06.595+0000] {logging_mixin.py:188} INFO - Downloaded AMZN/1759739653.json -> /tmp/minio_downloads/1759739653.json
[2025-10-06T17:31:06.604+0000] {logging_mixin.py:188} INFO - Downloaded AMZN/1759739670.json -> /tmp/minio_downloads/1759739670.json
[2025-10-06T17:31:06.613+0000] {logging_mixin.py:188} INFO - Downloaded AMZN/1759739688.json -> /tmp/minio_downloads/1759739688.json
[2025-10-06T17:31:06.623+0000] {logging_mixin.py:188} INFO - Downloaded AMZN/1759739705.json -> /tmp/minio_downloads/1759739705.json
[2025-10-06T17:31:06.633+0000] {logging_mixin.py:188} INFO - Downloaded AMZN/1759739724.json -> /tmp/minio_downloads/1759739724.json
[2025-10-06T17:31:06.642+0000] {logging_mixin.py:188} INFO - Downloaded AMZN/1759739740.json -> /tmp/minio_downloads/1759739740.json
[2025-10-06T17:31:06.651+0000] {logging_mixin.py:188} INFO - Downloaded AMZN/1759739757.json -> /tmp/minio_downloads/1759739757.json
[2025-10-06T17:31:06.659+0000] {logging_mixin.py:188} INFO - Downloaded AMZN/1759739774.json -> /tmp/minio_downloads/1759739774.json
[2025-10-06T17:31:06.669+0000] {logging_mixin.py:188} INFO - Downloaded AMZN/1759739800.json -> /tmp/minio_downloads/1759739800.json
[2025-10-06T17:31:06.691+0000] {logging_mixin.py:188} INFO - Downloaded AMZN/1759739816.json -> /tmp/minio_downloads/1759739816.json
[2025-10-06T17:31:06.710+0000] {logging_mixin.py:188} INFO - Downloaded AMZN/1759739833.json -> /tmp/minio_downloads/1759739833.json
[2025-10-06T17:31:06.753+0000] {logging_mixin.py:188} INFO - Downloaded AMZN/1759739849.json -> /tmp/minio_downloads/1759739849.json
[2025-10-06T17:31:06.770+0000] {logging_mixin.py:188} INFO - Downloaded AMZN/1759739866.json -> /tmp/minio_downloads/1759739866.json
[2025-10-06T17:31:06.791+0000] {logging_mixin.py:188} INFO - Downloaded AMZN/1759739884.json -> /tmp/minio_downloads/1759739884.json
[2025-10-06T17:31:06.804+0000] {logging_mixin.py:188} INFO - Downloaded AMZN/1759739901.json -> /tmp/minio_downloads/1759739901.json
[2025-10-06T17:31:06.816+0000] {logging_mixin.py:188} INFO - Downloaded AMZN/1759739923.json -> /tmp/minio_downloads/1759739923.json
[2025-10-06T17:31:06.828+0000] {logging_mixin.py:188} INFO - Downloaded AMZN/1759739936.json -> /tmp/minio_downloads/1759739936.json
[2025-10-06T17:31:06.841+0000] {logging_mixin.py:188} INFO - Downloaded AMZN/1759739948.json -> /tmp/minio_downloads/1759739948.json
[2025-10-06T17:31:06.855+0000] {logging_mixin.py:188} INFO - Downloaded AMZN/1759739962.json -> /tmp/minio_downloads/1759739962.json
[2025-10-06T17:31:06.867+0000] {logging_mixin.py:188} INFO - Downloaded AMZN/1759739975.json -> /tmp/minio_downloads/1759739975.json
[2025-10-06T17:31:06.879+0000] {logging_mixin.py:188} INFO - Downloaded AMZN/1759739988.json -> /tmp/minio_downloads/1759739988.json
[2025-10-06T17:31:06.892+0000] {logging_mixin.py:188} INFO - Downloaded AMZN/1759740003.json -> /tmp/minio_downloads/1759740003.json
[2025-10-06T17:31:06.905+0000] {logging_mixin.py:188} INFO - Downloaded AMZN/1759740016.json -> /tmp/minio_downloads/1759740016.json
[2025-10-06T17:31:06.921+0000] {logging_mixin.py:188} INFO - Downloaded AMZN/1759740029.json -> /tmp/minio_downloads/1759740029.json
[2025-10-06T17:31:06.934+0000] {logging_mixin.py:188} INFO - Downloaded AMZN/1759740044.json -> /tmp/minio_downloads/1759740044.json
[2025-10-06T17:31:06.942+0000] {logging_mixin.py:188} INFO - Downloaded AMZN/1759740058.json -> /tmp/minio_downloads/1759740058.json
[2025-10-06T17:31:06.954+0000] {logging_mixin.py:188} INFO - Downloaded AMZN/1759740073.json -> /tmp/minio_downloads/1759740073.json
[2025-10-06T17:31:06.963+0000] {logging_mixin.py:188} INFO - Downloaded AMZN/1759740092.json -> /tmp/minio_downloads/1759740092.json
[2025-10-06T17:31:06.970+0000] {logging_mixin.py:188} INFO - Downloaded AMZN/1759740111.json -> /tmp/minio_downloads/1759740111.json
[2025-10-06T17:31:06.980+0000] {logging_mixin.py:188} INFO - Downloaded AMZN/1759740125.json -> /tmp/minio_downloads/1759740125.json
[2025-10-06T17:31:06.987+0000] {logging_mixin.py:188} INFO - Downloaded AMZN/1759740138.json -> /tmp/minio_downloads/1759740138.json
[2025-10-06T17:31:06.996+0000] {logging_mixin.py:188} INFO - Downloaded AMZN/1759740153.json -> /tmp/minio_downloads/1759740153.json
[2025-10-06T17:31:07.003+0000] {logging_mixin.py:188} INFO - Downloaded AMZN/1759740167.json -> /tmp/minio_downloads/1759740167.json
[2025-10-06T17:31:07.011+0000] {logging_mixin.py:188} INFO - Downloaded AMZN/1759740181.json -> /tmp/minio_downloads/1759740181.json
[2025-10-06T17:31:07.019+0000] {logging_mixin.py:188} INFO - Downloaded AMZN/1759740199.json -> /tmp/minio_downloads/1759740199.json
[2025-10-06T17:31:07.027+0000] {logging_mixin.py:188} INFO - Downloaded AMZN/1759740217.json -> /tmp/minio_downloads/1759740217.json
[2025-10-06T17:31:07.035+0000] {logging_mixin.py:188} INFO - Downloaded GOOGL/1759738388.json -> /tmp/minio_downloads/1759738388.json
[2025-10-06T17:31:07.044+0000] {logging_mixin.py:188} INFO - Downloaded GOOGL/1759738401.json -> /tmp/minio_downloads/1759738401.json
[2025-10-06T17:31:07.053+0000] {logging_mixin.py:188} INFO - Downloaded GOOGL/1759738414.json -> /tmp/minio_downloads/1759738414.json
[2025-10-06T17:31:07.063+0000] {logging_mixin.py:188} INFO - Downloaded GOOGL/1759738445.json -> /tmp/minio_downloads/1759738445.json
[2025-10-06T17:31:07.070+0000] {logging_mixin.py:188} INFO - Downloaded GOOGL/1759738466.json -> /tmp/minio_downloads/1759738466.json
[2025-10-06T17:31:07.079+0000] {logging_mixin.py:188} INFO - Downloaded GOOGL/1759738482.json -> /tmp/minio_downloads/1759738482.json
[2025-10-06T17:31:07.086+0000] {logging_mixin.py:188} INFO - Downloaded GOOGL/1759738501.json -> /tmp/minio_downloads/1759738501.json
[2025-10-06T17:31:07.094+0000] {logging_mixin.py:188} INFO - Downloaded GOOGL/1759738519.json -> /tmp/minio_downloads/1759738519.json
[2025-10-06T17:31:07.103+0000] {logging_mixin.py:188} INFO - Downloaded GOOGL/1759738562.json -> /tmp/minio_downloads/1759738562.json
[2025-10-06T17:31:07.111+0000] {logging_mixin.py:188} INFO - Downloaded GOOGL/1759738598.json -> /tmp/minio_downloads/1759738598.json
[2025-10-06T17:31:07.119+0000] {logging_mixin.py:188} INFO - Downloaded GOOGL/1759738623.json -> /tmp/minio_downloads/1759738623.json
[2025-10-06T17:31:07.127+0000] {logging_mixin.py:188} INFO - Downloaded GOOGL/1759738638.json -> /tmp/minio_downloads/1759738638.json
[2025-10-06T17:31:07.136+0000] {logging_mixin.py:188} INFO - Downloaded GOOGL/1759738653.json -> /tmp/minio_downloads/1759738653.json
[2025-10-06T17:31:07.144+0000] {logging_mixin.py:188} INFO - Downloaded GOOGL/1759738666.json -> /tmp/minio_downloads/1759738666.json
[2025-10-06T17:31:07.153+0000] {logging_mixin.py:188} INFO - Downloaded GOOGL/1759738679.json -> /tmp/minio_downloads/1759738679.json
[2025-10-06T17:31:07.163+0000] {logging_mixin.py:188} INFO - Downloaded GOOGL/1759738695.json -> /tmp/minio_downloads/1759738695.json
[2025-10-06T17:31:07.170+0000] {logging_mixin.py:188} INFO - Downloaded GOOGL/1759738708.json -> /tmp/minio_downloads/1759738708.json
[2025-10-06T17:31:07.179+0000] {logging_mixin.py:188} INFO - Downloaded GOOGL/1759738722.json -> /tmp/minio_downloads/1759738722.json
[2025-10-06T17:31:07.187+0000] {logging_mixin.py:188} INFO - Downloaded GOOGL/1759738737.json -> /tmp/minio_downloads/1759738737.json
[2025-10-06T17:31:07.196+0000] {logging_mixin.py:188} INFO - Downloaded GOOGL/1759738753.json -> /tmp/minio_downloads/1759738753.json
[2025-10-06T17:31:07.213+0000] {logging_mixin.py:188} INFO - Downloaded GOOGL/1759738769.json -> /tmp/minio_downloads/1759738769.json
[2025-10-06T17:31:07.222+0000] {logging_mixin.py:188} INFO - Downloaded GOOGL/1759738784.json -> /tmp/minio_downloads/1759738784.json
[2025-10-06T17:31:07.231+0000] {logging_mixin.py:188} INFO - Downloaded GOOGL/1759738813.json -> /tmp/minio_downloads/1759738813.json
[2025-10-06T17:31:07.241+0000] {logging_mixin.py:188} INFO - Downloaded GOOGL/1759738828.json -> /tmp/minio_downloads/1759738828.json
[2025-10-06T17:31:07.250+0000] {logging_mixin.py:188} INFO - Downloaded GOOGL/1759738849.json -> /tmp/minio_downloads/1759738849.json
[2025-10-06T17:31:07.259+0000] {logging_mixin.py:188} INFO - Downloaded GOOGL/1759738869.json -> /tmp/minio_downloads/1759738869.json
[2025-10-06T17:31:07.268+0000] {logging_mixin.py:188} INFO - Downloaded GOOGL/1759738886.json -> /tmp/minio_downloads/1759738886.json
[2025-10-06T17:31:07.277+0000] {logging_mixin.py:188} INFO - Downloaded GOOGL/1759738905.json -> /tmp/minio_downloads/1759738905.json
[2025-10-06T17:31:07.285+0000] {logging_mixin.py:188} INFO - Downloaded GOOGL/1759738931.json -> /tmp/minio_downloads/1759738931.json
[2025-10-06T17:31:07.293+0000] {logging_mixin.py:188} INFO - Downloaded GOOGL/1759738949.json -> /tmp/minio_downloads/1759738949.json
[2025-10-06T17:31:07.301+0000] {logging_mixin.py:188} INFO - Downloaded GOOGL/1759738963.json -> /tmp/minio_downloads/1759738963.json
[2025-10-06T17:31:07.309+0000] {logging_mixin.py:188} INFO - Downloaded GOOGL/1759738979.json -> /tmp/minio_downloads/1759738979.json
[2025-10-06T17:31:07.317+0000] {logging_mixin.py:188} INFO - Downloaded GOOGL/1759738997.json -> /tmp/minio_downloads/1759738997.json
[2025-10-06T17:31:07.326+0000] {logging_mixin.py:188} INFO - Downloaded GOOGL/1759739019.json -> /tmp/minio_downloads/1759739019.json
[2025-10-06T17:31:07.334+0000] {logging_mixin.py:188} INFO - Downloaded GOOGL/1759739042.json -> /tmp/minio_downloads/1759739042.json
[2025-10-06T17:31:07.341+0000] {logging_mixin.py:188} INFO - Downloaded GOOGL/1759739062.json -> /tmp/minio_downloads/1759739062.json
[2025-10-06T17:31:07.350+0000] {logging_mixin.py:188} INFO - Downloaded GOOGL/1759739085.json -> /tmp/minio_downloads/1759739085.json
[2025-10-06T17:31:07.357+0000] {logging_mixin.py:188} INFO - Downloaded GOOGL/1759739104.json -> /tmp/minio_downloads/1759739104.json
[2025-10-06T17:31:07.366+0000] {logging_mixin.py:188} INFO - Downloaded GOOGL/1759739124.json -> /tmp/minio_downloads/1759739124.json
[2025-10-06T17:31:07.373+0000] {logging_mixin.py:188} INFO - Downloaded GOOGL/1759739140.json -> /tmp/minio_downloads/1759739140.json
[2025-10-06T17:31:07.382+0000] {logging_mixin.py:188} INFO - Downloaded GOOGL/1759739157.json -> /tmp/minio_downloads/1759739157.json
[2025-10-06T17:31:07.390+0000] {logging_mixin.py:188} INFO - Downloaded GOOGL/1759739176.json -> /tmp/minio_downloads/1759739176.json
[2025-10-06T17:31:07.398+0000] {logging_mixin.py:188} INFO - Downloaded GOOGL/1759739193.json -> /tmp/minio_downloads/1759739193.json
[2025-10-06T17:31:07.407+0000] {logging_mixin.py:188} INFO - Downloaded GOOGL/1759739211.json -> /tmp/minio_downloads/1759739211.json
[2025-10-06T17:31:07.415+0000] {logging_mixin.py:188} INFO - Downloaded GOOGL/1759739231.json -> /tmp/minio_downloads/1759739231.json
[2025-10-06T17:31:07.423+0000] {logging_mixin.py:188} INFO - Downloaded GOOGL/1759739250.json -> /tmp/minio_downloads/1759739250.json
[2025-10-06T17:31:07.432+0000] {logging_mixin.py:188} INFO - Downloaded GOOGL/1759739266.json -> /tmp/minio_downloads/1759739266.json
[2025-10-06T17:31:07.440+0000] {logging_mixin.py:188} INFO - Downloaded GOOGL/1759739280.json -> /tmp/minio_downloads/1759739280.json
[2025-10-06T17:31:07.448+0000] {logging_mixin.py:188} INFO - Downloaded GOOGL/1759739295.json -> /tmp/minio_downloads/1759739295.json
[2025-10-06T17:31:07.456+0000] {logging_mixin.py:188} INFO - Downloaded GOOGL/1759739309.json -> /tmp/minio_downloads/1759739309.json
[2025-10-06T17:31:07.465+0000] {logging_mixin.py:188} INFO - Downloaded GOOGL/1759739324.json -> /tmp/minio_downloads/1759739324.json
[2025-10-06T17:31:07.472+0000] {logging_mixin.py:188} INFO - Downloaded GOOGL/1759739337.json -> /tmp/minio_downloads/1759739337.json
[2025-10-06T17:31:07.481+0000] {logging_mixin.py:188} INFO - Downloaded GOOGL/1759739351.json -> /tmp/minio_downloads/1759739351.json
[2025-10-06T17:31:07.491+0000] {logging_mixin.py:188} INFO - Downloaded GOOGL/1759739364.json -> /tmp/minio_downloads/1759739364.json
[2025-10-06T17:31:07.506+0000] {logging_mixin.py:188} INFO - Downloaded GOOGL/1759739380.json -> /tmp/minio_downloads/1759739380.json
[2025-10-06T17:31:07.515+0000] {logging_mixin.py:188} INFO - Downloaded GOOGL/1759739395.json -> /tmp/minio_downloads/1759739395.json
[2025-10-06T17:31:07.522+0000] {logging_mixin.py:188} INFO - Downloaded GOOGL/1759739416.json -> /tmp/minio_downloads/1759739416.json
[2025-10-06T17:31:07.531+0000] {logging_mixin.py:188} INFO - Downloaded GOOGL/1759739430.json -> /tmp/minio_downloads/1759739430.json
[2025-10-06T17:31:07.538+0000] {logging_mixin.py:188} INFO - Downloaded GOOGL/1759739443.json -> /tmp/minio_downloads/1759739443.json
[2025-10-06T17:31:07.544+0000] {logging_mixin.py:188} INFO - Downloaded GOOGL/1759739457.json -> /tmp/minio_downloads/1759739457.json
[2025-10-06T17:31:07.552+0000] {logging_mixin.py:188} INFO - Downloaded GOOGL/1759739472.json -> /tmp/minio_downloads/1759739472.json
[2025-10-06T17:31:07.558+0000] {logging_mixin.py:188} INFO - Downloaded GOOGL/1759739485.json -> /tmp/minio_downloads/1759739485.json
[2025-10-06T17:31:07.566+0000] {logging_mixin.py:188} INFO - Downloaded GOOGL/1759739502.json -> /tmp/minio_downloads/1759739502.json
[2025-10-06T17:31:07.572+0000] {logging_mixin.py:188} INFO - Downloaded GOOGL/1759739519.json -> /tmp/minio_downloads/1759739519.json
[2025-10-06T17:31:07.580+0000] {logging_mixin.py:188} INFO - Downloaded GOOGL/1759739534.json -> /tmp/minio_downloads/1759739534.json
[2025-10-06T17:31:07.586+0000] {logging_mixin.py:188} INFO - Downloaded GOOGL/1759739551.json -> /tmp/minio_downloads/1759739551.json
[2025-10-06T17:31:07.593+0000] {logging_mixin.py:188} INFO - Downloaded GOOGL/1759739578.json -> /tmp/minio_downloads/1759739578.json
[2025-10-06T17:31:07.600+0000] {logging_mixin.py:188} INFO - Downloaded GOOGL/1759739594.json -> /tmp/minio_downloads/1759739594.json
[2025-10-06T17:31:07.607+0000] {logging_mixin.py:188} INFO - Downloaded GOOGL/1759739634.json -> /tmp/minio_downloads/1759739634.json
[2025-10-06T17:31:07.615+0000] {logging_mixin.py:188} INFO - Downloaded GOOGL/1759739650.json -> /tmp/minio_downloads/1759739650.json
[2025-10-06T17:31:07.621+0000] {logging_mixin.py:188} INFO - Downloaded GOOGL/1759739668.json -> /tmp/minio_downloads/1759739668.json
[2025-10-06T17:31:07.628+0000] {logging_mixin.py:188} INFO - Downloaded GOOGL/1759739685.json -> /tmp/minio_downloads/1759739685.json
[2025-10-06T17:31:07.635+0000] {logging_mixin.py:188} INFO - Downloaded GOOGL/1759739703.json -> /tmp/minio_downloads/1759739703.json
[2025-10-06T17:31:07.642+0000] {logging_mixin.py:188} INFO - Downloaded GOOGL/1759739719.json -> /tmp/minio_downloads/1759739719.json
[2025-10-06T17:31:07.649+0000] {logging_mixin.py:188} INFO - Downloaded GOOGL/1759739738.json -> /tmp/minio_downloads/1759739738.json
[2025-10-06T17:31:07.656+0000] {logging_mixin.py:188} INFO - Downloaded GOOGL/1759739755.json -> /tmp/minio_downloads/1759739755.json
[2025-10-06T17:31:07.663+0000] {logging_mixin.py:188} INFO - Downloaded GOOGL/1759739772.json -> /tmp/minio_downloads/1759739772.json
[2025-10-06T17:31:07.670+0000] {logging_mixin.py:188} INFO - Downloaded GOOGL/1759739793.json -> /tmp/minio_downloads/1759739793.json
[2025-10-06T17:31:07.677+0000] {logging_mixin.py:188} INFO - Downloaded GOOGL/1759739814.json -> /tmp/minio_downloads/1759739814.json
[2025-10-06T17:31:07.684+0000] {logging_mixin.py:188} INFO - Downloaded GOOGL/1759739830.json -> /tmp/minio_downloads/1759739830.json
[2025-10-06T17:31:07.691+0000] {logging_mixin.py:188} INFO - Downloaded GOOGL/1759739847.json -> /tmp/minio_downloads/1759739847.json
[2025-10-06T17:31:07.700+0000] {logging_mixin.py:188} INFO - Downloaded GOOGL/1759739864.json -> /tmp/minio_downloads/1759739864.json
[2025-10-06T17:31:07.706+0000] {logging_mixin.py:188} INFO - Downloaded GOOGL/1759739882.json -> /tmp/minio_downloads/1759739882.json
[2025-10-06T17:31:07.714+0000] {logging_mixin.py:188} INFO - Downloaded GOOGL/1759739899.json -> /tmp/minio_downloads/1759739899.json
[2025-10-06T17:31:07.724+0000] {logging_mixin.py:188} INFO - Downloaded GOOGL/1759739921.json -> /tmp/minio_downloads/1759739921.json
[2025-10-06T17:31:07.752+0000] {logging_mixin.py:188} INFO - Downloaded GOOGL/1759739935.json -> /tmp/minio_downloads/1759739935.json
[2025-10-06T17:31:07.761+0000] {logging_mixin.py:188} INFO - Downloaded GOOGL/1759739947.json -> /tmp/minio_downloads/1759739947.json
[2025-10-06T17:31:07.770+0000] {logging_mixin.py:188} INFO - Downloaded GOOGL/1759739961.json -> /tmp/minio_downloads/1759739961.json
[2025-10-06T17:31:07.778+0000] {logging_mixin.py:188} INFO - Downloaded GOOGL/1759739974.json -> /tmp/minio_downloads/1759739974.json
[2025-10-06T17:31:07.787+0000] {logging_mixin.py:188} INFO - Downloaded GOOGL/1759739986.json -> /tmp/minio_downloads/1759739986.json
[2025-10-06T17:31:07.795+0000] {logging_mixin.py:188} INFO - Downloaded GOOGL/1759740001.json -> /tmp/minio_downloads/1759740001.json
[2025-10-06T17:31:07.804+0000] {logging_mixin.py:188} INFO - Downloaded GOOGL/1759740015.json -> /tmp/minio_downloads/1759740015.json
[2025-10-06T17:31:07.812+0000] {logging_mixin.py:188} INFO - Downloaded GOOGL/1759740028.json -> /tmp/minio_downloads/1759740028.json
[2025-10-06T17:31:07.820+0000] {logging_mixin.py:188} INFO - Downloaded GOOGL/1759740043.json -> /tmp/minio_downloads/1759740043.json
[2025-10-06T17:31:07.828+0000] {logging_mixin.py:188} INFO - Downloaded GOOGL/1759740057.json -> /tmp/minio_downloads/1759740057.json
[2025-10-06T17:31:07.837+0000] {logging_mixin.py:188} INFO - Downloaded GOOGL/1759740072.json -> /tmp/minio_downloads/1759740072.json
[2025-10-06T17:31:07.844+0000] {logging_mixin.py:188} INFO - Downloaded GOOGL/1759740089.json -> /tmp/minio_downloads/1759740089.json
[2025-10-06T17:31:07.854+0000] {logging_mixin.py:188} INFO - Downloaded GOOGL/1759740106.json -> /tmp/minio_downloads/1759740106.json
[2025-10-06T17:31:07.861+0000] {logging_mixin.py:188} INFO - Downloaded GOOGL/1759740123.json -> /tmp/minio_downloads/1759740123.json
[2025-10-06T17:31:07.870+0000] {logging_mixin.py:188} INFO - Downloaded GOOGL/1759740136.json -> /tmp/minio_downloads/1759740136.json
[2025-10-06T17:31:07.878+0000] {logging_mixin.py:188} INFO - Downloaded GOOGL/1759740151.json -> /tmp/minio_downloads/1759740151.json
[2025-10-06T17:31:07.889+0000] {logging_mixin.py:188} INFO - Downloaded GOOGL/1759740165.json -> /tmp/minio_downloads/1759740165.json
[2025-10-06T17:31:07.899+0000] {logging_mixin.py:188} INFO - Downloaded GOOGL/1759740179.json -> /tmp/minio_downloads/1759740179.json
[2025-10-06T17:31:07.908+0000] {logging_mixin.py:188} INFO - Downloaded GOOGL/1759740196.json -> /tmp/minio_downloads/1759740196.json
[2025-10-06T17:31:07.918+0000] {logging_mixin.py:188} INFO - Downloaded GOOGL/1759740214.json -> /tmp/minio_downloads/1759740214.json
[2025-10-06T17:31:07.927+0000] {logging_mixin.py:188} INFO - Downloaded MSFT/1759738384.json -> /tmp/minio_downloads/1759738384.json
[2025-10-06T17:31:07.937+0000] {logging_mixin.py:188} INFO - Downloaded MSFT/1759738399.json -> /tmp/minio_downloads/1759738399.json
[2025-10-06T17:31:07.946+0000] {logging_mixin.py:188} INFO - Downloaded MSFT/1759738411.json -> /tmp/minio_downloads/1759738411.json
[2025-10-06T17:31:07.955+0000] {logging_mixin.py:188} INFO - Downloaded MSFT/1759738435.json -> /tmp/minio_downloads/1759738435.json
[2025-10-06T17:31:07.966+0000] {logging_mixin.py:188} INFO - Downloaded MSFT/1759738459.json -> /tmp/minio_downloads/1759738459.json
[2025-10-06T17:31:07.976+0000] {logging_mixin.py:188} INFO - Downloaded MSFT/1759738479.json -> /tmp/minio_downloads/1759738479.json
[2025-10-06T17:31:07.986+0000] {logging_mixin.py:188} INFO - Downloaded MSFT/1759738496.json -> /tmp/minio_downloads/1759738496.json
[2025-10-06T17:31:07.995+0000] {logging_mixin.py:188} INFO - Downloaded MSFT/1759738513.json -> /tmp/minio_downloads/1759738513.json
[2025-10-06T17:31:08.004+0000] {logging_mixin.py:188} INFO - Downloaded MSFT/1759738591.json -> /tmp/minio_downloads/1759738591.json
[2025-10-06T17:31:08.012+0000] {logging_mixin.py:188} INFO - Downloaded MSFT/1759738620.json -> /tmp/minio_downloads/1759738620.json
[2025-10-06T17:31:08.020+0000] {logging_mixin.py:188} INFO - Downloaded MSFT/1759738634.json -> /tmp/minio_downloads/1759738634.json
[2025-10-06T17:31:08.030+0000] {logging_mixin.py:188} INFO - Downloaded MSFT/1759738650.json -> /tmp/minio_downloads/1759738650.json
[2025-10-06T17:31:08.037+0000] {logging_mixin.py:188} INFO - Downloaded MSFT/1759738664.json -> /tmp/minio_downloads/1759738664.json
[2025-10-06T17:31:08.045+0000] {logging_mixin.py:188} INFO - Downloaded MSFT/1759738677.json -> /tmp/minio_downloads/1759738677.json
[2025-10-06T17:31:08.053+0000] {logging_mixin.py:188} INFO - Downloaded MSFT/1759738692.json -> /tmp/minio_downloads/1759738692.json
[2025-10-06T17:31:08.061+0000] {logging_mixin.py:188} INFO - Downloaded MSFT/1759738705.json -> /tmp/minio_downloads/1759738705.json
[2025-10-06T17:31:08.070+0000] {logging_mixin.py:188} INFO - Downloaded MSFT/1759738719.json -> /tmp/minio_downloads/1759738719.json
[2025-10-06T17:31:08.078+0000] {logging_mixin.py:188} INFO - Downloaded MSFT/1759738734.json -> /tmp/minio_downloads/1759738734.json
[2025-10-06T17:31:08.086+0000] {logging_mixin.py:188} INFO - Downloaded MSFT/1759738749.json -> /tmp/minio_downloads/1759738749.json
[2025-10-06T17:31:08.094+0000] {logging_mixin.py:188} INFO - Downloaded MSFT/1759738765.json -> /tmp/minio_downloads/1759738765.json
[2025-10-06T17:31:08.105+0000] {logging_mixin.py:188} INFO - Downloaded MSFT/1759738780.json -> /tmp/minio_downloads/1759738780.json
[2025-10-06T17:31:08.116+0000] {logging_mixin.py:188} INFO - Downloaded MSFT/1759738809.json -> /tmp/minio_downloads/1759738809.json
[2025-10-06T17:31:08.124+0000] {logging_mixin.py:188} INFO - Downloaded MSFT/1759738825.json -> /tmp/minio_downloads/1759738825.json
[2025-10-06T17:31:08.133+0000] {logging_mixin.py:188} INFO - Downloaded MSFT/1759738842.json -> /tmp/minio_downloads/1759738842.json
[2025-10-06T17:31:08.140+0000] {logging_mixin.py:188} INFO - Downloaded MSFT/1759738863.json -> /tmp/minio_downloads/1759738863.json
[2025-10-06T17:31:08.148+0000] {logging_mixin.py:188} INFO - Downloaded MSFT/1759738882.json -> /tmp/minio_downloads/1759738882.json
[2025-10-06T17:31:08.155+0000] {logging_mixin.py:188} INFO - Downloaded MSFT/1759738900.json -> /tmp/minio_downloads/1759738900.json
[2025-10-06T17:31:08.163+0000] {logging_mixin.py:188} INFO - Downloaded MSFT/1759738918.json -> /tmp/minio_downloads/1759738918.json
[2025-10-06T17:31:08.170+0000] {logging_mixin.py:188} INFO - Downloaded MSFT/1759738945.json -> /tmp/minio_downloads/1759738945.json
[2025-10-06T17:31:08.177+0000] {logging_mixin.py:188} INFO - Downloaded MSFT/1759738960.json -> /tmp/minio_downloads/1759738960.json
[2025-10-06T17:31:08.184+0000] {logging_mixin.py:188} INFO - Downloaded MSFT/1759738975.json -> /tmp/minio_downloads/1759738975.json
[2025-10-06T17:31:08.191+0000] {logging_mixin.py:188} INFO - Downloaded MSFT/1759738991.json -> /tmp/minio_downloads/1759738991.json
[2025-10-06T17:31:08.199+0000] {logging_mixin.py:188} INFO - Downloaded MSFT/1759739010.json -> /tmp/minio_downloads/1759739010.json
[2025-10-06T17:31:08.207+0000] {logging_mixin.py:188} INFO - Downloaded MSFT/1759739034.json -> /tmp/minio_downloads/1759739034.json
[2025-10-06T17:31:08.215+0000] {logging_mixin.py:188} INFO - Downloaded MSFT/1759739058.json -> /tmp/minio_downloads/1759739058.json
[2025-10-06T17:31:08.222+0000] {logging_mixin.py:188} INFO - Downloaded MSFT/1759739080.json -> /tmp/minio_downloads/1759739080.json
[2025-10-06T17:31:08.230+0000] {logging_mixin.py:188} INFO - Downloaded MSFT/1759739099.json -> /tmp/minio_downloads/1759739099.json
[2025-10-06T17:31:08.237+0000] {logging_mixin.py:188} INFO - Downloaded MSFT/1759739119.json -> /tmp/minio_downloads/1759739119.json
[2025-10-06T17:31:08.244+0000] {logging_mixin.py:188} INFO - Downloaded MSFT/1759739136.json -> /tmp/minio_downloads/1759739136.json
[2025-10-06T17:31:08.256+0000] {logging_mixin.py:188} INFO - Downloaded MSFT/1759739153.json -> /tmp/minio_downloads/1759739153.json
[2025-10-06T17:31:08.267+0000] {logging_mixin.py:188} INFO - Downloaded MSFT/1759739171.json -> /tmp/minio_downloads/1759739171.json
[2025-10-06T17:31:08.276+0000] {logging_mixin.py:188} INFO - Downloaded MSFT/1759739189.json -> /tmp/minio_downloads/1759739189.json
[2025-10-06T17:31:08.284+0000] {logging_mixin.py:188} INFO - Downloaded MSFT/1759739207.json -> /tmp/minio_downloads/1759739207.json
[2025-10-06T17:31:08.291+0000] {logging_mixin.py:188} INFO - Downloaded MSFT/1759739227.json -> /tmp/minio_downloads/1759739227.json
[2025-10-06T17:31:08.299+0000] {logging_mixin.py:188} INFO - Downloaded MSFT/1759739245.json -> /tmp/minio_downloads/1759739245.json
[2025-10-06T17:31:08.306+0000] {logging_mixin.py:188} INFO - Downloaded MSFT/1759739262.json -> /tmp/minio_downloads/1759739262.json
[2025-10-06T17:31:08.313+0000] {logging_mixin.py:188} INFO - Downloaded MSFT/1759739277.json -> /tmp/minio_downloads/1759739277.json
[2025-10-06T17:31:08.320+0000] {logging_mixin.py:188} INFO - Downloaded MSFT/1759739292.json -> /tmp/minio_downloads/1759739292.json
[2025-10-06T17:31:08.327+0000] {logging_mixin.py:188} INFO - Downloaded MSFT/1759739306.json -> /tmp/minio_downloads/1759739306.json
[2025-10-06T17:31:08.335+0000] {logging_mixin.py:188} INFO - Downloaded MSFT/1759739320.json -> /tmp/minio_downloads/1759739320.json
[2025-10-06T17:31:08.342+0000] {logging_mixin.py:188} INFO - Downloaded MSFT/1759739334.json -> /tmp/minio_downloads/1759739334.json
[2025-10-06T17:31:08.350+0000] {logging_mixin.py:188} INFO - Downloaded MSFT/1759739348.json -> /tmp/minio_downloads/1759739348.json
[2025-10-06T17:31:08.357+0000] {logging_mixin.py:188} INFO - Downloaded MSFT/1759739361.json -> /tmp/minio_downloads/1759739361.json
[2025-10-06T17:31:08.365+0000] {logging_mixin.py:188} INFO - Downloaded MSFT/1759739376.json -> /tmp/minio_downloads/1759739376.json
[2025-10-06T17:31:08.372+0000] {logging_mixin.py:188} INFO - Downloaded MSFT/1759739392.json -> /tmp/minio_downloads/1759739392.json
[2025-10-06T17:31:08.380+0000] {logging_mixin.py:188} INFO - Downloaded MSFT/1759739412.json -> /tmp/minio_downloads/1759739412.json
[2025-10-06T17:31:08.387+0000] {logging_mixin.py:188} INFO - Downloaded MSFT/1759739427.json -> /tmp/minio_downloads/1759739427.json
[2025-10-06T17:31:08.394+0000] {logging_mixin.py:188} INFO - Downloaded MSFT/1759739440.json -> /tmp/minio_downloads/1759739440.json
[2025-10-06T17:31:08.402+0000] {logging_mixin.py:188} INFO - Downloaded MSFT/1759739454.json -> /tmp/minio_downloads/1759739454.json
[2025-10-06T17:31:08.409+0000] {logging_mixin.py:188} INFO - Downloaded MSFT/1759739470.json -> /tmp/minio_downloads/1759739470.json
[2025-10-06T17:31:08.417+0000] {logging_mixin.py:188} INFO - Downloaded MSFT/1759739482.json -> /tmp/minio_downloads/1759739482.json
[2025-10-06T17:31:08.424+0000] {logging_mixin.py:188} INFO - Downloaded MSFT/1759739498.json -> /tmp/minio_downloads/1759739498.json
[2025-10-06T17:31:08.432+0000] {logging_mixin.py:188} INFO - Downloaded MSFT/1759739515.json -> /tmp/minio_downloads/1759739515.json
[2025-10-06T17:31:08.438+0000] {logging_mixin.py:188} INFO - Downloaded MSFT/1759739530.json -> /tmp/minio_downloads/1759739530.json
[2025-10-06T17:31:08.446+0000] {logging_mixin.py:188} INFO - Downloaded MSFT/1759739547.json -> /tmp/minio_downloads/1759739547.json
[2025-10-06T17:31:08.453+0000] {logging_mixin.py:188} INFO - Downloaded MSFT/1759739563.json -> /tmp/minio_downloads/1759739563.json
[2025-10-06T17:31:08.460+0000] {logging_mixin.py:188} INFO - Downloaded MSFT/1759739591.json -> /tmp/minio_downloads/1759739591.json
[2025-10-06T17:31:08.468+0000] {logging_mixin.py:188} INFO - Downloaded MSFT/1759739623.json -> /tmp/minio_downloads/1759739623.json
[2025-10-06T17:31:08.475+0000] {logging_mixin.py:188} INFO - Downloaded MSFT/1759739646.json -> /tmp/minio_downloads/1759739646.json
[2025-10-06T17:31:08.483+0000] {logging_mixin.py:188} INFO - Downloaded MSFT/1759739665.json -> /tmp/minio_downloads/1759739665.json
[2025-10-06T17:31:08.490+0000] {logging_mixin.py:188} INFO - Downloaded MSFT/1759739681.json -> /tmp/minio_downloads/1759739681.json
[2025-10-06T17:31:08.498+0000] {logging_mixin.py:188} INFO - Downloaded MSFT/1759739699.json -> /tmp/minio_downloads/1759739699.json
[2025-10-06T17:31:08.505+0000] {logging_mixin.py:188} INFO - Downloaded MSFT/1759739715.json -> /tmp/minio_downloads/1759739715.json
[2025-10-06T17:31:08.513+0000] {logging_mixin.py:188} INFO - Downloaded MSFT/1759739734.json -> /tmp/minio_downloads/1759739734.json
[2025-10-06T17:31:08.519+0000] {logging_mixin.py:188} INFO - Downloaded MSFT/1759739751.json -> /tmp/minio_downloads/1759739751.json
[2025-10-06T17:31:08.526+0000] {logging_mixin.py:188} INFO - Downloaded MSFT/1759739768.json -> /tmp/minio_downloads/1759739768.json
[2025-10-06T17:31:08.534+0000] {logging_mixin.py:188} INFO - Downloaded MSFT/1759739785.json -> /tmp/minio_downloads/1759739785.json
[2025-10-06T17:31:08.540+0000] {logging_mixin.py:188} INFO - Downloaded MSFT/1759739811.json -> /tmp/minio_downloads/1759739811.json
[2025-10-06T17:31:08.549+0000] {logging_mixin.py:188} INFO - Downloaded MSFT/1759739826.json -> /tmp/minio_downloads/1759739826.json
[2025-10-06T17:31:08.556+0000] {logging_mixin.py:188} INFO - Downloaded MSFT/1759739843.json -> /tmp/minio_downloads/1759739843.json
[2025-10-06T17:31:08.564+0000] {logging_mixin.py:188} INFO - Downloaded MSFT/1759739860.json -> /tmp/minio_downloads/1759739860.json
[2025-10-06T17:31:08.571+0000] {logging_mixin.py:188} INFO - Downloaded MSFT/1759739878.json -> /tmp/minio_downloads/1759739878.json
[2025-10-06T17:31:08.578+0000] {logging_mixin.py:188} INFO - Downloaded MSFT/1759739895.json -> /tmp/minio_downloads/1759739895.json
[2025-10-06T17:31:08.585+0000] {logging_mixin.py:188} INFO - Downloaded MSFT/1759739912.json -> /tmp/minio_downloads/1759739912.json
[2025-10-06T17:31:08.592+0000] {logging_mixin.py:188} INFO - Downloaded MSFT/1759739932.json -> /tmp/minio_downloads/1759739932.json
[2025-10-06T17:31:08.601+0000] {logging_mixin.py:188} INFO - Downloaded MSFT/1759739945.json -> /tmp/minio_downloads/1759739945.json
[2025-10-06T17:31:08.609+0000] {logging_mixin.py:188} INFO - Downloaded MSFT/1759739957.json -> /tmp/minio_downloads/1759739957.json
[2025-10-06T17:31:08.617+0000] {logging_mixin.py:188} INFO - Downloaded MSFT/1759739971.json -> /tmp/minio_downloads/1759739971.json
[2025-10-06T17:31:08.624+0000] {logging_mixin.py:188} INFO - Downloaded MSFT/1759739984.json -> /tmp/minio_downloads/1759739984.json
[2025-10-06T17:31:08.632+0000] {logging_mixin.py:188} INFO - Downloaded MSFT/1759739996.json -> /tmp/minio_downloads/1759739996.json
[2025-10-06T17:31:08.639+0000] {logging_mixin.py:188} INFO - Downloaded MSFT/1759740012.json -> /tmp/minio_downloads/1759740012.json
[2025-10-06T17:31:08.647+0000] {logging_mixin.py:188} INFO - Downloaded MSFT/1759740025.json -> /tmp/minio_downloads/1759740025.json
[2025-10-06T17:31:08.654+0000] {logging_mixin.py:188} INFO - Downloaded MSFT/1759740040.json -> /tmp/minio_downloads/1759740040.json
[2025-10-06T17:31:08.661+0000] {logging_mixin.py:188} INFO - Downloaded MSFT/1759740054.json -> /tmp/minio_downloads/1759740054.json
[2025-10-06T17:31:08.669+0000] {logging_mixin.py:188} INFO - Downloaded MSFT/1759740068.json -> /tmp/minio_downloads/1759740068.json
[2025-10-06T17:31:08.675+0000] {logging_mixin.py:188} INFO - Downloaded MSFT/1759740085.json -> /tmp/minio_downloads/1759740085.json
[2025-10-06T17:31:08.683+0000] {logging_mixin.py:188} INFO - Downloaded MSFT/1759740101.json -> /tmp/minio_downloads/1759740101.json
[2025-10-06T17:31:08.689+0000] {logging_mixin.py:188} INFO - Downloaded MSFT/1759740120.json -> /tmp/minio_downloads/1759740120.json
[2025-10-06T17:31:08.697+0000] {logging_mixin.py:188} INFO - Downloaded MSFT/1759740134.json -> /tmp/minio_downloads/1759740134.json
[2025-10-06T17:31:08.704+0000] {logging_mixin.py:188} INFO - Downloaded MSFT/1759740147.json -> /tmp/minio_downloads/1759740147.json
[2025-10-06T17:31:08.710+0000] {logging_mixin.py:188} INFO - Downloaded MSFT/1759740162.json -> /tmp/minio_downloads/1759740162.json
[2025-10-06T17:31:08.718+0000] {logging_mixin.py:188} INFO - Downloaded MSFT/1759740177.json -> /tmp/minio_downloads/1759740177.json
[2025-10-06T17:31:08.724+0000] {logging_mixin.py:188} INFO - Downloaded MSFT/1759740191.json -> /tmp/minio_downloads/1759740191.json
[2025-10-06T17:31:08.733+0000] {logging_mixin.py:188} INFO - Downloaded MSFT/1759740210.json -> /tmp/minio_downloads/1759740210.json
[2025-10-06T17:31:08.742+0000] {logging_mixin.py:188} INFO - Downloaded TSLA/1759738386.json -> /tmp/minio_downloads/1759738386.json
[2025-10-06T17:31:08.751+0000] {logging_mixin.py:188} INFO - Downloaded TSLA/1759738400.json -> /tmp/minio_downloads/1759738400.json
[2025-10-06T17:31:08.759+0000] {logging_mixin.py:188} INFO - Downloaded TSLA/1759738413.json -> /tmp/minio_downloads/1759738413.json
[2025-10-06T17:31:08.768+0000] {logging_mixin.py:188} INFO - Downloaded TSLA/1759738441.json -> /tmp/minio_downloads/1759738441.json
[2025-10-06T17:31:08.774+0000] {logging_mixin.py:188} INFO - Downloaded TSLA/1759738463.json -> /tmp/minio_downloads/1759738463.json
[2025-10-06T17:31:08.782+0000] {logging_mixin.py:188} INFO - Downloaded TSLA/1759738480.json -> /tmp/minio_downloads/1759738480.json
[2025-10-06T17:31:08.788+0000] {logging_mixin.py:188} INFO - Downloaded TSLA/1759738498.json -> /tmp/minio_downloads/1759738498.json
[2025-10-06T17:31:08.797+0000] {logging_mixin.py:188} INFO - Downloaded TSLA/1759738515.json -> /tmp/minio_downloads/1759738515.json
[2025-10-06T17:31:08.806+0000] {logging_mixin.py:188} INFO - Downloaded TSLA/1759738559.json -> /tmp/minio_downloads/1759738559.json
[2025-10-06T17:31:08.814+0000] {logging_mixin.py:188} INFO - Downloaded TSLA/1759738595.json -> /tmp/minio_downloads/1759738595.json
[2025-10-06T17:31:08.821+0000] {logging_mixin.py:188} INFO - Downloaded TSLA/1759738622.json -> /tmp/minio_downloads/1759738622.json
[2025-10-06T17:31:08.829+0000] {logging_mixin.py:188} INFO - Downloaded TSLA/1759738636.json -> /tmp/minio_downloads/1759738636.json
[2025-10-06T17:31:08.837+0000] {logging_mixin.py:188} INFO - Downloaded TSLA/1759738651.json -> /tmp/minio_downloads/1759738651.json
[2025-10-06T17:31:08.846+0000] {logging_mixin.py:188} INFO - Downloaded TSLA/1759738665.json -> /tmp/minio_downloads/1759738665.json
[2025-10-06T17:31:08.854+0000] {logging_mixin.py:188} INFO - Downloaded TSLA/1759738678.json -> /tmp/minio_downloads/1759738678.json
[2025-10-06T17:31:08.862+0000] {logging_mixin.py:188} INFO - Downloaded TSLA/1759738693.json -> /tmp/minio_downloads/1759738693.json
[2025-10-06T17:31:08.870+0000] {logging_mixin.py:188} INFO - Downloaded TSLA/1759738706.json -> /tmp/minio_downloads/1759738706.json
[2025-10-06T17:31:08.885+0000] {logging_mixin.py:188} INFO - Downloaded TSLA/1759738720.json -> /tmp/minio_downloads/1759738720.json
[2025-10-06T17:31:08.900+0000] {logging_mixin.py:188} INFO - Downloaded TSLA/1759738735.json -> /tmp/minio_downloads/1759738735.json
[2025-10-06T17:31:08.913+0000] {logging_mixin.py:188} INFO - Downloaded TSLA/1759738751.json -> /tmp/minio_downloads/1759738751.json
[2025-10-06T17:31:08.923+0000] {logging_mixin.py:188} INFO - Downloaded TSLA/1759738767.json -> /tmp/minio_downloads/1759738767.json
[2025-10-06T17:31:08.932+0000] {logging_mixin.py:188} INFO - Downloaded TSLA/1759738782.json -> /tmp/minio_downloads/1759738782.json
[2025-10-06T17:31:08.939+0000] {logging_mixin.py:188} INFO - Downloaded TSLA/1759738811.json -> /tmp/minio_downloads/1759738811.json
[2025-10-06T17:31:08.948+0000] {logging_mixin.py:188} INFO - Downloaded TSLA/1759738826.json -> /tmp/minio_downloads/1759738826.json
[2025-10-06T17:31:08.956+0000] {logging_mixin.py:188} INFO - Downloaded TSLA/1759738844.json -> /tmp/minio_downloads/1759738844.json
[2025-10-06T17:31:08.965+0000] {logging_mixin.py:188} INFO - Downloaded TSLA/1759738865.json -> /tmp/minio_downloads/1759738865.json
[2025-10-06T17:31:08.972+0000] {logging_mixin.py:188} INFO - Downloaded TSLA/1759738884.json -> /tmp/minio_downloads/1759738884.json
[2025-10-06T17:31:08.981+0000] {logging_mixin.py:188} INFO - Downloaded TSLA/1759738901.json -> /tmp/minio_downloads/1759738901.json
[2025-10-06T17:31:08.989+0000] {logging_mixin.py:188} INFO - Downloaded TSLA/1759738927.json -> /tmp/minio_downloads/1759738927.json
[2025-10-06T17:31:08.998+0000] {logging_mixin.py:188} INFO - Downloaded TSLA/1759738947.json -> /tmp/minio_downloads/1759738947.json
[2025-10-06T17:31:09.007+0000] {logging_mixin.py:188} INFO - Downloaded TSLA/1759738962.json -> /tmp/minio_downloads/1759738962.json
[2025-10-06T17:31:09.016+0000] {logging_mixin.py:188} INFO - Downloaded TSLA/1759738977.json -> /tmp/minio_downloads/1759738977.json
[2025-10-06T17:31:09.022+0000] {logging_mixin.py:188} INFO - Downloaded TSLA/1759738994.json -> /tmp/minio_downloads/1759738994.json
[2025-10-06T17:31:09.030+0000] {logging_mixin.py:188} INFO - Downloaded TSLA/1759739014.json -> /tmp/minio_downloads/1759739014.json
[2025-10-06T17:31:09.036+0000] {logging_mixin.py:188} INFO - Downloaded TSLA/1759739039.json -> /tmp/minio_downloads/1759739039.json
[2025-10-06T17:31:09.043+0000] {logging_mixin.py:188} INFO - Downloaded TSLA/1759739060.json -> /tmp/minio_downloads/1759739060.json
[2025-10-06T17:31:09.050+0000] {logging_mixin.py:188} INFO - Downloaded TSLA/1759739082.json -> /tmp/minio_downloads/1759739082.json
[2025-10-06T17:31:09.056+0000] {logging_mixin.py:188} INFO - Downloaded TSLA/1759739102.json -> /tmp/minio_downloads/1759739102.json
[2025-10-06T17:31:09.063+0000] {logging_mixin.py:188} INFO - Downloaded TSLA/1759739121.json -> /tmp/minio_downloads/1759739121.json
[2025-10-06T17:31:09.070+0000] {logging_mixin.py:188} INFO - Downloaded TSLA/1759739138.json -> /tmp/minio_downloads/1759739138.json
[2025-10-06T17:31:09.076+0000] {logging_mixin.py:188} INFO - Downloaded TSLA/1759739155.json -> /tmp/minio_downloads/1759739155.json
[2025-10-06T17:31:09.083+0000] {logging_mixin.py:188} INFO - Downloaded TSLA/1759739174.json -> /tmp/minio_downloads/1759739174.json
[2025-10-06T17:31:09.090+0000] {logging_mixin.py:188} INFO - Downloaded TSLA/1759739191.json -> /tmp/minio_downloads/1759739191.json
[2025-10-06T17:31:09.097+0000] {logging_mixin.py:188} INFO - Downloaded TSLA/1759739209.json -> /tmp/minio_downloads/1759739209.json
[2025-10-06T17:31:09.105+0000] {logging_mixin.py:188} INFO - Downloaded TSLA/1759739229.json -> /tmp/minio_downloads/1759739229.json
[2025-10-06T17:31:09.114+0000] {logging_mixin.py:188} INFO - Downloaded TSLA/1759739247.json -> /tmp/minio_downloads/1759739247.json
[2025-10-06T17:31:09.125+0000] {logging_mixin.py:188} INFO - Downloaded TSLA/1759739264.json -> /tmp/minio_downloads/1759739264.json
[2025-10-06T17:31:09.135+0000] {logging_mixin.py:188} INFO - Downloaded TSLA/1759739279.json -> /tmp/minio_downloads/1759739279.json
[2025-10-06T17:31:09.143+0000] {logging_mixin.py:188} INFO - Downloaded TSLA/1759739293.json -> /tmp/minio_downloads/1759739293.json
[2025-10-06T17:31:09.153+0000] {logging_mixin.py:188} INFO - Downloaded TSLA/1759739308.json -> /tmp/minio_downloads/1759739308.json
[2025-10-06T17:31:09.163+0000] {logging_mixin.py:188} INFO - Downloaded TSLA/1759739322.json -> /tmp/minio_downloads/1759739322.json
[2025-10-06T17:31:09.172+0000] {logging_mixin.py:188} INFO - Downloaded TSLA/1759739336.json -> /tmp/minio_downloads/1759739336.json
[2025-10-06T17:31:09.181+0000] {logging_mixin.py:188} INFO - Downloaded TSLA/1759739349.json -> /tmp/minio_downloads/1759739349.json
[2025-10-06T17:31:09.189+0000] {logging_mixin.py:188} INFO - Downloaded TSLA/1759739363.json -> /tmp/minio_downloads/1759739363.json
[2025-10-06T17:31:09.198+0000] {logging_mixin.py:188} INFO - Downloaded TSLA/1759739379.json -> /tmp/minio_downloads/1759739379.json
[2025-10-06T17:31:09.205+0000] {logging_mixin.py:188} INFO - Downloaded TSLA/1759739394.json -> /tmp/minio_downloads/1759739394.json
[2025-10-06T17:31:09.212+0000] {logging_mixin.py:188} INFO - Downloaded TSLA/1759739415.json -> /tmp/minio_downloads/1759739415.json
[2025-10-06T17:31:09.219+0000] {logging_mixin.py:188} INFO - Downloaded TSLA/1759739428.json -> /tmp/minio_downloads/1759739428.json
[2025-10-06T17:31:09.226+0000] {logging_mixin.py:188} INFO - Downloaded TSLA/1759739442.json -> /tmp/minio_downloads/1759739442.json
[2025-10-06T17:31:09.234+0000] {logging_mixin.py:188} INFO - Downloaded TSLA/1759739455.json -> /tmp/minio_downloads/1759739455.json
[2025-10-06T17:31:09.240+0000] {logging_mixin.py:188} INFO - Downloaded TSLA/1759739471.json -> /tmp/minio_downloads/1759739471.json
[2025-10-06T17:31:09.248+0000] {logging_mixin.py:188} INFO - Downloaded TSLA/1759739484.json -> /tmp/minio_downloads/1759739484.json
[2025-10-06T17:31:09.255+0000] {logging_mixin.py:188} INFO - Downloaded TSLA/1759739500.json -> /tmp/minio_downloads/1759739500.json
[2025-10-06T17:31:09.262+0000] {logging_mixin.py:188} INFO - Downloaded TSLA/1759739516.json -> /tmp/minio_downloads/1759739516.json
[2025-10-06T17:31:09.270+0000] {logging_mixin.py:188} INFO - Downloaded TSLA/1759739532.json -> /tmp/minio_downloads/1759739532.json
[2025-10-06T17:31:09.276+0000] {logging_mixin.py:188} INFO - Downloaded TSLA/1759739549.json -> /tmp/minio_downloads/1759739549.json
[2025-10-06T17:31:09.284+0000] {logging_mixin.py:188} INFO - Downloaded TSLA/1759739565.json -> /tmp/minio_downloads/1759739565.json
[2025-10-06T17:31:09.290+0000] {logging_mixin.py:188} INFO - Downloaded TSLA/1759739593.json -> /tmp/minio_downloads/1759739593.json
[2025-10-06T17:31:09.298+0000] {logging_mixin.py:188} INFO - Downloaded TSLA/1759739631.json -> /tmp/minio_downloads/1759739631.json
[2025-10-06T17:31:09.304+0000] {logging_mixin.py:188} INFO - Downloaded TSLA/1759739649.json -> /tmp/minio_downloads/1759739649.json
[2025-10-06T17:31:09.311+0000] {logging_mixin.py:188} INFO - Downloaded TSLA/1759739667.json -> /tmp/minio_downloads/1759739667.json
[2025-10-06T17:31:09.319+0000] {logging_mixin.py:188} INFO - Downloaded TSLA/1759739683.json -> /tmp/minio_downloads/1759739683.json
[2025-10-06T17:31:09.325+0000] {logging_mixin.py:188} INFO - Downloaded TSLA/1759739701.json -> /tmp/minio_downloads/1759739701.json
[2025-10-06T17:31:09.333+0000] {logging_mixin.py:188} INFO - Downloaded TSLA/1759739717.json -> /tmp/minio_downloads/1759739717.json
[2025-10-06T17:31:09.340+0000] {logging_mixin.py:188} INFO - Downloaded TSLA/1759739736.json -> /tmp/minio_downloads/1759739736.json
[2025-10-06T17:31:09.347+0000] {logging_mixin.py:188} INFO - Downloaded TSLA/1759739753.json -> /tmp/minio_downloads/1759739753.json
[2025-10-06T17:31:09.354+0000] {logging_mixin.py:188} INFO - Downloaded TSLA/1759739770.json -> /tmp/minio_downloads/1759739770.json
[2025-10-06T17:31:09.360+0000] {logging_mixin.py:188} INFO - Downloaded TSLA/1759739788.json -> /tmp/minio_downloads/1759739788.json
[2025-10-06T17:31:09.367+0000] {logging_mixin.py:188} INFO - Downloaded TSLA/1759739812.json -> /tmp/minio_downloads/1759739812.json
[2025-10-06T17:31:09.373+0000] {logging_mixin.py:188} INFO - Downloaded TSLA/1759739828.json -> /tmp/minio_downloads/1759739828.json
[2025-10-06T17:31:09.381+0000] {logging_mixin.py:188} INFO - Downloaded TSLA/1759739845.json -> /tmp/minio_downloads/1759739845.json
[2025-10-06T17:31:09.387+0000] {logging_mixin.py:188} INFO - Downloaded TSLA/1759739862.json -> /tmp/minio_downloads/1759739862.json
[2025-10-06T17:31:09.394+0000] {logging_mixin.py:188} INFO - Downloaded TSLA/1759739880.json -> /tmp/minio_downloads/1759739880.json
[2025-10-06T17:31:09.402+0000] {logging_mixin.py:188} INFO - Downloaded TSLA/1759739897.json -> /tmp/minio_downloads/1759739897.json
[2025-10-06T17:31:09.408+0000] {logging_mixin.py:188} INFO - Downloaded TSLA/1759739914.json -> /tmp/minio_downloads/1759739914.json
[2025-10-06T17:31:09.416+0000] {logging_mixin.py:188} INFO - Downloaded TSLA/1759739933.json -> /tmp/minio_downloads/1759739933.json
[2025-10-06T17:31:09.422+0000] {logging_mixin.py:188} INFO - Downloaded TSLA/1759739946.json -> /tmp/minio_downloads/1759739946.json
[2025-10-06T17:31:09.430+0000] {logging_mixin.py:188} INFO - Downloaded TSLA/1759739959.json -> /tmp/minio_downloads/1759739959.json
[2025-10-06T17:31:09.437+0000] {logging_mixin.py:188} INFO - Downloaded TSLA/1759739972.json -> /tmp/minio_downloads/1759739972.json
[2025-10-06T17:31:09.443+0000] {logging_mixin.py:188} INFO - Downloaded TSLA/1759739985.json -> /tmp/minio_downloads/1759739985.json
[2025-10-06T17:31:09.451+0000] {logging_mixin.py:188} INFO - Downloaded TSLA/1759739998.json -> /tmp/minio_downloads/1759739998.json
[2025-10-06T17:31:09.458+0000] {logging_mixin.py:188} INFO - Downloaded TSLA/1759740013.json -> /tmp/minio_downloads/1759740013.json
[2025-10-06T17:31:09.466+0000] {logging_mixin.py:188} INFO - Downloaded TSLA/1759740027.json -> /tmp/minio_downloads/1759740027.json
[2025-10-06T17:31:09.472+0000] {logging_mixin.py:188} INFO - Downloaded TSLA/1759740042.json -> /tmp/minio_downloads/1759740042.json
[2025-10-06T17:31:09.479+0000] {logging_mixin.py:188} INFO - Downloaded TSLA/1759740056.json -> /tmp/minio_downloads/1759740056.json
[2025-10-06T17:31:09.485+0000] {logging_mixin.py:188} INFO - Downloaded TSLA/1759740070.json -> /tmp/minio_downloads/1759740070.json
[2025-10-06T17:31:09.492+0000] {logging_mixin.py:188} INFO - Downloaded TSLA/1759740087.json -> /tmp/minio_downloads/1759740087.json
[2025-10-06T17:31:09.500+0000] {logging_mixin.py:188} INFO - Downloaded TSLA/1759740104.json -> /tmp/minio_downloads/1759740104.json
[2025-10-06T17:31:09.507+0000] {logging_mixin.py:188} INFO - Downloaded TSLA/1759740121.json -> /tmp/minio_downloads/1759740121.json
[2025-10-06T17:31:09.514+0000] {logging_mixin.py:188} INFO - Downloaded TSLA/1759740135.json -> /tmp/minio_downloads/1759740135.json
[2025-10-06T17:31:09.521+0000] {logging_mixin.py:188} INFO - Downloaded TSLA/1759740149.json -> /tmp/minio_downloads/1759740149.json
[2025-10-06T17:31:09.528+0000] {logging_mixin.py:188} INFO - Downloaded TSLA/1759740164.json -> /tmp/minio_downloads/1759740164.json
[2025-10-06T17:31:09.536+0000] {logging_mixin.py:188} INFO - Downloaded TSLA/1759740178.json -> /tmp/minio_downloads/1759740178.json
[2025-10-06T17:31:09.542+0000] {logging_mixin.py:188} INFO - Downloaded TSLA/1759740194.json -> /tmp/minio_downloads/1759740194.json
[2025-10-06T17:31:09.550+0000] {logging_mixin.py:188} INFO - Downloaded TSLA/1759740212.json -> /tmp/minio_downloads/1759740212.json
[2025-10-06T17:31:09.551+0000] {python.py:237} INFO - Done. Returned value was: ['/tmp/minio_downloads/1759738383.json', '/tmp/minio_downloads/1759738397.json', '/tmp/minio_downloads/1759738410.json', '/tmp/minio_downloads/1759738431.json', '/tmp/minio_downloads/1759738457.json', '/tmp/minio_downloads/1759738476.json', '/tmp/minio_downloads/1759738494.json', '/tmp/minio_downloads/1759738512.json', '/tmp/minio_downloads/1759738540.json', '/tmp/minio_downloads/1759738577.json', '/tmp/minio_downloads/1759738618.json', '/tmp/minio_downloads/1759738633.json', '/tmp/minio_downloads/1759738648.json', '/tmp/minio_downloads/1759738662.json', '/tmp/minio_downloads/1759738675.json', '/tmp/minio_downloads/1759738689.json', '/tmp/minio_downloads/1759738703.json', '/tmp/minio_downloads/1759738717.json', '/tmp/minio_downloads/1759738732.json', '/tmp/minio_downloads/1759738747.json', '/tmp/minio_downloads/1759738763.json', '/tmp/minio_downloads/1759738778.json', '/tmp/minio_downloads/1759738807.json', '/tmp/minio_downloads/1759738823.json', '/tmp/minio_downloads/1759738840.json', '/tmp/minio_downloads/1759738860.json', '/tmp/minio_downloads/1759738880.json', '/tmp/minio_downloads/1759738897.json', '/tmp/minio_downloads/1759738916.json', '/tmp/minio_downloads/1759738943.json', '/tmp/minio_downloads/1759738959.json', '/tmp/minio_downloads/1759738973.json', '/tmp/minio_downloads/1759738989.json', '/tmp/minio_downloads/1759739009.json', '/tmp/minio_downloads/1759739029.json', '/tmp/minio_downloads/1759739055.json', '/tmp/minio_downloads/1759739075.json', '/tmp/minio_downloads/1759739097.json', '/tmp/minio_downloads/1759739117.json', '/tmp/minio_downloads/1759739134.json', '/tmp/minio_downloads/1759739151.json', '/tmp/minio_downloads/1759739169.json', '/tmp/minio_downloads/1759739187.json', '/tmp/minio_downloads/1759739204.json', '/tmp/minio_downloads/1759739225.json', '/tmp/minio_downloads/1759739242.json', '/tmp/minio_downloads/1759739260.json', '/tmp/minio_downloads/1759739276.json', '/tmp/minio_downloads/1759739290.json', '/tmp/minio_downloads/1759739304.json', '/tmp/minio_downloads/1759739319.json', '/tmp/minio_downloads/1759739333.json', '/tmp/minio_downloads/1759739346.json', '/tmp/minio_downloads/1759739360.json', '/tmp/minio_downloads/1759739375.json', '/tmp/minio_downloads/1759739391.json', '/tmp/minio_downloads/1759739406.json', '/tmp/minio_downloads/1759739425.json', '/tmp/minio_downloads/1759739439.json', '/tmp/minio_downloads/1759739452.json', '/tmp/minio_downloads/1759739468.json', '/tmp/minio_downloads/1759739481.json', '/tmp/minio_downloads/1759739495.json', '/tmp/minio_downloads/1759739513.json', '/tmp/minio_downloads/1759739528.json', '/tmp/minio_downloads/1759739545.json', '/tmp/minio_downloads/1759739561.json', '/tmp/minio_downloads/1759739589.json', '/tmp/minio_downloads/1759739644.json', '/tmp/minio_downloads/1759739662.json', '/tmp/minio_downloads/1759739678.json', '/tmp/minio_downloads/1759739697.json', '/tmp/minio_downloads/1759739713.json', '/tmp/minio_downloads/1759739732.json', '/tmp/minio_downloads/1759739749.json', '/tmp/minio_downloads/1759739765.json', '/tmp/minio_downloads/1759739782.json', '/tmp/minio_downloads/1759739809.json', '/tmp/minio_downloads/1759739824.json', '/tmp/minio_downloads/1759739841.json', '/tmp/minio_downloads/1759739858.json', '/tmp/minio_downloads/1759739874.json', '/tmp/minio_downloads/1759739892.json', '/tmp/minio_downloads/1759739910.json', '/tmp/minio_downloads/1759739931.json', '/tmp/minio_downloads/1759739943.json', '/tmp/minio_downloads/1759739956.json', '/tmp/minio_downloads/1759739969.json', '/tmp/minio_downloads/1759739982.json', '/tmp/minio_downloads/1759739995.json', '/tmp/minio_downloads/1759740011.json', '/tmp/minio_downloads/1759740024.json', '/tmp/minio_downloads/1759740037.json', '/tmp/minio_downloads/1759740053.json', '/tmp/minio_downloads/1759740066.json', '/tmp/minio_downloads/1759740084.json', '/tmp/minio_downloads/1759740099.json', '/tmp/minio_downloads/1759740118.json', '/tmp/minio_downloads/1759740132.json', '/tmp/minio_downloads/1759740145.json', '/tmp/minio_downloads/1759740161.json', '/tmp/minio_downloads/1759740175.json', '/tmp/minio_downloads/1759740189.json', '/tmp/minio_downloads/1759740208.json', '/tmp/minio_downloads/1759738390.json', '/tmp/minio_downloads/1759738403.json', '/tmp/minio_downloads/1759738420.json', '/tmp/minio_downloads/1759738449.json', '/tmp/minio_downloads/1759738469.json', '/tmp/minio_downloads/1759738486.json', '/tmp/minio_downloads/1759738503.json', '/tmp/minio_downloads/1759738523.json', '/tmp/minio_downloads/1759738567.json', '/tmp/minio_downloads/1759738600.json', '/tmp/minio_downloads/1759738625.json', '/tmp/minio_downloads/1759738640.json', '/tmp/minio_downloads/1759738655.json', '/tmp/minio_downloads/1759738668.json', '/tmp/minio_downloads/1759738681.json', '/tmp/minio_downloads/1759738696.json', '/tmp/minio_downloads/1759738709.json', '/tmp/minio_downloads/1759738724.json', '/tmp/minio_downloads/1759738739.json', '/tmp/minio_downloads/1759738755.json', '/tmp/minio_downloads/1759738771.json', '/tmp/minio_downloads/1759738798.json', '/tmp/minio_downloads/1759738815.json', '/tmp/minio_downloads/1759738832.json', '/tmp/minio_downloads/1759738851.json', '/tmp/minio_downloads/1759738872.json', '/tmp/minio_downloads/1759738887.json', '/tmp/minio_downloads/1759738906.json', '/tmp/minio_downloads/1759738934.json', '/tmp/minio_downloads/1759738951.json', '/tmp/minio_downloads/1759738965.json', '/tmp/minio_downloads/1759738981.json', '/tmp/minio_downloads/1759738999.json', '/tmp/minio_downloads/1759739021.json', '/tmp/minio_downloads/1759739045.json', '/tmp/minio_downloads/1759739067.json', '/tmp/minio_downloads/1759739087.json', '/tmp/minio_downloads/1759739108.json', '/tmp/minio_downloads/1759739126.json', '/tmp/minio_downloads/1759739143.json', '/tmp/minio_downloads/1759739159.json', '/tmp/minio_downloads/1759739178.json', '/tmp/minio_downloads/1759739195.json', '/tmp/minio_downloads/1759739215.json', '/tmp/minio_downloads/1759739234.json', '/tmp/minio_downloads/1759739252.json', '/tmp/minio_downloads/1759739268.json', '/tmp/minio_downloads/1759739282.json', '/tmp/minio_downloads/1759739296.json', '/tmp/minio_downloads/1759739311.json', '/tmp/minio_downloads/1759739325.json', '/tmp/minio_downloads/1759739339.json', '/tmp/minio_downloads/1759739352.json', '/tmp/minio_downloads/1759739366.json', '/tmp/minio_downloads/1759739383.json', '/tmp/minio_downloads/1759739397.json', '/tmp/minio_downloads/1759739418.json', '/tmp/minio_downloads/1759739431.json', '/tmp/minio_downloads/1759739445.json', '/tmp/minio_downloads/1759739459.json', '/tmp/minio_downloads/1759739473.json', '/tmp/minio_downloads/1759739487.json', '/tmp/minio_downloads/1759739504.json', '/tmp/minio_downloads/1759739520.json', '/tmp/minio_downloads/1759739537.json', '/tmp/minio_downloads/1759739553.json', '/tmp/minio_downloads/1759739581.json', '/tmp/minio_downloads/1759739597.json', '/tmp/minio_downloads/1759739636.json', '/tmp/minio_downloads/1759739653.json', '/tmp/minio_downloads/1759739670.json', '/tmp/minio_downloads/1759739688.json', '/tmp/minio_downloads/1759739705.json', '/tmp/minio_downloads/1759739724.json', '/tmp/minio_downloads/1759739740.json', '/tmp/minio_downloads/1759739757.json', '/tmp/minio_downloads/1759739774.json', '/tmp/minio_downloads/1759739800.json', '/tmp/minio_downloads/1759739816.json', '/tmp/minio_downloads/1759739833.json', '/tmp/minio_downloads/1759739849.json', '/tmp/minio_downloads/1759739866.json', '/tmp/minio_downloads/1759739884.json', '/tmp/minio_downloads/1759739901.json', '/tmp/minio_downloads/1759739923.json', '/tmp/minio_downloads/1759739936.json', '/tmp/minio_downloads/1759739948.json', '/tmp/minio_downloads/1759739962.json', '/tmp/minio_downloads/1759739975.json', '/tmp/minio_downloads/1759739988.json', '/tmp/minio_downloads/1759740003.json', '/tmp/minio_downloads/1759740016.json', '/tmp/minio_downloads/1759740029.json', '/tmp/minio_downloads/1759740044.json', '/tmp/minio_downloads/1759740058.json', '/tmp/minio_downloads/1759740073.json', '/tmp/minio_downloads/1759740092.json', '/tmp/minio_downloads/1759740111.json', '/tmp/minio_downloads/1759740125.json', '/tmp/minio_downloads/1759740138.json', '/tmp/minio_downloads/1759740153.json', '/tmp/minio_downloads/1759740167.json', '/tmp/minio_downloads/1759740181.json', '/tmp/minio_downloads/1759740199.json', '/tmp/minio_downloads/1759740217.json', '/tmp/minio_downloads/1759738388.json', '/tmp/minio_downloads/1759738401.json', '/tmp/minio_downloads/1759738414.json', '/tmp/minio_downloads/1759738445.json', '/tmp/minio_downloads/1759738466.json', '/tmp/minio_downloads/1759738482.json', '/tmp/minio_downloads/1759738501.json', '/tmp/minio_downloads/1759738519.json', '/tmp/minio_downloads/1759738562.json', '/tmp/minio_downloads/1759738598.json', '/tmp/minio_downloads/1759738623.json', '/tmp/minio_downloads/1759738638.json', '/tmp/minio_downloads/1759738653.json', '/tmp/minio_downloads/1759738666.json', '/tmp/minio_downloads/1759738679.json', '/tmp/minio_downloads/1759738695.json', '/tmp/minio_downloads/1759738708.json', '/tmp/minio_downloads/1759738722.json', '/tmp/minio_downloads/1759738737.json', '/tmp/minio_downloads/1759738753.json', '/tmp/minio_downloads/1759738769.json', '/tmp/minio_downloads/1759738784.json', '/tmp/minio_downloads/1759738813.json', '/tmp/minio_downloads/1759738828.json', '/tmp/minio_downloads/1759738849.json', '/tmp/minio_downloads/1759738869.json', '/tmp/minio_downloads/1759738886.json', '/tmp/minio_downloads/1759738905.json', '/tmp/minio_downloads/1759738931.json', '/tmp/minio_downloads/1759738949.json', '/tmp/minio_downloads/1759738963.json', '/tmp/minio_downloads/1759738979.json', '/tmp/minio_downloads/1759738997.json', '/tmp/minio_downloads/1759739019.json', '/tmp/minio_downloads/1759739042.json', '/tmp/minio_downloads/1759739062.json', '/tmp/minio_downloads/1759739085.json', '/tmp/minio_downloads/1759739104.json', '/tmp/minio_downloads/1759739124.json', '/tmp/minio_downloads/1759739140.json', '/tmp/minio_downloads/1759739157.json', '/tmp/minio_downloads/1759739176.json', '/tmp/minio_downloads/1759739193.json', '/tmp/minio_downloads/1759739211.json', '/tmp/minio_downloads/1759739231.json', '/tmp/minio_downloads/1759739250.json', '/tmp/minio_downloads/1759739266.json', '/tmp/minio_downloads/1759739280.json', '/tmp/minio_downloads/1759739295.json', '/tmp/minio_downloads/1759739309.json', '/tmp/minio_downloads/1759739324.json', '/tmp/minio_downloads/1759739337.json', '/tmp/minio_downloads/1759739351.json', '/tmp/minio_downloads/1759739364.json', '/tmp/minio_downloads/1759739380.json', '/tmp/minio_downloads/1759739395.json', '/tmp/minio_downloads/1759739416.json', '/tmp/minio_downloads/1759739430.json', '/tmp/minio_downloads/1759739443.json', '/tmp/minio_downloads/1759739457.json', '/tmp/minio_downloads/1759739472.json', '/tmp/minio_downloads/1759739485.json', '/tmp/minio_downloads/1759739502.json', '/tmp/minio_downloads/1759739519.json', '/tmp/minio_downloads/1759739534.json', '/tmp/minio_downloads/1759739551.json', '/tmp/minio_downloads/1759739578.json', '/tmp/minio_downloads/1759739594.json', '/tmp/minio_downloads/1759739634.json', '/tmp/minio_downloads/1759739650.json', '/tmp/minio_downloads/1759739668.json', '/tmp/minio_downloads/1759739685.json', '/tmp/minio_downloads/1759739703.json', '/tmp/minio_downloads/1759739719.json', '/tmp/minio_downloads/1759739738.json', '/tmp/minio_downloads/1759739755.json', '/tmp/minio_downloads/1759739772.json', '/tmp/minio_downloads/1759739793.json', '/tmp/minio_downloads/1759739814.json', '/tmp/minio_downloads/1759739830.json', '/tmp/minio_downloads/1759739847.json', '/tmp/minio_downloads/1759739864.json', '/tmp/minio_downloads/1759739882.json', '/tmp/minio_downloads/1759739899.json', '/tmp/minio_downloads/1759739921.json', '/tmp/minio_downloads/1759739935.json', '/tmp/minio_downloads/1759739947.json', '/tmp/minio_downloads/1759739961.json', '/tmp/minio_downloads/1759739974.json', '/tmp/minio_downloads/1759739986.json', '/tmp/minio_downloads/1759740001.json', '/tmp/minio_downloads/1759740015.json', '/tmp/minio_downloads/1759740028.json', '/tmp/minio_downloads/1759740043.json', '/tmp/minio_downloads/1759740057.json', '/tmp/minio_downloads/1759740072.json', '/tmp/minio_downloads/1759740089.json', '/tmp/minio_downloads/1759740106.json', '/tmp/minio_downloads/1759740123.json', '/tmp/minio_downloads/1759740136.json', '/tmp/minio_downloads/1759740151.json', '/tmp/minio_downloads/1759740165.json', '/tmp/minio_downloads/1759740179.json', '/tmp/minio_downloads/1759740196.json', '/tmp/minio_downloads/1759740214.json', '/tmp/minio_downloads/1759738384.json', '/tmp/minio_downloads/1759738399.json', '/tmp/minio_downloads/1759738411.json', '/tmp/minio_downloads/1759738435.json', '/tmp/minio_downloads/1759738459.json', '/tmp/minio_downloads/1759738479.json', '/tmp/minio_downloads/1759738496.json', '/tmp/minio_downloads/1759738513.json', '/tmp/minio_downloads/1759738591.json', '/tmp/minio_downloads/1759738620.json', '/tmp/minio_downloads/1759738634.json', '/tmp/minio_downloads/1759738650.json', '/tmp/minio_downloads/1759738664.json', '/tmp/minio_downloads/1759738677.json', '/tmp/minio_downloads/1759738692.json', '/tmp/minio_downloads/1759738705.json', '/tmp/minio_downloads/1759738719.json', '/tmp/minio_downloads/1759738734.json', '/tmp/minio_downloads/1759738749.json', '/tmp/minio_downloads/1759738765.json', '/tmp/minio_downloads/1759738780.json', '/tmp/minio_downloads/1759738809.json', '/tmp/minio_downloads/1759738825.json', '/tmp/minio_downloads/1759738842.json', '/tmp/minio_downloads/1759738863.json', '/tmp/minio_downloads/1759738882.json', '/tmp/minio_downloads/1759738900.json', '/tmp/minio_downloads/1759738918.json', '/tmp/minio_downloads/1759738945.json', '/tmp/minio_downloads/1759738960.json', '/tmp/minio_downloads/1759738975.json', '/tmp/minio_downloads/1759738991.json', '/tmp/minio_downloads/1759739010.json', '/tmp/minio_downloads/1759739034.json', '/tmp/minio_downloads/1759739058.json', '/tmp/minio_downloads/1759739080.json', '/tmp/minio_downloads/1759739099.json', '/tmp/minio_downloads/1759739119.json', '/tmp/minio_downloads/1759739136.json', '/tmp/minio_downloads/1759739153.json', '/tmp/minio_downloads/1759739171.json', '/tmp/minio_downloads/1759739189.json', '/tmp/minio_downloads/1759739207.json', '/tmp/minio_downloads/1759739227.json', '/tmp/minio_downloads/1759739245.json', '/tmp/minio_downloads/1759739262.json', '/tmp/minio_downloads/1759739277.json', '/tmp/minio_downloads/1759739292.json', '/tmp/minio_downloads/1759739306.json', '/tmp/minio_downloads/1759739320.json', '/tmp/minio_downloads/1759739334.json', '/tmp/minio_downloads/1759739348.json', '/tmp/minio_downloads/1759739361.json', '/tmp/minio_downloads/1759739376.json', '/tmp/minio_downloads/1759739392.json', '/tmp/minio_downloads/1759739412.json', '/tmp/minio_downloads/1759739427.json', '/tmp/minio_downloads/1759739440.json', '/tmp/minio_downloads/1759739454.json', '/tmp/minio_downloads/1759739470.json', '/tmp/minio_downloads/1759739482.json', '/tmp/minio_downloads/1759739498.json', '/tmp/minio_downloads/1759739515.json', '/tmp/minio_downloads/1759739530.json', '/tmp/minio_downloads/1759739547.json', '/tmp/minio_downloads/1759739563.json', '/tmp/minio_downloads/1759739591.json', '/tmp/minio_downloads/1759739623.json', '/tmp/minio_downloads/1759739646.json', '/tmp/minio_downloads/1759739665.json', '/tmp/minio_downloads/1759739681.json', '/tmp/minio_downloads/1759739699.json', '/tmp/minio_downloads/1759739715.json', '/tmp/minio_downloads/1759739734.json', '/tmp/minio_downloads/1759739751.json', '/tmp/minio_downloads/1759739768.json', '/tmp/minio_downloads/1759739785.json', '/tmp/minio_downloads/1759739811.json', '/tmp/minio_downloads/1759739826.json', '/tmp/minio_downloads/1759739843.json', '/tmp/minio_downloads/1759739860.json', '/tmp/minio_downloads/1759739878.json', '/tmp/minio_downloads/1759739895.json', '/tmp/minio_downloads/1759739912.json', '/tmp/minio_downloads/1759739932.json', '/tmp/minio_downloads/1759739945.json', '/tmp/minio_downloads/1759739957.json', '/tmp/minio_downloads/1759739971.json', '/tmp/minio_downloads/1759739984.json', '/tmp/minio_downloads/1759739996.json', '/tmp/minio_downloads/1759740012.json', '/tmp/minio_downloads/1759740025.json', '/tmp/minio_downloads/1759740040.json', '/tmp/minio_downloads/1759740054.json', '/tmp/minio_downloads/1759740068.json', '/tmp/minio_downloads/1759740085.json', '/tmp/minio_downloads/1759740101.json', '/tmp/minio_downloads/1759740120.json', '/tmp/minio_downloads/1759740134.json', '/tmp/minio_downloads/1759740147.json', '/tmp/minio_downloads/1759740162.json', '/tmp/minio_downloads/1759740177.json', '/tmp/minio_downloads/1759740191.json', '/tmp/minio_downloads/1759740210.json', '/tmp/minio_downloads/1759738386.json', '/tmp/minio_downloads/1759738400.json', '/tmp/minio_downloads/1759738413.json', '/tmp/minio_downloads/1759738441.json', '/tmp/minio_downloads/1759738463.json', '/tmp/minio_downloads/1759738480.json', '/tmp/minio_downloads/1759738498.json', '/tmp/minio_downloads/1759738515.json', '/tmp/minio_downloads/1759738559.json', '/tmp/minio_downloads/1759738595.json', '/tmp/minio_downloads/1759738622.json', '/tmp/minio_downloads/1759738636.json', '/tmp/minio_downloads/1759738651.json', '/tmp/minio_downloads/1759738665.json', '/tmp/minio_downloads/1759738678.json', '/tmp/minio_downloads/1759738693.json', '/tmp/minio_downloads/1759738706.json', '/tmp/minio_downloads/1759738720.json', '/tmp/minio_downloads/1759738735.json', '/tmp/minio_downloads/1759738751.json', '/tmp/minio_downloads/1759738767.json', '/tmp/minio_downloads/1759738782.json', '/tmp/minio_downloads/1759738811.json', '/tmp/minio_downloads/1759738826.json', '/tmp/minio_downloads/1759738844.json', '/tmp/minio_downloads/1759738865.json', '/tmp/minio_downloads/1759738884.json', '/tmp/minio_downloads/1759738901.json', '/tmp/minio_downloads/1759738927.json', '/tmp/minio_downloads/1759738947.json', '/tmp/minio_downloads/1759738962.json', '/tmp/minio_downloads/1759738977.json', '/tmp/minio_downloads/1759738994.json', '/tmp/minio_downloads/1759739014.json', '/tmp/minio_downloads/1759739039.json', '/tmp/minio_downloads/1759739060.json', '/tmp/minio_downloads/1759739082.json', '/tmp/minio_downloads/1759739102.json', '/tmp/minio_downloads/1759739121.json', '/tmp/minio_downloads/1759739138.json', '/tmp/minio_downloads/1759739155.json', '/tmp/minio_downloads/1759739174.json', '/tmp/minio_downloads/1759739191.json', '/tmp/minio_downloads/1759739209.json', '/tmp/minio_downloads/1759739229.json', '/tmp/minio_downloads/1759739247.json', '/tmp/minio_downloads/1759739264.json', '/tmp/minio_downloads/1759739279.json', '/tmp/minio_downloads/1759739293.json', '/tmp/minio_downloads/1759739308.json', '/tmp/minio_downloads/1759739322.json', '/tmp/minio_downloads/1759739336.json', '/tmp/minio_downloads/1759739349.json', '/tmp/minio_downloads/1759739363.json', '/tmp/minio_downloads/1759739379.json', '/tmp/minio_downloads/1759739394.json', '/tmp/minio_downloads/1759739415.json', '/tmp/minio_downloads/1759739428.json', '/tmp/minio_downloads/1759739442.json', '/tmp/minio_downloads/1759739455.json', '/tmp/minio_downloads/1759739471.json', '/tmp/minio_downloads/1759739484.json', '/tmp/minio_downloads/1759739500.json', '/tmp/minio_downloads/1759739516.json', '/tmp/minio_downloads/1759739532.json', '/tmp/minio_downloads/1759739549.json', '/tmp/minio_downloads/1759739565.json', '/tmp/minio_downloads/1759739593.json', '/tmp/minio_downloads/1759739631.json', '/tmp/minio_downloads/1759739649.json', '/tmp/minio_downloads/1759739667.json', '/tmp/minio_downloads/1759739683.json', '/tmp/minio_downloads/1759739701.json', '/tmp/minio_downloads/1759739717.json', '/tmp/minio_downloads/1759739736.json', '/tmp/minio_downloads/1759739753.json', '/tmp/minio_downloads/1759739770.json', '/tmp/minio_downloads/1759739788.json', '/tmp/minio_downloads/1759739812.json', '/tmp/minio_downloads/1759739828.json', '/tmp/minio_downloads/1759739845.json', '/tmp/minio_downloads/1759739862.json', '/tmp/minio_downloads/1759739880.json', '/tmp/minio_downloads/1759739897.json', '/tmp/minio_downloads/1759739914.json', '/tmp/minio_downloads/1759739933.json', '/tmp/minio_downloads/1759739946.json', '/tmp/minio_downloads/1759739959.json', '/tmp/minio_downloads/1759739972.json', '/tmp/minio_downloads/1759739985.json', '/tmp/minio_downloads/1759739998.json', '/tmp/minio_downloads/1759740013.json', '/tmp/minio_downloads/1759740027.json', '/tmp/minio_downloads/1759740042.json', '/tmp/minio_downloads/1759740056.json', '/tmp/minio_downloads/1759740070.json', '/tmp/minio_downloads/1759740087.json', '/tmp/minio_downloads/1759740104.json', '/tmp/minio_downloads/1759740121.json', '/tmp/minio_downloads/1759740135.json', '/tmp/minio_downloads/1759740149.json', '/tmp/minio_downloads/1759740164.json', '/tmp/minio_downloads/1759740178.json', '/tmp/minio_downloads/1759740194.json', '/tmp/minio_downloads/1759740212.json']
[2025-10-06T17:31:09.553+0000] {taskinstance.py:441} INFO - ::group::Post task execution logs
[2025-10-06T17:31:09.582+0000] {taskinstance.py:1206} INFO - Marking task as SUCCESS. dag_id=minio_to_snowflake, task_id=download_minio, run_id=scheduled__2025-10-06T17:30:00+00:00, execution_date=20251006T173000, start_date=20251006T173104, end_date=20251006T173109
[2025-10-06T17:31:09.607+0000] {local_task_job_runner.py:243} INFO - Task exited with return code 0
[2025-10-06T17:31:09.625+0000] {taskinstance.py:3503} INFO - 1 downstream tasks scheduled from follow-on schedule check
[2025-10-06T17:31:09.628+0000] {local_task_job_runner.py:222} INFO - ::endgroup::
