[2025-10-07T10:14:28.616+0000] {local_task_job_runner.py:120} INFO - ::group::Pre task execution logs
[2025-10-07T10:14:28.645+0000] {taskinstance.py:2076} INFO - Dependencies all met for dep_context=non-requeueable deps ti=<TaskInstance: minio_to_snowflake.download_minio scheduled__2025-10-07T10:13:00+00:00 [queued]>
[2025-10-07T10:14:28.654+0000] {taskinstance.py:2076} INFO - Dependencies all met for dep_context=requeueable deps ti=<TaskInstance: minio_to_snowflake.download_minio scheduled__2025-10-07T10:13:00+00:00 [queued]>
[2025-10-07T10:14:28.655+0000] {taskinstance.py:2306} INFO - Starting attempt 1 of 2
[2025-10-07T10:14:28.668+0000] {taskinstance.py:2330} INFO - Executing <Task(PythonOperator): download_minio> on 2025-10-07 10:13:00+00:00
[2025-10-07T10:14:28.677+0000] {standard_task_runner.py:90} INFO - Running: ['***', 'tasks', 'run', 'minio_to_snowflake', 'download_minio', 'scheduled__2025-10-07T10:13:00+00:00', '--job-id', '2', '--raw', '--subdir', 'DAGS_FOLDER/minio_to_snowflake.py', '--cfg-path', '/tmp/tmpend67tqt']
[2025-10-07T10:14:28.680+0000] {standard_task_runner.py:91} INFO - Job 2: Subtask download_minio
[2025-10-07T10:14:28.680+0000] {logging_mixin.py:188} WARNING - /home/***/.local/lib/python3.12/site-packages/***/task/task_runner/standard_task_runner.py:62 DeprecationWarning: This process (pid=244) is multi-threaded, use of fork() may lead to deadlocks in the child.
[2025-10-07T10:14:28.681+0000] {standard_task_runner.py:64} INFO - Started process 254 to run task
[2025-10-07T10:14:28.757+0000] {task_command.py:426} INFO - Running <TaskInstance: minio_to_snowflake.download_minio scheduled__2025-10-07T10:13:00+00:00 [running]> on host 1a1020fea0b2
[2025-10-07T10:14:28.846+0000] {taskinstance.py:2648} INFO - Exporting env vars: AIRFLOW_CTX_DAG_OWNER='***' AIRFLOW_CTX_DAG_ID='minio_to_snowflake' AIRFLOW_CTX_TASK_ID='download_minio' AIRFLOW_CTX_EXECUTION_DATE='2025-10-07T10:13:00+00:00' AIRFLOW_CTX_TRY_NUMBER='1' AIRFLOW_CTX_DAG_RUN_ID='scheduled__2025-10-07T10:13:00+00:00'
[2025-10-07T10:14:28.848+0000] {taskinstance.py:430} INFO - ::endgroup::
[2025-10-07T10:14:29.289+0000] {logging_mixin.py:188} INFO - Downloaded AAPL/1759829917.json -> /tmp/minio_downloads/1759829917.json
[2025-10-07T10:14:29.296+0000] {logging_mixin.py:188} INFO - Downloaded AAPL/1759829930.json -> /tmp/minio_downloads/1759829930.json
[2025-10-07T10:14:29.303+0000] {logging_mixin.py:188} INFO - Downloaded AAPL/1759829942.json -> /tmp/minio_downloads/1759829942.json
[2025-10-07T10:14:29.310+0000] {logging_mixin.py:188} INFO - Downloaded AAPL/1759829955.json -> /tmp/minio_downloads/1759829955.json
[2025-10-07T10:14:29.316+0000] {logging_mixin.py:188} INFO - Downloaded AAPL/1759829968.json -> /tmp/minio_downloads/1759829968.json
[2025-10-07T10:14:29.324+0000] {logging_mixin.py:188} INFO - Downloaded AAPL/1759829981.json -> /tmp/minio_downloads/1759829981.json
[2025-10-07T10:14:29.330+0000] {logging_mixin.py:188} INFO - Downloaded AAPL/1759829994.json -> /tmp/minio_downloads/1759829994.json
[2025-10-07T10:14:29.337+0000] {logging_mixin.py:188} INFO - Downloaded AAPL/1759830008.json -> /tmp/minio_downloads/1759830008.json
[2025-10-07T10:14:29.344+0000] {logging_mixin.py:188} INFO - Downloaded AAPL/1759830021.json -> /tmp/minio_downloads/1759830021.json
[2025-10-07T10:14:29.350+0000] {logging_mixin.py:188} INFO - Downloaded AAPL/1759830034.json -> /tmp/minio_downloads/1759830034.json
[2025-10-07T10:14:29.359+0000] {logging_mixin.py:188} INFO - Downloaded AAPL/1759830047.json -> /tmp/minio_downloads/1759830047.json
[2025-10-07T10:14:29.365+0000] {logging_mixin.py:188} INFO - Downloaded AAPL/1759830060.json -> /tmp/minio_downloads/1759830060.json
[2025-10-07T10:14:29.372+0000] {logging_mixin.py:188} INFO - Downloaded AAPL/1759830072.json -> /tmp/minio_downloads/1759830072.json
[2025-10-07T10:14:29.380+0000] {logging_mixin.py:188} INFO - Downloaded AAPL/1759830085.json -> /tmp/minio_downloads/1759830085.json
[2025-10-07T10:14:29.387+0000] {logging_mixin.py:188} INFO - Downloaded AAPL/1759830098.json -> /tmp/minio_downloads/1759830098.json
[2025-10-07T10:14:29.393+0000] {logging_mixin.py:188} INFO - Downloaded AAPL/1759830112.json -> /tmp/minio_downloads/1759830112.json
[2025-10-07T10:14:29.400+0000] {logging_mixin.py:188} INFO - Downloaded AAPL/1759830125.json -> /tmp/minio_downloads/1759830125.json
[2025-10-07T10:14:29.407+0000] {logging_mixin.py:188} INFO - Downloaded AAPL/1759830137.json -> /tmp/minio_downloads/1759830137.json
[2025-10-07T10:14:29.414+0000] {logging_mixin.py:188} INFO - Downloaded AAPL/1759830150.json -> /tmp/minio_downloads/1759830150.json
[2025-10-07T10:14:29.422+0000] {logging_mixin.py:188} INFO - Downloaded AAPL/1759830164.json -> /tmp/minio_downloads/1759830164.json
[2025-10-07T10:14:29.429+0000] {logging_mixin.py:188} INFO - Downloaded AAPL/1759830177.json -> /tmp/minio_downloads/1759830177.json
[2025-10-07T10:14:29.436+0000] {logging_mixin.py:188} INFO - Downloaded AAPL/1759830191.json -> /tmp/minio_downloads/1759830191.json
[2025-10-07T10:14:29.442+0000] {logging_mixin.py:188} INFO - Downloaded AAPL/1759830204.json -> /tmp/minio_downloads/1759830204.json
[2025-10-07T10:14:29.449+0000] {logging_mixin.py:188} INFO - Downloaded AAPL/1759830218.json -> /tmp/minio_downloads/1759830218.json
[2025-10-07T10:14:29.458+0000] {logging_mixin.py:188} INFO - Downloaded AAPL/1759830233.json -> /tmp/minio_downloads/1759830233.json
[2025-10-07T10:14:29.465+0000] {logging_mixin.py:188} INFO - Downloaded AAPL/1759830246.json -> /tmp/minio_downloads/1759830246.json
[2025-10-07T10:14:29.472+0000] {logging_mixin.py:188} INFO - Downloaded AAPL/1759830259.json -> /tmp/minio_downloads/1759830259.json
[2025-10-07T10:14:29.478+0000] {logging_mixin.py:188} INFO - Downloaded AAPL/1759830273.json -> /tmp/minio_downloads/1759830273.json
[2025-10-07T10:14:29.485+0000] {logging_mixin.py:188} INFO - Downloaded AAPL/1759830288.json -> /tmp/minio_downloads/1759830288.json
[2025-10-07T10:14:29.492+0000] {logging_mixin.py:188} INFO - Downloaded AAPL/1759830303.json -> /tmp/minio_downloads/1759830303.json
[2025-10-07T10:14:29.498+0000] {logging_mixin.py:188} INFO - Downloaded AAPL/1759830317.json -> /tmp/minio_downloads/1759830317.json
[2025-10-07T10:14:29.505+0000] {logging_mixin.py:188} INFO - Downloaded AAPL/1759830332.json -> /tmp/minio_downloads/1759830332.json
[2025-10-07T10:14:29.511+0000] {logging_mixin.py:188} INFO - Downloaded AAPL/1759830345.json -> /tmp/minio_downloads/1759830345.json
[2025-10-07T10:14:29.518+0000] {logging_mixin.py:188} INFO - Downloaded AAPL/1759830358.json -> /tmp/minio_downloads/1759830358.json
[2025-10-07T10:14:29.524+0000] {logging_mixin.py:188} INFO - Downloaded AAPL/1759830372.json -> /tmp/minio_downloads/1759830372.json
[2025-10-07T10:14:29.531+0000] {logging_mixin.py:188} INFO - Downloaded AAPL/1759830385.json -> /tmp/minio_downloads/1759830385.json
[2025-10-07T10:14:29.537+0000] {logging_mixin.py:188} INFO - Downloaded AAPL/1759830398.json -> /tmp/minio_downloads/1759830398.json
[2025-10-07T10:14:29.544+0000] {logging_mixin.py:188} INFO - Downloaded AAPL/1759830411.json -> /tmp/minio_downloads/1759830411.json
[2025-10-07T10:14:29.551+0000] {logging_mixin.py:188} INFO - Downloaded AAPL/1759830425.json -> /tmp/minio_downloads/1759830425.json
[2025-10-07T10:14:29.557+0000] {logging_mixin.py:188} INFO - Downloaded AAPL/1759830439.json -> /tmp/minio_downloads/1759830439.json
[2025-10-07T10:14:29.564+0000] {logging_mixin.py:188} INFO - Downloaded AAPL/1759830452.json -> /tmp/minio_downloads/1759830452.json
[2025-10-07T10:14:29.571+0000] {logging_mixin.py:188} INFO - Downloaded AAPL/1759830466.json -> /tmp/minio_downloads/1759830466.json
[2025-10-07T10:14:29.578+0000] {logging_mixin.py:188} INFO - Downloaded AAPL/1759830480.json -> /tmp/minio_downloads/1759830480.json
[2025-10-07T10:14:29.585+0000] {logging_mixin.py:188} INFO - Downloaded AAPL/1759830494.json -> /tmp/minio_downloads/1759830494.json
[2025-10-07T10:14:29.592+0000] {logging_mixin.py:188} INFO - Downloaded AAPL/1759830508.json -> /tmp/minio_downloads/1759830508.json
[2025-10-07T10:14:29.600+0000] {logging_mixin.py:188} INFO - Downloaded AAPL/1759830524.json -> /tmp/minio_downloads/1759830524.json
[2025-10-07T10:14:29.608+0000] {logging_mixin.py:188} INFO - Downloaded AAPL/1759830538.json -> /tmp/minio_downloads/1759830538.json
[2025-10-07T10:14:29.615+0000] {logging_mixin.py:188} INFO - Downloaded AAPL/1759830552.json -> /tmp/minio_downloads/1759830552.json
[2025-10-07T10:14:29.622+0000] {logging_mixin.py:188} INFO - Downloaded AAPL/1759830566.json -> /tmp/minio_downloads/1759830566.json
[2025-10-07T10:14:29.629+0000] {logging_mixin.py:188} INFO - Downloaded AAPL/1759830583.json -> /tmp/minio_downloads/1759830583.json
[2025-10-07T10:14:29.636+0000] {logging_mixin.py:188} INFO - Downloaded AAPL/1759830598.json -> /tmp/minio_downloads/1759830598.json
[2025-10-07T10:14:29.642+0000] {logging_mixin.py:188} INFO - Downloaded AAPL/1759830610.json -> /tmp/minio_downloads/1759830610.json
[2025-10-07T10:14:29.649+0000] {logging_mixin.py:188} INFO - Downloaded AAPL/1759830627.json -> /tmp/minio_downloads/1759830627.json
[2025-10-07T10:14:29.656+0000] {logging_mixin.py:188} INFO - Downloaded AAPL/1759830640.json -> /tmp/minio_downloads/1759830640.json
[2025-10-07T10:14:29.663+0000] {logging_mixin.py:188} INFO - Downloaded AAPL/1759830661.json -> /tmp/minio_downloads/1759830661.json
[2025-10-07T10:14:29.670+0000] {logging_mixin.py:188} INFO - Downloaded AAPL/1759830684.json -> /tmp/minio_downloads/1759830684.json
[2025-10-07T10:14:29.676+0000] {logging_mixin.py:188} INFO - Downloaded AAPL/1759830705.json -> /tmp/minio_downloads/1759830705.json
[2025-10-07T10:14:29.683+0000] {logging_mixin.py:188} INFO - Downloaded AAPL/1759830722.json -> /tmp/minio_downloads/1759830722.json
[2025-10-07T10:14:29.690+0000] {logging_mixin.py:188} INFO - Downloaded AAPL/1759830735.json -> /tmp/minio_downloads/1759830735.json
[2025-10-07T10:14:29.697+0000] {logging_mixin.py:188} INFO - Downloaded AAPL/1759830750.json -> /tmp/minio_downloads/1759830750.json
[2025-10-07T10:14:29.704+0000] {logging_mixin.py:188} INFO - Downloaded AAPL/1759830767.json -> /tmp/minio_downloads/1759830767.json
[2025-10-07T10:14:29.710+0000] {logging_mixin.py:188} INFO - Downloaded AAPL/1759830784.json -> /tmp/minio_downloads/1759830784.json
[2025-10-07T10:14:29.717+0000] {logging_mixin.py:188} INFO - Downloaded AAPL/1759830829.json -> /tmp/minio_downloads/1759830829.json
[2025-10-07T10:14:29.724+0000] {logging_mixin.py:188} INFO - Downloaded AAPL/1759830843.json -> /tmp/minio_downloads/1759830843.json
[2025-10-07T10:14:29.730+0000] {logging_mixin.py:188} INFO - Downloaded AAPL/1759830858.json -> /tmp/minio_downloads/1759830858.json
[2025-10-07T10:14:29.737+0000] {logging_mixin.py:188} INFO - Downloaded AAPL/1759830901.json -> /tmp/minio_downloads/1759830901.json
[2025-10-07T10:14:29.743+0000] {logging_mixin.py:188} INFO - Downloaded AAPL/1759830914.json -> /tmp/minio_downloads/1759830914.json
[2025-10-07T10:14:29.750+0000] {logging_mixin.py:188} INFO - Downloaded AAPL/1759830995.json -> /tmp/minio_downloads/1759830995.json
[2025-10-07T10:14:29.756+0000] {logging_mixin.py:188} INFO - Downloaded AAPL/1759831014.json -> /tmp/minio_downloads/1759831014.json
[2025-10-07T10:14:29.763+0000] {logging_mixin.py:188} INFO - Downloaded AAPL/1759831054.json -> /tmp/minio_downloads/1759831054.json
[2025-10-07T10:14:29.770+0000] {logging_mixin.py:188} INFO - Downloaded AAPL/1759831090.json -> /tmp/minio_downloads/1759831090.json
[2025-10-07T10:14:29.777+0000] {logging_mixin.py:188} INFO - Downloaded AAPL/1759831106.json -> /tmp/minio_downloads/1759831106.json
[2025-10-07T10:14:29.784+0000] {logging_mixin.py:188} INFO - Downloaded AAPL/1759831120.json -> /tmp/minio_downloads/1759831120.json
[2025-10-07T10:14:29.790+0000] {logging_mixin.py:188} INFO - Downloaded AAPL/1759831135.json -> /tmp/minio_downloads/1759831135.json
[2025-10-07T10:14:29.797+0000] {logging_mixin.py:188} INFO - Downloaded AAPL/1759831174.json -> /tmp/minio_downloads/1759831174.json
[2025-10-07T10:14:29.803+0000] {logging_mixin.py:188} INFO - Downloaded AAPL/1759831209.json -> /tmp/minio_downloads/1759831209.json
[2025-10-07T10:14:29.810+0000] {logging_mixin.py:188} INFO - Downloaded AAPL/1759831248.json -> /tmp/minio_downloads/1759831248.json
[2025-10-07T10:14:29.816+0000] {logging_mixin.py:188} INFO - Downloaded AAPL/1759831327.json -> /tmp/minio_downloads/1759831327.json
[2025-10-07T10:14:29.823+0000] {logging_mixin.py:188} INFO - Downloaded AAPL/1759831463.json -> /tmp/minio_downloads/1759831463.json
[2025-10-07T10:14:29.829+0000] {logging_mixin.py:188} INFO - Downloaded AAPL/1759831488.json -> /tmp/minio_downloads/1759831488.json
[2025-10-07T10:14:29.836+0000] {logging_mixin.py:188} INFO - Downloaded AAPL/1759831509.json -> /tmp/minio_downloads/1759831509.json
[2025-10-07T10:14:29.843+0000] {logging_mixin.py:188} INFO - Downloaded AAPL/1759831536.json -> /tmp/minio_downloads/1759831536.json
[2025-10-07T10:14:29.849+0000] {logging_mixin.py:188} INFO - Downloaded AAPL/1759831554.json -> /tmp/minio_downloads/1759831554.json
[2025-10-07T10:14:29.856+0000] {logging_mixin.py:188} INFO - Downloaded AAPL/1759831571.json -> /tmp/minio_downloads/1759831571.json
[2025-10-07T10:14:29.862+0000] {logging_mixin.py:188} INFO - Downloaded AAPL/1759831597.json -> /tmp/minio_downloads/1759831597.json
[2025-10-07T10:14:29.868+0000] {logging_mixin.py:188} INFO - Downloaded AAPL/1759831625.json -> /tmp/minio_downloads/1759831625.json
[2025-10-07T10:14:29.875+0000] {logging_mixin.py:188} INFO - Downloaded AAPL/1759831650.json -> /tmp/minio_downloads/1759831650.json
[2025-10-07T10:14:29.881+0000] {logging_mixin.py:188} INFO - Downloaded AAPL/1759831693.json -> /tmp/minio_downloads/1759831693.json
[2025-10-07T10:14:29.888+0000] {logging_mixin.py:188} INFO - Downloaded AMZN/1759829922.json -> /tmp/minio_downloads/1759829922.json
[2025-10-07T10:14:29.894+0000] {logging_mixin.py:188} INFO - Downloaded AMZN/1759829935.json -> /tmp/minio_downloads/1759829935.json
[2025-10-07T10:14:29.901+0000] {logging_mixin.py:188} INFO - Downloaded AMZN/1759829948.json -> /tmp/minio_downloads/1759829948.json
[2025-10-07T10:14:29.908+0000] {logging_mixin.py:188} INFO - Downloaded AMZN/1759829960.json -> /tmp/minio_downloads/1759829960.json
[2025-10-07T10:14:29.914+0000] {logging_mixin.py:188} INFO - Downloaded AMZN/1759829973.json -> /tmp/minio_downloads/1759829973.json
[2025-10-07T10:14:29.921+0000] {logging_mixin.py:188} INFO - Downloaded AMZN/1759829986.json -> /tmp/minio_downloads/1759829986.json
[2025-10-07T10:14:29.928+0000] {logging_mixin.py:188} INFO - Downloaded AMZN/1759830000.json -> /tmp/minio_downloads/1759830000.json
[2025-10-07T10:14:29.934+0000] {logging_mixin.py:188} INFO - Downloaded AMZN/1759830013.json -> /tmp/minio_downloads/1759830013.json
[2025-10-07T10:14:29.941+0000] {logging_mixin.py:188} INFO - Downloaded AMZN/1759830026.json -> /tmp/minio_downloads/1759830026.json
[2025-10-07T10:14:29.947+0000] {logging_mixin.py:188} INFO - Downloaded AMZN/1759830040.json -> /tmp/minio_downloads/1759830040.json
[2025-10-07T10:14:29.954+0000] {logging_mixin.py:188} INFO - Downloaded AMZN/1759830052.json -> /tmp/minio_downloads/1759830052.json
[2025-10-07T10:14:29.960+0000] {logging_mixin.py:188} INFO - Downloaded AMZN/1759830065.json -> /tmp/minio_downloads/1759830065.json
[2025-10-07T10:14:29.967+0000] {logging_mixin.py:188} INFO - Downloaded AMZN/1759830078.json -> /tmp/minio_downloads/1759830078.json
[2025-10-07T10:14:29.973+0000] {logging_mixin.py:188} INFO - Downloaded AMZN/1759830091.json -> /tmp/minio_downloads/1759830091.json
[2025-10-07T10:14:29.979+0000] {logging_mixin.py:188} INFO - Downloaded AMZN/1759830105.json -> /tmp/minio_downloads/1759830105.json
[2025-10-07T10:14:29.985+0000] {logging_mixin.py:188} INFO - Downloaded AMZN/1759830117.json -> /tmp/minio_downloads/1759830117.json
[2025-10-07T10:14:29.991+0000] {logging_mixin.py:188} INFO - Downloaded AMZN/1759830130.json -> /tmp/minio_downloads/1759830130.json
[2025-10-07T10:14:29.997+0000] {logging_mixin.py:188} INFO - Downloaded AMZN/1759830143.json -> /tmp/minio_downloads/1759830143.json
[2025-10-07T10:14:30.004+0000] {logging_mixin.py:188} INFO - Downloaded AMZN/1759830156.json -> /tmp/minio_downloads/1759830156.json
[2025-10-07T10:14:30.010+0000] {logging_mixin.py:188} INFO - Downloaded AMZN/1759830169.json -> /tmp/minio_downloads/1759830169.json
[2025-10-07T10:14:30.016+0000] {logging_mixin.py:188} INFO - Downloaded AMZN/1759830183.json -> /tmp/minio_downloads/1759830183.json
[2025-10-07T10:14:30.023+0000] {logging_mixin.py:188} INFO - Downloaded AMZN/1759830196.json -> /tmp/minio_downloads/1759830196.json
[2025-10-07T10:14:30.029+0000] {logging_mixin.py:188} INFO - Downloaded AMZN/1759830210.json -> /tmp/minio_downloads/1759830210.json
[2025-10-07T10:14:30.036+0000] {logging_mixin.py:188} INFO - Downloaded AMZN/1759830225.json -> /tmp/minio_downloads/1759830225.json
[2025-10-07T10:14:30.042+0000] {logging_mixin.py:188} INFO - Downloaded AMZN/1759830239.json -> /tmp/minio_downloads/1759830239.json
[2025-10-07T10:14:30.048+0000] {logging_mixin.py:188} INFO - Downloaded AMZN/1759830252.json -> /tmp/minio_downloads/1759830252.json
[2025-10-07T10:14:30.055+0000] {logging_mixin.py:188} INFO - Downloaded AMZN/1759830265.json -> /tmp/minio_downloads/1759830265.json
[2025-10-07T10:14:30.062+0000] {logging_mixin.py:188} INFO - Downloaded AMZN/1759830281.json -> /tmp/minio_downloads/1759830281.json
[2025-10-07T10:14:30.068+0000] {logging_mixin.py:188} INFO - Downloaded AMZN/1759830295.json -> /tmp/minio_downloads/1759830295.json
[2025-10-07T10:14:30.083+0000] {logging_mixin.py:188} INFO - Downloaded AMZN/1759830310.json -> /tmp/minio_downloads/1759830310.json
[2025-10-07T10:14:30.089+0000] {logging_mixin.py:188} INFO - Downloaded AMZN/1759830324.json -> /tmp/minio_downloads/1759830324.json
[2025-10-07T10:14:30.096+0000] {logging_mixin.py:188} INFO - Downloaded AMZN/1759830337.json -> /tmp/minio_downloads/1759830337.json
[2025-10-07T10:14:30.102+0000] {logging_mixin.py:188} INFO - Downloaded AMZN/1759830351.json -> /tmp/minio_downloads/1759830351.json
[2025-10-07T10:14:30.109+0000] {logging_mixin.py:188} INFO - Downloaded AMZN/1759830364.json -> /tmp/minio_downloads/1759830364.json
[2025-10-07T10:14:30.114+0000] {logging_mixin.py:188} INFO - Downloaded AMZN/1759830378.json -> /tmp/minio_downloads/1759830378.json
[2025-10-07T10:14:30.121+0000] {logging_mixin.py:188} INFO - Downloaded AMZN/1759830391.json -> /tmp/minio_downloads/1759830391.json
[2025-10-07T10:14:30.127+0000] {logging_mixin.py:188} INFO - Downloaded AMZN/1759830404.json -> /tmp/minio_downloads/1759830404.json
[2025-10-07T10:14:30.133+0000] {logging_mixin.py:188} INFO - Downloaded AMZN/1759830418.json -> /tmp/minio_downloads/1759830418.json
[2025-10-07T10:14:30.139+0000] {logging_mixin.py:188} INFO - Downloaded AMZN/1759830431.json -> /tmp/minio_downloads/1759830431.json
[2025-10-07T10:14:30.146+0000] {logging_mixin.py:188} INFO - Downloaded AMZN/1759830445.json -> /tmp/minio_downloads/1759830445.json
[2025-10-07T10:14:30.152+0000] {logging_mixin.py:188} INFO - Downloaded AMZN/1759830458.json -> /tmp/minio_downloads/1759830458.json
[2025-10-07T10:14:30.158+0000] {logging_mixin.py:188} INFO - Downloaded AMZN/1759830472.json -> /tmp/minio_downloads/1759830472.json
[2025-10-07T10:14:30.164+0000] {logging_mixin.py:188} INFO - Downloaded AMZN/1759830486.json -> /tmp/minio_downloads/1759830486.json
[2025-10-07T10:14:30.170+0000] {logging_mixin.py:188} INFO - Downloaded AMZN/1759830500.json -> /tmp/minio_downloads/1759830500.json
[2025-10-07T10:14:30.177+0000] {logging_mixin.py:188} INFO - Downloaded AMZN/1759830517.json -> /tmp/minio_downloads/1759830517.json
[2025-10-07T10:14:30.184+0000] {logging_mixin.py:188} INFO - Downloaded AMZN/1759830531.json -> /tmp/minio_downloads/1759830531.json
[2025-10-07T10:14:30.190+0000] {logging_mixin.py:188} INFO - Downloaded AMZN/1759830544.json -> /tmp/minio_downloads/1759830544.json
[2025-10-07T10:14:30.196+0000] {logging_mixin.py:188} INFO - Downloaded AMZN/1759830558.json -> /tmp/minio_downloads/1759830558.json
[2025-10-07T10:14:30.203+0000] {logging_mixin.py:188} INFO - Downloaded AMZN/1759830574.json -> /tmp/minio_downloads/1759830574.json
[2025-10-07T10:14:30.209+0000] {logging_mixin.py:188} INFO - Downloaded AMZN/1759830589.json -> /tmp/minio_downloads/1759830589.json
[2025-10-07T10:14:30.215+0000] {logging_mixin.py:188} INFO - Downloaded AMZN/1759830603.json -> /tmp/minio_downloads/1759830603.json
[2025-10-07T10:14:30.221+0000] {logging_mixin.py:188} INFO - Downloaded AMZN/1759830617.json -> /tmp/minio_downloads/1759830617.json
[2025-10-07T10:14:30.228+0000] {logging_mixin.py:188} INFO - Downloaded AMZN/1759830632.json -> /tmp/minio_downloads/1759830632.json
[2025-10-07T10:14:30.234+0000] {logging_mixin.py:188} INFO - Downloaded AMZN/1759830645.json -> /tmp/minio_downloads/1759830645.json
[2025-10-07T10:14:30.241+0000] {logging_mixin.py:188} INFO - Downloaded AMZN/1759830674.json -> /tmp/minio_downloads/1759830674.json
[2025-10-07T10:14:30.247+0000] {logging_mixin.py:188} INFO - Downloaded AMZN/1759830694.json -> /tmp/minio_downloads/1759830694.json
[2025-10-07T10:14:30.253+0000] {logging_mixin.py:188} INFO - Downloaded AMZN/1759830714.json -> /tmp/minio_downloads/1759830714.json
[2025-10-07T10:14:30.259+0000] {logging_mixin.py:188} INFO - Downloaded AMZN/1759830728.json -> /tmp/minio_downloads/1759830728.json
[2025-10-07T10:14:30.265+0000] {logging_mixin.py:188} INFO - Downloaded AMZN/1759830743.json -> /tmp/minio_downloads/1759830743.json
[2025-10-07T10:14:30.272+0000] {logging_mixin.py:188} INFO - Downloaded AMZN/1759830759.json -> /tmp/minio_downloads/1759830759.json
[2025-10-07T10:14:30.282+0000] {logging_mixin.py:188} INFO - Downloaded AMZN/1759830776.json -> /tmp/minio_downloads/1759830776.json
[2025-10-07T10:14:30.293+0000] {logging_mixin.py:188} INFO - Downloaded AMZN/1759830792.json -> /tmp/minio_downloads/1759830792.json
[2025-10-07T10:14:30.300+0000] {logging_mixin.py:188} INFO - Downloaded AMZN/1759830822.json -> /tmp/minio_downloads/1759830822.json
[2025-10-07T10:14:30.310+0000] {logging_mixin.py:188} INFO - Downloaded AMZN/1759830835.json -> /tmp/minio_downloads/1759830835.json
[2025-10-07T10:14:30.317+0000] {logging_mixin.py:188} INFO - Downloaded AMZN/1759830850.json -> /tmp/minio_downloads/1759830850.json
[2025-10-07T10:14:30.325+0000] {logging_mixin.py:188} INFO - Downloaded AMZN/1759830889.json -> /tmp/minio_downloads/1759830889.json
[2025-10-07T10:14:30.332+0000] {logging_mixin.py:188} INFO - Downloaded AMZN/1759830906.json -> /tmp/minio_downloads/1759830906.json
[2025-10-07T10:14:30.342+0000] {logging_mixin.py:188} INFO - Downloaded AMZN/1759830920.json -> /tmp/minio_downloads/1759830920.json
[2025-10-07T10:14:30.349+0000] {logging_mixin.py:188} INFO - Downloaded AMZN/1759830988.json -> /tmp/minio_downloads/1759830988.json
[2025-10-07T10:14:30.358+0000] {logging_mixin.py:188} INFO - Downloaded AMZN/1759831000.json -> /tmp/minio_downloads/1759831000.json
[2025-10-07T10:14:30.366+0000] {logging_mixin.py:188} INFO - Downloaded AMZN/1759831033.json -> /tmp/minio_downloads/1759831033.json
[2025-10-07T10:14:30.375+0000] {logging_mixin.py:188} INFO - Downloaded AMZN/1759831082.json -> /tmp/minio_downloads/1759831082.json
[2025-10-07T10:14:30.382+0000] {logging_mixin.py:188} INFO - Downloaded AMZN/1759831096.json -> /tmp/minio_downloads/1759831096.json
[2025-10-07T10:14:30.391+0000] {logging_mixin.py:188} INFO - Downloaded AMZN/1759831112.json -> /tmp/minio_downloads/1759831112.json
[2025-10-07T10:14:30.398+0000] {logging_mixin.py:188} INFO - Downloaded AMZN/1759831128.json -> /tmp/minio_downloads/1759831128.json
[2025-10-07T10:14:30.407+0000] {logging_mixin.py:188} INFO - Downloaded AMZN/1759831201.json -> /tmp/minio_downloads/1759831201.json
[2025-10-07T10:14:30.415+0000] {logging_mixin.py:188} INFO - Downloaded AMZN/1759831239.json -> /tmp/minio_downloads/1759831239.json
[2025-10-07T10:14:30.426+0000] {logging_mixin.py:188} INFO - Downloaded AMZN/1759831390.json -> /tmp/minio_downloads/1759831390.json
[2025-10-07T10:14:30.433+0000] {logging_mixin.py:188} INFO - Downloaded AMZN/1759831452.json -> /tmp/minio_downloads/1759831452.json
[2025-10-07T10:14:30.442+0000] {logging_mixin.py:188} INFO - Downloaded AMZN/1759831479.json -> /tmp/minio_downloads/1759831479.json
[2025-10-07T10:14:30.449+0000] {logging_mixin.py:188} INFO - Downloaded AMZN/1759831500.json -> /tmp/minio_downloads/1759831500.json
[2025-10-07T10:14:30.461+0000] {logging_mixin.py:188} INFO - Downloaded AMZN/1759831528.json -> /tmp/minio_downloads/1759831528.json
[2025-10-07T10:14:30.473+0000] {logging_mixin.py:188} INFO - Downloaded AMZN/1759831545.json -> /tmp/minio_downloads/1759831545.json
[2025-10-07T10:14:30.483+0000] {logging_mixin.py:188} INFO - Downloaded AMZN/1759831563.json -> /tmp/minio_downloads/1759831563.json
[2025-10-07T10:14:30.493+0000] {logging_mixin.py:188} INFO - Downloaded AMZN/1759831578.json -> /tmp/minio_downloads/1759831578.json
[2025-10-07T10:14:30.504+0000] {logging_mixin.py:188} INFO - Downloaded AMZN/1759831617.json -> /tmp/minio_downloads/1759831617.json
[2025-10-07T10:14:30.517+0000] {logging_mixin.py:188} INFO - Downloaded AMZN/1759831636.json -> /tmp/minio_downloads/1759831636.json
[2025-10-07T10:14:30.527+0000] {logging_mixin.py:188} INFO - Downloaded AMZN/1759831683.json -> /tmp/minio_downloads/1759831683.json
[2025-10-07T10:14:30.535+0000] {logging_mixin.py:188} INFO - Downloaded GOOGL/1759829921.json -> /tmp/minio_downloads/1759829921.json
[2025-10-07T10:14:30.544+0000] {logging_mixin.py:188} INFO - Downloaded GOOGL/1759829934.json -> /tmp/minio_downloads/1759829934.json
[2025-10-07T10:14:30.555+0000] {logging_mixin.py:188} INFO - Downloaded GOOGL/1759829946.json -> /tmp/minio_downloads/1759829946.json
[2025-10-07T10:14:30.566+0000] {logging_mixin.py:188} INFO - Downloaded GOOGL/1759829959.json -> /tmp/minio_downloads/1759829959.json
[2025-10-07T10:14:30.574+0000] {logging_mixin.py:188} INFO - Downloaded GOOGL/1759829972.json -> /tmp/minio_downloads/1759829972.json
[2025-10-07T10:14:30.583+0000] {logging_mixin.py:188} INFO - Downloaded GOOGL/1759829985.json -> /tmp/minio_downloads/1759829985.json
[2025-10-07T10:14:30.592+0000] {logging_mixin.py:188} INFO - Downloaded GOOGL/1759829999.json -> /tmp/minio_downloads/1759829999.json
[2025-10-07T10:14:30.603+0000] {logging_mixin.py:188} INFO - Downloaded GOOGL/1759830012.json -> /tmp/minio_downloads/1759830012.json
[2025-10-07T10:14:30.614+0000] {logging_mixin.py:188} INFO - Downloaded GOOGL/1759830025.json -> /tmp/minio_downloads/1759830025.json
[2025-10-07T10:14:30.623+0000] {logging_mixin.py:188} INFO - Downloaded GOOGL/1759830038.json -> /tmp/minio_downloads/1759830038.json
[2025-10-07T10:14:30.633+0000] {logging_mixin.py:188} INFO - Downloaded GOOGL/1759830051.json -> /tmp/minio_downloads/1759830051.json
[2025-10-07T10:14:30.642+0000] {logging_mixin.py:188} INFO - Downloaded GOOGL/1759830064.json -> /tmp/minio_downloads/1759830064.json
[2025-10-07T10:14:30.651+0000] {logging_mixin.py:188} INFO - Downloaded GOOGL/1759830076.json -> /tmp/minio_downloads/1759830076.json
[2025-10-07T10:14:30.659+0000] {logging_mixin.py:188} INFO - Downloaded GOOGL/1759830090.json -> /tmp/minio_downloads/1759830090.json
[2025-10-07T10:14:30.669+0000] {logging_mixin.py:188} INFO - Downloaded GOOGL/1759830103.json -> /tmp/minio_downloads/1759830103.json
[2025-10-07T10:14:30.681+0000] {logging_mixin.py:188} INFO - Downloaded GOOGL/1759830116.json -> /tmp/minio_downloads/1759830116.json
[2025-10-07T10:14:30.691+0000] {logging_mixin.py:188} INFO - Downloaded GOOGL/1759830128.json -> /tmp/minio_downloads/1759830128.json
[2025-10-07T10:14:30.701+0000] {logging_mixin.py:188} INFO - Downloaded GOOGL/1759830141.json -> /tmp/minio_downloads/1759830141.json
[2025-10-07T10:14:30.710+0000] {logging_mixin.py:188} INFO - Downloaded GOOGL/1759830154.json -> /tmp/minio_downloads/1759830154.json
[2025-10-07T10:14:30.721+0000] {logging_mixin.py:188} INFO - Downloaded GOOGL/1759830168.json -> /tmp/minio_downloads/1759830168.json
[2025-10-07T10:14:30.729+0000] {logging_mixin.py:188} INFO - Downloaded GOOGL/1759830182.json -> /tmp/minio_downloads/1759830182.json
[2025-10-07T10:14:30.739+0000] {logging_mixin.py:188} INFO - Downloaded GOOGL/1759830195.json -> /tmp/minio_downloads/1759830195.json
[2025-10-07T10:14:30.747+0000] {logging_mixin.py:188} INFO - Downloaded GOOGL/1759830209.json -> /tmp/minio_downloads/1759830209.json
[2025-10-07T10:14:30.757+0000] {logging_mixin.py:188} INFO - Downloaded GOOGL/1759830224.json -> /tmp/minio_downloads/1759830224.json
[2025-10-07T10:14:30.766+0000] {logging_mixin.py:188} INFO - Downloaded GOOGL/1759830237.json -> /tmp/minio_downloads/1759830237.json
[2025-10-07T10:14:30.776+0000] {logging_mixin.py:188} INFO - Downloaded GOOGL/1759830250.json -> /tmp/minio_downloads/1759830250.json
[2025-10-07T10:14:30.787+0000] {logging_mixin.py:188} INFO - Downloaded GOOGL/1759830264.json -> /tmp/minio_downloads/1759830264.json
[2025-10-07T10:14:30.795+0000] {logging_mixin.py:188} INFO - Downloaded GOOGL/1759830279.json -> /tmp/minio_downloads/1759830279.json
[2025-10-07T10:14:30.806+0000] {logging_mixin.py:188} INFO - Downloaded GOOGL/1759830294.json -> /tmp/minio_downloads/1759830294.json
[2025-10-07T10:14:30.816+0000] {logging_mixin.py:188} INFO - Downloaded GOOGL/1759830308.json -> /tmp/minio_downloads/1759830308.json
[2025-10-07T10:14:30.827+0000] {logging_mixin.py:188} INFO - Downloaded GOOGL/1759830322.json -> /tmp/minio_downloads/1759830322.json
[2025-10-07T10:14:30.837+0000] {logging_mixin.py:188} INFO - Downloaded GOOGL/1759830336.json -> /tmp/minio_downloads/1759830336.json
[2025-10-07T10:14:30.850+0000] {logging_mixin.py:188} INFO - Downloaded GOOGL/1759830349.json -> /tmp/minio_downloads/1759830349.json
[2025-10-07T10:14:30.865+0000] {logging_mixin.py:188} INFO - Downloaded GOOGL/1759830363.json -> /tmp/minio_downloads/1759830363.json
[2025-10-07T10:14:30.879+0000] {logging_mixin.py:188} INFO - Downloaded GOOGL/1759830376.json -> /tmp/minio_downloads/1759830376.json
[2025-10-07T10:14:30.903+0000] {logging_mixin.py:188} INFO - Downloaded GOOGL/1759830389.json -> /tmp/minio_downloads/1759830389.json
[2025-10-07T10:14:30.941+0000] {logging_mixin.py:188} INFO - Downloaded GOOGL/1759830403.json -> /tmp/minio_downloads/1759830403.json
[2025-10-07T10:14:30.959+0000] {logging_mixin.py:188} INFO - Downloaded GOOGL/1759830416.json -> /tmp/minio_downloads/1759830416.json
[2025-10-07T10:14:30.979+0000] {logging_mixin.py:188} INFO - Downloaded GOOGL/1759830430.json -> /tmp/minio_downloads/1759830430.json
[2025-10-07T10:14:30.997+0000] {logging_mixin.py:188} INFO - Downloaded GOOGL/1759830443.json -> /tmp/minio_downloads/1759830443.json
[2025-10-07T10:14:31.027+0000] {logging_mixin.py:188} INFO - Downloaded GOOGL/1759830456.json -> /tmp/minio_downloads/1759830456.json
[2025-10-07T10:14:31.052+0000] {logging_mixin.py:188} INFO - Downloaded GOOGL/1759830470.json -> /tmp/minio_downloads/1759830470.json
[2025-10-07T10:14:31.069+0000] {logging_mixin.py:188} INFO - Downloaded GOOGL/1759830485.json -> /tmp/minio_downloads/1759830485.json
[2025-10-07T10:14:31.098+0000] {logging_mixin.py:188} INFO - Downloaded GOOGL/1759830499.json -> /tmp/minio_downloads/1759830499.json
[2025-10-07T10:14:31.118+0000] {logging_mixin.py:188} INFO - Downloaded GOOGL/1759830515.json -> /tmp/minio_downloads/1759830515.json
[2025-10-07T10:14:31.132+0000] {logging_mixin.py:188} INFO - Downloaded GOOGL/1759830529.json -> /tmp/minio_downloads/1759830529.json
[2025-10-07T10:14:31.152+0000] {logging_mixin.py:188} INFO - Downloaded GOOGL/1759830543.json -> /tmp/minio_downloads/1759830543.json
[2025-10-07T10:14:31.168+0000] {logging_mixin.py:188} INFO - Downloaded GOOGL/1759830557.json -> /tmp/minio_downloads/1759830557.json
[2025-10-07T10:14:31.187+0000] {logging_mixin.py:188} INFO - Downloaded GOOGL/1759830573.json -> /tmp/minio_downloads/1759830573.json
[2025-10-07T10:14:31.228+0000] {logging_mixin.py:188} INFO - Downloaded GOOGL/1759830588.json -> /tmp/minio_downloads/1759830588.json
[2025-10-07T10:14:31.250+0000] {logging_mixin.py:188} INFO - Downloaded GOOGL/1759830602.json -> /tmp/minio_downloads/1759830602.json
[2025-10-07T10:14:31.273+0000] {logging_mixin.py:188} INFO - Downloaded GOOGL/1759830615.json -> /tmp/minio_downloads/1759830615.json
[2025-10-07T10:14:31.289+0000] {logging_mixin.py:188} INFO - Downloaded GOOGL/1759830631.json -> /tmp/minio_downloads/1759830631.json
[2025-10-07T10:14:31.304+0000] {logging_mixin.py:188} INFO - Downloaded GOOGL/1759830643.json -> /tmp/minio_downloads/1759830643.json
[2025-10-07T10:14:31.326+0000] {logging_mixin.py:188} INFO - Downloaded GOOGL/1759830671.json -> /tmp/minio_downloads/1759830671.json
[2025-10-07T10:14:31.347+0000] {logging_mixin.py:188} INFO - Downloaded GOOGL/1759830692.json -> /tmp/minio_downloads/1759830692.json
[2025-10-07T10:14:31.368+0000] {logging_mixin.py:188} INFO - Downloaded GOOGL/1759830709.json -> /tmp/minio_downloads/1759830709.json
[2025-10-07T10:14:31.387+0000] {logging_mixin.py:188} INFO - Downloaded GOOGL/1759830726.json -> /tmp/minio_downloads/1759830726.json
[2025-10-07T10:14:31.406+0000] {logging_mixin.py:188} INFO - Downloaded GOOGL/1759830740.json -> /tmp/minio_downloads/1759830740.json
[2025-10-07T10:14:31.424+0000] {logging_mixin.py:188} INFO - Downloaded GOOGL/1759830757.json -> /tmp/minio_downloads/1759830757.json
[2025-10-07T10:14:31.446+0000] {logging_mixin.py:188} INFO - Downloaded GOOGL/1759830774.json -> /tmp/minio_downloads/1759830774.json
[2025-10-07T10:14:31.463+0000] {logging_mixin.py:188} INFO - Downloaded GOOGL/1759830790.json -> /tmp/minio_downloads/1759830790.json
[2025-10-07T10:14:31.479+0000] {logging_mixin.py:188} INFO - Downloaded GOOGL/1759830820.json -> /tmp/minio_downloads/1759830820.json
[2025-10-07T10:14:31.494+0000] {logging_mixin.py:188} INFO - Downloaded GOOGL/1759830833.json -> /tmp/minio_downloads/1759830833.json
[2025-10-07T10:14:31.510+0000] {logging_mixin.py:188} INFO - Downloaded GOOGL/1759830848.json -> /tmp/minio_downloads/1759830848.json
[2025-10-07T10:14:31.525+0000] {logging_mixin.py:188} INFO - Downloaded GOOGL/1759830887.json -> /tmp/minio_downloads/1759830887.json
[2025-10-07T10:14:31.540+0000] {logging_mixin.py:188} INFO - Downloaded GOOGL/1759830905.json -> /tmp/minio_downloads/1759830905.json
[2025-10-07T10:14:31.555+0000] {logging_mixin.py:188} INFO - Downloaded GOOGL/1759830918.json -> /tmp/minio_downloads/1759830918.json
[2025-10-07T10:14:31.572+0000] {logging_mixin.py:188} INFO - Downloaded GOOGL/1759830987.json -> /tmp/minio_downloads/1759830987.json
[2025-10-07T10:14:31.591+0000] {logging_mixin.py:188} INFO - Downloaded GOOGL/1759830999.json -> /tmp/minio_downloads/1759830999.json
[2025-10-07T10:14:31.610+0000] {logging_mixin.py:188} INFO - Downloaded GOOGL/1759831025.json -> /tmp/minio_downloads/1759831025.json
[2025-10-07T10:14:31.626+0000] {logging_mixin.py:188} INFO - Downloaded GOOGL/1759831080.json -> /tmp/minio_downloads/1759831080.json
[2025-10-07T10:14:31.643+0000] {logging_mixin.py:188} INFO - Downloaded GOOGL/1759831095.json -> /tmp/minio_downloads/1759831095.json
[2025-10-07T10:14:31.662+0000] {logging_mixin.py:188} INFO - Downloaded GOOGL/1759831111.json -> /tmp/minio_downloads/1759831111.json
[2025-10-07T10:14:31.677+0000] {logging_mixin.py:188} INFO - Downloaded GOOGL/1759831126.json -> /tmp/minio_downloads/1759831126.json
[2025-10-07T10:14:31.691+0000] {logging_mixin.py:188} INFO - Downloaded GOOGL/1759831142.json -> /tmp/minio_downloads/1759831142.json
[2025-10-07T10:14:31.709+0000] {logging_mixin.py:188} INFO - Downloaded GOOGL/1759831200.json -> /tmp/minio_downloads/1759831200.json
[2025-10-07T10:14:31.728+0000] {logging_mixin.py:188} INFO - Downloaded GOOGL/1759831379.json -> /tmp/minio_downloads/1759831379.json
[2025-10-07T10:14:31.742+0000] {logging_mixin.py:188} INFO - Downloaded GOOGL/1759831451.json -> /tmp/minio_downloads/1759831451.json
[2025-10-07T10:14:31.756+0000] {logging_mixin.py:188} INFO - Downloaded GOOGL/1759831477.json -> /tmp/minio_downloads/1759831477.json
[2025-10-07T10:14:31.765+0000] {logging_mixin.py:188} INFO - Downloaded GOOGL/1759831497.json -> /tmp/minio_downloads/1759831497.json
[2025-10-07T10:14:31.774+0000] {logging_mixin.py:188} INFO - Downloaded GOOGL/1759831521.json -> /tmp/minio_downloads/1759831521.json
[2025-10-07T10:14:31.782+0000] {logging_mixin.py:188} INFO - Downloaded GOOGL/1759831542.json -> /tmp/minio_downloads/1759831542.json
[2025-10-07T10:14:31.792+0000] {logging_mixin.py:188} INFO - Downloaded GOOGL/1759831561.json -> /tmp/minio_downloads/1759831561.json
[2025-10-07T10:14:31.799+0000] {logging_mixin.py:188} INFO - Downloaded GOOGL/1759831576.json -> /tmp/minio_downloads/1759831576.json
[2025-10-07T10:14:31.808+0000] {logging_mixin.py:188} INFO - Downloaded GOOGL/1759831612.json -> /tmp/minio_downloads/1759831612.json
[2025-10-07T10:14:31.816+0000] {logging_mixin.py:188} INFO - Downloaded GOOGL/1759831633.json -> /tmp/minio_downloads/1759831633.json
[2025-10-07T10:14:31.826+0000] {logging_mixin.py:188} INFO - Downloaded GOOGL/1759831671.json -> /tmp/minio_downloads/1759831671.json
[2025-10-07T10:14:31.835+0000] {logging_mixin.py:188} INFO - Downloaded GOOGL/1759831717.json -> /tmp/minio_downloads/1759831717.json
[2025-10-07T10:14:31.843+0000] {logging_mixin.py:188} INFO - Downloaded MSFT/1759829918.json -> /tmp/minio_downloads/1759829918.json
[2025-10-07T10:14:31.852+0000] {logging_mixin.py:188} INFO - Downloaded MSFT/1759829931.json -> /tmp/minio_downloads/1759829931.json
[2025-10-07T10:14:31.860+0000] {logging_mixin.py:188} INFO - Downloaded MSFT/1759829943.json -> /tmp/minio_downloads/1759829943.json
[2025-10-07T10:14:31.869+0000] {logging_mixin.py:188} INFO - Downloaded MSFT/1759829956.json -> /tmp/minio_downloads/1759829956.json
[2025-10-07T10:14:31.877+0000] {logging_mixin.py:188} INFO - Downloaded MSFT/1759829969.json -> /tmp/minio_downloads/1759829969.json
[2025-10-07T10:14:31.886+0000] {logging_mixin.py:188} INFO - Downloaded MSFT/1759829982.json -> /tmp/minio_downloads/1759829982.json
[2025-10-07T10:14:31.895+0000] {logging_mixin.py:188} INFO - Downloaded MSFT/1759829996.json -> /tmp/minio_downloads/1759829996.json
[2025-10-07T10:14:31.905+0000] {logging_mixin.py:188} INFO - Downloaded MSFT/1759830009.json -> /tmp/minio_downloads/1759830009.json
[2025-10-07T10:14:31.914+0000] {logging_mixin.py:188} INFO - Downloaded MSFT/1759830022.json -> /tmp/minio_downloads/1759830022.json
[2025-10-07T10:14:31.926+0000] {logging_mixin.py:188} INFO - Downloaded MSFT/1759830035.json -> /tmp/minio_downloads/1759830035.json
[2025-10-07T10:14:31.935+0000] {logging_mixin.py:188} INFO - Downloaded MSFT/1759830049.json -> /tmp/minio_downloads/1759830049.json
[2025-10-07T10:14:31.945+0000] {logging_mixin.py:188} INFO - Downloaded MSFT/1759830061.json -> /tmp/minio_downloads/1759830061.json
[2025-10-07T10:14:31.955+0000] {logging_mixin.py:188} INFO - Downloaded MSFT/1759830074.json -> /tmp/minio_downloads/1759830074.json
[2025-10-07T10:14:31.963+0000] {logging_mixin.py:188} INFO - Downloaded MSFT/1759830086.json -> /tmp/minio_downloads/1759830086.json
[2025-10-07T10:14:31.973+0000] {logging_mixin.py:188} INFO - Downloaded MSFT/1759830100.json -> /tmp/minio_downloads/1759830100.json
[2025-10-07T10:14:31.982+0000] {logging_mixin.py:188} INFO - Downloaded MSFT/1759830113.json -> /tmp/minio_downloads/1759830113.json
[2025-10-07T10:14:31.993+0000] {logging_mixin.py:188} INFO - Downloaded MSFT/1759830126.json -> /tmp/minio_downloads/1759830126.json
[2025-10-07T10:14:32.003+0000] {logging_mixin.py:188} INFO - Downloaded MSFT/1759830139.json -> /tmp/minio_downloads/1759830139.json
[2025-10-07T10:14:32.012+0000] {logging_mixin.py:188} INFO - Downloaded MSFT/1759830152.json -> /tmp/minio_downloads/1759830152.json
[2025-10-07T10:14:32.023+0000] {logging_mixin.py:188} INFO - Downloaded MSFT/1759830165.json -> /tmp/minio_downloads/1759830165.json
[2025-10-07T10:14:32.031+0000] {logging_mixin.py:188} INFO - Downloaded MSFT/1759830179.json -> /tmp/minio_downloads/1759830179.json
[2025-10-07T10:14:32.041+0000] {logging_mixin.py:188} INFO - Downloaded MSFT/1759830192.json -> /tmp/minio_downloads/1759830192.json
[2025-10-07T10:14:32.048+0000] {logging_mixin.py:188} INFO - Downloaded MSFT/1759830206.json -> /tmp/minio_downloads/1759830206.json
[2025-10-07T10:14:32.059+0000] {logging_mixin.py:188} INFO - Downloaded MSFT/1759830220.json -> /tmp/minio_downloads/1759830220.json
[2025-10-07T10:14:32.066+0000] {logging_mixin.py:188} INFO - Downloaded MSFT/1759830234.json -> /tmp/minio_downloads/1759830234.json
[2025-10-07T10:14:32.074+0000] {logging_mixin.py:188} INFO - Downloaded MSFT/1759830248.json -> /tmp/minio_downloads/1759830248.json
[2025-10-07T10:14:32.081+0000] {logging_mixin.py:188} INFO - Downloaded MSFT/1759830261.json -> /tmp/minio_downloads/1759830261.json
[2025-10-07T10:14:32.089+0000] {logging_mixin.py:188} INFO - Downloaded MSFT/1759830275.json -> /tmp/minio_downloads/1759830275.json
[2025-10-07T10:14:32.096+0000] {logging_mixin.py:188} INFO - Downloaded MSFT/1759830290.json -> /tmp/minio_downloads/1759830290.json
[2025-10-07T10:14:32.105+0000] {logging_mixin.py:188} INFO - Downloaded MSFT/1759830305.json -> /tmp/minio_downloads/1759830305.json
[2025-10-07T10:14:32.112+0000] {logging_mixin.py:188} INFO - Downloaded MSFT/1759830319.json -> /tmp/minio_downloads/1759830319.json
[2025-10-07T10:14:32.121+0000] {logging_mixin.py:188} INFO - Downloaded MSFT/1759830333.json -> /tmp/minio_downloads/1759830333.json
[2025-10-07T10:14:32.128+0000] {logging_mixin.py:188} INFO - Downloaded MSFT/1759830346.json -> /tmp/minio_downloads/1759830346.json
[2025-10-07T10:14:32.135+0000] {logging_mixin.py:188} INFO - Downloaded MSFT/1759830360.json -> /tmp/minio_downloads/1759830360.json
[2025-10-07T10:14:32.143+0000] {logging_mixin.py:188} INFO - Downloaded MSFT/1759830373.json -> /tmp/minio_downloads/1759830373.json
[2025-10-07T10:14:32.150+0000] {logging_mixin.py:188} INFO - Downloaded MSFT/1759830386.json -> /tmp/minio_downloads/1759830386.json
[2025-10-07T10:14:32.159+0000] {logging_mixin.py:188} INFO - Downloaded MSFT/1759830400.json -> /tmp/minio_downloads/1759830400.json
[2025-10-07T10:14:32.165+0000] {logging_mixin.py:188} INFO - Downloaded MSFT/1759830413.json -> /tmp/minio_downloads/1759830413.json
[2025-10-07T10:14:32.174+0000] {logging_mixin.py:188} INFO - Downloaded MSFT/1759830427.json -> /tmp/minio_downloads/1759830427.json
[2025-10-07T10:14:32.181+0000] {logging_mixin.py:188} INFO - Downloaded MSFT/1759830440.json -> /tmp/minio_downloads/1759830440.json
[2025-10-07T10:14:32.191+0000] {logging_mixin.py:188} INFO - Downloaded MSFT/1759830453.json -> /tmp/minio_downloads/1759830453.json
[2025-10-07T10:14:32.197+0000] {logging_mixin.py:188} INFO - Downloaded MSFT/1759830467.json -> /tmp/minio_downloads/1759830467.json
[2025-10-07T10:14:32.206+0000] {logging_mixin.py:188} INFO - Downloaded MSFT/1759830481.json -> /tmp/minio_downloads/1759830481.json
[2025-10-07T10:14:32.213+0000] {logging_mixin.py:188} INFO - Downloaded MSFT/1759830495.json -> /tmp/minio_downloads/1759830495.json
[2025-10-07T10:14:32.222+0000] {logging_mixin.py:188} INFO - Downloaded MSFT/1759830510.json -> /tmp/minio_downloads/1759830510.json
[2025-10-07T10:14:32.229+0000] {logging_mixin.py:188} INFO - Downloaded MSFT/1759830526.json -> /tmp/minio_downloads/1759830526.json
[2025-10-07T10:14:32.238+0000] {logging_mixin.py:188} INFO - Downloaded MSFT/1759830540.json -> /tmp/minio_downloads/1759830540.json
[2025-10-07T10:14:32.245+0000] {logging_mixin.py:188} INFO - Downloaded MSFT/1759830553.json -> /tmp/minio_downloads/1759830553.json
[2025-10-07T10:14:32.254+0000] {logging_mixin.py:188} INFO - Downloaded MSFT/1759830567.json -> /tmp/minio_downloads/1759830567.json
[2025-10-07T10:14:32.261+0000] {logging_mixin.py:188} INFO - Downloaded MSFT/1759830584.json -> /tmp/minio_downloads/1759830584.json
[2025-10-07T10:14:32.268+0000] {logging_mixin.py:188} INFO - Downloaded MSFT/1759830600.json -> /tmp/minio_downloads/1759830600.json
[2025-10-07T10:14:32.276+0000] {logging_mixin.py:188} INFO - Downloaded MSFT/1759830611.json -> /tmp/minio_downloads/1759830611.json
[2025-10-07T10:14:32.285+0000] {logging_mixin.py:188} INFO - Downloaded MSFT/1759830628.json -> /tmp/minio_downloads/1759830628.json
[2025-10-07T10:14:32.294+0000] {logging_mixin.py:188} INFO - Downloaded MSFT/1759830641.json -> /tmp/minio_downloads/1759830641.json
[2025-10-07T10:14:32.301+0000] {logging_mixin.py:188} INFO - Downloaded MSFT/1759830666.json -> /tmp/minio_downloads/1759830666.json
[2025-10-07T10:14:32.310+0000] {logging_mixin.py:188} INFO - Downloaded MSFT/1759830686.json -> /tmp/minio_downloads/1759830686.json
[2025-10-07T10:14:32.317+0000] {logging_mixin.py:188} INFO - Downloaded MSFT/1759830706.json -> /tmp/minio_downloads/1759830706.json
[2025-10-07T10:14:32.325+0000] {logging_mixin.py:188} INFO - Downloaded MSFT/1759830723.json -> /tmp/minio_downloads/1759830723.json
[2025-10-07T10:14:32.332+0000] {logging_mixin.py:188} INFO - Downloaded MSFT/1759830737.json -> /tmp/minio_downloads/1759830737.json
[2025-10-07T10:14:32.341+0000] {logging_mixin.py:188} INFO - Downloaded MSFT/1759830752.json -> /tmp/minio_downloads/1759830752.json
[2025-10-07T10:14:32.348+0000] {logging_mixin.py:188} INFO - Downloaded MSFT/1759830770.json -> /tmp/minio_downloads/1759830770.json
[2025-10-07T10:14:32.356+0000] {logging_mixin.py:188} INFO - Downloaded MSFT/1759830786.json -> /tmp/minio_downloads/1759830786.json
[2025-10-07T10:14:32.363+0000] {logging_mixin.py:188} INFO - Downloaded MSFT/1759830817.json -> /tmp/minio_downloads/1759830817.json
[2025-10-07T10:14:32.370+0000] {logging_mixin.py:188} INFO - Downloaded MSFT/1759830830.json -> /tmp/minio_downloads/1759830830.json
[2025-10-07T10:14:32.377+0000] {logging_mixin.py:188} INFO - Downloaded MSFT/1759830845.json -> /tmp/minio_downloads/1759830845.json
[2025-10-07T10:14:32.383+0000] {logging_mixin.py:188} INFO - Downloaded MSFT/1759830860.json -> /tmp/minio_downloads/1759830860.json
[2025-10-07T10:14:32.391+0000] {logging_mixin.py:188} INFO - Downloaded MSFT/1759830902.json -> /tmp/minio_downloads/1759830902.json
[2025-10-07T10:14:32.397+0000] {logging_mixin.py:188} INFO - Downloaded MSFT/1759830916.json -> /tmp/minio_downloads/1759830916.json
[2025-10-07T10:14:32.405+0000] {logging_mixin.py:188} INFO - Downloaded MSFT/1759830996.json -> /tmp/minio_downloads/1759830996.json
[2025-10-07T10:14:32.411+0000] {logging_mixin.py:188} INFO - Downloaded MSFT/1759831016.json -> /tmp/minio_downloads/1759831016.json
[2025-10-07T10:14:32.418+0000] {logging_mixin.py:188} INFO - Downloaded MSFT/1759831073.json -> /tmp/minio_downloads/1759831073.json
[2025-10-07T10:14:32.426+0000] {logging_mixin.py:188} INFO - Downloaded MSFT/1759831092.json -> /tmp/minio_downloads/1759831092.json
[2025-10-07T10:14:32.432+0000] {logging_mixin.py:188} INFO - Downloaded MSFT/1759831108.json -> /tmp/minio_downloads/1759831108.json
[2025-10-07T10:14:32.440+0000] {logging_mixin.py:188} INFO - Downloaded MSFT/1759831122.json -> /tmp/minio_downloads/1759831122.json
[2025-10-07T10:14:32.446+0000] {logging_mixin.py:188} INFO - Downloaded MSFT/1759831136.json -> /tmp/minio_downloads/1759831136.json
[2025-10-07T10:14:32.454+0000] {logging_mixin.py:188} INFO - Downloaded MSFT/1759831178.json -> /tmp/minio_downloads/1759831178.json
[2025-10-07T10:14:32.460+0000] {logging_mixin.py:188} INFO - Downloaded MSFT/1759831212.json -> /tmp/minio_downloads/1759831212.json
[2025-10-07T10:14:32.467+0000] {logging_mixin.py:188} INFO - Downloaded MSFT/1759831259.json -> /tmp/minio_downloads/1759831259.json
[2025-10-07T10:14:32.474+0000] {logging_mixin.py:188} INFO - Downloaded MSFT/1759831352.json -> /tmp/minio_downloads/1759831352.json
[2025-10-07T10:14:32.480+0000] {logging_mixin.py:188} INFO - Downloaded MSFT/1759831442.json -> /tmp/minio_downloads/1759831442.json
[2025-10-07T10:14:32.488+0000] {logging_mixin.py:188} INFO - Downloaded MSFT/1759831467.json -> /tmp/minio_downloads/1759831467.json
[2025-10-07T10:14:32.495+0000] {logging_mixin.py:188} INFO - Downloaded MSFT/1759831493.json -> /tmp/minio_downloads/1759831493.json
[2025-10-07T10:14:32.501+0000] {logging_mixin.py:188} INFO - Downloaded MSFT/1759831513.json -> /tmp/minio_downloads/1759831513.json
[2025-10-07T10:14:32.508+0000] {logging_mixin.py:188} INFO - Downloaded MSFT/1759831538.json -> /tmp/minio_downloads/1759831538.json
[2025-10-07T10:14:32.515+0000] {logging_mixin.py:188} INFO - Downloaded MSFT/1759831556.json -> /tmp/minio_downloads/1759831556.json
[2025-10-07T10:14:32.523+0000] {logging_mixin.py:188} INFO - Downloaded MSFT/1759831572.json -> /tmp/minio_downloads/1759831572.json
[2025-10-07T10:14:32.530+0000] {logging_mixin.py:188} INFO - Downloaded MSFT/1759831600.json -> /tmp/minio_downloads/1759831600.json
[2025-10-07T10:14:32.537+0000] {logging_mixin.py:188} INFO - Downloaded MSFT/1759831629.json -> /tmp/minio_downloads/1759831629.json
[2025-10-07T10:14:32.544+0000] {logging_mixin.py:188} INFO - Downloaded MSFT/1759831656.json -> /tmp/minio_downloads/1759831656.json
[2025-10-07T10:14:32.550+0000] {logging_mixin.py:188} INFO - Downloaded MSFT/1759831703.json -> /tmp/minio_downloads/1759831703.json
[2025-10-07T10:14:32.558+0000] {logging_mixin.py:188} INFO - Downloaded TSLA/1759829920.json -> /tmp/minio_downloads/1759829920.json
[2025-10-07T10:14:32.564+0000] {logging_mixin.py:188} INFO - Downloaded TSLA/1759829932.json -> /tmp/minio_downloads/1759829932.json
[2025-10-07T10:14:32.572+0000] {logging_mixin.py:188} INFO - Downloaded TSLA/1759829945.json -> /tmp/minio_downloads/1759829945.json
[2025-10-07T10:14:32.579+0000] {logging_mixin.py:188} INFO - Downloaded TSLA/1759829958.json -> /tmp/minio_downloads/1759829958.json
[2025-10-07T10:14:32.587+0000] {logging_mixin.py:188} INFO - Downloaded TSLA/1759829971.json -> /tmp/minio_downloads/1759829971.json
[2025-10-07T10:14:32.593+0000] {logging_mixin.py:188} INFO - Downloaded TSLA/1759829983.json -> /tmp/minio_downloads/1759829983.json
[2025-10-07T10:14:32.600+0000] {logging_mixin.py:188} INFO - Downloaded TSLA/1759829997.json -> /tmp/minio_downloads/1759829997.json
[2025-10-07T10:14:32.607+0000] {logging_mixin.py:188} INFO - Downloaded TSLA/1759830011.json -> /tmp/minio_downloads/1759830011.json
[2025-10-07T10:14:32.614+0000] {logging_mixin.py:188} INFO - Downloaded TSLA/1759830023.json -> /tmp/minio_downloads/1759830023.json
[2025-10-07T10:14:32.622+0000] {logging_mixin.py:188} INFO - Downloaded TSLA/1759830037.json -> /tmp/minio_downloads/1759830037.json
[2025-10-07T10:14:32.628+0000] {logging_mixin.py:188} INFO - Downloaded TSLA/1759830050.json -> /tmp/minio_downloads/1759830050.json
[2025-10-07T10:14:32.634+0000] {logging_mixin.py:188} INFO - Downloaded TSLA/1759830062.json -> /tmp/minio_downloads/1759830062.json
[2025-10-07T10:14:32.642+0000] {logging_mixin.py:188} INFO - Downloaded TSLA/1759830075.json -> /tmp/minio_downloads/1759830075.json
[2025-10-07T10:14:32.648+0000] {logging_mixin.py:188} INFO - Downloaded TSLA/1759830088.json -> /tmp/minio_downloads/1759830088.json
[2025-10-07T10:14:32.656+0000] {logging_mixin.py:188} INFO - Downloaded TSLA/1759830102.json -> /tmp/minio_downloads/1759830102.json
[2025-10-07T10:14:32.662+0000] {logging_mixin.py:188} INFO - Downloaded TSLA/1759830114.json -> /tmp/minio_downloads/1759830114.json
[2025-10-07T10:14:32.670+0000] {logging_mixin.py:188} INFO - Downloaded TSLA/1759830127.json -> /tmp/minio_downloads/1759830127.json
[2025-10-07T10:14:32.676+0000] {logging_mixin.py:188} INFO - Downloaded TSLA/1759830140.json -> /tmp/minio_downloads/1759830140.json
[2025-10-07T10:14:32.682+0000] {logging_mixin.py:188} INFO - Downloaded TSLA/1759830153.json -> /tmp/minio_downloads/1759830153.json
[2025-10-07T10:14:32.690+0000] {logging_mixin.py:188} INFO - Downloaded TSLA/1759830167.json -> /tmp/minio_downloads/1759830167.json
[2025-10-07T10:14:32.697+0000] {logging_mixin.py:188} INFO - Downloaded TSLA/1759830180.json -> /tmp/minio_downloads/1759830180.json
[2025-10-07T10:14:32.705+0000] {logging_mixin.py:188} INFO - Downloaded TSLA/1759830193.json -> /tmp/minio_downloads/1759830193.json
[2025-10-07T10:14:32.713+0000] {logging_mixin.py:188} INFO - Downloaded TSLA/1759830207.json -> /tmp/minio_downloads/1759830207.json
[2025-10-07T10:14:32.723+0000] {logging_mixin.py:188} INFO - Downloaded TSLA/1759830222.json -> /tmp/minio_downloads/1759830222.json
[2025-10-07T10:14:32.730+0000] {logging_mixin.py:188} INFO - Downloaded TSLA/1759830236.json -> /tmp/minio_downloads/1759830236.json
[2025-10-07T10:14:32.737+0000] {logging_mixin.py:188} INFO - Downloaded TSLA/1759830249.json -> /tmp/minio_downloads/1759830249.json
[2025-10-07T10:14:32.744+0000] {logging_mixin.py:188} INFO - Downloaded TSLA/1759830262.json -> /tmp/minio_downloads/1759830262.json
[2025-10-07T10:14:32.750+0000] {logging_mixin.py:188} INFO - Downloaded TSLA/1759830277.json -> /tmp/minio_downloads/1759830277.json
[2025-10-07T10:14:32.758+0000] {logging_mixin.py:188} INFO - Downloaded TSLA/1759830292.json -> /tmp/minio_downloads/1759830292.json
[2025-10-07T10:14:32.764+0000] {logging_mixin.py:188} INFO - Downloaded TSLA/1759830306.json -> /tmp/minio_downloads/1759830306.json
[2025-10-07T10:14:32.772+0000] {logging_mixin.py:188} INFO - Downloaded TSLA/1759830321.json -> /tmp/minio_downloads/1759830321.json
[2025-10-07T10:14:32.779+0000] {logging_mixin.py:188} INFO - Downloaded TSLA/1759830335.json -> /tmp/minio_downloads/1759830335.json
[2025-10-07T10:14:32.786+0000] {logging_mixin.py:188} INFO - Downloaded TSLA/1759830348.json -> /tmp/minio_downloads/1759830348.json
[2025-10-07T10:14:32.793+0000] {logging_mixin.py:188} INFO - Downloaded TSLA/1759830361.json -> /tmp/minio_downloads/1759830361.json
[2025-10-07T10:14:32.800+0000] {logging_mixin.py:188} INFO - Downloaded TSLA/1759830375.json -> /tmp/minio_downloads/1759830375.json
[2025-10-07T10:14:32.807+0000] {logging_mixin.py:188} INFO - Downloaded TSLA/1759830388.json -> /tmp/minio_downloads/1759830388.json
[2025-10-07T10:14:32.814+0000] {logging_mixin.py:188} INFO - Downloaded TSLA/1759830401.json -> /tmp/minio_downloads/1759830401.json
[2025-10-07T10:14:32.822+0000] {logging_mixin.py:188} INFO - Downloaded TSLA/1759830414.json -> /tmp/minio_downloads/1759830414.json
[2025-10-07T10:14:32.828+0000] {logging_mixin.py:188} INFO - Downloaded TSLA/1759830428.json -> /tmp/minio_downloads/1759830428.json
[2025-10-07T10:14:32.835+0000] {logging_mixin.py:188} INFO - Downloaded TSLA/1759830442.json -> /tmp/minio_downloads/1759830442.json
[2025-10-07T10:14:32.842+0000] {logging_mixin.py:188} INFO - Downloaded TSLA/1759830455.json -> /tmp/minio_downloads/1759830455.json
[2025-10-07T10:14:32.848+0000] {logging_mixin.py:188} INFO - Downloaded TSLA/1759830469.json -> /tmp/minio_downloads/1759830469.json
[2025-10-07T10:14:32.856+0000] {logging_mixin.py:188} INFO - Downloaded TSLA/1759830483.json -> /tmp/minio_downloads/1759830483.json
[2025-10-07T10:14:32.863+0000] {logging_mixin.py:188} INFO - Downloaded TSLA/1759830497.json -> /tmp/minio_downloads/1759830497.json
[2025-10-07T10:14:32.871+0000] {logging_mixin.py:188} INFO - Downloaded TSLA/1759830511.json -> /tmp/minio_downloads/1759830511.json
[2025-10-07T10:14:32.877+0000] {logging_mixin.py:188} INFO - Downloaded TSLA/1759830528.json -> /tmp/minio_downloads/1759830528.json
[2025-10-07T10:14:32.883+0000] {logging_mixin.py:188} INFO - Downloaded TSLA/1759830541.json -> /tmp/minio_downloads/1759830541.json
[2025-10-07T10:14:32.891+0000] {logging_mixin.py:188} INFO - Downloaded TSLA/1759830555.json -> /tmp/minio_downloads/1759830555.json
[2025-10-07T10:14:32.898+0000] {logging_mixin.py:188} INFO - Downloaded TSLA/1759830570.json -> /tmp/minio_downloads/1759830570.json
[2025-10-07T10:14:32.906+0000] {logging_mixin.py:188} INFO - Downloaded TSLA/1759830586.json -> /tmp/minio_downloads/1759830586.json
[2025-10-07T10:14:32.912+0000] {logging_mixin.py:188} INFO - Downloaded TSLA/1759830601.json -> /tmp/minio_downloads/1759830601.json
[2025-10-07T10:14:32.921+0000] {logging_mixin.py:188} INFO - Downloaded TSLA/1759830613.json -> /tmp/minio_downloads/1759830613.json
[2025-10-07T10:14:32.928+0000] {logging_mixin.py:188} INFO - Downloaded TSLA/1759830630.json -> /tmp/minio_downloads/1759830630.json
[2025-10-07T10:14:32.936+0000] {logging_mixin.py:188} INFO - Downloaded TSLA/1759830642.json -> /tmp/minio_downloads/1759830642.json
[2025-10-07T10:14:32.943+0000] {logging_mixin.py:188} INFO - Downloaded TSLA/1759830668.json -> /tmp/minio_downloads/1759830668.json
[2025-10-07T10:14:32.949+0000] {logging_mixin.py:188} INFO - Downloaded TSLA/1759830691.json -> /tmp/minio_downloads/1759830691.json
[2025-10-07T10:14:32.959+0000] {logging_mixin.py:188} INFO - Downloaded TSLA/1759830708.json -> /tmp/minio_downloads/1759830708.json
[2025-10-07T10:14:32.965+0000] {logging_mixin.py:188} INFO - Downloaded TSLA/1759830725.json -> /tmp/minio_downloads/1759830725.json
[2025-10-07T10:14:32.975+0000] {logging_mixin.py:188} INFO - Downloaded TSLA/1759830739.json -> /tmp/minio_downloads/1759830739.json
[2025-10-07T10:14:32.981+0000] {logging_mixin.py:188} INFO - Downloaded TSLA/1759830755.json -> /tmp/minio_downloads/1759830755.json
[2025-10-07T10:14:32.990+0000] {logging_mixin.py:188} INFO - Downloaded TSLA/1759830772.json -> /tmp/minio_downloads/1759830772.json
[2025-10-07T10:14:32.997+0000] {logging_mixin.py:188} INFO - Downloaded TSLA/1759830788.json -> /tmp/minio_downloads/1759830788.json
[2025-10-07T10:14:33.007+0000] {logging_mixin.py:188} INFO - Downloaded TSLA/1759830819.json -> /tmp/minio_downloads/1759830819.json
[2025-10-07T10:14:33.013+0000] {logging_mixin.py:188} INFO - Downloaded TSLA/1759830832.json -> /tmp/minio_downloads/1759830832.json
[2025-10-07T10:14:33.022+0000] {logging_mixin.py:188} INFO - Downloaded TSLA/1759830846.json -> /tmp/minio_downloads/1759830846.json
[2025-10-07T10:14:33.029+0000] {logging_mixin.py:188} INFO - Downloaded TSLA/1759830864.json -> /tmp/minio_downloads/1759830864.json
[2025-10-07T10:14:33.037+0000] {logging_mixin.py:188} INFO - Downloaded TSLA/1759830903.json -> /tmp/minio_downloads/1759830903.json
[2025-10-07T10:14:33.045+0000] {logging_mixin.py:188} INFO - Downloaded TSLA/1759830917.json -> /tmp/minio_downloads/1759830917.json
[2025-10-07T10:14:33.052+0000] {logging_mixin.py:188} INFO - Downloaded TSLA/1759830997.json -> /tmp/minio_downloads/1759830997.json
[2025-10-07T10:14:33.060+0000] {logging_mixin.py:188} INFO - Downloaded TSLA/1759831024.json -> /tmp/minio_downloads/1759831024.json
[2025-10-07T10:14:33.067+0000] {logging_mixin.py:188} INFO - Downloaded TSLA/1759831077.json -> /tmp/minio_downloads/1759831077.json
[2025-10-07T10:14:33.073+0000] {logging_mixin.py:188} INFO - Downloaded TSLA/1759831093.json -> /tmp/minio_downloads/1759831093.json
[2025-10-07T10:14:33.081+0000] {logging_mixin.py:188} INFO - Downloaded TSLA/1759831109.json -> /tmp/minio_downloads/1759831109.json
[2025-10-07T10:14:33.089+0000] {logging_mixin.py:188} INFO - Downloaded TSLA/1759831124.json -> /tmp/minio_downloads/1759831124.json
[2025-10-07T10:14:33.096+0000] {logging_mixin.py:188} INFO - Downloaded TSLA/1759831138.json -> /tmp/minio_downloads/1759831138.json
[2025-10-07T10:14:33.103+0000] {logging_mixin.py:188} INFO - Downloaded TSLA/1759831190.json -> /tmp/minio_downloads/1759831190.json
[2025-10-07T10:14:33.111+0000] {logging_mixin.py:188} INFO - Downloaded TSLA/1759831218.json -> /tmp/minio_downloads/1759831218.json
[2025-10-07T10:14:33.117+0000] {logging_mixin.py:188} INFO - Downloaded TSLA/1759831260.json -> /tmp/minio_downloads/1759831260.json
[2025-10-07T10:14:33.125+0000] {logging_mixin.py:188} INFO - Downloaded TSLA/1759831447.json -> /tmp/minio_downloads/1759831447.json
[2025-10-07T10:14:33.132+0000] {logging_mixin.py:188} INFO - Downloaded TSLA/1759831475.json -> /tmp/minio_downloads/1759831475.json
[2025-10-07T10:14:33.141+0000] {logging_mixin.py:188} INFO - Downloaded TSLA/1759831496.json -> /tmp/minio_downloads/1759831496.json
[2025-10-07T10:14:33.147+0000] {logging_mixin.py:188} INFO - Downloaded TSLA/1759831517.json -> /tmp/minio_downloads/1759831517.json
[2025-10-07T10:14:33.156+0000] {logging_mixin.py:188} INFO - Downloaded TSLA/1759831540.json -> /tmp/minio_downloads/1759831540.json
[2025-10-07T10:14:33.162+0000] {logging_mixin.py:188} INFO - Downloaded TSLA/1759831558.json -> /tmp/minio_downloads/1759831558.json
[2025-10-07T10:14:33.169+0000] {logging_mixin.py:188} INFO - Downloaded TSLA/1759831574.json -> /tmp/minio_downloads/1759831574.json
[2025-10-07T10:14:33.177+0000] {logging_mixin.py:188} INFO - Downloaded TSLA/1759831602.json -> /tmp/minio_downloads/1759831602.json
[2025-10-07T10:14:33.184+0000] {logging_mixin.py:188} INFO - Downloaded TSLA/1759831631.json -> /tmp/minio_downloads/1759831631.json
[2025-10-07T10:14:33.193+0000] {logging_mixin.py:188} INFO - Downloaded TSLA/1759831663.json -> /tmp/minio_downloads/1759831663.json
[2025-10-07T10:14:33.200+0000] {logging_mixin.py:188} INFO - Downloaded TSLA/1759831715.json -> /tmp/minio_downloads/1759831715.json
[2025-10-07T10:14:33.202+0000] {python.py:237} INFO - Done. Returned value was: ['/tmp/minio_downloads/1759829917.json', '/tmp/minio_downloads/1759829930.json', '/tmp/minio_downloads/1759829942.json', '/tmp/minio_downloads/1759829955.json', '/tmp/minio_downloads/1759829968.json', '/tmp/minio_downloads/1759829981.json', '/tmp/minio_downloads/1759829994.json', '/tmp/minio_downloads/1759830008.json', '/tmp/minio_downloads/1759830021.json', '/tmp/minio_downloads/1759830034.json', '/tmp/minio_downloads/1759830047.json', '/tmp/minio_downloads/1759830060.json', '/tmp/minio_downloads/1759830072.json', '/tmp/minio_downloads/1759830085.json', '/tmp/minio_downloads/1759830098.json', '/tmp/minio_downloads/1759830112.json', '/tmp/minio_downloads/1759830125.json', '/tmp/minio_downloads/1759830137.json', '/tmp/minio_downloads/1759830150.json', '/tmp/minio_downloads/1759830164.json', '/tmp/minio_downloads/1759830177.json', '/tmp/minio_downloads/1759830191.json', '/tmp/minio_downloads/1759830204.json', '/tmp/minio_downloads/1759830218.json', '/tmp/minio_downloads/1759830233.json', '/tmp/minio_downloads/1759830246.json', '/tmp/minio_downloads/1759830259.json', '/tmp/minio_downloads/1759830273.json', '/tmp/minio_downloads/1759830288.json', '/tmp/minio_downloads/1759830303.json', '/tmp/minio_downloads/1759830317.json', '/tmp/minio_downloads/1759830332.json', '/tmp/minio_downloads/1759830345.json', '/tmp/minio_downloads/1759830358.json', '/tmp/minio_downloads/1759830372.json', '/tmp/minio_downloads/1759830385.json', '/tmp/minio_downloads/1759830398.json', '/tmp/minio_downloads/1759830411.json', '/tmp/minio_downloads/1759830425.json', '/tmp/minio_downloads/1759830439.json', '/tmp/minio_downloads/1759830452.json', '/tmp/minio_downloads/1759830466.json', '/tmp/minio_downloads/1759830480.json', '/tmp/minio_downloads/1759830494.json', '/tmp/minio_downloads/1759830508.json', '/tmp/minio_downloads/1759830524.json', '/tmp/minio_downloads/1759830538.json', '/tmp/minio_downloads/1759830552.json', '/tmp/minio_downloads/1759830566.json', '/tmp/minio_downloads/1759830583.json', '/tmp/minio_downloads/1759830598.json', '/tmp/minio_downloads/1759830610.json', '/tmp/minio_downloads/1759830627.json', '/tmp/minio_downloads/1759830640.json', '/tmp/minio_downloads/1759830661.json', '/tmp/minio_downloads/1759830684.json', '/tmp/minio_downloads/1759830705.json', '/tmp/minio_downloads/1759830722.json', '/tmp/minio_downloads/1759830735.json', '/tmp/minio_downloads/1759830750.json', '/tmp/minio_downloads/1759830767.json', '/tmp/minio_downloads/1759830784.json', '/tmp/minio_downloads/1759830829.json', '/tmp/minio_downloads/1759830843.json', '/tmp/minio_downloads/1759830858.json', '/tmp/minio_downloads/1759830901.json', '/tmp/minio_downloads/1759830914.json', '/tmp/minio_downloads/1759830995.json', '/tmp/minio_downloads/1759831014.json', '/tmp/minio_downloads/1759831054.json', '/tmp/minio_downloads/1759831090.json', '/tmp/minio_downloads/1759831106.json', '/tmp/minio_downloads/1759831120.json', '/tmp/minio_downloads/1759831135.json', '/tmp/minio_downloads/1759831174.json', '/tmp/minio_downloads/1759831209.json', '/tmp/minio_downloads/1759831248.json', '/tmp/minio_downloads/1759831327.json', '/tmp/minio_downloads/1759831463.json', '/tmp/minio_downloads/1759831488.json', '/tmp/minio_downloads/1759831509.json', '/tmp/minio_downloads/1759831536.json', '/tmp/minio_downloads/1759831554.json', '/tmp/minio_downloads/1759831571.json', '/tmp/minio_downloads/1759831597.json', '/tmp/minio_downloads/1759831625.json', '/tmp/minio_downloads/1759831650.json', '/tmp/minio_downloads/1759831693.json', '/tmp/minio_downloads/1759829922.json', '/tmp/minio_downloads/1759829935.json', '/tmp/minio_downloads/1759829948.json', '/tmp/minio_downloads/1759829960.json', '/tmp/minio_downloads/1759829973.json', '/tmp/minio_downloads/1759829986.json', '/tmp/minio_downloads/1759830000.json', '/tmp/minio_downloads/1759830013.json', '/tmp/minio_downloads/1759830026.json', '/tmp/minio_downloads/1759830040.json', '/tmp/minio_downloads/1759830052.json', '/tmp/minio_downloads/1759830065.json', '/tmp/minio_downloads/1759830078.json', '/tmp/minio_downloads/1759830091.json', '/tmp/minio_downloads/1759830105.json', '/tmp/minio_downloads/1759830117.json', '/tmp/minio_downloads/1759830130.json', '/tmp/minio_downloads/1759830143.json', '/tmp/minio_downloads/1759830156.json', '/tmp/minio_downloads/1759830169.json', '/tmp/minio_downloads/1759830183.json', '/tmp/minio_downloads/1759830196.json', '/tmp/minio_downloads/1759830210.json', '/tmp/minio_downloads/1759830225.json', '/tmp/minio_downloads/1759830239.json', '/tmp/minio_downloads/1759830252.json', '/tmp/minio_downloads/1759830265.json', '/tmp/minio_downloads/1759830281.json', '/tmp/minio_downloads/1759830295.json', '/tmp/minio_downloads/1759830310.json', '/tmp/minio_downloads/1759830324.json', '/tmp/minio_downloads/1759830337.json', '/tmp/minio_downloads/1759830351.json', '/tmp/minio_downloads/1759830364.json', '/tmp/minio_downloads/1759830378.json', '/tmp/minio_downloads/1759830391.json', '/tmp/minio_downloads/1759830404.json', '/tmp/minio_downloads/1759830418.json', '/tmp/minio_downloads/1759830431.json', '/tmp/minio_downloads/1759830445.json', '/tmp/minio_downloads/1759830458.json', '/tmp/minio_downloads/1759830472.json', '/tmp/minio_downloads/1759830486.json', '/tmp/minio_downloads/1759830500.json', '/tmp/minio_downloads/1759830517.json', '/tmp/minio_downloads/1759830531.json', '/tmp/minio_downloads/1759830544.json', '/tmp/minio_downloads/1759830558.json', '/tmp/minio_downloads/1759830574.json', '/tmp/minio_downloads/1759830589.json', '/tmp/minio_downloads/1759830603.json', '/tmp/minio_downloads/1759830617.json', '/tmp/minio_downloads/1759830632.json', '/tmp/minio_downloads/1759830645.json', '/tmp/minio_downloads/1759830674.json', '/tmp/minio_downloads/1759830694.json', '/tmp/minio_downloads/1759830714.json', '/tmp/minio_downloads/1759830728.json', '/tmp/minio_downloads/1759830743.json', '/tmp/minio_downloads/1759830759.json', '/tmp/minio_downloads/1759830776.json', '/tmp/minio_downloads/1759830792.json', '/tmp/minio_downloads/1759830822.json', '/tmp/minio_downloads/1759830835.json', '/tmp/minio_downloads/1759830850.json', '/tmp/minio_downloads/1759830889.json', '/tmp/minio_downloads/1759830906.json', '/tmp/minio_downloads/1759830920.json', '/tmp/minio_downloads/1759830988.json', '/tmp/minio_downloads/1759831000.json', '/tmp/minio_downloads/1759831033.json', '/tmp/minio_downloads/1759831082.json', '/tmp/minio_downloads/1759831096.json', '/tmp/minio_downloads/1759831112.json', '/tmp/minio_downloads/1759831128.json', '/tmp/minio_downloads/1759831201.json', '/tmp/minio_downloads/1759831239.json', '/tmp/minio_downloads/1759831390.json', '/tmp/minio_downloads/1759831452.json', '/tmp/minio_downloads/1759831479.json', '/tmp/minio_downloads/1759831500.json', '/tmp/minio_downloads/1759831528.json', '/tmp/minio_downloads/1759831545.json', '/tmp/minio_downloads/1759831563.json', '/tmp/minio_downloads/1759831578.json', '/tmp/minio_downloads/1759831617.json', '/tmp/minio_downloads/1759831636.json', '/tmp/minio_downloads/1759831683.json', '/tmp/minio_downloads/1759829921.json', '/tmp/minio_downloads/1759829934.json', '/tmp/minio_downloads/1759829946.json', '/tmp/minio_downloads/1759829959.json', '/tmp/minio_downloads/1759829972.json', '/tmp/minio_downloads/1759829985.json', '/tmp/minio_downloads/1759829999.json', '/tmp/minio_downloads/1759830012.json', '/tmp/minio_downloads/1759830025.json', '/tmp/minio_downloads/1759830038.json', '/tmp/minio_downloads/1759830051.json', '/tmp/minio_downloads/1759830064.json', '/tmp/minio_downloads/1759830076.json', '/tmp/minio_downloads/1759830090.json', '/tmp/minio_downloads/1759830103.json', '/tmp/minio_downloads/1759830116.json', '/tmp/minio_downloads/1759830128.json', '/tmp/minio_downloads/1759830141.json', '/tmp/minio_downloads/1759830154.json', '/tmp/minio_downloads/1759830168.json', '/tmp/minio_downloads/1759830182.json', '/tmp/minio_downloads/1759830195.json', '/tmp/minio_downloads/1759830209.json', '/tmp/minio_downloads/1759830224.json', '/tmp/minio_downloads/1759830237.json', '/tmp/minio_downloads/1759830250.json', '/tmp/minio_downloads/1759830264.json', '/tmp/minio_downloads/1759830279.json', '/tmp/minio_downloads/1759830294.json', '/tmp/minio_downloads/1759830308.json', '/tmp/minio_downloads/1759830322.json', '/tmp/minio_downloads/1759830336.json', '/tmp/minio_downloads/1759830349.json', '/tmp/minio_downloads/1759830363.json', '/tmp/minio_downloads/1759830376.json', '/tmp/minio_downloads/1759830389.json', '/tmp/minio_downloads/1759830403.json', '/tmp/minio_downloads/1759830416.json', '/tmp/minio_downloads/1759830430.json', '/tmp/minio_downloads/1759830443.json', '/tmp/minio_downloads/1759830456.json', '/tmp/minio_downloads/1759830470.json', '/tmp/minio_downloads/1759830485.json', '/tmp/minio_downloads/1759830499.json', '/tmp/minio_downloads/1759830515.json', '/tmp/minio_downloads/1759830529.json', '/tmp/minio_downloads/1759830543.json', '/tmp/minio_downloads/1759830557.json', '/tmp/minio_downloads/1759830573.json', '/tmp/minio_downloads/1759830588.json', '/tmp/minio_downloads/1759830602.json', '/tmp/minio_downloads/1759830615.json', '/tmp/minio_downloads/1759830631.json', '/tmp/minio_downloads/1759830643.json', '/tmp/minio_downloads/1759830671.json', '/tmp/minio_downloads/1759830692.json', '/tmp/minio_downloads/1759830709.json', '/tmp/minio_downloads/1759830726.json', '/tmp/minio_downloads/1759830740.json', '/tmp/minio_downloads/1759830757.json', '/tmp/minio_downloads/1759830774.json', '/tmp/minio_downloads/1759830790.json', '/tmp/minio_downloads/1759830820.json', '/tmp/minio_downloads/1759830833.json', '/tmp/minio_downloads/1759830848.json', '/tmp/minio_downloads/1759830887.json', '/tmp/minio_downloads/1759830905.json', '/tmp/minio_downloads/1759830918.json', '/tmp/minio_downloads/1759830987.json', '/tmp/minio_downloads/1759830999.json', '/tmp/minio_downloads/1759831025.json', '/tmp/minio_downloads/1759831080.json', '/tmp/minio_downloads/1759831095.json', '/tmp/minio_downloads/1759831111.json', '/tmp/minio_downloads/1759831126.json', '/tmp/minio_downloads/1759831142.json', '/tmp/minio_downloads/1759831200.json', '/tmp/minio_downloads/1759831379.json', '/tmp/minio_downloads/1759831451.json', '/tmp/minio_downloads/1759831477.json', '/tmp/minio_downloads/1759831497.json', '/tmp/minio_downloads/1759831521.json', '/tmp/minio_downloads/1759831542.json', '/tmp/minio_downloads/1759831561.json', '/tmp/minio_downloads/1759831576.json', '/tmp/minio_downloads/1759831612.json', '/tmp/minio_downloads/1759831633.json', '/tmp/minio_downloads/1759831671.json', '/tmp/minio_downloads/1759831717.json', '/tmp/minio_downloads/1759829918.json', '/tmp/minio_downloads/1759829931.json', '/tmp/minio_downloads/1759829943.json', '/tmp/minio_downloads/1759829956.json', '/tmp/minio_downloads/1759829969.json', '/tmp/minio_downloads/1759829982.json', '/tmp/minio_downloads/1759829996.json', '/tmp/minio_downloads/1759830009.json', '/tmp/minio_downloads/1759830022.json', '/tmp/minio_downloads/1759830035.json', '/tmp/minio_downloads/1759830049.json', '/tmp/minio_downloads/1759830061.json', '/tmp/minio_downloads/1759830074.json', '/tmp/minio_downloads/1759830086.json', '/tmp/minio_downloads/1759830100.json', '/tmp/minio_downloads/1759830113.json', '/tmp/minio_downloads/1759830126.json', '/tmp/minio_downloads/1759830139.json', '/tmp/minio_downloads/1759830152.json', '/tmp/minio_downloads/1759830165.json', '/tmp/minio_downloads/1759830179.json', '/tmp/minio_downloads/1759830192.json', '/tmp/minio_downloads/1759830206.json', '/tmp/minio_downloads/1759830220.json', '/tmp/minio_downloads/1759830234.json', '/tmp/minio_downloads/1759830248.json', '/tmp/minio_downloads/1759830261.json', '/tmp/minio_downloads/1759830275.json', '/tmp/minio_downloads/1759830290.json', '/tmp/minio_downloads/1759830305.json', '/tmp/minio_downloads/1759830319.json', '/tmp/minio_downloads/1759830333.json', '/tmp/minio_downloads/1759830346.json', '/tmp/minio_downloads/1759830360.json', '/tmp/minio_downloads/1759830373.json', '/tmp/minio_downloads/1759830386.json', '/tmp/minio_downloads/1759830400.json', '/tmp/minio_downloads/1759830413.json', '/tmp/minio_downloads/1759830427.json', '/tmp/minio_downloads/1759830440.json', '/tmp/minio_downloads/1759830453.json', '/tmp/minio_downloads/1759830467.json', '/tmp/minio_downloads/1759830481.json', '/tmp/minio_downloads/1759830495.json', '/tmp/minio_downloads/1759830510.json', '/tmp/minio_downloads/1759830526.json', '/tmp/minio_downloads/1759830540.json', '/tmp/minio_downloads/1759830553.json', '/tmp/minio_downloads/1759830567.json', '/tmp/minio_downloads/1759830584.json', '/tmp/minio_downloads/1759830600.json', '/tmp/minio_downloads/1759830611.json', '/tmp/minio_downloads/1759830628.json', '/tmp/minio_downloads/1759830641.json', '/tmp/minio_downloads/1759830666.json', '/tmp/minio_downloads/1759830686.json', '/tmp/minio_downloads/1759830706.json', '/tmp/minio_downloads/1759830723.json', '/tmp/minio_downloads/1759830737.json', '/tmp/minio_downloads/1759830752.json', '/tmp/minio_downloads/1759830770.json', '/tmp/minio_downloads/1759830786.json', '/tmp/minio_downloads/1759830817.json', '/tmp/minio_downloads/1759830830.json', '/tmp/minio_downloads/1759830845.json', '/tmp/minio_downloads/1759830860.json', '/tmp/minio_downloads/1759830902.json', '/tmp/minio_downloads/1759830916.json', '/tmp/minio_downloads/1759830996.json', '/tmp/minio_downloads/1759831016.json', '/tmp/minio_downloads/1759831073.json', '/tmp/minio_downloads/1759831092.json', '/tmp/minio_downloads/1759831108.json', '/tmp/minio_downloads/1759831122.json', '/tmp/minio_downloads/1759831136.json', '/tmp/minio_downloads/1759831178.json', '/tmp/minio_downloads/1759831212.json', '/tmp/minio_downloads/1759831259.json', '/tmp/minio_downloads/1759831352.json', '/tmp/minio_downloads/1759831442.json', '/tmp/minio_downloads/1759831467.json', '/tmp/minio_downloads/1759831493.json', '/tmp/minio_downloads/1759831513.json', '/tmp/minio_downloads/1759831538.json', '/tmp/minio_downloads/1759831556.json', '/tmp/minio_downloads/1759831572.json', '/tmp/minio_downloads/1759831600.json', '/tmp/minio_downloads/1759831629.json', '/tmp/minio_downloads/1759831656.json', '/tmp/minio_downloads/1759831703.json', '/tmp/minio_downloads/1759829920.json', '/tmp/minio_downloads/1759829932.json', '/tmp/minio_downloads/1759829945.json', '/tmp/minio_downloads/1759829958.json', '/tmp/minio_downloads/1759829971.json', '/tmp/minio_downloads/1759829983.json', '/tmp/minio_downloads/1759829997.json', '/tmp/minio_downloads/1759830011.json', '/tmp/minio_downloads/1759830023.json', '/tmp/minio_downloads/1759830037.json', '/tmp/minio_downloads/1759830050.json', '/tmp/minio_downloads/1759830062.json', '/tmp/minio_downloads/1759830075.json', '/tmp/minio_downloads/1759830088.json', '/tmp/minio_downloads/1759830102.json', '/tmp/minio_downloads/1759830114.json', '/tmp/minio_downloads/1759830127.json', '/tmp/minio_downloads/1759830140.json', '/tmp/minio_downloads/1759830153.json', '/tmp/minio_downloads/1759830167.json', '/tmp/minio_downloads/1759830180.json', '/tmp/minio_downloads/1759830193.json', '/tmp/minio_downloads/1759830207.json', '/tmp/minio_downloads/1759830222.json', '/tmp/minio_downloads/1759830236.json', '/tmp/minio_downloads/1759830249.json', '/tmp/minio_downloads/1759830262.json', '/tmp/minio_downloads/1759830277.json', '/tmp/minio_downloads/1759830292.json', '/tmp/minio_downloads/1759830306.json', '/tmp/minio_downloads/1759830321.json', '/tmp/minio_downloads/1759830335.json', '/tmp/minio_downloads/1759830348.json', '/tmp/minio_downloads/1759830361.json', '/tmp/minio_downloads/1759830375.json', '/tmp/minio_downloads/1759830388.json', '/tmp/minio_downloads/1759830401.json', '/tmp/minio_downloads/1759830414.json', '/tmp/minio_downloads/1759830428.json', '/tmp/minio_downloads/1759830442.json', '/tmp/minio_downloads/1759830455.json', '/tmp/minio_downloads/1759830469.json', '/tmp/minio_downloads/1759830483.json', '/tmp/minio_downloads/1759830497.json', '/tmp/minio_downloads/1759830511.json', '/tmp/minio_downloads/1759830528.json', '/tmp/minio_downloads/1759830541.json', '/tmp/minio_downloads/1759830555.json', '/tmp/minio_downloads/1759830570.json', '/tmp/minio_downloads/1759830586.json', '/tmp/minio_downloads/1759830601.json', '/tmp/minio_downloads/1759830613.json', '/tmp/minio_downloads/1759830630.json', '/tmp/minio_downloads/1759830642.json', '/tmp/minio_downloads/1759830668.json', '/tmp/minio_downloads/1759830691.json', '/tmp/minio_downloads/1759830708.json', '/tmp/minio_downloads/1759830725.json', '/tmp/minio_downloads/1759830739.json', '/tmp/minio_downloads/1759830755.json', '/tmp/minio_downloads/1759830772.json', '/tmp/minio_downloads/1759830788.json', '/tmp/minio_downloads/1759830819.json', '/tmp/minio_downloads/1759830832.json', '/tmp/minio_downloads/1759830846.json', '/tmp/minio_downloads/1759830864.json', '/tmp/minio_downloads/1759830903.json', '/tmp/minio_downloads/1759830917.json', '/tmp/minio_downloads/1759830997.json', '/tmp/minio_downloads/1759831024.json', '/tmp/minio_downloads/1759831077.json', '/tmp/minio_downloads/1759831093.json', '/tmp/minio_downloads/1759831109.json', '/tmp/minio_downloads/1759831124.json', '/tmp/minio_downloads/1759831138.json', '/tmp/minio_downloads/1759831190.json', '/tmp/minio_downloads/1759831218.json', '/tmp/minio_downloads/1759831260.json', '/tmp/minio_downloads/1759831447.json', '/tmp/minio_downloads/1759831475.json', '/tmp/minio_downloads/1759831496.json', '/tmp/minio_downloads/1759831517.json', '/tmp/minio_downloads/1759831540.json', '/tmp/minio_downloads/1759831558.json', '/tmp/minio_downloads/1759831574.json', '/tmp/minio_downloads/1759831602.json', '/tmp/minio_downloads/1759831631.json', '/tmp/minio_downloads/1759831663.json', '/tmp/minio_downloads/1759831715.json']
[2025-10-07T10:14:33.205+0000] {taskinstance.py:441} INFO - ::group::Post task execution logs
[2025-10-07T10:14:33.235+0000] {taskinstance.py:1206} INFO - Marking task as SUCCESS. dag_id=minio_to_snowflake, task_id=download_minio, run_id=scheduled__2025-10-07T10:13:00+00:00, execution_date=20251007T101300, start_date=20251007T101428, end_date=20251007T101433
[2025-10-07T10:14:33.272+0000] {local_task_job_runner.py:243} INFO - Task exited with return code 0
[2025-10-07T10:14:33.299+0000] {taskinstance.py:3503} INFO - 1 downstream tasks scheduled from follow-on schedule check
[2025-10-07T10:14:33.303+0000] {local_task_job_runner.py:222} INFO - ::endgroup::
